0 verbose cli C:\Program Files\nodejs\node.exe C:\Program Files\nodejs\node_modules\npm\bin\npm-cli.js
1 info using npm@10.9.2
2 info using node@v22.16.0
3 silly config load:file:C:\Program Files\nodejs\node_modules\npm\npmrc
4 silly config load:file:C:\Users\essis\OneDrive\Desktop\farcaster-mini-app\farcaster-mini-app\.npmrc
5 silly config load:file:C:\Users\essis\.npmrc
6 silly config load:file:C:\Users\essis\AppData\Roaming\npm\etc\npmrc
7 verbose title npm install
8 verbose argv "install"
9 verbose logfile logs-max:10 dir:C:\Users\essis\OneDrive\Desktop\farcaster-mini-app\farcaster-mini-app\verify\_logs\2025-06-10T18_11_42_256Z-
10 verbose logfile C:\Users\essis\OneDrive\Desktop\farcaster-mini-app\farcaster-mini-app\verify\_logs\2025-06-10T18_11_42_256Z-debug-0.log
11 silly logfile done cleaning log files
12 silly packumentCache heap:2197815296 maxSize:549453824 maxEntrySize:274726912
13 silly idealTree buildDeps
14 silly reify moves {}
15 silly audit bulk request {
15 silly audit   '@adraffy/ens-normalize': [ '1.11.0' ],
15 silly audit   '@ampproject/remapping': [ '2.3.0' ],
15 silly audit   '@babel/code-frame': [ '7.27.1' ],
15 silly audit   '@babel/compat-data': [ '7.27.5' ],
15 silly audit   '@babel/core': [ '7.27.4' ],
15 silly audit   '@babel/generator': [ '7.27.5' ],
15 silly audit   '@babel/helper-compilation-targets': [ '7.27.2' ],
15 silly audit   '@babel/helper-module-imports': [ '7.27.1' ],
15 silly audit   '@babel/helper-module-transforms': [ '7.27.3' ],
15 silly audit   '@babel/helper-plugin-utils': [ '7.27.1' ],
15 silly audit   '@babel/helper-string-parser': [ '7.27.1' ],
15 silly audit   '@babel/helper-validator-identifier': [ '7.27.1' ],
15 silly audit   '@babel/helper-validator-option': [ '7.27.1' ],
15 silly audit   '@babel/helpers': [ '7.27.6' ],
15 silly audit   '@babel/parser': [ '7.27.5' ],
15 silly audit   '@babel/plugin-transform-react-jsx-self': [ '7.27.1' ],
15 silly audit   '@babel/plugin-transform-react-jsx-source': [ '7.27.1' ],
15 silly audit   '@babel/runtime': [ '7.27.6' ],
15 silly audit   '@babel/template': [ '7.27.2' ],
15 silly audit   '@babel/traverse': [ '7.27.4' ],
15 silly audit   '@babel/types': [ '7.27.6' ],
15 silly audit   '@esbuild/aix-ppc64': [ '0.21.5' ],
15 silly audit   '@esbuild/android-arm': [ '0.21.5' ],
15 silly audit   '@esbuild/android-arm64': [ '0.21.5' ],
15 silly audit   '@esbuild/android-x64': [ '0.21.5' ],
15 silly audit   '@esbuild/darwin-arm64': [ '0.21.5' ],
15 silly audit   '@esbuild/darwin-x64': [ '0.21.5' ],
15 silly audit   '@esbuild/freebsd-arm64': [ '0.21.5' ],
15 silly audit   '@esbuild/freebsd-x64': [ '0.21.5' ],
15 silly audit   '@esbuild/linux-arm': [ '0.21.5' ],
15 silly audit   '@esbuild/linux-arm64': [ '0.21.5' ],
15 silly audit   '@esbuild/linux-ia32': [ '0.21.5' ],
15 silly audit   '@esbuild/linux-loong64': [ '0.21.5' ],
15 silly audit   '@esbuild/linux-mips64el': [ '0.21.5' ],
15 silly audit   '@esbuild/linux-ppc64': [ '0.21.5' ],
15 silly audit   '@esbuild/linux-riscv64': [ '0.21.5' ],
15 silly audit   '@esbuild/linux-s390x': [ '0.21.5' ],
15 silly audit   '@esbuild/linux-x64': [ '0.21.5' ],
15 silly audit   '@esbuild/netbsd-x64': [ '0.21.5' ],
15 silly audit   '@esbuild/openbsd-x64': [ '0.21.5' ],
15 silly audit   '@esbuild/sunos-x64': [ '0.21.5' ],
15 silly audit   '@esbuild/win32-arm64': [ '0.21.5' ],
15 silly audit   '@esbuild/win32-ia32': [ '0.21.5' ],
15 silly audit   '@esbuild/win32-x64': [ '0.21.5' ],
15 silly audit   '@farcaster/frame-core': [ '0.1.8' ],
15 silly audit   '@farcaster/frame-sdk': [ '0.0.60' ],
15 silly audit   '@farcaster/quick-auth': [ '0.0.5' ],
15 silly audit   '@jridgewell/gen-mapping': [ '0.3.8' ],
15 silly audit   '@jridgewell/resolve-uri': [ '3.1.2' ],
15 silly audit   '@jridgewell/set-array': [ '1.2.1' ],
15 silly audit   '@jridgewell/sourcemap-codec': [ '1.5.0' ],
15 silly audit   '@jridgewell/trace-mapping': [ '0.3.25' ],
15 silly audit   '@noble/curves': [ '1.9.2' ],
15 silly audit   '@noble/hashes': [ '1.8.0' ],
15 silly audit   '@rolldown/pluginutils': [ '1.0.0-beta.9' ],
15 silly audit   '@rollup/rollup-android-arm-eabi': [ '4.42.0' ],
15 silly audit   '@rollup/rollup-android-arm64': [ '4.42.0' ],
15 silly audit   '@rollup/rollup-darwin-arm64': [ '4.42.0' ],
15 silly audit   '@rollup/rollup-darwin-x64': [ '4.42.0' ],
15 silly audit   '@rollup/rollup-freebsd-arm64': [ '4.42.0' ],
15 silly audit   '@rollup/rollup-freebsd-x64': [ '4.42.0' ],
15 silly audit   '@rollup/rollup-linux-arm-gnueabihf': [ '4.42.0' ],
15 silly audit   '@rollup/rollup-linux-arm-musleabihf': [ '4.42.0' ],
15 silly audit   '@rollup/rollup-linux-arm64-gnu': [ '4.42.0' ],
15 silly audit   '@rollup/rollup-linux-arm64-musl': [ '4.42.0' ],
15 silly audit   '@rollup/rollup-linux-loongarch64-gnu': [ '4.42.0' ],
15 silly audit   '@rollup/rollup-linux-powerpc64le-gnu': [ '4.42.0' ],
15 silly audit   '@rollup/rollup-linux-riscv64-gnu': [ '4.42.0' ],
15 silly audit   '@rollup/rollup-linux-riscv64-musl': [ '4.42.0' ],
15 silly audit   '@rollup/rollup-linux-s390x-gnu': [ '4.42.0' ],
15 silly audit   '@rollup/rollup-linux-x64-gnu': [ '4.42.0' ],
15 silly audit   '@rollup/rollup-linux-x64-musl': [ '4.42.0' ],
15 silly audit   '@rollup/rollup-win32-arm64-msvc': [ '4.42.0' ],
15 silly audit   '@rollup/rollup-win32-ia32-msvc': [ '4.42.0' ],
15 silly audit   '@rollup/rollup-win32-x64-msvc': [ '4.42.0' ],
15 silly audit   '@scure/base': [ '1.2.6' ],
15 silly audit   '@scure/bip32': [ '1.7.0' ],
15 silly audit   '@scure/bip39': [ '1.6.0' ],
15 silly audit   '@solana/buffer-layout': [ '4.0.1' ],
15 silly audit   '@solana/codecs-core': [ '2.1.1' ],
15 silly audit   '@solana/codecs-numbers': [ '2.1.1' ],
15 silly audit   '@solana/errors': [ '2.1.1' ],
15 silly audit   '@solana/web3.js': [ '1.98.2' ],
15 silly audit   '@swc/helpers': [ '0.5.17' ],
15 silly audit   '@types/babel__core': [ '7.20.5' ],
15 silly audit   '@types/babel__generator': [ '7.27.0' ],
15 silly audit   '@types/babel__template': [ '7.4.4' ],
15 silly audit   '@types/babel__traverse': [ '7.20.7' ],
15 silly audit   '@types/connect': [ '3.4.38' ],
15 silly audit   '@types/d3-array': [ '3.2.1' ],
15 silly audit   '@types/d3-color': [ '3.1.3' ],
15 silly audit   '@types/d3-ease': [ '3.0.2' ],
15 silly audit   '@types/d3-interpolate': [ '3.0.4' ],
15 silly audit   '@types/d3-path': [ '3.1.1' ],
15 silly audit   '@types/d3-scale': [ '4.0.9' ],
15 silly audit   '@types/d3-shape': [ '3.1.7' ],
15 silly audit   '@types/d3-time': [ '3.0.4' ],
15 silly audit   '@types/d3-timer': [ '3.0.2' ],
15 silly audit   '@types/estree': [ '1.0.7' ],
15 silly audit   '@types/node': [ '20.19.0', '12.20.55' ],
15 silly audit   '@types/prop-types': [ '15.7.15' ],
15 silly audit   '@types/react': [ '18.3.23' ],
15 silly audit   '@types/react-dom': [ '18.3.7' ],
15 silly audit   '@types/uuid': [ '8.3.4' ],
15 silly audit   '@types/ws': [ '7.4.7', '8.18.1' ],
15 silly audit   '@vitejs/plugin-react': [ '4.5.1' ],
15 silly audit   abitype: [ '1.0.8' ],
15 silly audit   agentkeepalive: [ '4.6.0' ],
15 silly audit   asynckit: [ '0.4.0' ],
15 silly audit   autoprefixer: [ '10.4.21' ],
15 silly audit   axios: [ '1.9.0' ],
15 silly audit   'base-x': [ '3.0.11' ],
15 silly audit   'base64-js': [ '1.5.1' ],
15 silly audit   'bn.js': [ '5.2.2' ],
15 silly audit   borsh: [ '0.7.0' ],
15 silly audit   browserslist: [ '4.25.0' ],
15 silly audit   bs58: [ '4.0.1' ],
15 silly audit   buffer: [ '6.0.3' ],
15 silly audit   bufferutil: [ '4.0.9' ],
15 silly audit   'call-bind-apply-helpers': [ '1.0.2' ],
15 silly audit   'caniuse-lite': [ '1.0.30001721' ],
15 silly audit   chalk: [ '5.4.1' ],
15 silly audit   clsx: [ '2.1.1' ],
15 silly audit   'combined-stream': [ '1.0.8' ],
15 silly audit   comlink: [ '4.4.2' ],
15 silly audit   commander: [ '13.1.0', '2.20.3' ],
15 silly audit   'convert-source-map': [ '2.0.0' ],
15 silly audit   csstype: [ '3.1.3' ],
15 silly audit   'd3-array': [ '3.2.4' ],
15 silly audit   'd3-color': [ '3.1.0' ],
15 silly audit   'd3-ease': [ '3.0.1' ],
15 silly audit   'd3-format': [ '3.1.0' ],
15 silly audit   'd3-interpolate': [ '3.0.1' ],
15 silly audit   'd3-path': [ '3.1.0' ],
15 silly audit   'd3-scale': [ '4.0.2' ],
15 silly audit   'd3-shape': [ '3.2.0' ],
15 silly audit   'd3-time': [ '3.1.0' ],
15 silly audit   'd3-time-format': [ '4.1.0' ],
15 silly audit   'd3-timer': [ '3.0.1' ],
15 silly audit   debug: [ '4.4.1' ],
15 silly audit   'decimal.js-light': [ '2.5.1' ],
15 silly audit   delay: [ '5.0.0' ],
15 silly audit   'delayed-stream': [ '1.0.0' ],
15 silly audit   'dom-helpers': [ '5.2.1' ],
15 silly audit   'dunder-proto': [ '1.0.1' ],
15 silly audit   'electron-to-chromium': [ '1.5.166' ],
15 silly audit   'es-define-property': [ '1.0.1' ],
15 silly audit   'es-errors': [ '1.3.0' ],
15 silly audit   'es-object-atoms': [ '1.1.1' ],
15 silly audit   'es-set-tostringtag': [ '2.1.0' ],
15 silly audit   'es6-promise': [ '4.2.8' ],
15 silly audit   'es6-promisify': [ '5.0.0' ],
15 silly audit   esbuild: [ '0.21.5' ],
15 silly audit   escalade: [ '3.2.0' ],
15 silly audit   eventemitter3: [ '5.0.1', '4.0.7' ],
15 silly audit   eyes: [ '0.1.8' ],
15 silly audit   'fast-equals': [ '5.2.2' ],
15 silly audit   'fast-stable-stringify': [ '1.0.0' ],
15 silly audit   'follow-redirects': [ '1.15.9' ],
15 silly audit   'form-data': [ '4.0.3' ],
15 silly audit   'fraction.js': [ '4.3.7' ],
15 silly audit   fsevents: [ '2.3.3' ],
15 silly audit   'function-bind': [ '1.1.2' ],
15 silly audit   gensync: [ '1.0.0-beta.2' ],
15 silly audit   'get-intrinsic': [ '1.3.0' ],
15 silly audit   'get-proto': [ '1.0.1' ],
15 silly audit   globals: [ '11.12.0' ],
15 silly audit   gopd: [ '1.2.0' ],
15 silly audit   'has-symbols': [ '1.1.0' ],
15 silly audit   'has-tostringtag': [ '1.0.2' ],
15 silly audit   hasown: [ '2.0.2' ],
15 silly audit   'humanize-ms': [ '1.2.1' ],
15 silly audit   ieee754: [ '1.2.1' ],
15 silly audit   internmap: [ '2.0.3' ],
15 silly audit   'isomorphic-ws': [ '4.0.1' ],
15 silly audit   jayson: [ '4.2.0' ],
15 silly audit   jose: [ '5.10.0' ],
15 silly audit   'js-tokens': [ '4.0.0' ],
15 silly audit   jsesc: [ '3.1.0' ],
15 silly audit   'json-stringify-safe': [ '5.0.1' ],
15 silly audit   json5: [ '2.2.3' ],
15 silly audit   lodash: [ '4.17.21' ],
15 silly audit   'loose-envify': [ '1.4.0' ],
15 silly audit   'lru-cache': [ '5.1.1' ],
15 silly audit   'math-intrinsics': [ '1.1.0' ],
15 silly audit   'mime-db': [ '1.52.0' ],
15 silly audit   'mime-types': [ '2.1.35' ],
15 silly audit   ms: [ '2.1.3' ],
15 silly audit   nanoid: [ '3.3.11' ],
15 silly audit   'node-fetch': [ '2.7.0' ],
15 silly audit   'node-gyp-build': [ '4.8.4' ],
15 silly audit   'node-releases': [ '2.0.19' ],
15 silly audit   'normalize-range': [ '0.1.2' ],
15 silly audit   'object-assign': [ '4.1.1' ],
15 silly audit   ox: [ '0.4.4' ],
15 silly audit   picocolors: [ '1.1.1' ],
15 silly audit   postcss: [ '8.5.4' ],
15 silly audit   'postcss-value-parser': [ '4.2.0' ],
15 silly audit   'prop-types': [ '15.8.1' ],
15 silly audit   'react-is': [ '16.13.1', '18.3.1' ],
15 silly audit   'proxy-from-env': [ '1.1.0' ],
15 silly audit   react: [ '18.3.1' ],
15 silly audit   'react-dom': [ '18.3.1' ],
15 silly audit   'react-refresh': [ '0.17.0' ],
15 silly audit   'react-smooth': [ '4.0.4' ],
15 silly audit   'react-transition-group': [ '4.4.5' ],
15 silly audit   recharts: [ '2.15.3' ],
15 silly audit   'recharts-scale': [ '0.4.5' ],
15 silly audit   rollup: [ '4.42.0' ],
15 silly audit   'rpc-websockets': [ '9.1.1' ],
15 silly audit   ws: [ '8.18.2', '7.5.10' ],
15 silly audit   'safe-buffer': [ '5.2.1' ],
15 silly audit   scheduler: [ '0.23.2' ],
15 silly audit   semver: [ '6.3.1' ],
15 silly audit   'source-map-js': [ '1.2.1' ],
15 silly audit   'stream-chain': [ '2.2.5' ],
15 silly audit   'stream-json': [ '1.9.1' ],
15 silly audit   superstruct: [ '2.0.2' ],
15 silly audit   tailwindcss: [ '4.1.8' ],
15 silly audit   'text-encoding-utf-8': [ '1.0.2' ],
15 silly audit   'tiny-invariant': [ '1.3.3' ],
15 silly audit   tr46: [ '0.0.3' ],
15 silly audit   tslib: [ '2.8.1' ],
15 silly audit   typescript: [ '5.8.3' ],
15 silly audit   'undici-types': [ '6.21.0' ],
15 silly audit   'update-browserslist-db': [ '1.1.3' ],
15 silly audit   'utf-8-validate': [ '5.0.10' ],
15 silly audit   uuid: [ '8.3.2' ],
15 silly audit   'victory-vendor': [ '36.9.2' ],
15 silly audit   vite: [ '5.4.19' ],
15 silly audit   'webidl-conversions': [ '3.0.1' ],
15 silly audit   'whatwg-url': [ '5.0.0' ],
15 silly audit   yallist: [ '3.1.1' ],
15 silly audit   zod: [ '3.25.56' ]
15 silly audit }
16 verbose reify failed optional dependency C:\Users\essis\OneDrive\Desktop\farcaster-mini-app\farcaster-mini-app\node_modules\fsevents
17 silly reify mark deleted [
17 silly reify   'C:\\Users\\essis\\OneDrive\\Desktop\\farcaster-mini-app\\farcaster-mini-app\\node_modules\\fsevents'
17 silly reify ]
18 verbose reify failed optional dependency C:\Users\essis\OneDrive\Desktop\farcaster-mini-app\farcaster-mini-app\node_modules\@rollup\rollup-win32-ia32-msvc
19 silly reify mark deleted [
19 silly reify   'C:\\Users\\essis\\OneDrive\\Desktop\\farcaster-mini-app\\farcaster-mini-app\\node_modules\\@rollup\\rollup-win32-ia32-msvc'
19 silly reify ]
20 verbose reify failed optional dependency C:\Users\essis\OneDrive\Desktop\farcaster-mini-app\farcaster-mini-app\node_modules\@rollup\rollup-win32-arm64-msvc
21 silly reify mark deleted [
21 silly reify   'C:\\Users\\essis\\OneDrive\\Desktop\\farcaster-mini-app\\farcaster-mini-app\\node_modules\\@rollup\\rollup-win32-arm64-msvc'
21 silly reify ]
22 verbose reify failed optional dependency C:\Users\essis\OneDrive\Desktop\farcaster-mini-app\farcaster-mini-app\node_modules\@rollup\rollup-linux-x64-musl
23 silly reify mark deleted [
23 silly reify   'C:\\Users\\essis\\OneDrive\\Desktop\\farcaster-mini-app\\farcaster-mini-app\\node_modules\\@rollup\\rollup-linux-x64-musl'
23 silly reify ]
24 verbose reify failed optional dependency C:\Users\essis\OneDrive\Desktop\farcaster-mini-app\farcaster-mini-app\node_modules\@rollup\rollup-linux-x64-gnu
25 silly reify mark deleted [
25 silly reify   'C:\\Users\\essis\\OneDrive\\Desktop\\farcaster-mini-app\\farcaster-mini-app\\node_modules\\@rollup\\rollup-linux-x64-gnu'
25 silly reify ]
26 verbose reify failed optional dependency C:\Users\essis\OneDrive\Desktop\farcaster-mini-app\farcaster-mini-app\node_modules\@rollup\rollup-linux-s390x-gnu
27 silly reify mark deleted [
27 silly reify   'C:\\Users\\essis\\OneDrive\\Desktop\\farcaster-mini-app\\farcaster-mini-app\\node_modules\\@rollup\\rollup-linux-s390x-gnu'
27 silly reify ]
28 verbose reify failed optional dependency C:\Users\essis\OneDrive\Desktop\farcaster-mini-app\farcaster-mini-app\node_modules\@rollup\rollup-linux-riscv64-musl
29 silly reify mark deleted [
29 silly reify   'C:\\Users\\essis\\OneDrive\\Desktop\\farcaster-mini-app\\farcaster-mini-app\\node_modules\\@rollup\\rollup-linux-riscv64-musl'
29 silly reify ]
30 verbose reify failed optional dependency C:\Users\essis\OneDrive\Desktop\farcaster-mini-app\farcaster-mini-app\node_modules\@rollup\rollup-linux-riscv64-gnu
31 silly reify mark deleted [
31 silly reify   'C:\\Users\\essis\\OneDrive\\Desktop\\farcaster-mini-app\\farcaster-mini-app\\node_modules\\@rollup\\rollup-linux-riscv64-gnu'
31 silly reify ]
32 verbose reify failed optional dependency C:\Users\essis\OneDrive\Desktop\farcaster-mini-app\farcaster-mini-app\node_modules\@rollup\rollup-linux-powerpc64le-gnu
33 silly reify mark deleted [
33 silly reify   'C:\\Users\\essis\\OneDrive\\Desktop\\farcaster-mini-app\\farcaster-mini-app\\node_modules\\@rollup\\rollup-linux-powerpc64le-gnu'
33 silly reify ]
34 verbose reify failed optional dependency C:\Users\essis\OneDrive\Desktop\farcaster-mini-app\farcaster-mini-app\node_modules\@rollup\rollup-linux-loongarch64-gnu
35 silly reify mark deleted [
35 silly reify   'C:\\Users\\essis\\OneDrive\\Desktop\\farcaster-mini-app\\farcaster-mini-app\\node_modules\\@rollup\\rollup-linux-loongarch64-gnu'
35 silly reify ]
36 verbose reify failed optional dependency C:\Users\essis\OneDrive\Desktop\farcaster-mini-app\farcaster-mini-app\node_modules\@rollup\rollup-linux-arm64-musl
37 silly reify mark deleted [
37 silly reify   'C:\\Users\\essis\\OneDrive\\Desktop\\farcaster-mini-app\\farcaster-mini-app\\node_modules\\@rollup\\rollup-linux-arm64-musl'
37 silly reify ]
38 verbose reify failed optional dependency C:\Users\essis\OneDrive\Desktop\farcaster-mini-app\farcaster-mini-app\node_modules\@rollup\rollup-linux-arm64-gnu
39 silly reify mark deleted [
39 silly reify   'C:\\Users\\essis\\OneDrive\\Desktop\\farcaster-mini-app\\farcaster-mini-app\\node_modules\\@rollup\\rollup-linux-arm64-gnu'
39 silly reify ]
40 verbose reify failed optional dependency C:\Users\essis\OneDrive\Desktop\farcaster-mini-app\farcaster-mini-app\node_modules\@rollup\rollup-linux-arm-musleabihf
41 silly reify mark deleted [
41 silly reify   'C:\\Users\\essis\\OneDrive\\Desktop\\farcaster-mini-app\\farcaster-mini-app\\node_modules\\@rollup\\rollup-linux-arm-musleabihf'
41 silly reify ]
42 verbose reify failed optional dependency C:\Users\essis\OneDrive\Desktop\farcaster-mini-app\farcaster-mini-app\node_modules\@rollup\rollup-linux-arm-gnueabihf
43 silly reify mark deleted [
43 silly reify   'C:\\Users\\essis\\OneDrive\\Desktop\\farcaster-mini-app\\farcaster-mini-app\\node_modules\\@rollup\\rollup-linux-arm-gnueabihf'
43 silly reify ]
44 verbose reify failed optional dependency C:\Users\essis\OneDrive\Desktop\farcaster-mini-app\farcaster-mini-app\node_modules\@rollup\rollup-freebsd-x64
45 silly reify mark deleted [
45 silly reify   'C:\\Users\\essis\\OneDrive\\Desktop\\farcaster-mini-app\\farcaster-mini-app\\node_modules\\@rollup\\rollup-freebsd-x64'
45 silly reify ]
46 verbose reify failed optional dependency C:\Users\essis\OneDrive\Desktop\farcaster-mini-app\farcaster-mini-app\node_modules\@rollup\rollup-freebsd-arm64
47 silly reify mark deleted [
47 silly reify   'C:\\Users\\essis\\OneDrive\\Desktop\\farcaster-mini-app\\farcaster-mini-app\\node_modules\\@rollup\\rollup-freebsd-arm64'
47 silly reify ]
48 verbose reify failed optional dependency C:\Users\essis\OneDrive\Desktop\farcaster-mini-app\farcaster-mini-app\node_modules\@rollup\rollup-darwin-x64
49 silly reify mark deleted [
49 silly reify   'C:\\Users\\essis\\OneDrive\\Desktop\\farcaster-mini-app\\farcaster-mini-app\\node_modules\\@rollup\\rollup-darwin-x64'
49 silly reify ]
50 verbose reify failed optional dependency C:\Users\essis\OneDrive\Desktop\farcaster-mini-app\farcaster-mini-app\node_modules\@rollup\rollup-darwin-arm64
51 silly reify mark deleted [
51 silly reify   'C:\\Users\\essis\\OneDrive\\Desktop\\farcaster-mini-app\\farcaster-mini-app\\node_modules\\@rollup\\rollup-darwin-arm64'
51 silly reify ]
52 verbose reify failed optional dependency C:\Users\essis\OneDrive\Desktop\farcaster-mini-app\farcaster-mini-app\node_modules\@rollup\rollup-android-arm64
53 silly reify mark deleted [
53 silly reify   'C:\\Users\\essis\\OneDrive\\Desktop\\farcaster-mini-app\\farcaster-mini-app\\node_modules\\@rollup\\rollup-android-arm64'
53 silly reify ]
54 verbose reify failed optional dependency C:\Users\essis\OneDrive\Desktop\farcaster-mini-app\farcaster-mini-app\node_modules\@rollup\rollup-android-arm-eabi
55 silly reify mark deleted [
55 silly reify   'C:\\Users\\essis\\OneDrive\\Desktop\\farcaster-mini-app\\farcaster-mini-app\\node_modules\\@rollup\\rollup-android-arm-eabi'
55 silly reify ]
56 verbose reify failed optional dependency C:\Users\essis\OneDrive\Desktop\farcaster-mini-app\farcaster-mini-app\node_modules\@esbuild\win32-ia32
57 silly reify mark deleted [
57 silly reify   'C:\\Users\\essis\\OneDrive\\Desktop\\farcaster-mini-app\\farcaster-mini-app\\node_modules\\@esbuild\\win32-ia32'
57 silly reify ]
58 verbose reify failed optional dependency C:\Users\essis\OneDrive\Desktop\farcaster-mini-app\farcaster-mini-app\node_modules\@esbuild\win32-arm64
59 silly reify mark deleted [
59 silly reify   'C:\\Users\\essis\\OneDrive\\Desktop\\farcaster-mini-app\\farcaster-mini-app\\node_modules\\@esbuild\\win32-arm64'
59 silly reify ]
60 verbose reify failed optional dependency C:\Users\essis\OneDrive\Desktop\farcaster-mini-app\farcaster-mini-app\node_modules\@esbuild\sunos-x64
61 silly reify mark deleted [
61 silly reify   'C:\\Users\\essis\\OneDrive\\Desktop\\farcaster-mini-app\\farcaster-mini-app\\node_modules\\@esbuild\\sunos-x64'
61 silly reify ]
62 verbose reify failed optional dependency C:\Users\essis\OneDrive\Desktop\farcaster-mini-app\farcaster-mini-app\node_modules\@esbuild\openbsd-x64
63 silly reify mark deleted [
63 silly reify   'C:\\Users\\essis\\OneDrive\\Desktop\\farcaster-mini-app\\farcaster-mini-app\\node_modules\\@esbuild\\openbsd-x64'
63 silly reify ]
64 verbose reify failed optional dependency C:\Users\essis\OneDrive\Desktop\farcaster-mini-app\farcaster-mini-app\node_modules\@esbuild\netbsd-x64
65 silly reify mark deleted [
65 silly reify   'C:\\Users\\essis\\OneDrive\\Desktop\\farcaster-mini-app\\farcaster-mini-app\\node_modules\\@esbuild\\netbsd-x64'
65 silly reify ]
66 verbose reify failed optional dependency C:\Users\essis\OneDrive\Desktop\farcaster-mini-app\farcaster-mini-app\node_modules\@esbuild\linux-x64
67 silly reify mark deleted [
67 silly reify   'C:\\Users\\essis\\OneDrive\\Desktop\\farcaster-mini-app\\farcaster-mini-app\\node_modules\\@esbuild\\linux-x64'
67 silly reify ]
68 verbose reify failed optional dependency C:\Users\essis\OneDrive\Desktop\farcaster-mini-app\farcaster-mini-app\node_modules\@esbuild\linux-s390x
69 silly reify mark deleted [
69 silly reify   'C:\\Users\\essis\\OneDrive\\Desktop\\farcaster-mini-app\\farcaster-mini-app\\node_modules\\@esbuild\\linux-s390x'
69 silly reify ]
70 verbose reify failed optional dependency C:\Users\essis\OneDrive\Desktop\farcaster-mini-app\farcaster-mini-app\node_modules\@esbuild\linux-riscv64
71 silly reify mark deleted [
71 silly reify   'C:\\Users\\essis\\OneDrive\\Desktop\\farcaster-mini-app\\farcaster-mini-app\\node_modules\\@esbuild\\linux-riscv64'
71 silly reify ]
72 verbose reify failed optional dependency C:\Users\essis\OneDrive\Desktop\farcaster-mini-app\farcaster-mini-app\node_modules\@esbuild\linux-ppc64
73 silly reify mark deleted [
73 silly reify   'C:\\Users\\essis\\OneDrive\\Desktop\\farcaster-mini-app\\farcaster-mini-app\\node_modules\\@esbuild\\linux-ppc64'
73 silly reify ]
74 verbose reify failed optional dependency C:\Users\essis\OneDrive\Desktop\farcaster-mini-app\farcaster-mini-app\node_modules\@esbuild\linux-mips64el
75 silly reify mark deleted [
75 silly reify   'C:\\Users\\essis\\OneDrive\\Desktop\\farcaster-mini-app\\farcaster-mini-app\\node_modules\\@esbuild\\linux-mips64el'
75 silly reify ]
76 verbose reify failed optional dependency C:\Users\essis\OneDrive\Desktop\farcaster-mini-app\farcaster-mini-app\node_modules\@esbuild\linux-loong64
77 silly reify mark deleted [
77 silly reify   'C:\\Users\\essis\\OneDrive\\Desktop\\farcaster-mini-app\\farcaster-mini-app\\node_modules\\@esbuild\\linux-loong64'
77 silly reify ]
78 verbose reify failed optional dependency C:\Users\essis\OneDrive\Desktop\farcaster-mini-app\farcaster-mini-app\node_modules\@esbuild\linux-ia32
79 silly reify mark deleted [
79 silly reify   'C:\\Users\\essis\\OneDrive\\Desktop\\farcaster-mini-app\\farcaster-mini-app\\node_modules\\@esbuild\\linux-ia32'
79 silly reify ]
80 verbose reify failed optional dependency C:\Users\essis\OneDrive\Desktop\farcaster-mini-app\farcaster-mini-app\node_modules\@esbuild\linux-arm64
81 silly reify mark deleted [
81 silly reify   'C:\\Users\\essis\\OneDrive\\Desktop\\farcaster-mini-app\\farcaster-mini-app\\node_modules\\@esbuild\\linux-arm64'
81 silly reify ]
82 verbose reify failed optional dependency C:\Users\essis\OneDrive\Desktop\farcaster-mini-app\farcaster-mini-app\node_modules\@esbuild\linux-arm
83 silly reify mark deleted [
83 silly reify   'C:\\Users\\essis\\OneDrive\\Desktop\\farcaster-mini-app\\farcaster-mini-app\\node_modules\\@esbuild\\linux-arm'
83 silly reify ]
84 verbose reify failed optional dependency C:\Users\essis\OneDrive\Desktop\farcaster-mini-app\farcaster-mini-app\node_modules\@esbuild\freebsd-x64
85 silly reify mark deleted [
85 silly reify   'C:\\Users\\essis\\OneDrive\\Desktop\\farcaster-mini-app\\farcaster-mini-app\\node_modules\\@esbuild\\freebsd-x64'
85 silly reify ]
86 verbose reify failed optional dependency C:\Users\essis\OneDrive\Desktop\farcaster-mini-app\farcaster-mini-app\node_modules\@esbuild\freebsd-arm64
87 silly reify mark deleted [
87 silly reify   'C:\\Users\\essis\\OneDrive\\Desktop\\farcaster-mini-app\\farcaster-mini-app\\node_modules\\@esbuild\\freebsd-arm64'
87 silly reify ]
88 verbose reify failed optional dependency C:\Users\essis\OneDrive\Desktop\farcaster-mini-app\farcaster-mini-app\node_modules\@esbuild\darwin-x64
89 silly reify mark deleted [
89 silly reify   'C:\\Users\\essis\\OneDrive\\Desktop\\farcaster-mini-app\\farcaster-mini-app\\node_modules\\@esbuild\\darwin-x64'
89 silly reify ]
90 verbose reify failed optional dependency C:\Users\essis\OneDrive\Desktop\farcaster-mini-app\farcaster-mini-app\node_modules\@esbuild\darwin-arm64
91 silly reify mark deleted [
91 silly reify   'C:\\Users\\essis\\OneDrive\\Desktop\\farcaster-mini-app\\farcaster-mini-app\\node_modules\\@esbuild\\darwin-arm64'
91 silly reify ]
92 verbose reify failed optional dependency C:\Users\essis\OneDrive\Desktop\farcaster-mini-app\farcaster-mini-app\node_modules\@esbuild\android-x64
93 silly reify mark deleted [
93 silly reify   'C:\\Users\\essis\\OneDrive\\Desktop\\farcaster-mini-app\\farcaster-mini-app\\node_modules\\@esbuild\\android-x64'
93 silly reify ]
94 verbose reify failed optional dependency C:\Users\essis\OneDrive\Desktop\farcaster-mini-app\farcaster-mini-app\node_modules\@esbuild\android-arm64
95 silly reify mark deleted [
95 silly reify   'C:\\Users\\essis\\OneDrive\\Desktop\\farcaster-mini-app\\farcaster-mini-app\\node_modules\\@esbuild\\android-arm64'
95 silly reify ]
96 verbose reify failed optional dependency C:\Users\essis\OneDrive\Desktop\farcaster-mini-app\farcaster-mini-app\node_modules\@esbuild\android-arm
97 silly reify mark deleted [
97 silly reify   'C:\\Users\\essis\\OneDrive\\Desktop\\farcaster-mini-app\\farcaster-mini-app\\node_modules\\@esbuild\\android-arm'
97 silly reify ]
98 verbose reify failed optional dependency C:\Users\essis\OneDrive\Desktop\farcaster-mini-app\farcaster-mini-app\node_modules\@esbuild\aix-ppc64
99 silly reify mark deleted [
99 silly reify   'C:\\Users\\essis\\OneDrive\\Desktop\\farcaster-mini-app\\farcaster-mini-app\\node_modules\\@esbuild\\aix-ppc64'
99 silly reify ]
100 http cache zod@https://registry.npmjs.org/zod/-/zod-3.25.56.tgz 1ms (cache hit)
101 http cache yallist@https://registry.npmjs.org/yallist/-/yallist-3.1.1.tgz 0ms (cache hit)
102 http cache ws@https://registry.npmjs.org/ws/-/ws-7.5.10.tgz 0ms (cache hit)
103 http cache webidl-conversions@https://registry.npmjs.org/webidl-conversions/-/webidl-conversions-3.0.1.tgz 0ms (cache hit)
104 http cache victory-vendor@https://registry.npmjs.org/victory-vendor/-/victory-vendor-36.9.2.tgz 0ms (cache hit)
105 http cache vite@https://registry.npmjs.org/vite/-/vite-5.4.19.tgz 0ms (cache hit)
106 http cache utf-8-validate@https://registry.npmjs.org/utf-8-validate/-/utf-8-validate-5.0.10.tgz 0ms (cache hit)
107 http cache uuid@https://registry.npmjs.org/uuid/-/uuid-8.3.2.tgz 0ms (cache hit)
108 http cache update-browserslist-db@https://registry.npmjs.org/update-browserslist-db/-/update-browserslist-db-1.1.3.tgz 0ms (cache hit)
109 http cache undici-types@https://registry.npmjs.org/undici-types/-/undici-types-6.21.0.tgz 0ms (cache hit)
110 http cache tslib@https://registry.npmjs.org/tslib/-/tslib-2.8.1.tgz 0ms (cache hit)
111 http cache typescript@https://registry.npmjs.org/typescript/-/typescript-5.8.3.tgz 0ms (cache hit)
112 http cache tr46@https://registry.npmjs.org/tr46/-/tr46-0.0.3.tgz 0ms (cache hit)
113 http cache whatwg-url@https://registry.npmjs.org/whatwg-url/-/whatwg-url-5.0.0.tgz 0ms (cache hit)
114 http cache tiny-invariant@https://registry.npmjs.org/tiny-invariant/-/tiny-invariant-1.3.3.tgz 0ms (cache hit)
115 http cache text-encoding-utf-8@https://registry.npmjs.org/text-encoding-utf-8/-/text-encoding-utf-8-1.0.2.tgz 0ms (cache hit)
116 http cache stream-json@https://registry.npmjs.org/stream-json/-/stream-json-1.9.1.tgz 0ms (cache hit)
117 http cache tailwindcss@https://registry.npmjs.org/tailwindcss/-/tailwindcss-4.1.8.tgz 0ms (cache hit)
118 http cache stream-chain@https://registry.npmjs.org/stream-chain/-/stream-chain-2.2.5.tgz 0ms (cache hit)
119 http cache source-map-js@https://registry.npmjs.org/source-map-js/-/source-map-js-1.2.1.tgz 0ms (cache hit)
120 http cache semver@https://registry.npmjs.org/semver/-/semver-6.3.1.tgz 0ms (cache hit)
121 http cache scheduler@https://registry.npmjs.org/scheduler/-/scheduler-0.23.2.tgz 0ms (cache hit)
122 http cache safe-buffer@https://registry.npmjs.org/safe-buffer/-/safe-buffer-5.2.1.tgz 0ms (cache hit)
123 http cache rpc-websockets@https://registry.npmjs.org/rpc-websockets/-/rpc-websockets-9.1.1.tgz 0ms (cache hit)
124 http cache recharts-scale@https://registry.npmjs.org/recharts-scale/-/recharts-scale-0.4.5.tgz 0ms (cache hit)
125 http cache react-transition-group@https://registry.npmjs.org/react-transition-group/-/react-transition-group-4.4.5.tgz 0ms (cache hit)
126 http cache react-smooth@https://registry.npmjs.org/react-smooth/-/react-smooth-4.0.4.tgz 0ms (cache hit)
127 http cache rollup@https://registry.npmjs.org/rollup/-/rollup-4.42.0.tgz 0ms (cache hit)
128 http cache recharts@https://registry.npmjs.org/recharts/-/recharts-2.15.3.tgz 0ms (cache hit)
129 http cache react-is@https://registry.npmjs.org/react-is/-/react-is-18.3.1.tgz 0ms (cache hit)
130 http cache react-refresh@https://registry.npmjs.org/react-refresh/-/react-refresh-0.17.0.tgz 0ms (cache hit)
131 http cache react-dom@https://registry.npmjs.org/react-dom/-/react-dom-18.3.1.tgz 0ms (cache hit)
132 http cache react@https://registry.npmjs.org/react/-/react-18.3.1.tgz 0ms (cache hit)
133 http cache prop-types@https://registry.npmjs.org/prop-types/-/prop-types-15.8.1.tgz 0ms (cache hit)
134 http cache proxy-from-env@https://registry.npmjs.org/proxy-from-env/-/proxy-from-env-1.1.0.tgz 0ms (cache hit)
135 http cache postcss-value-parser@https://registry.npmjs.org/postcss-value-parser/-/postcss-value-parser-4.2.0.tgz 0ms (cache hit)
136 http cache postcss@https://registry.npmjs.org/postcss/-/postcss-8.5.4.tgz 0ms (cache hit)
137 http cache picocolors@https://registry.npmjs.org/picocolors/-/picocolors-1.1.1.tgz 0ms (cache hit)
138 http cache ox@https://registry.npmjs.org/ox/-/ox-0.4.4.tgz 0ms (cache hit)
139 http cache object-assign@https://registry.npmjs.org/object-assign/-/object-assign-4.1.1.tgz 0ms (cache hit)
140 http cache normalize-range@https://registry.npmjs.org/normalize-range/-/normalize-range-0.1.2.tgz 0ms (cache hit)
141 http cache node-gyp-build@https://registry.npmjs.org/node-gyp-build/-/node-gyp-build-4.8.4.tgz 0ms (cache hit)
142 http cache nanoid@https://registry.npmjs.org/nanoid/-/nanoid-3.3.11.tgz 0ms (cache hit)
143 http cache node-releases@https://registry.npmjs.org/node-releases/-/node-releases-2.0.19.tgz 0ms (cache hit)
144 http cache ms@https://registry.npmjs.org/ms/-/ms-2.1.3.tgz 0ms (cache hit)
145 http cache superstruct@https://registry.npmjs.org/superstruct/-/superstruct-2.0.2.tgz 0ms (cache hit)
146 http cache mime-types@https://registry.npmjs.org/mime-types/-/mime-types-2.1.35.tgz 0ms (cache hit)
147 http cache mime-db@https://registry.npmjs.org/mime-db/-/mime-db-1.52.0.tgz 0ms (cache hit)
148 http cache node-fetch@https://registry.npmjs.org/node-fetch/-/node-fetch-2.7.0.tgz 0ms (cache hit)
149 http cache lru-cache@https://registry.npmjs.org/lru-cache/-/lru-cache-5.1.1.tgz 0ms (cache hit)
150 http cache loose-envify@https://registry.npmjs.org/loose-envify/-/loose-envify-1.4.0.tgz 0ms (cache hit)
151 http cache json5@https://registry.npmjs.org/json5/-/json5-2.2.3.tgz 0ms (cache hit)
152 http cache lodash@https://registry.npmjs.org/lodash/-/lodash-4.17.21.tgz 0ms (cache hit)
153 http cache json-stringify-safe@https://registry.npmjs.org/json-stringify-safe/-/json-stringify-safe-5.0.1.tgz 0ms (cache hit)
154 http cache js-tokens@https://registry.npmjs.org/js-tokens/-/js-tokens-4.0.0.tgz 0ms (cache hit)
155 http cache jsesc@https://registry.npmjs.org/jsesc/-/jsesc-3.1.0.tgz 0ms (cache hit)
156 http cache math-intrinsics@https://registry.npmjs.org/math-intrinsics/-/math-intrinsics-1.1.0.tgz 0ms (cache hit)
157 http cache jose@https://registry.npmjs.org/jose/-/jose-5.10.0.tgz 0ms (cache hit)
158 http cache jayson@https://registry.npmjs.org/jayson/-/jayson-4.2.0.tgz 0ms (cache hit)
159 http cache internmap@https://registry.npmjs.org/internmap/-/internmap-2.0.3.tgz 0ms (cache hit)
160 http cache ieee754@https://registry.npmjs.org/ieee754/-/ieee754-1.2.1.tgz 0ms (cache hit)
161 http cache humanize-ms@https://registry.npmjs.org/humanize-ms/-/humanize-ms-1.2.1.tgz 0ms (cache hit)
162 http cache isomorphic-ws@https://registry.npmjs.org/isomorphic-ws/-/isomorphic-ws-4.0.1.tgz 0ms (cache hit)
163 http cache hasown@https://registry.npmjs.org/hasown/-/hasown-2.0.2.tgz 0ms (cache hit)
164 http cache has-tostringtag@https://registry.npmjs.org/has-tostringtag/-/has-tostringtag-1.0.2.tgz 0ms (cache hit)
165 http cache has-symbols@https://registry.npmjs.org/has-symbols/-/has-symbols-1.1.0.tgz 0ms (cache hit)
166 http cache gopd@https://registry.npmjs.org/gopd/-/gopd-1.2.0.tgz 0ms (cache hit)
167 http cache globals@https://registry.npmjs.org/globals/-/globals-11.12.0.tgz 0ms (cache hit)
168 http cache get-proto@https://registry.npmjs.org/get-proto/-/get-proto-1.0.1.tgz 0ms (cache hit)
169 http cache get-intrinsic@https://registry.npmjs.org/get-intrinsic/-/get-intrinsic-1.3.0.tgz 0ms (cache hit)
170 http cache gensync@https://registry.npmjs.org/gensync/-/gensync-1.0.0-beta.2.tgz 0ms (cache hit)
171 http cache function-bind@https://registry.npmjs.org/function-bind/-/function-bind-1.1.2.tgz 0ms (cache hit)
172 http cache form-data@https://registry.npmjs.org/form-data/-/form-data-4.0.3.tgz 0ms (cache hit)
173 http cache fraction.js@https://registry.npmjs.org/fraction.js/-/fraction.js-4.3.7.tgz 0ms (cache hit)
174 http cache follow-redirects@https://registry.npmjs.org/follow-redirects/-/follow-redirects-1.15.9.tgz 0ms (cache hit)
175 http cache fast-stable-stringify@https://registry.npmjs.org/fast-stable-stringify/-/fast-stable-stringify-1.0.0.tgz 0ms (cache hit)
176 http cache eyes@https://registry.npmjs.org/eyes/-/eyes-0.1.8.tgz 0ms (cache hit)
177 http cache fast-equals@https://registry.npmjs.org/fast-equals/-/fast-equals-5.2.2.tgz 0ms (cache hit)
178 http cache eventemitter3@https://registry.npmjs.org/eventemitter3/-/eventemitter3-5.0.1.tgz 0ms (cache hit)
179 http cache escalade@https://registry.npmjs.org/escalade/-/escalade-3.2.0.tgz 0ms (cache hit)
180 http cache esbuild@https://registry.npmjs.org/esbuild/-/esbuild-0.21.5.tgz 0ms (cache hit)
181 http cache es6-promise@https://registry.npmjs.org/es6-promise/-/es6-promise-4.2.8.tgz 0ms (cache hit)
182 http cache es6-promisify@https://registry.npmjs.org/es6-promisify/-/es6-promisify-5.0.0.tgz 0ms (cache hit)
183 http cache es-set-tostringtag@https://registry.npmjs.org/es-set-tostringtag/-/es-set-tostringtag-2.1.0.tgz 0ms (cache hit)
184 http cache es-errors@https://registry.npmjs.org/es-errors/-/es-errors-1.3.0.tgz 0ms (cache hit)
185 http cache es-define-property@https://registry.npmjs.org/es-define-property/-/es-define-property-1.0.1.tgz 0ms (cache hit)
186 http cache es-object-atoms@https://registry.npmjs.org/es-object-atoms/-/es-object-atoms-1.1.1.tgz 0ms (cache hit)
187 http cache electron-to-chromium@https://registry.npmjs.org/electron-to-chromium/-/electron-to-chromium-1.5.166.tgz 0ms (cache hit)
188 http cache delayed-stream@https://registry.npmjs.org/delayed-stream/-/delayed-stream-1.0.0.tgz 0ms (cache hit)
189 http cache dunder-proto@https://registry.npmjs.org/dunder-proto/-/dunder-proto-1.0.1.tgz 0ms (cache hit)
190 http cache dom-helpers@https://registry.npmjs.org/dom-helpers/-/dom-helpers-5.2.1.tgz 0ms (cache hit)
191 http cache decimal.js-light@https://registry.npmjs.org/decimal.js-light/-/decimal.js-light-2.5.1.tgz 0ms (cache hit)
192 http cache delay@https://registry.npmjs.org/delay/-/delay-5.0.0.tgz 0ms (cache hit)
193 http cache debug@https://registry.npmjs.org/debug/-/debug-4.4.1.tgz 0ms (cache hit)
194 http cache d3-time-format@https://registry.npmjs.org/d3-time-format/-/d3-time-format-4.1.0.tgz 0ms (cache hit)
195 http cache d3-time@https://registry.npmjs.org/d3-time/-/d3-time-3.1.0.tgz 0ms (cache hit)
196 http cache d3-scale@https://registry.npmjs.org/d3-scale/-/d3-scale-4.0.2.tgz 0ms (cache hit)
197 http cache d3-timer@https://registry.npmjs.org/d3-timer/-/d3-timer-3.0.1.tgz 0ms (cache hit)
198 http cache d3-shape@https://registry.npmjs.org/d3-shape/-/d3-shape-3.2.0.tgz 0ms (cache hit)
199 http cache d3-path@https://registry.npmjs.org/d3-path/-/d3-path-3.1.0.tgz 0ms (cache hit)
200 http cache d3-format@https://registry.npmjs.org/d3-format/-/d3-format-3.1.0.tgz 0ms (cache hit)
201 http cache d3-color@https://registry.npmjs.org/d3-color/-/d3-color-3.1.0.tgz 0ms (cache hit)
202 http cache d3-ease@https://registry.npmjs.org/d3-ease/-/d3-ease-3.0.1.tgz 0ms (cache hit)
203 http cache d3-array@https://registry.npmjs.org/d3-array/-/d3-array-3.2.4.tgz 0ms (cache hit)
204 http cache d3-interpolate@https://registry.npmjs.org/d3-interpolate/-/d3-interpolate-3.0.1.tgz 0ms (cache hit)
205 http cache convert-source-map@https://registry.npmjs.org/convert-source-map/-/convert-source-map-2.0.0.tgz 0ms (cache hit)
206 http cache csstype@https://registry.npmjs.org/csstype/-/csstype-3.1.3.tgz 0ms (cache hit)
207 http cache combined-stream@https://registry.npmjs.org/combined-stream/-/combined-stream-1.0.8.tgz 0ms (cache hit)
208 http cache commander@https://registry.npmjs.org/commander/-/commander-13.1.0.tgz 0ms (cache hit)
209 http cache clsx@https://registry.npmjs.org/clsx/-/clsx-2.1.1.tgz 0ms (cache hit)
210 http cache comlink@https://registry.npmjs.org/comlink/-/comlink-4.4.2.tgz 0ms (cache hit)
211 http cache caniuse-lite@https://registry.npmjs.org/caniuse-lite/-/caniuse-lite-1.0.30001721.tgz 0ms (cache hit)
212 http cache chalk@https://registry.npmjs.org/chalk/-/chalk-5.4.1.tgz 1ms (cache hit)
213 http cache call-bind-apply-helpers@https://registry.npmjs.org/call-bind-apply-helpers/-/call-bind-apply-helpers-1.0.2.tgz 0ms (cache hit)
214 http cache bufferutil@https://registry.npmjs.org/bufferutil/-/bufferutil-4.0.9.tgz 0ms (cache hit)
215 http cache buffer@https://registry.npmjs.org/buffer/-/buffer-6.0.3.tgz 0ms (cache hit)
216 http cache bs58@https://registry.npmjs.org/bs58/-/bs58-4.0.1.tgz 0ms (cache hit)
217 http cache browserslist@https://registry.npmjs.org/browserslist/-/browserslist-4.25.0.tgz 0ms (cache hit)
218 http cache bn.js@https://registry.npmjs.org/bn.js/-/bn.js-5.2.2.tgz 0ms (cache hit)
219 http cache borsh@https://registry.npmjs.org/borsh/-/borsh-0.7.0.tgz 0ms (cache hit)
220 http cache base64-js@https://registry.npmjs.org/base64-js/-/base64-js-1.5.1.tgz 0ms (cache hit)
221 http cache base-x@https://registry.npmjs.org/base-x/-/base-x-3.0.11.tgz 0ms (cache hit)
222 http cache autoprefixer@https://registry.npmjs.org/autoprefixer/-/autoprefixer-10.4.21.tgz 0ms (cache hit)
223 http cache axios@https://registry.npmjs.org/axios/-/axios-1.9.0.tgz 0ms (cache hit)
224 http cache asynckit@https://registry.npmjs.org/asynckit/-/asynckit-0.4.0.tgz 0ms (cache hit)
225 http cache agentkeepalive@https://registry.npmjs.org/agentkeepalive/-/agentkeepalive-4.6.0.tgz 0ms (cache hit)
226 http cache @types/uuid@https://registry.npmjs.org/@types/uuid/-/uuid-8.3.4.tgz 0ms (cache hit)
227 http cache abitype@https://registry.npmjs.org/abitype/-/abitype-1.0.8.tgz 0ms (cache hit)
228 http cache @vitejs/plugin-react@https://registry.npmjs.org/@vitejs/plugin-react/-/plugin-react-4.5.1.tgz 0ms (cache hit)
229 http cache @types/ws@https://registry.npmjs.org/@types/ws/-/ws-7.4.7.tgz 0ms (cache hit)
230 http cache @types/prop-types@https://registry.npmjs.org/@types/prop-types/-/prop-types-15.7.15.tgz 0ms (cache hit)
231 http cache @types/react@https://registry.npmjs.org/@types/react/-/react-18.3.23.tgz 0ms (cache hit)
232 http cache @types/estree@https://registry.npmjs.org/@types/estree/-/estree-1.0.7.tgz 0ms (cache hit)
233 http cache @types/d3-timer@https://registry.npmjs.org/@types/d3-timer/-/d3-timer-3.0.2.tgz 0ms (cache hit)
234 http cache @types/react-dom@https://registry.npmjs.org/@types/react-dom/-/react-dom-18.3.7.tgz 0ms (cache hit)
235 http cache @types/node@https://registry.npmjs.org/@types/node/-/node-20.19.0.tgz 0ms (cache hit)
236 http cache @types/d3-time@https://registry.npmjs.org/@types/d3-time/-/d3-time-3.0.4.tgz 0ms (cache hit)
237 http cache @types/d3-shape@https://registry.npmjs.org/@types/d3-shape/-/d3-shape-3.1.7.tgz 0ms (cache hit)
238 http cache @types/d3-scale@https://registry.npmjs.org/@types/d3-scale/-/d3-scale-4.0.9.tgz 0ms (cache hit)
239 http cache @types/d3-path@https://registry.npmjs.org/@types/d3-path/-/d3-path-3.1.1.tgz 0ms (cache hit)
240 http cache @types/d3-interpolate@https://registry.npmjs.org/@types/d3-interpolate/-/d3-interpolate-3.0.4.tgz 0ms (cache hit)
241 http cache @types/d3-color@https://registry.npmjs.org/@types/d3-color/-/d3-color-3.1.3.tgz 0ms (cache hit)
242 http cache @types/d3-ease@https://registry.npmjs.org/@types/d3-ease/-/d3-ease-3.0.2.tgz 0ms (cache hit)
243 http cache @types/connect@https://registry.npmjs.org/@types/connect/-/connect-3.4.38.tgz 0ms (cache hit)
244 http cache @types/d3-array@https://registry.npmjs.org/@types/d3-array/-/d3-array-3.2.1.tgz 0ms (cache hit)
245 http cache @types/babel__traverse@https://registry.npmjs.org/@types/babel__traverse/-/babel__traverse-7.20.7.tgz 0ms (cache hit)
246 http cache @types/babel__template@https://registry.npmjs.org/@types/babel__template/-/babel__template-7.4.4.tgz 0ms (cache hit)
247 http cache @swc/helpers@https://registry.npmjs.org/@swc/helpers/-/helpers-0.5.17.tgz 0ms (cache hit)
248 http cache @types/babel__core@https://registry.npmjs.org/@types/babel__core/-/babel__core-7.20.5.tgz 0ms (cache hit)
249 http cache @types/babel__generator@https://registry.npmjs.org/@types/babel__generator/-/babel__generator-7.27.0.tgz 0ms (cache hit)
250 http cache @solana/errors@https://registry.npmjs.org/@solana/errors/-/errors-2.1.1.tgz 0ms (cache hit)
251 http cache @solana/web3.js@https://registry.npmjs.org/@solana/web3.js/-/web3.js-1.98.2.tgz 0ms (cache hit)
252 http cache @solana/codecs-numbers@https://registry.npmjs.org/@solana/codecs-numbers/-/codecs-numbers-2.1.1.tgz 0ms (cache hit)
253 http cache @solana/codecs-core@https://registry.npmjs.org/@solana/codecs-core/-/codecs-core-2.1.1.tgz 0ms (cache hit)
254 http cache @scure/bip39@https://registry.npmjs.org/@scure/bip39/-/bip39-1.6.0.tgz 0ms (cache hit)
255 http cache @solana/buffer-layout@https://registry.npmjs.org/@solana/buffer-layout/-/buffer-layout-4.0.1.tgz 0ms (cache hit)
256 http cache @scure/bip32@https://registry.npmjs.org/@scure/bip32/-/bip32-1.7.0.tgz 0ms (cache hit)
257 http cache @scure/base@https://registry.npmjs.org/@scure/base/-/base-1.2.6.tgz 0ms (cache hit)
258 http cache @rolldown/pluginutils@https://registry.npmjs.org/@rolldown/pluginutils/-/pluginutils-1.0.0-beta.9.tgz 0ms (cache hit)
259 http cache @rollup/rollup-win32-x64-msvc@https://registry.npmjs.org/@rollup/rollup-win32-x64-msvc/-/rollup-win32-x64-msvc-4.42.0.tgz 0ms (cache hit)
260 http cache @noble/curves@https://registry.npmjs.org/@noble/curves/-/curves-1.9.2.tgz 0ms (cache hit)
261 http cache @jridgewell/trace-mapping@https://registry.npmjs.org/@jridgewell/trace-mapping/-/trace-mapping-0.3.25.tgz 0ms (cache hit)
262 http cache @noble/hashes@https://registry.npmjs.org/@noble/hashes/-/hashes-1.8.0.tgz 0ms (cache hit)
263 http cache @jridgewell/sourcemap-codec@https://registry.npmjs.org/@jridgewell/sourcemap-codec/-/sourcemap-codec-1.5.0.tgz 0ms (cache hit)
264 http cache @jridgewell/set-array@https://registry.npmjs.org/@jridgewell/set-array/-/set-array-1.2.1.tgz 0ms (cache hit)
265 http cache @jridgewell/resolve-uri@https://registry.npmjs.org/@jridgewell/resolve-uri/-/resolve-uri-3.1.2.tgz 0ms (cache hit)
266 http cache @farcaster/frame-sdk@https://registry.npmjs.org/@farcaster/frame-sdk/-/frame-sdk-0.0.60.tgz 0ms (cache hit)
267 http cache @jridgewell/gen-mapping@https://registry.npmjs.org/@jridgewell/gen-mapping/-/gen-mapping-0.3.8.tgz 0ms (cache hit)
268 http cache @esbuild/win32-x64@https://registry.npmjs.org/@esbuild/win32-x64/-/win32-x64-0.21.5.tgz 0ms (cache hit)
269 http cache @farcaster/frame-core@https://registry.npmjs.org/@farcaster/frame-core/-/frame-core-0.1.8.tgz 0ms (cache hit)
270 http cache @babel/traverse@https://registry.npmjs.org/@babel/traverse/-/traverse-7.27.4.tgz 0ms (cache hit)
271 http cache @farcaster/quick-auth@https://registry.npmjs.org/@farcaster/quick-auth/-/quick-auth-0.0.5.tgz 0ms (cache hit)
272 http cache @babel/runtime@https://registry.npmjs.org/@babel/runtime/-/runtime-7.27.6.tgz 0ms (cache hit)
273 http cache @babel/plugin-transform-react-jsx-source@https://registry.npmjs.org/@babel/plugin-transform-react-jsx-source/-/plugin-transform-react-jsx-source-7.27.1.tgz 0ms (cache hit)
274 http cache @babel/plugin-transform-react-jsx-self@https://registry.npmjs.org/@babel/plugin-transform-react-jsx-self/-/plugin-transform-react-jsx-self-7.27.1.tgz 0ms (cache hit)
275 http cache @babel/template@https://registry.npmjs.org/@babel/template/-/template-7.27.2.tgz 0ms (cache hit)
276 http cache @babel/types@https://registry.npmjs.org/@babel/types/-/types-7.27.6.tgz 0ms (cache hit)
277 http cache @babel/parser@https://registry.npmjs.org/@babel/parser/-/parser-7.27.5.tgz 0ms (cache hit)
278 http cache @babel/helpers@https://registry.npmjs.org/@babel/helpers/-/helpers-7.27.6.tgz 0ms (cache hit)
279 http cache @babel/helper-plugin-utils@https://registry.npmjs.org/@babel/helper-plugin-utils/-/helper-plugin-utils-7.27.1.tgz 0ms (cache hit)
280 http cache @babel/helper-string-parser@https://registry.npmjs.org/@babel/helper-string-parser/-/helper-string-parser-7.27.1.tgz 0ms (cache hit)
281 http cache @babel/helper-validator-option@https://registry.npmjs.org/@babel/helper-validator-option/-/helper-validator-option-7.27.1.tgz 0ms (cache hit)
282 http cache @babel/helper-module-transforms@https://registry.npmjs.org/@babel/helper-module-transforms/-/helper-module-transforms-7.27.3.tgz 0ms (cache hit)
283 http cache @babel/helper-validator-identifier@https://registry.npmjs.org/@babel/helper-validator-identifier/-/helper-validator-identifier-7.27.1.tgz 0ms (cache hit)
284 http cache @babel/helper-compilation-targets@https://registry.npmjs.org/@babel/helper-compilation-targets/-/helper-compilation-targets-7.27.2.tgz 0ms (cache hit)
285 http cache @babel/generator@https://registry.npmjs.org/@babel/generator/-/generator-7.27.5.tgz 0ms (cache hit)
286 http cache @babel/helper-module-imports@https://registry.npmjs.org/@babel/helper-module-imports/-/helper-module-imports-7.27.1.tgz 0ms (cache hit)
287 http cache @babel/core@https://registry.npmjs.org/@babel/core/-/core-7.27.4.tgz 0ms (cache hit)
288 http cache @babel/compat-data@https://registry.npmjs.org/@babel/compat-data/-/compat-data-7.27.5.tgz 0ms (cache hit)
289 http cache @babel/code-frame@https://registry.npmjs.org/@babel/code-frame/-/code-frame-7.27.1.tgz 0ms (cache hit)
290 http cache @adraffy/ens-normalize@https://registry.npmjs.org/@adraffy/ens-normalize/-/ens-normalize-1.11.0.tgz 0ms (cache hit)
291 http cache @ampproject/remapping@https://registry.npmjs.org/@ampproject/remapping/-/remapping-2.3.0.tgz 0ms (cache hit)
292 http cache react-is@https://registry.npmjs.org/react-is/-/react-is-16.13.1.tgz 0ms (cache hit)
293 http cache ws@https://registry.npmjs.org/ws/-/ws-8.18.2.tgz 0ms (cache hit)
294 http cache commander@https://registry.npmjs.org/commander/-/commander-2.20.3.tgz 0ms (cache hit)
295 http cache @types/node@https://registry.npmjs.org/@types/node/-/node-12.20.55.tgz 0ms (cache hit)
296 http cache eventemitter3@https://registry.npmjs.org/eventemitter3/-/eventemitter3-4.0.7.tgz 0ms (cache hit)
297 http cache @types/ws@https://registry.npmjs.org/@types/ws/-/ws-8.18.1.tgz 0ms (cache hit)
298 http fetch POST 200 https://registry.npmjs.org/-/npm/v1/security/advisories/bulk 2047ms
299 silly audit report {
299 silly audit report   esbuild: [
299 silly audit report     {
299 silly audit report       id: 1102341,
299 silly audit report       url: 'https://github.com/advisories/GHSA-67mh-4wv8-2f99',
299 silly audit report       title: 'esbuild enables any website to send any requests to the development server and read the response',
299 silly audit report       severity: 'moderate',
299 silly audit report       vulnerable_versions: '<=0.24.2',
299 silly audit report       cwe: [Array],
299 silly audit report       cvss: [Object]
299 silly audit report     }
299 silly audit report   ]
299 silly audit report }
300 silly packumentCache corgi:https://registry.npmjs.org/esbuild cache-miss
301 http fetch GET 200 https://registry.npmjs.org/esbuild 206ms (cache revalidated)
302 silly packumentCache corgi:https://registry.npmjs.org/esbuild set size:861077 disposed:false
303 silly packumentCache corgi:https://registry.npmjs.org/vite cache-miss
304 http fetch GET 200 https://registry.npmjs.org/vite 673ms (cache updated)
305 silly packumentCache corgi:https://registry.npmjs.org/vite set size:undefined disposed:false
306 silly packumentCache corgi:https://registry.npmjs.org/@vitejs%2fplugin-react cache-miss
307 http fetch GET 200 https://registry.npmjs.org/@vitejs%2fplugin-react 791ms (cache updated)
308 silly packumentCache corgi:https://registry.npmjs.org/@vitejs%2fplugin-react set size:undefined disposed:false
309 info run bufferutil@4.0.9 install node_modules/bufferutil node-gyp-build
310 info run utf-8-validate@5.0.10 install node_modules/utf-8-validate node-gyp-build
311 info run utf-8-validate@5.0.10 install { code: 0, signal: null }
312 info run bufferutil@4.0.9 install { code: 0, signal: null }
313 info run esbuild@0.21.5 postinstall node_modules/esbuild node install.js
314 info run esbuild@0.21.5 postinstall { code: 0, signal: null }
315 silly ADD node_modules/zod
316 silly ADD node_modules/yallist
317 silly ADD node_modules/ws
318 silly ADD node_modules/whatwg-url
319 silly ADD node_modules/webidl-conversions
320 silly ADD node_modules/vite
321 silly ADD node_modules/victory-vendor
322 silly ADD node_modules/uuid
323 silly ADD node_modules/utf-8-validate
324 silly ADD node_modules/update-browserslist-db
325 silly ADD node_modules/undici-types
326 silly ADD node_modules/typescript
327 silly ADD node_modules/tslib
328 silly ADD node_modules/tr46
329 silly ADD node_modules/tiny-invariant
330 silly ADD node_modules/text-encoding-utf-8
331 silly ADD node_modules/tailwindcss
332 silly ADD node_modules/superstruct
333 silly ADD node_modules/stream-json
334 silly ADD node_modules/stream-chain
335 silly ADD node_modules/source-map-js
336 silly ADD node_modules/semver
337 silly ADD node_modules/scheduler
338 silly ADD node_modules/safe-buffer
339 silly ADD node_modules/rpc-websockets
340 silly ADD node_modules/rpc-websockets/node_modules/ws
341 silly ADD node_modules/rpc-websockets/node_modules/@types/ws
342 silly ADD node_modules/rollup
343 silly ADD node_modules/recharts-scale
344 silly ADD node_modules/recharts
345 silly ADD node_modules/recharts/node_modules/eventemitter3
346 silly ADD node_modules/react-transition-group
347 silly ADD node_modules/react-smooth
348 silly ADD node_modules/react-refresh
349 silly ADD node_modules/react-is
350 silly ADD node_modules/react-dom
351 silly ADD node_modules/react
352 silly ADD node_modules/proxy-from-env
353 silly ADD node_modules/prop-types
354 silly ADD node_modules/prop-types/node_modules/react-is
355 silly ADD node_modules/postcss-value-parser
356 silly ADD node_modules/postcss
357 silly ADD node_modules/picocolors
358 silly ADD node_modules/ox
359 silly ADD node_modules/object-assign
360 silly ADD node_modules/normalize-range
361 silly ADD node_modules/node-releases
362 silly ADD node_modules/node-gyp-build
363 silly ADD node_modules/node-fetch
364 silly ADD node_modules/nanoid
365 silly ADD node_modules/ms
366 silly ADD node_modules/mime-types
367 silly ADD node_modules/mime-db
368 silly ADD node_modules/math-intrinsics
369 silly ADD node_modules/lru-cache
370 silly ADD node_modules/loose-envify
371 silly ADD node_modules/lodash
372 silly ADD node_modules/json5
373 silly ADD node_modules/json-stringify-safe
374 silly ADD node_modules/jsesc
375 silly ADD node_modules/js-tokens
376 silly ADD node_modules/jose
377 silly ADD node_modules/jayson
378 silly ADD node_modules/jayson/node_modules/commander
379 silly ADD node_modules/jayson/node_modules/@types/node
380 silly ADD node_modules/isomorphic-ws
381 silly ADD node_modules/internmap
382 silly ADD node_modules/ieee754
383 silly ADD node_modules/humanize-ms
384 silly ADD node_modules/hasown
385 silly ADD node_modules/has-tostringtag
386 silly ADD node_modules/has-symbols
387 silly ADD node_modules/gopd
388 silly ADD node_modules/globals
389 silly ADD node_modules/get-proto
390 silly ADD node_modules/get-intrinsic
391 silly ADD node_modules/gensync
392 silly ADD node_modules/function-bind
393 silly ADD
394 silly ADD node_modules/fraction.js
395 silly ADD node_modules/form-data
396 silly ADD node_modules/follow-redirects
397 silly ADD node_modules/fast-stable-stringify
398 silly ADD node_modules/fast-equals
399 silly ADD node_modules/eyes
400 silly ADD node_modules/eventemitter3
401 silly ADD node_modules/escalade
402 silly ADD node_modules/esbuild
403 silly ADD node_modules/es6-promisify
404 silly ADD node_modules/es6-promise
405 silly ADD node_modules/es-set-tostringtag
406 silly ADD node_modules/es-object-atoms
407 silly ADD node_modules/es-errors
408 silly ADD node_modules/es-define-property
409 silly ADD node_modules/electron-to-chromium
410 silly ADD node_modules/dunder-proto
411 silly ADD node_modules/dom-helpers
412 silly ADD node_modules/delayed-stream
413 silly ADD node_modules/delay
414 silly ADD node_modules/decimal.js-light
415 silly ADD node_modules/debug
416 silly ADD node_modules/d3-timer
417 silly ADD node_modules/d3-time-format
418 silly ADD node_modules/d3-time
419 silly ADD node_modules/d3-shape
420 silly ADD node_modules/d3-scale
421 silly ADD node_modules/d3-path
422 silly ADD node_modules/d3-interpolate
423 silly ADD node_modules/d3-format
424 silly ADD node_modules/d3-ease
425 silly ADD node_modules/d3-color
426 silly ADD node_modules/d3-array
427 silly ADD node_modules/csstype
428 silly ADD node_modules/convert-source-map
429 silly ADD node_modules/commander
430 silly ADD node_modules/comlink
431 silly ADD node_modules/combined-stream
432 silly ADD node_modules/clsx
433 silly ADD node_modules/chalk
434 silly ADD node_modules/caniuse-lite
435 silly ADD node_modules/call-bind-apply-helpers
436 silly ADD node_modules/bufferutil
437 silly ADD node_modules/buffer
438 silly ADD node_modules/bs58
439 silly ADD node_modules/browserslist
440 silly ADD node_modules/borsh
441 silly ADD node_modules/bn.js
442 silly ADD node_modules/base64-js
443 silly ADD node_modules/base-x
444 silly ADD node_modules/axios
445 silly ADD node_modules/autoprefixer
446 silly ADD node_modules/asynckit
447 silly ADD node_modules/agentkeepalive
448 silly ADD node_modules/abitype
449 silly ADD node_modules/@vitejs/plugin-react
450 silly ADD node_modules/@types/ws
451 silly ADD node_modules/@types/uuid
452 silly ADD node_modules/@types/react-dom
453 silly ADD node_modules/@types/react
454 silly ADD node_modules/@types/prop-types
455 silly ADD node_modules/@types/node
456 silly ADD node_modules/@types/estree
457 silly ADD node_modules/@types/d3-timer
458 silly ADD node_modules/@types/d3-time
459 silly ADD node_modules/@types/d3-shape
460 silly ADD node_modules/@types/d3-scale
461 silly ADD node_modules/@types/d3-path
462 silly ADD node_modules/@types/d3-interpolate
463 silly ADD node_modules/@types/d3-ease
464 silly ADD node_modules/@types/d3-color
465 silly ADD node_modules/@types/d3-array
466 silly ADD node_modules/@types/connect
467 silly ADD node_modules/@types/babel__traverse
468 silly ADD node_modules/@types/babel__template
469 silly ADD node_modules/@types/babel__generator
470 silly ADD node_modules/@types/babel__core
471 silly ADD node_modules/@swc/helpers
472 silly ADD node_modules/@solana/web3.js
473 silly ADD node_modules/@solana/errors
474 silly ADD node_modules/@solana/codecs-numbers
475 silly ADD node_modules/@solana/codecs-core
476 silly ADD node_modules/@solana/buffer-layout
477 silly ADD node_modules/@scure/bip39
478 silly ADD node_modules/@scure/bip32
479 silly ADD node_modules/@scure/base
480 silly ADD node_modules/@rollup/rollup-win32-x64-msvc
481 silly ADD
482 silly ADD
483 silly ADD
484 silly ADD
485 silly ADD
486 silly ADD
487 silly ADD
488 silly ADD
489 silly ADD
490 silly ADD
491 silly ADD
492 silly ADD
493 silly ADD
494 silly ADD
495 silly ADD
496 silly ADD
497 silly ADD
498 silly ADD
499 silly ADD
500 silly ADD node_modules/@rolldown/pluginutils
501 silly ADD node_modules/@noble/hashes
502 silly ADD node_modules/@noble/curves
503 silly ADD node_modules/@jridgewell/trace-mapping
504 silly ADD node_modules/@jridgewell/sourcemap-codec
505 silly ADD node_modules/@jridgewell/set-array
506 silly ADD node_modules/@jridgewell/resolve-uri
507 silly ADD node_modules/@jridgewell/gen-mapping
508 silly ADD node_modules/@farcaster/quick-auth
509 silly ADD node_modules/@farcaster/frame-sdk
510 silly ADD node_modules/@farcaster/frame-core
511 silly ADD node_modules/@esbuild/win32-x64
512 silly ADD
513 silly ADD
514 silly ADD
515 silly ADD
516 silly ADD
517 silly ADD
518 silly ADD
519 silly ADD
520 silly ADD
521 silly ADD
522 silly ADD
523 silly ADD
524 silly ADD
525 silly ADD
526 silly ADD
527 silly ADD
528 silly ADD
529 silly ADD
530 silly ADD
531 silly ADD
532 silly ADD
533 silly ADD
534 silly ADD node_modules/@babel/types
535 silly ADD node_modules/@babel/traverse
536 silly ADD node_modules/@babel/template
537 silly ADD node_modules/@babel/runtime
538 silly ADD node_modules/@babel/plugin-transform-react-jsx-source
539 silly ADD node_modules/@babel/plugin-transform-react-jsx-self
540 silly ADD node_modules/@babel/parser
541 silly ADD node_modules/@babel/helpers
542 silly ADD node_modules/@babel/helper-validator-option
543 silly ADD node_modules/@babel/helper-validator-identifier
544 silly ADD node_modules/@babel/helper-string-parser
545 silly ADD node_modules/@babel/helper-plugin-utils
546 silly ADD node_modules/@babel/helper-module-transforms
547 silly ADD node_modules/@babel/helper-module-imports
548 silly ADD node_modules/@babel/helper-compilation-targets
549 silly ADD node_modules/@babel/generator
550 silly ADD node_modules/@babel/core
551 silly ADD node_modules/@babel/compat-data
552 silly ADD node_modules/@babel/code-frame
553 silly ADD node_modules/@ampproject/remapping
554 silly ADD node_modules/@adraffy/ens-normalize
555 verbose cwd C:\Users\essis\OneDrive\Desktop\farcaster-mini-app\farcaster-mini-app
556 verbose os Windows_NT 10.0.26100
557 verbose node v22.16.0
558 verbose npm  v10.9.2
559 verbose exit 0
560 info ok
