0 verbose cli C:\Program Files\nodejs\node.exe C:\Program Files\nodejs\node_modules\npm\bin\npm-cli.js
1 info using npm@10.9.2
2 info using node@v22.16.0
3 silly config load:file:C:\Program Files\nodejs\node_modules\npm\npmrc
4 silly config load:file:C:\Users\essis\OneDrive\Desktop\farcaster-mini-app\.npmrc
5 silly config load:file:C:\Users\essis\.npmrc
6 silly config load:file:C:\Users\essis\AppData\Roaming\npm\etc\npmrc
7 verbose title npm install recharts
8 verbose argv "install" "recharts"
9 verbose logfile logs-max:10 dir:C:\Users\essis\OneDrive\Desktop\farcaster-mini-app\verify\_logs\2025-06-09T21_14_43_751Z-
10 verbose logfile C:\Users\essis\OneDrive\Desktop\farcaster-mini-app\verify\_logs\2025-06-09T21_14_43_751Z-debug-0.log
11 silly logfile done cleaning log files
12 silly packumentCache heap:2197815296 maxSize:549453824 maxEntrySize:274726912
13 silly idealTree buildDeps
14 silly fetch manifest recharts@*
15 silly packumentCache full:https://registry.npmjs.org/recharts cache-miss
16 verbose shrinkwrap failed to load node_modules/.package-lock.json out of date, updated: node_modules
17 http fetch GET 200 https://registry.npmjs.org/recharts 4552ms (cache miss)
18 silly packumentCache full:https://registry.npmjs.org/recharts set size:undefined disposed:false
19 silly fetch manifest react@^18.0.0
20 silly packumentCache full:https://registry.npmjs.org/react cache-miss
21 http fetch GET 200 https://registry.npmjs.org/react 169ms (cache revalidated)
22 silly packumentCache full:https://registry.npmjs.org/react set size:5764166 disposed:false
23 silly fetch manifest react-dom@^18.0.0
24 silly packumentCache full:https://registry.npmjs.org/react-dom cache-miss
25 http fetch GET 200 https://registry.npmjs.org/react-dom 176ms (cache revalidated)
26 silly packumentCache full:https://registry.npmjs.org/react-dom set size:7351085 disposed:false
27 silly placeDep ROOT recharts@2.15.3 OK for: farcaster-mini-app@1.0.0 want: *
28 silly fetch manifest clsx@^2.0.0
29 silly packumentCache full:https://registry.npmjs.org/clsx cache-miss
30 silly fetch manifest lodash@^4.17.21
31 silly packumentCache full:https://registry.npmjs.org/lodash cache-miss
32 silly fetch manifest react-is@^18.3.1
33 silly packumentCache full:https://registry.npmjs.org/react-is cache-miss
34 silly fetch manifest react-smooth@^4.0.4
35 silly packumentCache full:https://registry.npmjs.org/react-smooth cache-miss
36 silly fetch manifest eventemitter3@^4.0.1
37 silly packumentCache full:https://registry.npmjs.org/eventemitter3 cache-miss
38 silly fetch manifest recharts-scale@^0.4.4
39 silly packumentCache full:https://registry.npmjs.org/recharts-scale cache-miss
40 silly fetch manifest tiny-invariant@^1.3.1
41 silly packumentCache full:https://registry.npmjs.org/tiny-invariant cache-miss
42 silly fetch manifest victory-vendor@^36.6.8
43 silly packumentCache full:https://registry.npmjs.org/victory-vendor cache-miss
44 http fetch GET 200 https://registry.npmjs.org/clsx 173ms (cache miss)
45 silly packumentCache full:https://registry.npmjs.org/clsx set size:undefined disposed:false
46 http fetch GET 200 https://registry.npmjs.org/tiny-invariant 1090ms (cache miss)
47 silly packumentCache full:https://registry.npmjs.org/tiny-invariant set size:undefined disposed:false
48 http fetch GET 200 https://registry.npmjs.org/victory-vendor 1432ms (cache miss)
49 silly packumentCache full:https://registry.npmjs.org/victory-vendor set size:undefined disposed:false
50 http fetch GET 200 https://registry.npmjs.org/eventemitter3 2044ms (cache revalidated)
51 silly packumentCache full:https://registry.npmjs.org/eventemitter3 set size:86060 disposed:false
52 http fetch GET 200 https://registry.npmjs.org/react-is 2701ms (cache miss)
53 silly packumentCache full:https://registry.npmjs.org/react-is set size:undefined disposed:false
54 http fetch GET 200 https://registry.npmjs.org/react-smooth 4104ms (cache miss)
55 silly packumentCache full:https://registry.npmjs.org/react-smooth set size:undefined disposed:false
56 http fetch GET 200 https://registry.npmjs.org/recharts-scale 4126ms (cache miss)
57 silly packumentCache full:https://registry.npmjs.org/recharts-scale set size:undefined disposed:false
58 http fetch GET 200 https://registry.npmjs.org/lodash 4129ms (cache miss)
59 silly packumentCache full:https://registry.npmjs.org/lodash set size:undefined disposed:false
60 silly fetch manifest react@^16.0.0 || ^17.0.0 || ^18.0.0 || ^19.0.0
61 silly packumentCache full:https://registry.npmjs.org/react cache-miss
62 http cache https://registry.npmjs.org/react 20ms (cache hit)
63 silly packumentCache full:https://registry.npmjs.org/react set size:5764166 disposed:false
64 silly fetch manifest react-dom@^16.0.0 || ^17.0.0 || ^18.0.0 || ^19.0.0
65 silly packumentCache full:https://registry.npmjs.org/react-dom cache-miss
66 http cache https://registry.npmjs.org/react-dom 25ms (cache hit)
67 silly packumentCache full:https://registry.npmjs.org/react-dom set size:7351085 disposed:false
68 silly placeDep ROOT clsx@2.1.1 OK for: recharts@2.15.3 want: ^2.0.0
69 silly placeDep node_modules/recharts eventemitter3@4.0.7 OK for: recharts@2.15.3 want: ^4.0.1
70 silly placeDep ROOT lodash@4.17.21 OK for: recharts@2.15.3 want: ^4.17.21
71 silly placeDep ROOT react-is@18.3.1 OK for: recharts@2.15.3 want: ^18.3.1
72 silly placeDep ROOT react-smooth@4.0.4 OK for: recharts@2.15.3 want: ^4.0.4
73 silly placeDep ROOT recharts-scale@0.4.5 OK for: recharts@2.15.3 want: ^0.4.4
74 silly placeDep ROOT tiny-invariant@1.3.3 OK for: recharts@2.15.3 want: ^1.3.1
75 silly placeDep ROOT victory-vendor@36.9.2 OK for: recharts@2.15.3 want: ^36.6.8
76 silly fetch manifest fast-equals@^5.0.1
77 silly packumentCache full:https://registry.npmjs.org/fast-equals cache-miss
78 silly fetch manifest prop-types@^15.8.1
79 silly packumentCache full:https://registry.npmjs.org/prop-types cache-miss
80 silly fetch manifest react-transition-group@^4.4.5
81 silly packumentCache full:https://registry.npmjs.org/react-transition-group cache-miss
82 silly fetch manifest decimal.js-light@^2.4.1
83 silly packumentCache full:https://registry.npmjs.org/decimal.js-light cache-miss
84 silly fetch manifest d3-ease@^3.0.1
85 silly packumentCache full:https://registry.npmjs.org/d3-ease cache-miss
86 silly fetch manifest d3-time@^3.0.0
87 silly packumentCache full:https://registry.npmjs.org/d3-time cache-miss
88 silly fetch manifest d3-array@^3.1.6
89 silly packumentCache full:https://registry.npmjs.org/d3-array cache-miss
90 silly fetch manifest d3-scale@^4.0.2
91 silly packumentCache full:https://registry.npmjs.org/d3-scale cache-miss
92 silly fetch manifest d3-shape@^3.1.0
93 silly packumentCache full:https://registry.npmjs.org/d3-shape cache-miss
94 silly fetch manifest d3-timer@^3.0.1
95 silly packumentCache full:https://registry.npmjs.org/d3-timer cache-miss
96 silly fetch manifest @types/d3-ease@^3.0.0
97 silly packumentCache full:https://registry.npmjs.org/@types%2fd3-ease cache-miss
98 silly fetch manifest @types/d3-time@^3.0.0
99 silly packumentCache full:https://registry.npmjs.org/@types%2fd3-time cache-miss
100 silly fetch manifest d3-interpolate@^3.0.1
101 silly packumentCache full:https://registry.npmjs.org/d3-interpolate cache-miss
102 silly fetch manifest @types/d3-array@^3.0.3
103 silly packumentCache full:https://registry.npmjs.org/@types%2fd3-array cache-miss
104 silly fetch manifest @types/d3-scale@^4.0.2
105 silly packumentCache full:https://registry.npmjs.org/@types%2fd3-scale cache-miss
106 silly fetch manifest @types/d3-shape@^3.1.0
107 silly packumentCache full:https://registry.npmjs.org/@types%2fd3-shape cache-miss
108 silly fetch manifest @types/d3-timer@^3.0.0
109 silly packumentCache full:https://registry.npmjs.org/@types%2fd3-timer cache-miss
110 http fetch GET 200 https://registry.npmjs.org/fast-equals 215ms (cache miss)
111 silly packumentCache full:https://registry.npmjs.org/fast-equals set size:undefined disposed:false
112 silly fetch manifest @types/d3-interpolate@^3.0.1
113 silly packumentCache full:https://registry.npmjs.org/@types%2fd3-interpolate cache-miss
114 http fetch GET 200 https://registry.npmjs.org/@types%2fd3-shape 434ms (cache miss)
115 silly packumentCache full:https://registry.npmjs.org/@types%2fd3-shape set size:undefined disposed:false
116 http fetch GET 200 https://registry.npmjs.org/prop-types 462ms (cache miss)
117 silly packumentCache full:https://registry.npmjs.org/prop-types set size:undefined disposed:false
118 http fetch GET 200 https://registry.npmjs.org/d3-ease 537ms (cache miss)
119 silly packumentCache full:https://registry.npmjs.org/d3-ease set size:undefined disposed:false
120 http fetch GET 200 https://registry.npmjs.org/d3-time 540ms (cache miss)
121 silly packumentCache full:https://registry.npmjs.org/d3-time set size:undefined disposed:false
122 http fetch GET 200 https://registry.npmjs.org/d3-array 556ms (cache miss)
123 silly packumentCache full:https://registry.npmjs.org/d3-array set size:undefined disposed:false
124 http fetch GET 200 https://registry.npmjs.org/@types%2fd3-interpolate 397ms (cache miss)
125 silly packumentCache full:https://registry.npmjs.org/@types%2fd3-interpolate set size:undefined disposed:false
126 http fetch GET 200 https://registry.npmjs.org/@types%2fd3-timer 613ms (cache miss)
127 silly packumentCache full:https://registry.npmjs.org/@types%2fd3-timer set size:undefined disposed:false
128 http fetch GET 200 https://registry.npmjs.org/d3-scale 694ms (cache miss)
129 silly packumentCache full:https://registry.npmjs.org/d3-scale set size:undefined disposed:false
130 http fetch GET 200 https://registry.npmjs.org/@types%2fd3-array 782ms (cache miss)
131 silly packumentCache full:https://registry.npmjs.org/@types%2fd3-array set size:undefined disposed:false
132 http fetch GET 200 https://registry.npmjs.org/react-transition-group 931ms (cache miss)
133 silly packumentCache full:https://registry.npmjs.org/react-transition-group set size:undefined disposed:false
134 http fetch GET 200 https://registry.npmjs.org/d3-interpolate 1196ms (cache miss)
135 silly packumentCache full:https://registry.npmjs.org/d3-interpolate set size:undefined disposed:false
136 http fetch GET 200 https://registry.npmjs.org/decimal.js-light 1678ms (cache miss)
137 silly packumentCache full:https://registry.npmjs.org/decimal.js-light set size:undefined disposed:false
138 http fetch GET 200 https://registry.npmjs.org/d3-timer 2199ms (cache miss)
139 silly packumentCache full:https://registry.npmjs.org/d3-timer set size:undefined disposed:false
140 http fetch GET 200 https://registry.npmjs.org/@types%2fd3-ease 2224ms (cache miss)
141 silly packumentCache full:https://registry.npmjs.org/@types%2fd3-ease set size:undefined disposed:false
142 http fetch GET 200 https://registry.npmjs.org/@types%2fd3-scale 3693ms (cache miss)
143 silly packumentCache full:https://registry.npmjs.org/@types%2fd3-scale set size:undefined disposed:false
144 http fetch GET 200 https://registry.npmjs.org/@types%2fd3-time 5824ms (cache miss)
145 silly packumentCache full:https://registry.npmjs.org/@types%2fd3-time set size:undefined disposed:false
146 http fetch GET 200 https://registry.npmjs.org/d3-shape 7230ms (cache miss)
147 silly packumentCache full:https://registry.npmjs.org/d3-shape set size:undefined disposed:false
148 silly fetch manifest react@^16.8.0 || ^17.0.0 || ^18.0.0 || ^19.0.0
149 silly packumentCache full:https://registry.npmjs.org/react cache-miss
150 http cache https://registry.npmjs.org/react 18ms (cache hit)
151 silly packumentCache full:https://registry.npmjs.org/react set size:5764166 disposed:false
152 silly fetch manifest react-dom@^16.8.0 || ^17.0.0 || ^18.0.0 || ^19.0.0
153 silly packumentCache full:https://registry.npmjs.org/react-dom cache-miss
154 http cache https://registry.npmjs.org/react-dom 21ms (cache hit)
155 silly packumentCache full:https://registry.npmjs.org/react-dom set size:7351085 disposed:false
156 silly placeDep ROOT fast-equals@5.2.2 OK for: react-smooth@4.0.4 want: ^5.0.1
157 silly placeDep ROOT prop-types@15.8.1 OK for: react-smooth@4.0.4 want: ^15.8.1
158 silly placeDep ROOT react-transition-group@4.4.5 OK for: react-smooth@4.0.4 want: ^4.4.5
159 silly fetch manifest object-assign@^4.1.1
160 silly packumentCache full:https://registry.npmjs.org/object-assign cache-miss
161 silly fetch manifest react-is@^16.13.1
162 silly packumentCache full:https://registry.npmjs.org/react-is cache-miss
163 silly fetch manifest dom-helpers@^5.0.1
164 silly packumentCache full:https://registry.npmjs.org/dom-helpers cache-miss
165 http cache https://registry.npmjs.org/react-is 19ms (cache hit)
166 silly packumentCache full:https://registry.npmjs.org/react-is set size:4689094 disposed:false
167 http fetch GET 200 https://registry.npmjs.org/object-assign 143ms (cache miss)
168 silly packumentCache full:https://registry.npmjs.org/object-assign set size:undefined disposed:false
169 http fetch GET 200 https://registry.npmjs.org/dom-helpers 149ms (cache miss)
170 silly packumentCache full:https://registry.npmjs.org/dom-helpers set size:undefined disposed:false
171 silly placeDep ROOT object-assign@4.1.1 OK for: prop-types@15.8.1 want: ^4.1.1
172 silly placeDep node_modules/prop-types react-is@16.13.1 OK for: prop-types@15.8.1 want: ^16.13.1
173 silly placeDep ROOT dom-helpers@5.2.1 OK for: react-transition-group@4.4.5 want: ^5.0.1
174 silly placeDep ROOT decimal.js-light@2.5.1 OK for: recharts-scale@0.4.5 want: ^2.4.1
175 silly placeDep ROOT @types/d3-array@3.2.1 OK for: victory-vendor@36.9.2 want: ^3.0.3
176 silly placeDep ROOT @types/d3-ease@3.0.2 OK for: victory-vendor@36.9.2 want: ^3.0.0
177 silly placeDep ROOT @types/d3-interpolate@3.0.4 OK for: victory-vendor@36.9.2 want: ^3.0.1
178 silly placeDep ROOT @types/d3-scale@4.0.9 OK for: victory-vendor@36.9.2 want: ^4.0.2
179 silly placeDep ROOT @types/d3-shape@3.1.7 OK for: victory-vendor@36.9.2 want: ^3.1.0
180 silly placeDep ROOT @types/d3-time@3.0.4 OK for: victory-vendor@36.9.2 want: ^3.0.0
181 silly placeDep ROOT @types/d3-timer@3.0.2 OK for: victory-vendor@36.9.2 want: ^3.0.0
182 silly placeDep ROOT d3-array@3.2.4 OK for: victory-vendor@36.9.2 want: ^3.1.6
183 silly placeDep ROOT d3-ease@3.0.1 OK for: victory-vendor@36.9.2 want: ^3.0.1
184 silly placeDep ROOT d3-interpolate@3.0.1 OK for: victory-vendor@36.9.2 want: ^3.0.1
185 silly placeDep ROOT d3-scale@4.0.2 OK for: victory-vendor@36.9.2 want: ^4.0.2
186 silly placeDep ROOT d3-shape@3.2.0 OK for: victory-vendor@36.9.2 want: ^3.1.0
187 silly placeDep ROOT d3-time@3.1.0 OK for: victory-vendor@36.9.2 want: ^3.0.0
188 silly placeDep ROOT d3-timer@3.0.1 OK for: victory-vendor@36.9.2 want: ^3.0.1
189 silly fetch manifest @types/d3-color@*
190 silly packumentCache full:https://registry.npmjs.org/@types%2fd3-color cache-miss
191 silly fetch manifest @types/d3-time@*
192 silly packumentCache full:https://registry.npmjs.org/@types%2fd3-time cache-miss
193 silly fetch manifest @types/d3-path@*
194 silly packumentCache full:https://registry.npmjs.org/@types%2fd3-path cache-miss
195 silly fetch manifest internmap@1 - 2
196 silly packumentCache full:https://registry.npmjs.org/internmap cache-miss
197 silly fetch manifest d3-color@1 - 3
198 silly packumentCache full:https://registry.npmjs.org/d3-color cache-miss
199 silly fetch manifest d3-format@1 - 3
200 silly packumentCache full:https://registry.npmjs.org/d3-format cache-miss
201 silly fetch manifest d3-time@2.1.1 - 3
202 silly packumentCache full:https://registry.npmjs.org/d3-time cache-miss
203 silly fetch manifest d3-time-format@2 - 4
204 silly packumentCache full:https://registry.npmjs.org/d3-time-format cache-miss
205 silly fetch manifest d3-path@^3.1.0
206 silly packumentCache full:https://registry.npmjs.org/d3-path cache-miss
207 http cache https://registry.npmjs.org/@types%2fd3-time 14ms (cache hit)
208 silly packumentCache full:https://registry.npmjs.org/@types%2fd3-time set size:52636 disposed:false
209 http cache https://registry.npmjs.org/d3-time 15ms (cache hit)
210 silly packumentCache full:https://registry.npmjs.org/d3-time set size:150406 disposed:false
211 http fetch GET 200 https://registry.npmjs.org/d3-color 149ms (cache miss)
212 silly packumentCache full:https://registry.npmjs.org/d3-color set size:undefined disposed:false
213 http fetch GET 200 https://registry.npmjs.org/d3-path 151ms (cache miss)
214 silly packumentCache full:https://registry.npmjs.org/d3-path set size:undefined disposed:false
215 http fetch GET 200 https://registry.npmjs.org/internmap 157ms (cache miss)
216 silly packumentCache full:https://registry.npmjs.org/internmap set size:undefined disposed:false
217 http fetch GET 200 https://registry.npmjs.org/@types%2fd3-color 235ms (cache miss)
218 silly packumentCache full:https://registry.npmjs.org/@types%2fd3-color set size:undefined disposed:false
219 http fetch GET 200 https://registry.npmjs.org/@types%2fd3-path 460ms (cache miss)
220 silly packumentCache full:https://registry.npmjs.org/@types%2fd3-path set size:undefined disposed:false
221 http fetch GET 200 https://registry.npmjs.org/d3-format 674ms (cache miss)
222 silly packumentCache full:https://registry.npmjs.org/d3-format set size:undefined disposed:false
223 http fetch GET 200 https://registry.npmjs.org/d3-time-format 941ms (cache miss)
224 silly packumentCache full:https://registry.npmjs.org/d3-time-format set size:undefined disposed:false
225 silly placeDep ROOT @types/d3-color@3.1.3 OK for: @types/d3-interpolate@3.0.4 want: *
226 silly placeDep ROOT @types/d3-path@3.1.1 OK for: @types/d3-shape@3.1.7 want: *
227 silly placeDep ROOT internmap@2.0.3 OK for: d3-array@3.2.4 want: 1 - 2
228 silly placeDep ROOT d3-color@3.1.0 OK for: d3-interpolate@3.0.1 want: 1 - 3
229 silly placeDep ROOT d3-format@3.1.0 OK for: d3-scale@4.0.2 want: 1 - 3
230 silly placeDep ROOT d3-time-format@4.1.0 OK for: d3-scale@4.0.2 want: 2 - 4
231 silly placeDep ROOT d3-path@3.1.0 OK for: d3-shape@3.2.0 want: ^3.1.0
232 silly reify moves {}
233 silly audit bulk request {
233 silly audit   '@adraffy/ens-normalize': [ '1.11.0' ],
233 silly audit   '@ampproject/remapping': [ '2.3.0' ],
233 silly audit   '@babel/code-frame': [ '7.27.1' ],
233 silly audit   '@babel/compat-data': [ '7.27.5' ],
233 silly audit   '@babel/core': [ '7.27.4' ],
233 silly audit   '@babel/generator': [ '7.27.5' ],
233 silly audit   '@babel/helper-compilation-targets': [ '7.27.2' ],
233 silly audit   '@babel/helper-module-imports': [ '7.27.1' ],
233 silly audit   '@babel/helper-module-transforms': [ '7.27.3' ],
233 silly audit   '@babel/helper-plugin-utils': [ '7.27.1' ],
233 silly audit   '@babel/helper-string-parser': [ '7.27.1' ],
233 silly audit   '@babel/helper-validator-identifier': [ '7.27.1' ],
233 silly audit   '@babel/helper-validator-option': [ '7.27.1' ],
233 silly audit   '@babel/helpers': [ '7.27.6' ],
233 silly audit   '@babel/parser': [ '7.27.5' ],
233 silly audit   '@babel/plugin-transform-react-jsx-self': [ '7.27.1' ],
233 silly audit   '@babel/plugin-transform-react-jsx-source': [ '7.27.1' ],
233 silly audit   '@babel/runtime': [ '7.27.6' ],
233 silly audit   '@babel/template': [ '7.27.2' ],
233 silly audit   '@babel/traverse': [ '7.27.4' ],
233 silly audit   '@babel/types': [ '7.27.6' ],
233 silly audit   '@esbuild/aix-ppc64': [ '0.21.5' ],
233 silly audit   '@esbuild/android-arm': [ '0.21.5' ],
233 silly audit   '@esbuild/android-arm64': [ '0.21.5' ],
233 silly audit   '@esbuild/android-x64': [ '0.21.5' ],
233 silly audit   '@esbuild/darwin-arm64': [ '0.21.5' ],
233 silly audit   '@esbuild/darwin-x64': [ '0.21.5' ],
233 silly audit   '@esbuild/freebsd-arm64': [ '0.21.5' ],
233 silly audit   '@esbuild/freebsd-x64': [ '0.21.5' ],
233 silly audit   '@esbuild/linux-arm': [ '0.21.5' ],
233 silly audit   '@esbuild/linux-arm64': [ '0.21.5' ],
233 silly audit   '@esbuild/linux-ia32': [ '0.21.5' ],
233 silly audit   '@esbuild/linux-loong64': [ '0.21.5' ],
233 silly audit   '@esbuild/linux-mips64el': [ '0.21.5' ],
233 silly audit   '@esbuild/linux-ppc64': [ '0.21.5' ],
233 silly audit   '@esbuild/linux-riscv64': [ '0.21.5' ],
233 silly audit   '@esbuild/linux-s390x': [ '0.21.5' ],
233 silly audit   '@esbuild/linux-x64': [ '0.21.5' ],
233 silly audit   '@esbuild/netbsd-x64': [ '0.21.5' ],
233 silly audit   '@esbuild/openbsd-x64': [ '0.21.5' ],
233 silly audit   '@esbuild/sunos-x64': [ '0.21.5' ],
233 silly audit   '@esbuild/win32-arm64': [ '0.21.5' ],
233 silly audit   '@esbuild/win32-ia32': [ '0.21.5' ],
233 silly audit   '@esbuild/win32-x64': [ '0.21.5' ],
233 silly audit   '@farcaster/frame-core': [ '0.1.8' ],
233 silly audit   '@farcaster/frame-sdk': [ '0.0.60' ],
233 silly audit   '@farcaster/quick-auth': [ '0.0.5' ],
233 silly audit   '@jridgewell/gen-mapping': [ '0.3.8' ],
233 silly audit   '@jridgewell/resolve-uri': [ '3.1.2' ],
233 silly audit   '@jridgewell/set-array': [ '1.2.1' ],
233 silly audit   '@jridgewell/sourcemap-codec': [ '1.5.0' ],
233 silly audit   '@jridgewell/trace-mapping': [ '0.3.25' ],
233 silly audit   '@noble/curves': [ '1.9.2' ],
233 silly audit   '@noble/hashes': [ '1.8.0' ],
233 silly audit   '@rolldown/pluginutils': [ '1.0.0-beta.9' ],
233 silly audit   '@rollup/rollup-android-arm-eabi': [ '4.42.0' ],
233 silly audit   '@rollup/rollup-android-arm64': [ '4.42.0' ],
233 silly audit   '@rollup/rollup-darwin-arm64': [ '4.42.0' ],
233 silly audit   '@rollup/rollup-darwin-x64': [ '4.42.0' ],
233 silly audit   '@rollup/rollup-freebsd-arm64': [ '4.42.0' ],
233 silly audit   '@rollup/rollup-freebsd-x64': [ '4.42.0' ],
233 silly audit   '@rollup/rollup-linux-arm-gnueabihf': [ '4.42.0' ],
233 silly audit   '@rollup/rollup-linux-arm-musleabihf': [ '4.42.0' ],
233 silly audit   '@rollup/rollup-linux-arm64-gnu': [ '4.42.0' ],
233 silly audit   '@rollup/rollup-linux-arm64-musl': [ '4.42.0' ],
233 silly audit   '@rollup/rollup-linux-loongarch64-gnu': [ '4.42.0' ],
233 silly audit   '@rollup/rollup-linux-powerpc64le-gnu': [ '4.42.0' ],
233 silly audit   '@rollup/rollup-linux-riscv64-gnu': [ '4.42.0' ],
233 silly audit   '@rollup/rollup-linux-riscv64-musl': [ '4.42.0' ],
233 silly audit   '@rollup/rollup-linux-s390x-gnu': [ '4.42.0' ],
233 silly audit   '@rollup/rollup-linux-x64-gnu': [ '4.42.0' ],
233 silly audit   '@rollup/rollup-linux-x64-musl': [ '4.42.0' ],
233 silly audit   '@rollup/rollup-win32-arm64-msvc': [ '4.42.0' ],
233 silly audit   '@rollup/rollup-win32-ia32-msvc': [ '4.42.0' ],
233 silly audit   '@rollup/rollup-win32-x64-msvc': [ '4.42.0' ],
233 silly audit   '@scure/base': [ '1.2.6' ],
233 silly audit   '@scure/bip32': [ '1.7.0' ],
233 silly audit   '@scure/bip39': [ '1.6.0' ],
233 silly audit   '@solana/buffer-layout': [ '4.0.1' ],
233 silly audit   '@solana/codecs-core': [ '2.1.1' ],
233 silly audit   '@solana/codecs-numbers': [ '2.1.1' ],
233 silly audit   '@solana/errors': [ '2.1.1' ],
233 silly audit   '@solana/web3.js': [ '1.98.2' ],
233 silly audit   '@swc/helpers': [ '0.5.17' ],
233 silly audit   '@types/babel__core': [ '7.20.5' ],
233 silly audit   '@types/babel__generator': [ '7.27.0' ],
233 silly audit   '@types/babel__template': [ '7.4.4' ],
233 silly audit   '@types/babel__traverse': [ '7.20.7' ],
233 silly audit   '@types/connect': [ '3.4.38' ],
233 silly audit   '@types/estree': [ '1.0.7' ],
233 silly audit   '@types/node': [ '20.19.0', '12.20.55' ],
233 silly audit   '@types/prop-types': [ '15.7.15' ],
233 silly audit   '@types/react': [ '18.3.23' ],
233 silly audit   '@types/react-dom': [ '18.3.7' ],
233 silly audit   '@types/uuid': [ '8.3.4' ],
233 silly audit   '@types/ws': [ '7.4.7', '8.18.1' ],
233 silly audit   '@vitejs/plugin-react': [ '4.5.1' ],
233 silly audit   abitype: [ '1.0.8' ],
233 silly audit   agentkeepalive: [ '4.6.0' ],
233 silly audit   asynckit: [ '0.4.0' ],
233 silly audit   autoprefixer: [ '10.4.21' ],
233 silly audit   axios: [ '1.9.0' ],
233 silly audit   'base-x': [ '3.0.11' ],
233 silly audit   'base64-js': [ '1.5.1' ],
233 silly audit   'bn.js': [ '5.2.2' ],
233 silly audit   borsh: [ '0.7.0' ],
233 silly audit   browserslist: [ '4.25.0' ],
233 silly audit   bs58: [ '4.0.1' ],
233 silly audit   buffer: [ '6.0.3' ],
233 silly audit   bufferutil: [ '4.0.9' ],
233 silly audit   'call-bind-apply-helpers': [ '1.0.2' ],
233 silly audit   'caniuse-lite': [ '1.0.30001721' ],
233 silly audit   chalk: [ '5.4.1' ],
233 silly audit   'combined-stream': [ '1.0.8' ],
233 silly audit   comlink: [ '4.4.2' ],
233 silly audit   commander: [ '13.1.0', '2.20.3' ],
233 silly audit   'convert-source-map': [ '2.0.0' ],
233 silly audit   csstype: [ '3.1.3' ],
233 silly audit   debug: [ '4.4.1' ],
233 silly audit   delay: [ '5.0.0' ],
233 silly audit   'delayed-stream': [ '1.0.0' ],
233 silly audit   'dunder-proto': [ '1.0.1' ],
233 silly audit   'electron-to-chromium': [ '1.5.166' ],
233 silly audit   'es-define-property': [ '1.0.1' ],
233 silly audit   'es-errors': [ '1.3.0' ],
233 silly audit   'es-object-atoms': [ '1.1.1' ],
233 silly audit   'es-set-tostringtag': [ '2.1.0' ],
233 silly audit   'es6-promise': [ '4.2.8' ],
233 silly audit   'es6-promisify': [ '5.0.0' ],
233 silly audit   esbuild: [ '0.21.5' ],
233 silly audit   escalade: [ '3.2.0' ],
233 silly audit   eventemitter3: [ '5.0.1', '4.0.7' ],
233 silly audit   eyes: [ '0.1.8' ],
233 silly audit   'fast-stable-stringify': [ '1.0.0' ],
233 silly audit   'follow-redirects': [ '1.15.9' ],
233 silly audit   'form-data': [ '4.0.3' ],
233 silly audit   'fraction.js': [ '4.3.7' ],
233 silly audit   fsevents: [ '2.3.3' ],
233 silly audit   'function-bind': [ '1.1.2' ],
233 silly audit   gensync: [ '1.0.0-beta.2' ],
233 silly audit   'get-intrinsic': [ '1.3.0' ],
233 silly audit   'get-proto': [ '1.0.1' ],
233 silly audit   globals: [ '11.12.0' ],
233 silly audit   gopd: [ '1.2.0' ],
233 silly audit   'has-symbols': [ '1.1.0' ],
233 silly audit   'has-tostringtag': [ '1.0.2' ],
233 silly audit   hasown: [ '2.0.2' ],
233 silly audit   'humanize-ms': [ '1.2.1' ],
233 silly audit   ieee754: [ '1.2.1' ],
233 silly audit   'isomorphic-ws': [ '4.0.1' ],
233 silly audit   jayson: [ '4.2.0' ],
233 silly audit   jose: [ '5.10.0' ],
233 silly audit   'js-tokens': [ '4.0.0' ],
233 silly audit   jsesc: [ '3.1.0' ],
233 silly audit   'json-stringify-safe': [ '5.0.1' ],
233 silly audit   json5: [ '2.2.3' ],
233 silly audit   'loose-envify': [ '1.4.0' ],
233 silly audit   'lru-cache': [ '5.1.1' ],
233 silly audit   'math-intrinsics': [ '1.1.0' ],
233 silly audit   'mime-db': [ '1.52.0' ],
233 silly audit   'mime-types': [ '2.1.35' ],
233 silly audit   ms: [ '2.1.3' ],
233 silly audit   nanoid: [ '3.3.11' ],
233 silly audit   'node-fetch': [ '2.7.0' ],
233 silly audit   'node-gyp-build': [ '4.8.4' ],
233 silly audit   'node-releases': [ '2.0.19' ],
233 silly audit   'normalize-range': [ '0.1.2' ],
233 silly audit   ox: [ '0.4.4' ],
233 silly audit   picocolors: [ '1.1.1' ],
233 silly audit   postcss: [ '8.5.4' ],
233 silly audit   'postcss-value-parser': [ '4.2.0' ],
233 silly audit   'proxy-from-env': [ '1.1.0' ],
233 silly audit   react: [ '18.3.1' ],
233 silly audit   'react-dom': [ '18.3.1' ],
233 silly audit   'react-refresh': [ '0.17.0' ],
233 silly audit   rollup: [ '4.42.0' ],
233 silly audit   'rpc-websockets': [ '9.1.1' ],
233 silly audit   ws: [ '8.18.2', '7.5.10' ],
233 silly audit   'safe-buffer': [ '5.2.1' ],
233 silly audit   scheduler: [ '0.23.2' ],
233 silly audit   semver: [ '6.3.1' ],
233 silly audit   'source-map-js': [ '1.2.1' ],
233 silly audit   'stream-chain': [ '2.2.5' ],
233 silly audit   'stream-json': [ '1.9.1' ],
233 silly audit   superstruct: [ '2.0.2' ],
233 silly audit   tailwindcss: [ '4.1.8' ],
233 silly audit   'text-encoding-utf-8': [ '1.0.2' ],
233 silly audit   tr46: [ '0.0.3' ],
233 silly audit   tslib: [ '2.8.1' ],
233 silly audit   typescript: [ '5.8.3' ],
233 silly audit   'undici-types': [ '6.21.0' ],
233 silly audit   'update-browserslist-db': [ '1.1.3' ],
233 silly audit   'utf-8-validate': [ '5.0.10' ],
233 silly audit   uuid: [ '8.3.2' ],
233 silly audit   vite: [ '5.4.19' ],
233 silly audit   'webidl-conversions': [ '3.0.1' ],
233 silly audit   'whatwg-url': [ '5.0.0' ],
233 silly audit   yallist: [ '3.1.1' ],
233 silly audit   zod: [ '3.25.56' ],
233 silly audit   recharts: [ '2.15.3' ],
233 silly audit   clsx: [ '2.1.1' ],
233 silly audit   lodash: [ '4.17.21' ],
233 silly audit   'react-is': [ '18.3.1', '16.13.1' ],
233 silly audit   'react-smooth': [ '4.0.4' ],
233 silly audit   'recharts-scale': [ '0.4.5' ],
233 silly audit   'tiny-invariant': [ '1.3.3' ],
233 silly audit   'victory-vendor': [ '36.9.2' ],
233 silly audit   'fast-equals': [ '5.2.2' ],
233 silly audit   'prop-types': [ '15.8.1' ],
233 silly audit   'react-transition-group': [ '4.4.5' ],
233 silly audit   'object-assign': [ '4.1.1' ],
233 silly audit   'dom-helpers': [ '5.2.1' ],
233 silly audit   'decimal.js-light': [ '2.5.1' ],
233 silly audit   '@types/d3-array': [ '3.2.1' ],
233 silly audit   '@types/d3-ease': [ '3.0.2' ],
233 silly audit   '@types/d3-interpolate': [ '3.0.4' ],
233 silly audit   '@types/d3-scale': [ '4.0.9' ],
233 silly audit   '@types/d3-shape': [ '3.1.7' ],
233 silly audit   '@types/d3-time': [ '3.0.4' ],
233 silly audit   '@types/d3-timer': [ '3.0.2' ],
233 silly audit   'd3-array': [ '3.2.4' ],
233 silly audit   'd3-ease': [ '3.0.1' ],
233 silly audit   'd3-interpolate': [ '3.0.1' ],
233 silly audit   'd3-scale': [ '4.0.2' ],
233 silly audit   'd3-shape': [ '3.2.0' ],
233 silly audit   'd3-time': [ '3.1.0' ],
233 silly audit   'd3-timer': [ '3.0.1' ],
233 silly audit   '@types/d3-color': [ '3.1.3' ],
233 silly audit   '@types/d3-path': [ '3.1.1' ],
233 silly audit   internmap: [ '2.0.3' ],
233 silly audit   'd3-color': [ '3.1.0' ],
233 silly audit   'd3-format': [ '3.1.0' ],
233 silly audit   'd3-time-format': [ '4.1.0' ],
233 silly audit   'd3-path': [ '3.1.0' ]
233 silly audit }
234 verbose reify failed optional dependency C:\Users\essis\OneDrive\Desktop\farcaster-mini-app\node_modules\fsevents
235 silly reify mark deleted [
235 silly reify   'C:\\Users\\essis\\OneDrive\\Desktop\\farcaster-mini-app\\node_modules\\fsevents'
235 silly reify ]
236 verbose reify failed optional dependency C:\Users\essis\OneDrive\Desktop\farcaster-mini-app\node_modules\@rollup\rollup-win32-ia32-msvc
237 silly reify mark deleted [
237 silly reify   'C:\\Users\\essis\\OneDrive\\Desktop\\farcaster-mini-app\\node_modules\\@rollup\\rollup-win32-ia32-msvc'
237 silly reify ]
238 verbose reify failed optional dependency C:\Users\essis\OneDrive\Desktop\farcaster-mini-app\node_modules\@rollup\rollup-win32-arm64-msvc
239 silly reify mark deleted [
239 silly reify   'C:\\Users\\essis\\OneDrive\\Desktop\\farcaster-mini-app\\node_modules\\@rollup\\rollup-win32-arm64-msvc'
239 silly reify ]
240 verbose reify failed optional dependency C:\Users\essis\OneDrive\Desktop\farcaster-mini-app\node_modules\@rollup\rollup-linux-x64-musl
241 silly reify mark deleted [
241 silly reify   'C:\\Users\\essis\\OneDrive\\Desktop\\farcaster-mini-app\\node_modules\\@rollup\\rollup-linux-x64-musl'
241 silly reify ]
242 verbose reify failed optional dependency C:\Users\essis\OneDrive\Desktop\farcaster-mini-app\node_modules\@rollup\rollup-linux-x64-gnu
243 silly reify mark deleted [
243 silly reify   'C:\\Users\\essis\\OneDrive\\Desktop\\farcaster-mini-app\\node_modules\\@rollup\\rollup-linux-x64-gnu'
243 silly reify ]
244 verbose reify failed optional dependency C:\Users\essis\OneDrive\Desktop\farcaster-mini-app\node_modules\@rollup\rollup-linux-s390x-gnu
245 silly reify mark deleted [
245 silly reify   'C:\\Users\\essis\\OneDrive\\Desktop\\farcaster-mini-app\\node_modules\\@rollup\\rollup-linux-s390x-gnu'
245 silly reify ]
246 verbose reify failed optional dependency C:\Users\essis\OneDrive\Desktop\farcaster-mini-app\node_modules\@rollup\rollup-linux-riscv64-musl
247 silly reify mark deleted [
247 silly reify   'C:\\Users\\essis\\OneDrive\\Desktop\\farcaster-mini-app\\node_modules\\@rollup\\rollup-linux-riscv64-musl'
247 silly reify ]
248 verbose reify failed optional dependency C:\Users\essis\OneDrive\Desktop\farcaster-mini-app\node_modules\@rollup\rollup-linux-riscv64-gnu
249 silly reify mark deleted [
249 silly reify   'C:\\Users\\essis\\OneDrive\\Desktop\\farcaster-mini-app\\node_modules\\@rollup\\rollup-linux-riscv64-gnu'
249 silly reify ]
250 verbose reify failed optional dependency C:\Users\essis\OneDrive\Desktop\farcaster-mini-app\node_modules\@rollup\rollup-linux-powerpc64le-gnu
251 silly reify mark deleted [
251 silly reify   'C:\\Users\\essis\\OneDrive\\Desktop\\farcaster-mini-app\\node_modules\\@rollup\\rollup-linux-powerpc64le-gnu'
251 silly reify ]
252 verbose reify failed optional dependency C:\Users\essis\OneDrive\Desktop\farcaster-mini-app\node_modules\@rollup\rollup-linux-loongarch64-gnu
253 silly reify mark deleted [
253 silly reify   'C:\\Users\\essis\\OneDrive\\Desktop\\farcaster-mini-app\\node_modules\\@rollup\\rollup-linux-loongarch64-gnu'
253 silly reify ]
254 verbose reify failed optional dependency C:\Users\essis\OneDrive\Desktop\farcaster-mini-app\node_modules\@rollup\rollup-linux-arm64-musl
255 silly reify mark deleted [
255 silly reify   'C:\\Users\\essis\\OneDrive\\Desktop\\farcaster-mini-app\\node_modules\\@rollup\\rollup-linux-arm64-musl'
255 silly reify ]
256 verbose reify failed optional dependency C:\Users\essis\OneDrive\Desktop\farcaster-mini-app\node_modules\@rollup\rollup-linux-arm64-gnu
257 silly reify mark deleted [
257 silly reify   'C:\\Users\\essis\\OneDrive\\Desktop\\farcaster-mini-app\\node_modules\\@rollup\\rollup-linux-arm64-gnu'
257 silly reify ]
258 verbose reify failed optional dependency C:\Users\essis\OneDrive\Desktop\farcaster-mini-app\node_modules\@rollup\rollup-linux-arm-musleabihf
259 silly reify mark deleted [
259 silly reify   'C:\\Users\\essis\\OneDrive\\Desktop\\farcaster-mini-app\\node_modules\\@rollup\\rollup-linux-arm-musleabihf'
259 silly reify ]
260 verbose reify failed optional dependency C:\Users\essis\OneDrive\Desktop\farcaster-mini-app\node_modules\@rollup\rollup-linux-arm-gnueabihf
261 silly reify mark deleted [
261 silly reify   'C:\\Users\\essis\\OneDrive\\Desktop\\farcaster-mini-app\\node_modules\\@rollup\\rollup-linux-arm-gnueabihf'
261 silly reify ]
262 verbose reify failed optional dependency C:\Users\essis\OneDrive\Desktop\farcaster-mini-app\node_modules\@rollup\rollup-freebsd-x64
263 silly reify mark deleted [
263 silly reify   'C:\\Users\\essis\\OneDrive\\Desktop\\farcaster-mini-app\\node_modules\\@rollup\\rollup-freebsd-x64'
263 silly reify ]
264 verbose reify failed optional dependency C:\Users\essis\OneDrive\Desktop\farcaster-mini-app\node_modules\@rollup\rollup-freebsd-arm64
265 silly reify mark deleted [
265 silly reify   'C:\\Users\\essis\\OneDrive\\Desktop\\farcaster-mini-app\\node_modules\\@rollup\\rollup-freebsd-arm64'
265 silly reify ]
266 verbose reify failed optional dependency C:\Users\essis\OneDrive\Desktop\farcaster-mini-app\node_modules\@rollup\rollup-darwin-x64
267 silly reify mark deleted [
267 silly reify   'C:\\Users\\essis\\OneDrive\\Desktop\\farcaster-mini-app\\node_modules\\@rollup\\rollup-darwin-x64'
267 silly reify ]
268 verbose reify failed optional dependency C:\Users\essis\OneDrive\Desktop\farcaster-mini-app\node_modules\@rollup\rollup-darwin-arm64
269 silly reify mark deleted [
269 silly reify   'C:\\Users\\essis\\OneDrive\\Desktop\\farcaster-mini-app\\node_modules\\@rollup\\rollup-darwin-arm64'
269 silly reify ]
270 verbose reify failed optional dependency C:\Users\essis\OneDrive\Desktop\farcaster-mini-app\node_modules\@rollup\rollup-android-arm64
271 silly reify mark deleted [
271 silly reify   'C:\\Users\\essis\\OneDrive\\Desktop\\farcaster-mini-app\\node_modules\\@rollup\\rollup-android-arm64'
271 silly reify ]
272 verbose reify failed optional dependency C:\Users\essis\OneDrive\Desktop\farcaster-mini-app\node_modules\@rollup\rollup-android-arm-eabi
273 silly reify mark deleted [
273 silly reify   'C:\\Users\\essis\\OneDrive\\Desktop\\farcaster-mini-app\\node_modules\\@rollup\\rollup-android-arm-eabi'
273 silly reify ]
274 verbose reify failed optional dependency C:\Users\essis\OneDrive\Desktop\farcaster-mini-app\node_modules\@esbuild\win32-ia32
275 silly reify mark deleted [
275 silly reify   'C:\\Users\\essis\\OneDrive\\Desktop\\farcaster-mini-app\\node_modules\\@esbuild\\win32-ia32'
275 silly reify ]
276 verbose reify failed optional dependency C:\Users\essis\OneDrive\Desktop\farcaster-mini-app\node_modules\@esbuild\win32-arm64
277 silly reify mark deleted [
277 silly reify   'C:\\Users\\essis\\OneDrive\\Desktop\\farcaster-mini-app\\node_modules\\@esbuild\\win32-arm64'
277 silly reify ]
278 verbose reify failed optional dependency C:\Users\essis\OneDrive\Desktop\farcaster-mini-app\node_modules\@esbuild\sunos-x64
279 silly reify mark deleted [
279 silly reify   'C:\\Users\\essis\\OneDrive\\Desktop\\farcaster-mini-app\\node_modules\\@esbuild\\sunos-x64'
279 silly reify ]
280 verbose reify failed optional dependency C:\Users\essis\OneDrive\Desktop\farcaster-mini-app\node_modules\@esbuild\openbsd-x64
281 silly reify mark deleted [
281 silly reify   'C:\\Users\\essis\\OneDrive\\Desktop\\farcaster-mini-app\\node_modules\\@esbuild\\openbsd-x64'
281 silly reify ]
282 verbose reify failed optional dependency C:\Users\essis\OneDrive\Desktop\farcaster-mini-app\node_modules\@esbuild\netbsd-x64
283 silly reify mark deleted [
283 silly reify   'C:\\Users\\essis\\OneDrive\\Desktop\\farcaster-mini-app\\node_modules\\@esbuild\\netbsd-x64'
283 silly reify ]
284 verbose reify failed optional dependency C:\Users\essis\OneDrive\Desktop\farcaster-mini-app\node_modules\@esbuild\linux-x64
285 silly reify mark deleted [
285 silly reify   'C:\\Users\\essis\\OneDrive\\Desktop\\farcaster-mini-app\\node_modules\\@esbuild\\linux-x64'
285 silly reify ]
286 verbose reify failed optional dependency C:\Users\essis\OneDrive\Desktop\farcaster-mini-app\node_modules\@esbuild\linux-s390x
287 silly reify mark deleted [
287 silly reify   'C:\\Users\\essis\\OneDrive\\Desktop\\farcaster-mini-app\\node_modules\\@esbuild\\linux-s390x'
287 silly reify ]
288 verbose reify failed optional dependency C:\Users\essis\OneDrive\Desktop\farcaster-mini-app\node_modules\@esbuild\linux-riscv64
289 silly reify mark deleted [
289 silly reify   'C:\\Users\\essis\\OneDrive\\Desktop\\farcaster-mini-app\\node_modules\\@esbuild\\linux-riscv64'
289 silly reify ]
290 verbose reify failed optional dependency C:\Users\essis\OneDrive\Desktop\farcaster-mini-app\node_modules\@esbuild\linux-ppc64
291 silly reify mark deleted [
291 silly reify   'C:\\Users\\essis\\OneDrive\\Desktop\\farcaster-mini-app\\node_modules\\@esbuild\\linux-ppc64'
291 silly reify ]
292 verbose reify failed optional dependency C:\Users\essis\OneDrive\Desktop\farcaster-mini-app\node_modules\@esbuild\linux-mips64el
293 silly reify mark deleted [
293 silly reify   'C:\\Users\\essis\\OneDrive\\Desktop\\farcaster-mini-app\\node_modules\\@esbuild\\linux-mips64el'
293 silly reify ]
294 verbose reify failed optional dependency C:\Users\essis\OneDrive\Desktop\farcaster-mini-app\node_modules\@esbuild\linux-loong64
295 silly reify mark deleted [
295 silly reify   'C:\\Users\\essis\\OneDrive\\Desktop\\farcaster-mini-app\\node_modules\\@esbuild\\linux-loong64'
295 silly reify ]
296 verbose reify failed optional dependency C:\Users\essis\OneDrive\Desktop\farcaster-mini-app\node_modules\@esbuild\linux-ia32
297 silly reify mark deleted [
297 silly reify   'C:\\Users\\essis\\OneDrive\\Desktop\\farcaster-mini-app\\node_modules\\@esbuild\\linux-ia32'
297 silly reify ]
298 verbose reify failed optional dependency C:\Users\essis\OneDrive\Desktop\farcaster-mini-app\node_modules\@esbuild\linux-arm64
299 silly reify mark deleted [
299 silly reify   'C:\\Users\\essis\\OneDrive\\Desktop\\farcaster-mini-app\\node_modules\\@esbuild\\linux-arm64'
299 silly reify ]
300 verbose reify failed optional dependency C:\Users\essis\OneDrive\Desktop\farcaster-mini-app\node_modules\@esbuild\linux-arm
301 silly reify mark deleted [
301 silly reify   'C:\\Users\\essis\\OneDrive\\Desktop\\farcaster-mini-app\\node_modules\\@esbuild\\linux-arm'
301 silly reify ]
302 verbose reify failed optional dependency C:\Users\essis\OneDrive\Desktop\farcaster-mini-app\node_modules\@esbuild\freebsd-x64
303 silly reify mark deleted [
303 silly reify   'C:\\Users\\essis\\OneDrive\\Desktop\\farcaster-mini-app\\node_modules\\@esbuild\\freebsd-x64'
303 silly reify ]
304 verbose reify failed optional dependency C:\Users\essis\OneDrive\Desktop\farcaster-mini-app\node_modules\@esbuild\freebsd-arm64
305 silly reify mark deleted [
305 silly reify   'C:\\Users\\essis\\OneDrive\\Desktop\\farcaster-mini-app\\node_modules\\@esbuild\\freebsd-arm64'
305 silly reify ]
306 verbose reify failed optional dependency C:\Users\essis\OneDrive\Desktop\farcaster-mini-app\node_modules\@esbuild\darwin-x64
307 silly reify mark deleted [
307 silly reify   'C:\\Users\\essis\\OneDrive\\Desktop\\farcaster-mini-app\\node_modules\\@esbuild\\darwin-x64'
307 silly reify ]
308 verbose reify failed optional dependency C:\Users\essis\OneDrive\Desktop\farcaster-mini-app\node_modules\@esbuild\darwin-arm64
309 silly reify mark deleted [
309 silly reify   'C:\\Users\\essis\\OneDrive\\Desktop\\farcaster-mini-app\\node_modules\\@esbuild\\darwin-arm64'
309 silly reify ]
310 verbose reify failed optional dependency C:\Users\essis\OneDrive\Desktop\farcaster-mini-app\node_modules\@esbuild\android-x64
311 silly reify mark deleted [
311 silly reify   'C:\\Users\\essis\\OneDrive\\Desktop\\farcaster-mini-app\\node_modules\\@esbuild\\android-x64'
311 silly reify ]
312 verbose reify failed optional dependency C:\Users\essis\OneDrive\Desktop\farcaster-mini-app\node_modules\@esbuild\android-arm64
313 silly reify mark deleted [
313 silly reify   'C:\\Users\\essis\\OneDrive\\Desktop\\farcaster-mini-app\\node_modules\\@esbuild\\android-arm64'
313 silly reify ]
314 verbose reify failed optional dependency C:\Users\essis\OneDrive\Desktop\farcaster-mini-app\node_modules\@esbuild\android-arm
315 silly reify mark deleted [
315 silly reify   'C:\\Users\\essis\\OneDrive\\Desktop\\farcaster-mini-app\\node_modules\\@esbuild\\android-arm'
315 silly reify ]
316 verbose reify failed optional dependency C:\Users\essis\OneDrive\Desktop\farcaster-mini-app\node_modules\@esbuild\aix-ppc64
317 silly reify mark deleted [
317 silly reify   'C:\\Users\\essis\\OneDrive\\Desktop\\farcaster-mini-app\\node_modules\\@esbuild\\aix-ppc64'
317 silly reify ]
318 http cache d3-path@https://registry.npmjs.org/d3-path/-/d3-path-3.1.0.tgz 0ms (cache hit)
319 http cache d3-time-format@https://registry.npmjs.org/d3-time-format/-/d3-time-format-4.1.0.tgz 0ms (cache hit)
320 http cache d3-format@https://registry.npmjs.org/d3-format/-/d3-format-3.1.0.tgz 0ms (cache hit)
321 http cache internmap@https://registry.npmjs.org/internmap/-/internmap-2.0.3.tgz 0ms (cache hit)
322 http cache @types/d3-color@https://registry.npmjs.org/@types/d3-color/-/d3-color-3.1.3.tgz 0ms (cache hit)
323 http cache @types/d3-path@https://registry.npmjs.org/@types/d3-path/-/d3-path-3.1.1.tgz 0ms (cache hit)
324 http cache d3-color@https://registry.npmjs.org/d3-color/-/d3-color-3.1.0.tgz 0ms (cache hit)
325 http cache d3-timer@https://registry.npmjs.org/d3-timer/-/d3-timer-3.0.1.tgz 0ms (cache hit)
326 http cache d3-time@https://registry.npmjs.org/d3-time/-/d3-time-3.1.0.tgz 0ms (cache hit)
327 http cache d3-shape@https://registry.npmjs.org/d3-shape/-/d3-shape-3.2.0.tgz 0ms (cache hit)
328 http cache d3-scale@https://registry.npmjs.org/d3-scale/-/d3-scale-4.0.2.tgz 0ms (cache hit)
329 http cache @types/d3-timer@https://registry.npmjs.org/@types/d3-timer/-/d3-timer-3.0.2.tgz 0ms (cache hit)
330 http cache d3-ease@https://registry.npmjs.org/d3-ease/-/d3-ease-3.0.1.tgz 0ms (cache hit)
331 http cache d3-interpolate@https://registry.npmjs.org/d3-interpolate/-/d3-interpolate-3.0.1.tgz 0ms (cache hit)
332 http cache @types/d3-time@https://registry.npmjs.org/@types/d3-time/-/d3-time-3.0.4.tgz 0ms (cache hit)
333 http cache @types/d3-shape@https://registry.npmjs.org/@types/d3-shape/-/d3-shape-3.1.7.tgz 0ms (cache hit)
334 http cache d3-array@https://registry.npmjs.org/d3-array/-/d3-array-3.2.4.tgz 0ms (cache hit)
335 http cache @types/d3-interpolate@https://registry.npmjs.org/@types/d3-interpolate/-/d3-interpolate-3.0.4.tgz 0ms (cache hit)
336 http cache decimal.js-light@https://registry.npmjs.org/decimal.js-light/-/decimal.js-light-2.5.1.tgz 0ms (cache hit)
337 http cache @types/d3-ease@https://registry.npmjs.org/@types/d3-ease/-/d3-ease-3.0.2.tgz 0ms (cache hit)
338 http cache @types/d3-scale@https://registry.npmjs.org/@types/d3-scale/-/d3-scale-4.0.9.tgz 0ms (cache hit)
339 http cache @types/d3-array@https://registry.npmjs.org/@types/d3-array/-/d3-array-3.2.1.tgz 0ms (cache hit)
340 http cache dom-helpers@https://registry.npmjs.org/dom-helpers/-/dom-helpers-5.2.1.tgz 0ms (cache hit)
341 http cache object-assign@https://registry.npmjs.org/object-assign/-/object-assign-4.1.1.tgz 0ms (cache hit)
342 http cache react-transition-group@https://registry.npmjs.org/react-transition-group/-/react-transition-group-4.4.5.tgz 0ms (cache hit)
343 http cache victory-vendor@https://registry.npmjs.org/victory-vendor/-/victory-vendor-36.9.2.tgz 0ms (cache hit)
344 http cache prop-types@https://registry.npmjs.org/prop-types/-/prop-types-15.8.1.tgz 0ms (cache hit)
345 http cache tiny-invariant@https://registry.npmjs.org/tiny-invariant/-/tiny-invariant-1.3.3.tgz 0ms (cache hit)
346 http cache fast-equals@https://registry.npmjs.org/fast-equals/-/fast-equals-5.2.2.tgz 0ms (cache hit)
347 http cache recharts-scale@https://registry.npmjs.org/recharts-scale/-/recharts-scale-0.4.5.tgz 0ms (cache hit)
348 http cache react-is@https://registry.npmjs.org/react-is/-/react-is-18.3.1.tgz 0ms (cache hit)
349 http cache react-smooth@https://registry.npmjs.org/react-smooth/-/react-smooth-4.0.4.tgz 0ms (cache hit)
350 http cache clsx@https://registry.npmjs.org/clsx/-/clsx-2.1.1.tgz 0ms (cache hit)
351 http cache recharts@https://registry.npmjs.org/recharts/-/recharts-2.15.3.tgz 0ms (cache hit)
352 http cache react-is@https://registry.npmjs.org/react-is/-/react-is-16.13.1.tgz 0ms (cache hit)
353 http cache lodash@https://registry.npmjs.org/lodash/-/lodash-4.17.21.tgz 0ms (cache hit)
354 silly tarball no local data for d3-path@https://registry.npmjs.org/d3-path/-/d3-path-3.1.0.tgz. Extracting by manifest.
355 silly tarball no local data for d3-time-format@https://registry.npmjs.org/d3-time-format/-/d3-time-format-4.1.0.tgz. Extracting by manifest.
356 silly tarball no local data for d3-format@https://registry.npmjs.org/d3-format/-/d3-format-3.1.0.tgz. Extracting by manifest.
357 silly tarball no local data for internmap@https://registry.npmjs.org/internmap/-/internmap-2.0.3.tgz. Extracting by manifest.
358 silly tarball no local data for @types/d3-color@https://registry.npmjs.org/@types/d3-color/-/d3-color-3.1.3.tgz. Extracting by manifest.
359 silly tarball no local data for @types/d3-path@https://registry.npmjs.org/@types/d3-path/-/d3-path-3.1.1.tgz. Extracting by manifest.
360 silly tarball no local data for d3-color@https://registry.npmjs.org/d3-color/-/d3-color-3.1.0.tgz. Extracting by manifest.
361 silly tarball no local data for d3-timer@https://registry.npmjs.org/d3-timer/-/d3-timer-3.0.1.tgz. Extracting by manifest.
362 silly tarball no local data for d3-time@https://registry.npmjs.org/d3-time/-/d3-time-3.1.0.tgz. Extracting by manifest.
363 silly tarball no local data for d3-shape@https://registry.npmjs.org/d3-shape/-/d3-shape-3.2.0.tgz. Extracting by manifest.
364 silly tarball no local data for d3-scale@https://registry.npmjs.org/d3-scale/-/d3-scale-4.0.2.tgz. Extracting by manifest.
365 silly tarball no local data for @types/d3-timer@https://registry.npmjs.org/@types/d3-timer/-/d3-timer-3.0.2.tgz. Extracting by manifest.
366 silly tarball no local data for d3-ease@https://registry.npmjs.org/d3-ease/-/d3-ease-3.0.1.tgz. Extracting by manifest.
367 silly tarball no local data for d3-interpolate@https://registry.npmjs.org/d3-interpolate/-/d3-interpolate-3.0.1.tgz. Extracting by manifest.
368 http cache eventemitter3@https://registry.npmjs.org/eventemitter3/-/eventemitter3-4.0.7.tgz 0ms (cache hit)
369 silly tarball no local data for @types/d3-time@https://registry.npmjs.org/@types/d3-time/-/d3-time-3.0.4.tgz. Extracting by manifest.
370 silly tarball no local data for @types/d3-shape@https://registry.npmjs.org/@types/d3-shape/-/d3-shape-3.1.7.tgz. Extracting by manifest.
371 silly tarball no local data for d3-array@https://registry.npmjs.org/d3-array/-/d3-array-3.2.4.tgz. Extracting by manifest.
372 silly tarball no local data for @types/d3-interpolate@https://registry.npmjs.org/@types/d3-interpolate/-/d3-interpolate-3.0.4.tgz. Extracting by manifest.
373 silly tarball no local data for decimal.js-light@https://registry.npmjs.org/decimal.js-light/-/decimal.js-light-2.5.1.tgz. Extracting by manifest.
374 silly tarball no local data for @types/d3-ease@https://registry.npmjs.org/@types/d3-ease/-/d3-ease-3.0.2.tgz. Extracting by manifest.
375 silly tarball no local data for @types/d3-scale@https://registry.npmjs.org/@types/d3-scale/-/d3-scale-4.0.9.tgz. Extracting by manifest.
376 silly tarball no local data for @types/d3-array@https://registry.npmjs.org/@types/d3-array/-/d3-array-3.2.1.tgz. Extracting by manifest.
377 silly tarball no local data for dom-helpers@https://registry.npmjs.org/dom-helpers/-/dom-helpers-5.2.1.tgz. Extracting by manifest.
378 silly tarball no local data for object-assign@https://registry.npmjs.org/object-assign/-/object-assign-4.1.1.tgz. Extracting by manifest.
379 silly tarball no local data for react-transition-group@https://registry.npmjs.org/react-transition-group/-/react-transition-group-4.4.5.tgz. Extracting by manifest.
380 silly tarball no local data for victory-vendor@https://registry.npmjs.org/victory-vendor/-/victory-vendor-36.9.2.tgz. Extracting by manifest.
381 silly tarball no local data for prop-types@https://registry.npmjs.org/prop-types/-/prop-types-15.8.1.tgz. Extracting by manifest.
382 silly tarball no local data for tiny-invariant@https://registry.npmjs.org/tiny-invariant/-/tiny-invariant-1.3.3.tgz. Extracting by manifest.
383 silly tarball no local data for fast-equals@https://registry.npmjs.org/fast-equals/-/fast-equals-5.2.2.tgz. Extracting by manifest.
384 silly tarball no local data for recharts-scale@https://registry.npmjs.org/recharts-scale/-/recharts-scale-0.4.5.tgz. Extracting by manifest.
385 silly tarball no local data for react-is@https://registry.npmjs.org/react-is/-/react-is-18.3.1.tgz. Extracting by manifest.
386 silly tarball no local data for react-smooth@https://registry.npmjs.org/react-smooth/-/react-smooth-4.0.4.tgz. Extracting by manifest.
387 silly tarball no local data for clsx@https://registry.npmjs.org/clsx/-/clsx-2.1.1.tgz. Extracting by manifest.
388 silly tarball no local data for recharts@https://registry.npmjs.org/recharts/-/recharts-2.15.3.tgz. Extracting by manifest.
389 silly tarball no local data for react-is@https://registry.npmjs.org/react-is/-/react-is-16.13.1.tgz. Extracting by manifest.
390 silly tarball no local data for lodash@https://registry.npmjs.org/lodash/-/lodash-4.17.21.tgz. Extracting by manifest.
391 silly tarball no local data for eventemitter3@https://registry.npmjs.org/eventemitter3/-/eventemitter3-4.0.7.tgz. Extracting by manifest.
392 http fetch GET 200 https://registry.npmjs.org/d3-timer/-/d3-timer-3.0.1.tgz 206ms (cache miss)
393 http fetch GET 200 https://registry.npmjs.org/@types/d3-path/-/d3-path-3.1.1.tgz 208ms (cache miss)
394 http fetch GET 200 https://registry.npmjs.org/@types/d3-color/-/d3-color-3.1.3.tgz 212ms (cache miss)
395 http fetch GET 200 https://registry.npmjs.org/internmap/-/internmap-2.0.3.tgz 217ms (cache miss)
396 http fetch GET 200 https://registry.npmjs.org/d3-path/-/d3-path-3.1.0.tgz 222ms (cache miss)
397 http fetch GET 200 https://registry.npmjs.org/d3-color/-/d3-color-3.1.0.tgz 232ms (cache miss)
398 http fetch GET 200 https://registry.npmjs.org/d3-ease/-/d3-ease-3.0.1.tgz 239ms (cache miss)
399 http fetch GET 200 https://registry.npmjs.org/d3-time/-/d3-time-3.1.0.tgz 241ms (cache miss)
400 http fetch GET 200 https://registry.npmjs.org/d3-scale/-/d3-scale-4.0.2.tgz 274ms (cache miss)
401 http fetch GET 200 https://registry.npmjs.org/d3-time-format/-/d3-time-format-4.1.0.tgz 293ms (cache miss)
402 http fetch GET 200 https://registry.npmjs.org/@types/d3-interpolate/-/d3-interpolate-3.0.4.tgz 324ms (cache miss)
403 http fetch GET 200 https://registry.npmjs.org/@types/d3-ease/-/d3-ease-3.0.2.tgz 339ms (cache miss)
404 http fetch GET 200 https://registry.npmjs.org/@types/d3-shape/-/d3-shape-3.1.7.tgz 353ms (cache miss)
405 http fetch GET 200 https://registry.npmjs.org/d3-shape/-/d3-shape-3.2.0.tgz 358ms (cache miss)
406 http fetch GET 200 https://registry.npmjs.org/@types/d3-scale/-/d3-scale-4.0.9.tgz 356ms (cache miss)
407 http fetch GET 200 https://registry.npmjs.org/d3-format/-/d3-format-3.1.0.tgz 367ms (cache miss)
408 http fetch GET 200 https://registry.npmjs.org/react-transition-group/-/react-transition-group-4.4.5.tgz 415ms (cache miss)
409 http fetch GET 200 https://registry.npmjs.org/@types/d3-timer/-/d3-timer-3.0.2.tgz 471ms (cache miss)
410 http fetch GET 200 https://registry.npmjs.org/recharts-scale/-/recharts-scale-0.4.5.tgz 523ms (cache miss)
411 http fetch GET 200 https://registry.npmjs.org/d3-interpolate/-/d3-interpolate-3.0.1.tgz 598ms (cache miss)
412 http fetch GET 200 https://registry.npmjs.org/clsx/-/clsx-2.1.1.tgz 609ms (cache miss)
413 http fetch GET 200 https://registry.npmjs.org/@types/d3-time/-/d3-time-3.0.4.tgz 620ms (cache miss)
414 http fetch GET 200 https://registry.npmjs.org/react-smooth/-/react-smooth-4.0.4.tgz 619ms (cache miss)
415 http fetch GET 200 https://registry.npmjs.org/decimal.js-light/-/decimal.js-light-2.5.1.tgz 672ms (cache miss)
416 http fetch GET 200 https://registry.npmjs.org/dom-helpers/-/dom-helpers-5.2.1.tgz 713ms (cache miss)
417 http fetch GET 200 https://registry.npmjs.org/d3-array/-/d3-array-3.2.4.tgz 733ms (cache miss)
418 http fetch GET 200 https://registry.npmjs.org/eventemitter3/-/eventemitter3-4.0.7.tgz 770ms (cache miss)
419 http fetch GET 200 https://registry.npmjs.org/prop-types/-/prop-types-15.8.1.tgz 781ms (cache miss)
420 http fetch GET 200 https://registry.npmjs.org/tiny-invariant/-/tiny-invariant-1.3.3.tgz 796ms (cache miss)
421 http fetch GET 200 https://registry.npmjs.org/victory-vendor/-/victory-vendor-36.9.2.tgz 854ms (cache miss)
422 http fetch GET 200 https://registry.npmjs.org/fast-equals/-/fast-equals-5.2.2.tgz 890ms (cache miss)
423 http fetch POST 200 https://registry.npmjs.org/-/npm/v1/security/advisories/bulk 930ms
424 silly audit report {
424 silly audit report   esbuild: [
424 silly audit report     {
424 silly audit report       id: 1102341,
424 silly audit report       url: 'https://github.com/advisories/GHSA-67mh-4wv8-2f99',
424 silly audit report       title: 'esbuild enables any website to send any requests to the development server and read the response',
424 silly audit report       severity: 'moderate',
424 silly audit report       vulnerable_versions: '<=0.24.2',
424 silly audit report       cwe: [Array],
424 silly audit report       cvss: [Object]
424 silly audit report     }
424 silly audit report   ]
424 silly audit report }
425 silly packumentCache corgi:https://registry.npmjs.org/esbuild cache-miss
426 http fetch GET 200 https://registry.npmjs.org/react-is/-/react-is-16.13.1.tgz 966ms (cache miss)
427 http fetch GET 200 https://registry.npmjs.org/object-assign/-/object-assign-4.1.1.tgz 1017ms (cache miss)
428 http fetch GET 200 https://registry.npmjs.org/react-is/-/react-is-18.3.1.tgz 1180ms (cache miss)
429 http fetch GET 200 https://registry.npmjs.org/recharts/-/recharts-2.15.3.tgz 1259ms (cache miss)
430 http fetch GET 200 https://registry.npmjs.org/esbuild 481ms (cache revalidated)
431 silly packumentCache corgi:https://registry.npmjs.org/esbuild set size:861077 disposed:false
432 silly packumentCache corgi:https://registry.npmjs.org/vite cache-miss
433 http fetch GET 200 https://registry.npmjs.org/vite 189ms (cache revalidated)
434 silly packumentCache corgi:https://registry.npmjs.org/vite set size:2010811 disposed:false
435 silly packumentCache corgi:https://registry.npmjs.org/@vitejs%2fplugin-react cache-miss
436 http fetch GET 200 https://registry.npmjs.org/lodash/-/lodash-4.17.21.tgz 1782ms (cache miss)
437 http fetch GET 200 https://registry.npmjs.org/@vitejs%2fplugin-react 199ms (cache revalidated)
438 silly packumentCache corgi:https://registry.npmjs.org/@vitejs%2fplugin-react set size:89944 disposed:false
439 http fetch GET 200 https://registry.npmjs.org/@types/d3-array/-/d3-array-3.2.1.tgz 5300ms (cache miss)
440 silly ADD node_modules/d3-path
441 silly ADD node_modules/d3-time-format
442 silly ADD node_modules/d3-format
443 silly ADD node_modules/d3-color
444 silly ADD node_modules/internmap
445 silly ADD node_modules/@types/d3-path
446 silly ADD node_modules/@types/d3-color
447 silly ADD node_modules/d3-timer
448 silly ADD node_modules/d3-time
449 silly ADD node_modules/d3-shape
450 silly ADD node_modules/d3-scale
451 silly ADD node_modules/d3-interpolate
452 silly ADD node_modules/d3-ease
453 silly ADD node_modules/d3-array
454 silly ADD node_modules/@types/d3-timer
455 silly ADD node_modules/@types/d3-time
456 silly ADD node_modules/@types/d3-shape
457 silly ADD node_modules/@types/d3-scale
458 silly ADD node_modules/@types/d3-interpolate
459 silly ADD node_modules/@types/d3-ease
460 silly ADD node_modules/@types/d3-array
461 silly ADD node_modules/decimal.js-light
462 silly ADD node_modules/dom-helpers
463 silly ADD node_modules/object-assign
464 silly ADD node_modules/react-transition-group
465 silly ADD node_modules/prop-types
466 silly ADD node_modules/prop-types/node_modules/react-is
467 silly ADD node_modules/fast-equals
468 silly ADD node_modules/victory-vendor
469 silly ADD node_modules/tiny-invariant
470 silly ADD node_modules/recharts-scale
471 silly ADD node_modules/react-smooth
472 silly ADD node_modules/react-is
473 silly ADD node_modules/lodash
474 silly ADD node_modules/clsx
475 silly ADD node_modules/recharts
476 silly ADD node_modules/recharts/node_modules/eventemitter3
477 silly ADD
478 silly ADD
479 silly ADD
480 silly ADD
481 silly ADD
482 silly ADD
483 silly ADD
484 silly ADD
485 silly ADD
486 silly ADD
487 silly ADD
488 silly ADD
489 silly ADD
490 silly ADD
491 silly ADD
492 silly ADD
493 silly ADD
494 silly ADD
495 silly ADD
496 silly ADD
497 silly ADD
498 silly ADD
499 silly ADD
500 silly ADD
501 silly ADD
502 silly ADD
503 silly ADD
504 silly ADD
505 silly ADD
506 silly ADD
507 silly ADD
508 silly ADD
509 silly ADD
510 silly ADD
511 silly ADD
512 silly ADD
513 silly ADD
514 silly ADD
515 silly ADD
516 silly ADD
517 silly ADD
518 silly ADD
519 verbose cwd C:\Users\essis\OneDrive\Desktop\farcaster-mini-app
520 verbose os Windows_NT 10.0.26100
521 verbose node v22.16.0
522 verbose npm  v10.9.2
523 verbose exit 0
524 info ok
