0 verbose cli C:\Program Files\nodejs\node.exe C:\Program Files\nodejs\node_modules\npm\bin\npm-cli.js
1 info using npm@10.9.2
2 info using node@v22.16.0
3 silly config load:file:C:\Program Files\nodejs\node_modules\npm\npmrc
4 silly config load:file:C:\Users\essis\OneDrive\Desktop\farcaster-mini-app\.npmrc
5 silly config load:file:C:\Users\essis\.npmrc
6 silly config load:file:C:\Users\essis\AppData\Roaming\npm\etc\npmrc
7 verbose title npm install @headlessui/react @heroicons/react framer-motion @tanstack/react-query zustand idb date-fns @tailwindcss/forms
8 verbose argv "install" "@headlessui/react" "@heroicons/react" "framer-motion" "@tanstack/react-query" "zustand" "idb" "date-fns" "@tailwindcss/forms"
9 verbose logfile logs-max:10 dir:C:\Users\essis\OneDrive\Desktop\farcaster-mini-app\verify\_logs\2025-06-10T18_13_39_365Z-
10 verbose logfile C:\Users\essis\OneDrive\Desktop\farcaster-mini-app\verify\_logs\2025-06-10T18_13_39_365Z-debug-0.log
11 silly logfile done cleaning log files
12 silly packumentCache heap:2197815296 maxSize:549453824 maxEntrySize:274726912
13 silly idealTree buildDeps
14 silly fetch manifest @headlessui/react@*
15 silly packumentCache full:https://registry.npmjs.org/@headlessui%2freact cache-miss
16 http fetch GET 200 https://registry.npmjs.org/@headlessui%2freact 1735ms (cache miss)
17 silly packumentCache full:https://registry.npmjs.org/@headlessui%2freact set size:undefined disposed:false
18 silly fetch manifest react@^18 || ^19 || ^19.0.0-rc
19 silly packumentCache full:https://registry.npmjs.org/react cache-miss
20 http fetch GET 200 https://registry.npmjs.org/react 345ms (cache miss)
21 silly packumentCache full:https://registry.npmjs.org/react set size:undefined disposed:false
22 silly fetch manifest react-dom@^18 || ^19 || ^19.0.0-rc
23 silly packumentCache full:https://registry.npmjs.org/react-dom cache-miss
24 http fetch GET 200 https://registry.npmjs.org/react-dom 252ms (cache miss)
25 silly packumentCache full:https://registry.npmjs.org/react-dom set size:undefined disposed:false
26 silly fetch manifest @heroicons/react@*
27 silly packumentCache full:https://registry.npmjs.org/@heroicons%2freact cache-miss
28 http fetch GET 200 https://registry.npmjs.org/@heroicons%2freact 194ms (cache miss)
29 silly packumentCache full:https://registry.npmjs.org/@heroicons%2freact set size:undefined disposed:false
30 silly fetch manifest react@>= 16 || ^19.0.0-rc
31 silly packumentCache full:https://registry.npmjs.org/react cache-miss
32 http cache https://registry.npmjs.org/react 19ms (cache hit)
33 silly packumentCache full:https://registry.npmjs.org/react set size:5768115 disposed:false
34 silly fetch manifest framer-motion@*
35 silly packumentCache full:https://registry.npmjs.org/framer-motion cache-miss
36 http fetch GET 200 https://registry.npmjs.org/npm 2703ms
37 http fetch GET 200 https://registry.npmjs.org/framer-motion 558ms (cache miss)
38 silly packumentCache full:https://registry.npmjs.org/framer-motion set size:undefined disposed:false
39 silly fetch manifest @emotion/is-prop-valid@*
40 silly packumentCache full:https://registry.npmjs.org/@emotion%2fis-prop-valid cache-miss
41 http fetch GET 200 https://registry.npmjs.org/@emotion%2fis-prop-valid 721ms (cache miss)
42 silly packumentCache full:https://registry.npmjs.org/@emotion%2fis-prop-valid set size:undefined disposed:false
43 silly fetch manifest react@^18.0.0 || ^19.0.0
44 silly packumentCache full:https://registry.npmjs.org/react cache-miss
45 http cache https://registry.npmjs.org/react 13ms (cache hit)
46 silly packumentCache full:https://registry.npmjs.org/react set size:5768115 disposed:false
47 silly fetch manifest react-dom@^18.0.0 || ^19.0.0
48 silly packumentCache full:https://registry.npmjs.org/react-dom cache-miss
49 http cache https://registry.npmjs.org/react-dom 18ms (cache hit)
50 silly packumentCache full:https://registry.npmjs.org/react-dom set size:7357857 disposed:false
51 silly fetch manifest @tanstack/react-query@*
52 silly packumentCache full:https://registry.npmjs.org/@tanstack%2freact-query cache-miss
53 http fetch GET 200 https://registry.npmjs.org/@tanstack%2freact-query 1244ms (cache miss)
54 silly packumentCache full:https://registry.npmjs.org/@tanstack%2freact-query set size:undefined disposed:false
55 silly fetch manifest react@^18 || ^19
56 silly packumentCache full:https://registry.npmjs.org/react cache-miss
57 http cache https://registry.npmjs.org/react 15ms (cache hit)
58 silly packumentCache full:https://registry.npmjs.org/react set size:5768115 disposed:false
59 silly fetch manifest zustand@*
60 silly packumentCache full:https://registry.npmjs.org/zustand cache-miss
61 http fetch GET 200 https://registry.npmjs.org/zustand 163ms (cache miss)
62 silly packumentCache full:https://registry.npmjs.org/zustand set size:undefined disposed:false
63 silly fetch manifest @types/react@>=18.0.0
64 silly packumentCache full:https://registry.npmjs.org/@types%2freact cache-miss
65 http fetch GET 200 https://registry.npmjs.org/@types%2freact 552ms (cache miss)
66 silly packumentCache full:https://registry.npmjs.org/@types%2freact set size:undefined disposed:false
67 silly fetch manifest immer@>=9.0.6
68 silly packumentCache full:https://registry.npmjs.org/immer cache-miss
69 http fetch GET 200 https://registry.npmjs.org/immer 5157ms (cache miss)
70 silly packumentCache full:https://registry.npmjs.org/immer set size:undefined disposed:false
71 silly fetch manifest react@>=18.0.0
72 silly packumentCache full:https://registry.npmjs.org/react cache-miss
73 http cache https://registry.npmjs.org/react 14ms (cache hit)
74 silly packumentCache full:https://registry.npmjs.org/react set size:5768115 disposed:false
75 silly fetch manifest use-sync-external-store@>=1.2.0
76 silly packumentCache full:https://registry.npmjs.org/use-sync-external-store cache-miss
77 http fetch GET 200 https://registry.npmjs.org/use-sync-external-store 243ms (cache miss)
78 silly packumentCache full:https://registry.npmjs.org/use-sync-external-store set size:undefined disposed:false
79 silly fetch manifest idb@*
80 silly packumentCache full:https://registry.npmjs.org/idb cache-miss
81 http fetch GET 200 https://registry.npmjs.org/idb 937ms (cache miss)
82 silly packumentCache full:https://registry.npmjs.org/idb set size:undefined disposed:false
83 silly fetch manifest date-fns@*
84 silly packumentCache full:https://registry.npmjs.org/date-fns cache-miss
85 http fetch GET 200 https://registry.npmjs.org/date-fns 296ms (cache miss)
86 silly packumentCache full:https://registry.npmjs.org/date-fns set size:undefined disposed:false
87 silly fetch manifest @tailwindcss/forms@*
88 silly packumentCache full:https://registry.npmjs.org/@tailwindcss%2fforms cache-miss
89 http fetch GET 200 https://registry.npmjs.org/@tailwindcss%2fforms 1038ms (cache miss)
90 silly packumentCache full:https://registry.npmjs.org/@tailwindcss%2fforms set size:undefined disposed:false
91 silly fetch manifest tailwindcss@>=3.0.0 || >= 3.0.0-alpha.1 || >= 4.0.0-alpha.20 || >= 4.0.0-beta.1
92 silly packumentCache full:https://registry.npmjs.org/tailwindcss cache-miss
93 http fetch GET 200 https://registry.npmjs.org/tailwindcss 3303ms (cache miss)
94 silly packumentCache full:https://registry.npmjs.org/tailwindcss set size:undefined disposed:false
95 silly placeDep ROOT @headlessui/react@2.2.4 OK for:  want: *
96 silly placeDep ROOT react@19.1.0 OK for: @headlessui/react@2.2.4 want: ^18 || ^19 || ^19.0.0-rc
97 silly placeDep ROOT react-dom@19.1.0 OK for: @headlessui/react@2.2.4 want: ^18 || ^19 || ^19.0.0-rc
98 silly placeDep ROOT @heroicons/react@2.2.0 OK for:  want: *
99 silly placeDep ROOT @tailwindcss/forms@0.5.10 OK for:  want: *
100 silly placeDep ROOT tailwindcss@4.1.8 OK for: @tailwindcss/forms@0.5.10 want: >=3.0.0 || >= 3.0.0-alpha.1 || >= 4.0.0-alpha.20 || >= 4.0.0-beta.1
101 silly placeDep ROOT @tanstack/react-query@5.80.6 OK for:  want: *
102 silly placeDep ROOT date-fns@4.1.0 OK for:  want: *
103 silly placeDep ROOT framer-motion@12.16.0 OK for:  want: *
104 silly placeDep ROOT idb@8.0.3 OK for:  want: *
105 silly placeDep ROOT zustand@5.0.5 OK for:  want: *
106 silly fetch manifest @react-aria/focus@^3.20.2
107 silly packumentCache full:https://registry.npmjs.org/@react-aria%2ffocus cache-miss
108 silly fetch manifest @floating-ui/react@^0.26.16
109 silly packumentCache full:https://registry.npmjs.org/@floating-ui%2freact cache-miss
110 silly fetch manifest @tanstack/react-virtual@^3.13.9
111 silly packumentCache full:https://registry.npmjs.org/@tanstack%2freact-virtual cache-miss
112 silly fetch manifest use-sync-external-store@^1.5.0
113 silly packumentCache full:https://registry.npmjs.org/use-sync-external-store cache-miss
114 silly fetch manifest @react-aria/interactions@^3.25.0
115 silly packumentCache full:https://registry.npmjs.org/@react-aria%2finteractions cache-miss
116 silly fetch manifest scheduler@^0.26.0
117 silly packumentCache full:https://registry.npmjs.org/scheduler cache-miss
118 silly fetch manifest mini-svg-data-uri@^1.2.3
119 silly packumentCache full:https://registry.npmjs.org/mini-svg-data-uri cache-miss
120 silly fetch manifest @tanstack/query-core@5.80.6
121 silly packumentCache full:https://registry.npmjs.org/@tanstack%2fquery-core cache-miss
122 silly fetch manifest tslib@^2.4.0
123 silly packumentCache full:https://registry.npmjs.org/tslib cache-miss
124 silly fetch manifest motion-dom@^12.16.0
125 silly packumentCache full:https://registry.npmjs.org/motion-dom cache-miss
126 silly fetch manifest motion-utils@^12.12.1
127 silly packumentCache full:https://registry.npmjs.org/motion-utils cache-miss
128 http cache https://registry.npmjs.org/use-sync-external-store 25ms (cache hit)
129 silly packumentCache full:https://registry.npmjs.org/use-sync-external-store set size:3720594 disposed:false
130 http fetch GET 200 https://registry.npmjs.org/@react-aria%2ffocus 674ms (cache miss)
131 silly packumentCache full:https://registry.npmjs.org/@react-aria%2ffocus set size:undefined disposed:false
132 http fetch GET 200 https://registry.npmjs.org/@floating-ui%2freact 834ms (cache miss)
133 silly packumentCache full:https://registry.npmjs.org/@floating-ui%2freact set size:undefined disposed:false
134 http fetch GET 200 https://registry.npmjs.org/motion-dom 969ms (cache miss)
135 silly packumentCache full:https://registry.npmjs.org/motion-dom set size:undefined disposed:false
136 http fetch GET 200 https://registry.npmjs.org/@tanstack%2freact-virtual 1302ms (cache miss)
137 silly packumentCache full:https://registry.npmjs.org/@tanstack%2freact-virtual set size:undefined disposed:false
138 http fetch GET 200 https://registry.npmjs.org/motion-utils 1388ms (cache miss)
139 silly packumentCache full:https://registry.npmjs.org/motion-utils set size:undefined disposed:false
140 http fetch GET 200 https://registry.npmjs.org/@react-aria%2finteractions 1717ms (cache miss)
141 silly packumentCache full:https://registry.npmjs.org/@react-aria%2finteractions set size:undefined disposed:false
142 http fetch GET 200 https://registry.npmjs.org/tslib 2103ms (cache miss)
143 silly packumentCache full:https://registry.npmjs.org/tslib set size:undefined disposed:false
144 http fetch GET 200 https://registry.npmjs.org/mini-svg-data-uri 2864ms (cache miss)
145 silly packumentCache full:https://registry.npmjs.org/mini-svg-data-uri set size:undefined disposed:false
146 http fetch GET 200 https://registry.npmjs.org/@tanstack%2fquery-core 4283ms (cache miss)
147 silly packumentCache full:https://registry.npmjs.org/@tanstack%2fquery-core set size:undefined disposed:false
148 http fetch GET 200 https://registry.npmjs.org/scheduler 4479ms (cache miss)
149 silly packumentCache full:https://registry.npmjs.org/scheduler set size:undefined disposed:false
150 silly placeDep ROOT @floating-ui/react@0.26.28 OK for: @headlessui/react@2.2.4 want: ^0.26.16
151 silly placeDep ROOT @react-aria/focus@3.20.5 OK for: @headlessui/react@2.2.4 want: ^3.20.2
152 silly placeDep ROOT @react-aria/interactions@3.25.3 OK for: @headlessui/react@2.2.4 want: ^3.25.0
153 silly placeDep ROOT @tanstack/react-virtual@3.13.10 OK for: @headlessui/react@2.2.4 want: ^3.13.9
154 silly placeDep ROOT use-sync-external-store@1.5.0 OK for: @headlessui/react@2.2.4 want: ^1.5.0
155 silly fetch manifest tabbable@^6.0.0
156 silly packumentCache full:https://registry.npmjs.org/tabbable cache-miss
157 silly fetch manifest @floating-ui/utils@^0.2.8
158 silly packumentCache full:https://registry.npmjs.org/@floating-ui%2futils cache-miss
159 silly fetch manifest @floating-ui/react-dom@^2.1.2
160 silly packumentCache full:https://registry.npmjs.org/@floating-ui%2freact-dom cache-miss
161 silly fetch manifest @react-aria/interactions@^3.25.3
162 silly packumentCache full:https://registry.npmjs.org/@react-aria%2finteractions cache-miss
163 silly fetch manifest @react-aria/utils@^3.29.1
164 silly packumentCache full:https://registry.npmjs.org/@react-aria%2futils cache-miss
165 silly fetch manifest @react-types/shared@^3.30.0
166 silly packumentCache full:https://registry.npmjs.org/@react-types%2fshared cache-miss
167 silly fetch manifest @swc/helpers@^0.5.0
168 silly packumentCache full:https://registry.npmjs.org/@swc%2fhelpers cache-miss
169 silly fetch manifest clsx@^2.0.0
170 silly packumentCache full:https://registry.npmjs.org/clsx cache-miss
171 silly fetch manifest @react-aria/ssr@^3.9.9
172 silly packumentCache full:https://registry.npmjs.org/@react-aria%2fssr cache-miss
173 silly fetch manifest @react-aria/utils@^3.29.1
174 silly packumentCache full:https://registry.npmjs.org/@react-aria%2futils cache-miss
175 silly fetch manifest @react-stately/flags@^3.1.2
176 silly packumentCache full:https://registry.npmjs.org/@react-stately%2fflags cache-miss
177 silly fetch manifest @react-types/shared@^3.30.0
178 silly packumentCache full:https://registry.npmjs.org/@react-types%2fshared cache-miss
179 silly fetch manifest @swc/helpers@^0.5.0
180 silly packumentCache full:https://registry.npmjs.org/@swc%2fhelpers cache-miss
181 silly fetch manifest @tanstack/virtual-core@3.13.10
182 silly packumentCache full:https://registry.npmjs.org/@tanstack%2fvirtual-core cache-miss
183 http cache https://registry.npmjs.org/@react-aria%2finteractions 24ms (cache hit)
184 silly packumentCache full:https://registry.npmjs.org/@react-aria%2finteractions set size:2399331 disposed:false
185 http fetch GET 200 https://registry.npmjs.org/@floating-ui%2futils 189ms (cache miss)
186 silly packumentCache full:https://registry.npmjs.org/@floating-ui%2futils set size:undefined disposed:false
187 http fetch GET 200 https://registry.npmjs.org/@swc%2fhelpers 202ms (cache miss)
188 silly packumentCache full:https://registry.npmjs.org/@swc%2fhelpers set size:undefined disposed:false
189 http fetch GET 200 https://registry.npmjs.org/clsx 481ms (cache miss)
190 silly packumentCache full:https://registry.npmjs.org/clsx set size:undefined disposed:false
191 http fetch GET 200 https://registry.npmjs.org/@floating-ui%2freact-dom 536ms (cache miss)
192 silly packumentCache full:https://registry.npmjs.org/@floating-ui%2freact-dom set size:undefined disposed:false
193 http fetch GET 200 https://registry.npmjs.org/@react-stately%2fflags 555ms (cache miss)
194 silly packumentCache full:https://registry.npmjs.org/@react-stately%2fflags set size:undefined disposed:false
195 http fetch GET 200 https://registry.npmjs.org/@react-aria%2futils 643ms (cache miss)
196 silly packumentCache full:https://registry.npmjs.org/@react-aria%2futils set size:undefined disposed:false
197 http fetch GET 200 https://registry.npmjs.org/@react-aria%2fssr 898ms (cache miss)
198 silly packumentCache full:https://registry.npmjs.org/@react-aria%2fssr set size:undefined disposed:false
199 http fetch GET 200 https://registry.npmjs.org/@react-aria%2futils 1063ms (cache miss)
200 silly packumentCache full:https://registry.npmjs.org/@react-aria%2futils set size:undefined disposed:false
201 http fetch GET 200 https://registry.npmjs.org/@react-types%2fshared 1490ms (cache miss)
202 silly packumentCache full:https://registry.npmjs.org/@react-types%2fshared set size:undefined disposed:false
203 http fetch GET 200 https://registry.npmjs.org/tabbable 1655ms (cache miss)
204 silly packumentCache full:https://registry.npmjs.org/tabbable set size:undefined disposed:false
205 http fetch GET 200 https://registry.npmjs.org/@tanstack%2fvirtual-core 1699ms (cache miss)
206 silly packumentCache full:https://registry.npmjs.org/@tanstack%2fvirtual-core set size:undefined disposed:false
207 http fetch GET 200 https://registry.npmjs.org/@swc%2fhelpers 1816ms (cache miss)
208 silly packumentCache full:https://registry.npmjs.org/@swc%2fhelpers set size:undefined disposed:false
209 http fetch GET 200 https://registry.npmjs.org/@react-types%2fshared 4145ms (cache miss)
210 silly packumentCache full:https://registry.npmjs.org/@react-types%2fshared set size:undefined disposed:false
211 silly fetch manifest react@>=16.8.0
212 silly packumentCache full:https://registry.npmjs.org/react cache-miss
213 http cache https://registry.npmjs.org/react 18ms (cache hit)
214 silly packumentCache full:https://registry.npmjs.org/react set size:5768115 disposed:false
215 silly fetch manifest react-dom@>=16.8.0
216 silly packumentCache full:https://registry.npmjs.org/react-dom cache-miss
217 http cache https://registry.npmjs.org/react-dom 19ms (cache hit)
218 silly packumentCache full:https://registry.npmjs.org/react-dom set size:7357857 disposed:false
219 silly placeDep ROOT @floating-ui/react-dom@2.1.3 OK for: @floating-ui/react@0.26.28 want: ^2.1.2
220 silly placeDep ROOT @floating-ui/utils@0.2.9 OK for: @floating-ui/react@0.26.28 want: ^0.2.8
221 silly placeDep ROOT tabbable@6.2.0 OK for: @floating-ui/react@0.26.28 want: ^6.0.0
222 silly fetch manifest @floating-ui/dom@^1.0.0
223 silly packumentCache full:https://registry.npmjs.org/@floating-ui%2fdom cache-miss
224 http fetch GET 200 https://registry.npmjs.org/@floating-ui%2fdom 856ms (cache miss)
225 silly packumentCache full:https://registry.npmjs.org/@floating-ui%2fdom set size:undefined disposed:false
226 silly placeDep ROOT @floating-ui/dom@1.7.1 OK for: @floating-ui/react-dom@2.1.3 want: ^1.0.0
227 silly fetch manifest @floating-ui/core@^1.7.1
228 silly packumentCache full:https://registry.npmjs.org/@floating-ui%2fcore cache-miss
229 http fetch GET 200 https://registry.npmjs.org/@floating-ui%2fcore 200ms (cache miss)
230 silly packumentCache full:https://registry.npmjs.org/@floating-ui%2fcore set size:undefined disposed:false
231 silly placeDep ROOT @floating-ui/core@1.7.1 OK for: @floating-ui/dom@1.7.1 want: ^1.7.1
232 silly fetch manifest react@^16.8.0 || ^17.0.0-rc.1 || ^18.0.0 || ^19.0.0-rc.1
233 silly packumentCache full:https://registry.npmjs.org/react cache-miss
234 http cache https://registry.npmjs.org/react 13ms (cache hit)
235 silly packumentCache full:https://registry.npmjs.org/react set size:5768115 disposed:false
236 silly fetch manifest react-dom@^16.8.0 || ^17.0.0-rc.1 || ^18.0.0 || ^19.0.0-rc.1
237 silly packumentCache full:https://registry.npmjs.org/react-dom cache-miss
238 http cache https://registry.npmjs.org/react-dom 20ms (cache hit)
239 silly packumentCache full:https://registry.npmjs.org/react-dom set size:7357857 disposed:false
240 silly placeDep ROOT @react-aria/utils@3.29.1 OK for: @react-aria/focus@3.20.5 want: ^3.29.1
241 silly placeDep ROOT @react-types/shared@3.30.0 OK for: @react-aria/focus@3.20.5 want: ^3.30.0
242 silly placeDep ROOT @swc/helpers@0.5.17 OK for: @react-aria/focus@3.20.5 want: ^0.5.0
243 silly placeDep ROOT clsx@2.1.1 OK for: @react-aria/focus@3.20.5 want: ^2.0.0
244 silly fetch manifest @react-stately/utils@^3.10.7
245 silly packumentCache full:https://registry.npmjs.org/@react-stately%2futils cache-miss
246 silly fetch manifest tslib@^2.8.0
247 silly packumentCache full:https://registry.npmjs.org/tslib cache-miss
248 http cache https://registry.npmjs.org/tslib 10ms (cache hit)
249 silly packumentCache full:https://registry.npmjs.org/tslib set size:108820 disposed:false
250 http fetch GET 200 https://registry.npmjs.org/@react-stately%2futils 882ms (cache miss)
251 silly packumentCache full:https://registry.npmjs.org/@react-stately%2futils set size:undefined disposed:false
252 silly placeDep ROOT @react-aria/ssr@3.9.9 OK for: @react-aria/interactions@3.25.3 want: ^3.9.9
253 silly placeDep ROOT @react-stately/flags@3.1.2 OK for: @react-aria/interactions@3.25.3 want: ^3.1.2
254 silly placeDep ROOT @react-stately/utils@3.10.7 OK for: @react-aria/utils@3.29.1 want: ^3.10.7
255 silly placeDep ROOT tslib@2.8.1 OK for: @swc/helpers@0.5.17 want: ^2.8.0
256 silly placeDep ROOT mini-svg-data-uri@1.4.4 OK for: @tailwindcss/forms@0.5.10 want: ^1.2.3
257 silly placeDep ROOT @tanstack/query-core@5.80.6 OK for: @tanstack/react-query@5.80.6 want: 5.80.6
258 silly placeDep ROOT @tanstack/virtual-core@3.13.10 OK for: @tanstack/react-virtual@3.13.10 want: 3.13.10
259 silly placeDep ROOT motion-dom@12.16.0 OK for: framer-motion@12.16.0 want: ^12.16.0
260 silly placeDep ROOT motion-utils@12.12.1 OK for: framer-motion@12.16.0 want: ^12.12.1
261 silly placeDep ROOT scheduler@0.26.0 OK for: react-dom@19.1.0 want: ^0.26.0
262 silly reify moves {}
263 http cache scheduler@https://registry.npmjs.org/scheduler/-/scheduler-0.26.0.tgz 0ms (cache hit)
264 http cache motion-utils@https://registry.npmjs.org/motion-utils/-/motion-utils-12.12.1.tgz 0ms (cache hit)
265 http cache mini-svg-data-uri@https://registry.npmjs.org/mini-svg-data-uri/-/mini-svg-data-uri-1.4.4.tgz 0ms (cache hit)
266 http cache @react-stately/utils@https://registry.npmjs.org/@react-stately/utils/-/utils-3.10.7.tgz 0ms (cache hit)
267 http cache @tanstack/virtual-core@https://registry.npmjs.org/@tanstack/virtual-core/-/virtual-core-3.13.10.tgz 0ms (cache hit)
268 http cache motion-dom@https://registry.npmjs.org/motion-dom/-/motion-dom-12.16.0.tgz 0ms (cache hit)
269 http cache @react-stately/flags@https://registry.npmjs.org/@react-stately/flags/-/flags-3.1.2.tgz 0ms (cache hit)
270 http cache @tanstack/query-core@https://registry.npmjs.org/@tanstack/query-core/-/query-core-5.80.6.tgz 0ms (cache hit)
271 http cache tslib@https://registry.npmjs.org/tslib/-/tslib-2.8.1.tgz 0ms (cache hit)
272 http cache @react-aria/ssr@https://registry.npmjs.org/@react-aria/ssr/-/ssr-3.9.9.tgz 0ms (cache hit)
273 http cache @react-aria/utils@https://registry.npmjs.org/@react-aria/utils/-/utils-3.29.1.tgz 0ms (cache hit)
274 http cache @floating-ui/dom@https://registry.npmjs.org/@floating-ui/dom/-/dom-1.7.1.tgz 0ms (cache hit)
275 http cache @swc/helpers@https://registry.npmjs.org/@swc/helpers/-/helpers-0.5.17.tgz 0ms (cache hit)
276 http cache @react-types/shared@https://registry.npmjs.org/@react-types/shared/-/shared-3.30.0.tgz 0ms (cache hit)
277 http cache clsx@https://registry.npmjs.org/clsx/-/clsx-2.1.1.tgz 0ms (cache hit)
278 http cache @floating-ui/utils@https://registry.npmjs.org/@floating-ui/utils/-/utils-0.2.9.tgz 0ms (cache hit)
279 http cache tabbable@https://registry.npmjs.org/tabbable/-/tabbable-6.2.0.tgz 0ms (cache hit)
280 http cache @floating-ui/core@https://registry.npmjs.org/@floating-ui/core/-/core-1.7.1.tgz 0ms (cache hit)
281 http cache @floating-ui/react-dom@https://registry.npmjs.org/@floating-ui/react-dom/-/react-dom-2.1.3.tgz 0ms (cache hit)
282 http cache @tanstack/react-virtual@https://registry.npmjs.org/@tanstack/react-virtual/-/react-virtual-3.13.10.tgz 0ms (cache hit)
283 http cache use-sync-external-store@https://registry.npmjs.org/use-sync-external-store/-/use-sync-external-store-1.5.0.tgz 0ms (cache hit)
284 http cache zustand@https://registry.npmjs.org/zustand/-/zustand-5.0.5.tgz 0ms (cache hit)
285 http cache @floating-ui/react@https://registry.npmjs.org/@floating-ui/react/-/react-0.26.28.tgz 0ms (cache hit)
286 http cache @react-aria/interactions@https://registry.npmjs.org/@react-aria/interactions/-/interactions-3.25.3.tgz 0ms (cache hit)
287 http cache @react-aria/focus@https://registry.npmjs.org/@react-aria/focus/-/focus-3.20.5.tgz 0ms (cache hit)
288 http cache idb@https://registry.npmjs.org/idb/-/idb-8.0.3.tgz 0ms (cache hit)
289 http cache framer-motion@https://registry.npmjs.org/framer-motion/-/framer-motion-12.16.0.tgz 0ms (cache hit)
290 http cache date-fns@https://registry.npmjs.org/date-fns/-/date-fns-4.1.0.tgz 0ms (cache hit)
291 http cache tailwindcss@https://registry.npmjs.org/tailwindcss/-/tailwindcss-4.1.8.tgz 0ms (cache hit)
292 http cache @tanstack/react-query@https://registry.npmjs.org/@tanstack/react-query/-/react-query-5.80.6.tgz 0ms (cache hit)
293 http cache @heroicons/react@https://registry.npmjs.org/@heroicons/react/-/react-2.2.0.tgz 0ms (cache hit)
294 http cache @tailwindcss/forms@https://registry.npmjs.org/@tailwindcss/forms/-/forms-0.5.10.tgz 0ms (cache hit)
295 http cache react-dom@https://registry.npmjs.org/react-dom/-/react-dom-19.1.0.tgz 0ms (cache hit)
296 silly tarball no local data for scheduler@https://registry.npmjs.org/scheduler/-/scheduler-0.26.0.tgz. Extracting by manifest.
297 silly tarball no local data for motion-utils@https://registry.npmjs.org/motion-utils/-/motion-utils-12.12.1.tgz. Extracting by manifest.
298 silly tarball no local data for mini-svg-data-uri@https://registry.npmjs.org/mini-svg-data-uri/-/mini-svg-data-uri-1.4.4.tgz. Extracting by manifest.
299 http cache @headlessui/react@https://registry.npmjs.org/@headlessui/react/-/react-2.2.4.tgz 0ms (cache hit)
300 silly tarball no local data for @react-stately/utils@https://registry.npmjs.org/@react-stately/utils/-/utils-3.10.7.tgz. Extracting by manifest.
301 silly tarball no local data for @tanstack/virtual-core@https://registry.npmjs.org/@tanstack/virtual-core/-/virtual-core-3.13.10.tgz. Extracting by manifest.
302 silly tarball no local data for motion-dom@https://registry.npmjs.org/motion-dom/-/motion-dom-12.16.0.tgz. Extracting by manifest.
303 silly tarball no local data for @react-stately/flags@https://registry.npmjs.org/@react-stately/flags/-/flags-3.1.2.tgz. Extracting by manifest.
304 silly tarball no local data for @tanstack/query-core@https://registry.npmjs.org/@tanstack/query-core/-/query-core-5.80.6.tgz. Extracting by manifest.
305 http cache react@https://registry.npmjs.org/react/-/react-19.1.0.tgz 0ms (cache hit)
306 silly tarball no local data for tslib@https://registry.npmjs.org/tslib/-/tslib-2.8.1.tgz. Extracting by manifest.
307 silly tarball no local data for @react-aria/ssr@https://registry.npmjs.org/@react-aria/ssr/-/ssr-3.9.9.tgz. Extracting by manifest.
308 silly tarball no local data for @react-aria/utils@https://registry.npmjs.org/@react-aria/utils/-/utils-3.29.1.tgz. Extracting by manifest.
309 silly tarball no local data for @floating-ui/dom@https://registry.npmjs.org/@floating-ui/dom/-/dom-1.7.1.tgz. Extracting by manifest.
310 silly tarball no local data for @swc/helpers@https://registry.npmjs.org/@swc/helpers/-/helpers-0.5.17.tgz. Extracting by manifest.
311 silly tarball no local data for @react-types/shared@https://registry.npmjs.org/@react-types/shared/-/shared-3.30.0.tgz. Extracting by manifest.
312 silly tarball no local data for clsx@https://registry.npmjs.org/clsx/-/clsx-2.1.1.tgz. Extracting by manifest.
313 silly tarball no local data for @floating-ui/utils@https://registry.npmjs.org/@floating-ui/utils/-/utils-0.2.9.tgz. Extracting by manifest.
314 silly tarball no local data for tabbable@https://registry.npmjs.org/tabbable/-/tabbable-6.2.0.tgz. Extracting by manifest.
315 silly tarball no local data for @floating-ui/core@https://registry.npmjs.org/@floating-ui/core/-/core-1.7.1.tgz. Extracting by manifest.
316 silly tarball no local data for @floating-ui/react-dom@https://registry.npmjs.org/@floating-ui/react-dom/-/react-dom-2.1.3.tgz. Extracting by manifest.
317 silly tarball no local data for @tanstack/react-virtual@https://registry.npmjs.org/@tanstack/react-virtual/-/react-virtual-3.13.10.tgz. Extracting by manifest.
318 silly tarball no local data for use-sync-external-store@https://registry.npmjs.org/use-sync-external-store/-/use-sync-external-store-1.5.0.tgz. Extracting by manifest.
319 silly tarball no local data for zustand@https://registry.npmjs.org/zustand/-/zustand-5.0.5.tgz. Extracting by manifest.
320 silly tarball no local data for @floating-ui/react@https://registry.npmjs.org/@floating-ui/react/-/react-0.26.28.tgz. Extracting by manifest.
321 silly tarball no local data for @react-aria/interactions@https://registry.npmjs.org/@react-aria/interactions/-/interactions-3.25.3.tgz. Extracting by manifest.
322 silly tarball no local data for @react-aria/focus@https://registry.npmjs.org/@react-aria/focus/-/focus-3.20.5.tgz. Extracting by manifest.
323 silly tarball no local data for idb@https://registry.npmjs.org/idb/-/idb-8.0.3.tgz. Extracting by manifest.
324 silly tarball no local data for framer-motion@https://registry.npmjs.org/framer-motion/-/framer-motion-12.16.0.tgz. Extracting by manifest.
325 silly tarball no local data for date-fns@https://registry.npmjs.org/date-fns/-/date-fns-4.1.0.tgz. Extracting by manifest.
326 silly tarball no local data for tailwindcss@https://registry.npmjs.org/tailwindcss/-/tailwindcss-4.1.8.tgz. Extracting by manifest.
327 silly tarball no local data for @tanstack/react-query@https://registry.npmjs.org/@tanstack/react-query/-/react-query-5.80.6.tgz. Extracting by manifest.
328 silly tarball no local data for @heroicons/react@https://registry.npmjs.org/@heroicons/react/-/react-2.2.0.tgz. Extracting by manifest.
329 silly tarball no local data for @tailwindcss/forms@https://registry.npmjs.org/@tailwindcss/forms/-/forms-0.5.10.tgz. Extracting by manifest.
330 silly tarball no local data for react-dom@https://registry.npmjs.org/react-dom/-/react-dom-19.1.0.tgz. Extracting by manifest.
331 silly tarball no local data for @headlessui/react@https://registry.npmjs.org/@headlessui/react/-/react-2.2.4.tgz. Extracting by manifest.
332 silly tarball no local data for react@https://registry.npmjs.org/react/-/react-19.1.0.tgz. Extracting by manifest.
333 http fetch GET 200 https://registry.npmjs.org/@react-stately/utils/-/utils-3.10.7.tgz 185ms (cache miss)
334 http fetch GET 200 https://registry.npmjs.org/motion-utils/-/motion-utils-12.12.1.tgz 188ms (cache miss)
335 http fetch GET 200 https://registry.npmjs.org/@react-aria/ssr/-/ssr-3.9.9.tgz 189ms (cache miss)
336 http fetch GET 200 https://registry.npmjs.org/@react-stately/flags/-/flags-3.1.2.tgz 198ms (cache miss)
337 http fetch GET 200 https://registry.npmjs.org/tslib/-/tslib-2.8.1.tgz 218ms (cache miss)
338 http fetch GET 200 https://registry.npmjs.org/@tanstack/virtual-core/-/virtual-core-3.13.10.tgz 231ms (cache miss)
339 http fetch GET 200 https://registry.npmjs.org/@floating-ui/react-dom/-/react-dom-2.1.3.tgz 327ms (cache miss)
340 http fetch GET 200 https://registry.npmjs.org/use-sync-external-store/-/use-sync-external-store-1.5.0.tgz 356ms (cache miss)
341 http fetch GET 200 https://registry.npmjs.org/zustand/-/zustand-5.0.5.tgz 440ms (cache miss)
342 http fetch GET 200 https://registry.npmjs.org/@floating-ui/dom/-/dom-1.7.1.tgz 543ms (cache miss)
343 http fetch GET 200 https://registry.npmjs.org/mini-svg-data-uri/-/mini-svg-data-uri-1.4.4.tgz 548ms (cache miss)
344 http fetch GET 200 https://registry.npmjs.org/@floating-ui/utils/-/utils-0.2.9.tgz 623ms (cache miss)
345 http fetch GET 200 https://registry.npmjs.org/@floating-ui/core/-/core-1.7.1.tgz 644ms (cache miss)
346 http fetch GET 200 https://registry.npmjs.org/tabbable/-/tabbable-6.2.0.tgz 667ms (cache miss)
347 http fetch GET 200 https://registry.npmjs.org/idb/-/idb-8.0.3.tgz 707ms (cache miss)
348 http fetch GET 200 https://registry.npmjs.org/@react-aria/utils/-/utils-3.29.1.tgz 730ms (cache miss)
349 http fetch GET 200 https://registry.npmjs.org/@tanstack/query-core/-/query-core-5.80.6.tgz 743ms (cache miss)
350 http fetch GET 200 https://registry.npmjs.org/tailwindcss/-/tailwindcss-4.1.8.tgz 852ms (cache miss)
351 http fetch GET 200 https://registry.npmjs.org/@tailwindcss/forms/-/forms-0.5.10.tgz 869ms (cache miss)
352 http fetch GET 200 https://registry.npmjs.org/@floating-ui/react/-/react-0.26.28.tgz 913ms (cache miss)
353 http fetch GET 200 https://registry.npmjs.org/@react-types/shared/-/shared-3.30.0.tgz 945ms (cache miss)
354 http fetch GET 200 https://registry.npmjs.org/scheduler/-/scheduler-0.26.0.tgz 958ms (cache miss)
355 http fetch GET 200 https://registry.npmjs.org/@swc/helpers/-/helpers-0.5.17.tgz 991ms (cache miss)
356 http fetch GET 200 https://registry.npmjs.org/@tanstack/react-virtual/-/react-virtual-3.13.10.tgz 1015ms (cache miss)
357 http fetch GET 200 https://registry.npmjs.org/react-dom/-/react-dom-19.1.0.tgz 1208ms (cache miss)
358 http fetch GET 200 https://registry.npmjs.org/@react-aria/interactions/-/interactions-3.25.3.tgz 1216ms (cache miss)
359 http fetch GET 200 https://registry.npmjs.org/react/-/react-19.1.0.tgz 1281ms (cache miss)
360 http fetch GET 200 https://registry.npmjs.org/@react-aria/focus/-/focus-3.20.5.tgz 1389ms (cache miss)
361 http fetch GET 200 https://registry.npmjs.org/@tanstack/react-query/-/react-query-5.80.6.tgz 1522ms (cache miss)
362 http fetch GET 200 https://registry.npmjs.org/framer-motion/-/framer-motion-12.16.0.tgz 1706ms (cache miss)
363 http fetch GET 200 https://registry.npmjs.org/@headlessui/react/-/react-2.2.4.tgz 1751ms (cache miss)
364 http fetch GET 200 https://registry.npmjs.org/clsx/-/clsx-2.1.1.tgz 2412ms (cache miss)
365 http fetch GET 200 https://registry.npmjs.org/motion-dom/-/motion-dom-12.16.0.tgz 3519ms (cache miss)
366 http fetch GET 200 https://registry.npmjs.org/@heroicons/react/-/react-2.2.0.tgz 5628ms (cache miss)
367 http fetch GET 200 https://registry.npmjs.org/date-fns/-/date-fns-4.1.0.tgz 6127ms (cache miss)
368 silly ADD node_modules/scheduler
369 silly ADD node_modules/motion-utils
370 silly ADD node_modules/motion-dom
371 silly ADD node_modules/@tanstack/virtual-core
372 silly ADD node_modules/@tanstack/query-core
373 silly ADD node_modules/mini-svg-data-uri
374 silly ADD node_modules/tslib
375 silly ADD node_modules/@react-stately/utils
376 silly ADD node_modules/@react-stately/flags
377 silly ADD node_modules/@react-aria/ssr
378 silly ADD node_modules/clsx
379 silly ADD node_modules/@swc/helpers
380 silly ADD node_modules/@react-types/shared
381 silly ADD node_modules/@react-aria/utils
382 silly ADD node_modules/@floating-ui/core
383 silly ADD node_modules/@floating-ui/dom
384 silly ADD node_modules/tabbable
385 silly ADD node_modules/@floating-ui/utils
386 silly ADD node_modules/@floating-ui/react-dom
387 silly ADD node_modules/use-sync-external-store
388 silly ADD node_modules/@tanstack/react-virtual
389 silly ADD node_modules/@react-aria/interactions
390 silly ADD node_modules/@react-aria/focus
391 silly ADD node_modules/@floating-ui/react
392 silly ADD node_modules/zustand
393 silly ADD node_modules/idb
394 silly ADD node_modules/framer-motion
395 silly ADD node_modules/date-fns
396 silly ADD node_modules/@tanstack/react-query
397 silly ADD node_modules/tailwindcss
398 silly ADD node_modules/@tailwindcss/forms
399 silly ADD node_modules/@heroicons/react
400 silly ADD node_modules/react-dom
401 silly ADD node_modules/react
402 silly ADD node_modules/@headlessui/react
403 verbose cwd C:\Users\essis\OneDrive\Desktop\farcaster-mini-app
404 verbose os Windows_NT 10.0.26100
405 verbose node v22.16.0
406 verbose npm  v10.9.2
407 notice
407 notice New [31mmajor[39m version of npm available! [31m10.9.2[39m -> [34m11.4.1[39m
407 notice Changelog: [34mhttps://github.com/npm/cli/releases/tag/v11.4.1[39m
407 notice To update run: [4mnpm install -g npm@11.4.1[24m
407 notice  { force: true, [Symbol(proc-log.meta)]: true }
408 verbose exit 0
409 info ok
