0 verbose cli C:\Program Files\nodejs\node.exe C:\Program Files\nodejs\node_modules\npm\bin\npm-cli.js
1 info using npm@10.9.2
2 info using node@v22.16.0
3 silly config load:file:C:\Program Files\nodejs\node_modules\npm\npmrc
4 silly config load:file:C:\Users\essis\OneDrive\Desktop\farcaster-mini-app\.npmrc
5 silly config load:file:C:\Users\essis\.npmrc
6 silly config load:file:C:\Users\essis\AppData\Roaming\npm\etc\npmrc
7 verbose title npm install
8 verbose argv "install"
9 verbose logfile logs-max:10 dir:C:\Users\essis\OneDrive\Desktop\farcaster-mini-app\verify\_logs\2025-06-10T19_59_53_850Z-
10 verbose logfile C:\Users\essis\OneDrive\Desktop\farcaster-mini-app\verify\_logs\2025-06-10T19_59_53_850Z-debug-0.log
11 silly logfile start cleaning logs, removing 1 files
12 silly packumentCache heap:2197815296 maxSize:549453824 maxEntrySize:274726912
13 silly logfile done cleaning log files
14 silly idealTree buildDeps
15 silly reify moves {}
16 silly audit bulk request {
16 silly audit   '@adobe/css-tools': [ '4.4.3' ],
16 silly audit   '@alloc/quick-lru': [ '5.2.0' ],
16 silly audit   '@ampproject/remapping': [ '2.3.0' ],
16 silly audit   '@babel/code-frame': [ '7.27.1' ],
16 silly audit   '@babel/compat-data': [ '7.27.5' ],
16 silly audit   '@babel/core': [ '7.27.4' ],
16 silly audit   semver: [ '6.3.1', '7.7.2' ],
16 silly audit   '@babel/generator': [ '7.27.5' ],
16 silly audit   '@babel/helper-compilation-targets': [ '7.27.2' ],
16 silly audit   '@babel/helper-module-imports': [ '7.27.1' ],
16 silly audit   '@babel/helper-module-transforms': [ '7.27.3' ],
16 silly audit   '@babel/helper-plugin-utils': [ '7.27.1' ],
16 silly audit   '@babel/helper-string-parser': [ '7.27.1' ],
16 silly audit   '@babel/helper-validator-identifier': [ '7.27.1' ],
16 silly audit   '@babel/helper-validator-option': [ '7.27.1' ],
16 silly audit   '@babel/helpers': [ '7.27.6' ],
16 silly audit   '@babel/parser': [ '7.27.5' ],
16 silly audit   '@babel/plugin-transform-react-jsx-self': [ '7.27.1' ],
16 silly audit   '@babel/plugin-transform-react-jsx-source': [ '7.27.1' ],
16 silly audit   '@babel/runtime': [ '7.27.6' ],
16 silly audit   '@babel/template': [ '7.27.2' ],
16 silly audit   '@babel/traverse': [ '7.27.4' ],
16 silly audit   '@babel/types': [ '7.27.6' ],
16 silly audit   '@esbuild/aix-ppc64': [ '0.21.5' ],
16 silly audit   '@esbuild/android-arm': [ '0.21.5' ],
16 silly audit   '@esbuild/android-arm64': [ '0.21.5' ],
16 silly audit   '@esbuild/android-x64': [ '0.21.5' ],
16 silly audit   '@esbuild/darwin-arm64': [ '0.21.5' ],
16 silly audit   '@esbuild/darwin-x64': [ '0.21.5' ],
16 silly audit   '@esbuild/freebsd-arm64': [ '0.21.5' ],
16 silly audit   '@esbuild/freebsd-x64': [ '0.21.5' ],
16 silly audit   '@esbuild/linux-arm': [ '0.21.5' ],
16 silly audit   '@esbuild/linux-arm64': [ '0.21.5' ],
16 silly audit   '@esbuild/linux-ia32': [ '0.21.5' ],
16 silly audit   '@esbuild/linux-loong64': [ '0.21.5' ],
16 silly audit   '@esbuild/linux-mips64el': [ '0.21.5' ],
16 silly audit   '@esbuild/linux-ppc64': [ '0.21.5' ],
16 silly audit   '@esbuild/linux-riscv64': [ '0.21.5' ],
16 silly audit   '@esbuild/linux-s390x': [ '0.21.5' ],
16 silly audit   '@esbuild/linux-x64': [ '0.21.5' ],
16 silly audit   '@esbuild/netbsd-x64': [ '0.21.5' ],
16 silly audit   '@esbuild/openbsd-x64': [ '0.21.5' ],
16 silly audit   '@esbuild/sunos-x64': [ '0.21.5' ],
16 silly audit   '@esbuild/win32-arm64': [ '0.21.5' ],
16 silly audit   '@esbuild/win32-ia32': [ '0.21.5' ],
16 silly audit   '@esbuild/win32-x64': [ '0.21.5' ],
16 silly audit   '@eslint-community/eslint-utils': [ '4.7.0' ],
16 silly audit   '@eslint-community/regexpp': [ '4.12.1' ],
16 silly audit   '@eslint/eslintrc': [ '2.1.4' ],
16 silly audit   'brace-expansion': [ '1.1.11', '2.0.1' ],
16 silly audit   globals: [ '13.24.0', '11.12.0' ],
16 silly audit   ignore: [ '5.3.2', '7.0.5' ],
16 silly audit   minimatch: [ '3.1.2', '9.0.5' ],
16 silly audit   '@eslint/js': [ '8.57.1' ],
16 silly audit   '@floating-ui/core': [ '1.7.1' ],
16 silly audit   '@floating-ui/dom': [ '1.7.1' ],
16 silly audit   '@floating-ui/react': [ '0.26.28' ],
16 silly audit   '@floating-ui/react-dom': [ '2.1.3' ],
16 silly audit   '@floating-ui/utils': [ '0.2.9' ],
16 silly audit   '@headlessui/react': [ '2.2.4' ],
16 silly audit   '@heroicons/react': [ '2.2.0' ],
16 silly audit   '@humanwhocodes/config-array': [ '0.13.0' ],
16 silly audit   '@humanwhocodes/module-importer': [ '1.0.1' ],
16 silly audit   '@humanwhocodes/object-schema': [ '2.0.3' ],
16 silly audit   '@isaacs/cliui': [ '8.0.2' ],
16 silly audit   'ansi-regex': [ '6.1.0', '5.0.1' ],
16 silly audit   'strip-ansi': [ '7.1.0', '6.0.1' ],
16 silly audit   '@jridgewell/gen-mapping': [ '0.3.8' ],
16 silly audit   '@jridgewell/resolve-uri': [ '3.1.2' ],
16 silly audit   '@jridgewell/set-array': [ '1.2.1' ],
16 silly audit   '@jridgewell/sourcemap-codec': [ '1.5.0' ],
16 silly audit   '@jridgewell/trace-mapping': [ '0.3.25' ],
16 silly audit   '@nodelib/fs.scandir': [ '2.1.5' ],
16 silly audit   '@nodelib/fs.stat': [ '2.0.5' ],
16 silly audit   '@nodelib/fs.walk': [ '1.2.8' ],
16 silly audit   '@pkgjs/parseargs': [ '0.11.0' ],
16 silly audit   '@react-aria/focus': [ '3.20.5' ],
16 silly audit   '@react-aria/interactions': [ '3.25.3' ],
16 silly audit   '@react-aria/ssr': [ '3.9.9' ],
16 silly audit   '@react-aria/utils': [ '3.29.1' ],
16 silly audit   '@react-stately/flags': [ '3.1.2' ],
16 silly audit   '@react-stately/utils': [ '3.10.7' ],
16 silly audit   '@react-types/shared': [ '3.30.0' ],
16 silly audit   '@rolldown/pluginutils': [ '1.0.0-beta.11' ],
16 silly audit   '@rollup/rollup-android-arm-eabi': [ '4.42.0' ],
16 silly audit   '@rollup/rollup-android-arm64': [ '4.42.0' ],
16 silly audit   '@rollup/rollup-darwin-arm64': [ '4.42.0' ],
16 silly audit   '@rollup/rollup-darwin-x64': [ '4.42.0' ],
16 silly audit   '@rollup/rollup-freebsd-arm64': [ '4.42.0' ],
16 silly audit   '@rollup/rollup-freebsd-x64': [ '4.42.0' ],
16 silly audit   '@rollup/rollup-linux-arm-gnueabihf': [ '4.42.0' ],
16 silly audit   '@rollup/rollup-linux-arm-musleabihf': [ '4.42.0' ],
16 silly audit   '@rollup/rollup-linux-arm64-gnu': [ '4.42.0' ],
16 silly audit   '@rollup/rollup-linux-arm64-musl': [ '4.42.0' ],
16 silly audit   '@rollup/rollup-linux-loongarch64-gnu': [ '4.42.0' ],
16 silly audit   '@rollup/rollup-linux-powerpc64le-gnu': [ '4.42.0' ],
16 silly audit   '@rollup/rollup-linux-riscv64-gnu': [ '4.42.0' ],
16 silly audit   '@rollup/rollup-linux-riscv64-musl': [ '4.42.0' ],
16 silly audit   '@rollup/rollup-linux-s390x-gnu': [ '4.42.0' ],
16 silly audit   '@rollup/rollup-linux-x64-gnu': [ '4.42.0' ],
16 silly audit   '@rollup/rollup-linux-x64-musl': [ '4.42.0' ],
16 silly audit   '@rollup/rollup-win32-arm64-msvc': [ '4.42.0' ],
16 silly audit   '@rollup/rollup-win32-ia32-msvc': [ '4.42.0' ],
16 silly audit   '@rollup/rollup-win32-x64-msvc': [ '4.42.0' ],
16 silly audit   '@swc/helpers': [ '0.5.17' ],
16 silly audit   '@tailwindcss/forms': [ '0.5.10' ],
16 silly audit   '@tanstack/query-core': [ '5.80.6' ],
16 silly audit   '@tanstack/react-query': [ '5.80.6' ],
16 silly audit   '@tanstack/react-virtual': [ '3.13.10' ],
16 silly audit   '@tanstack/virtual-core': [ '3.13.10' ],
16 silly audit   '@testing-library/dom': [ '9.3.4' ],
16 silly audit   'aria-query': [ '5.1.3', '5.3.0' ],
16 silly audit   '@testing-library/jest-dom': [ '6.6.3' ],
16 silly audit   chalk: [ '3.0.0', '4.1.2' ],
16 silly audit   'dom-accessibility-api': [ '0.6.3', '0.5.16' ],
16 silly audit   '@testing-library/react': [ '14.3.1' ],
16 silly audit   '@types/aria-query': [ '5.0.4' ],
16 silly audit   '@types/babel__core': [ '7.20.5' ],
16 silly audit   '@types/babel__generator': [ '7.27.0' ],
16 silly audit   '@types/babel__template': [ '7.4.4' ],
16 silly audit   '@types/babel__traverse': [ '7.20.7' ],
16 silly audit   '@types/chai': [ '5.2.2' ],
16 silly audit   '@types/deep-eql': [ '4.0.2' ],
16 silly audit   '@types/estree': [ '1.0.8', '1.0.7' ],
16 silly audit   '@types/prop-types': [ '15.7.15' ],
16 silly audit   '@types/react': [ '18.3.23' ],
16 silly audit   '@types/react-dom': [ '18.3.7' ],
16 silly audit   '@typescript-eslint/eslint-plugin': [ '8.34.0' ],
16 silly audit   '@typescript-eslint/parser': [ '8.34.0' ],
16 silly audit   '@typescript-eslint/project-service': [ '8.34.0' ],
16 silly audit   '@typescript-eslint/scope-manager': [ '8.34.0' ],
16 silly audit   '@typescript-eslint/tsconfig-utils': [ '8.34.0' ],
16 silly audit   '@typescript-eslint/type-utils': [ '8.34.0' ],
16 silly audit   '@typescript-eslint/types': [ '8.34.0' ],
16 silly audit   '@typescript-eslint/typescript-estree': [ '8.34.0' ],
16 silly audit   '@typescript-eslint/utils': [ '8.34.0' ],
16 silly audit   '@typescript-eslint/visitor-keys': [ '8.34.0' ],
16 silly audit   'eslint-visitor-keys': [ '4.2.1', '3.4.3' ],
16 silly audit   '@ungap/structured-clone': [ '1.3.0' ],
16 silly audit   '@vitejs/plugin-react': [ '4.5.2' ],
16 silly audit   '@vitest/expect': [ '3.2.3' ],
16 silly audit   '@vitest/mocker': [ '3.2.3' ],
16 silly audit   '@vitest/pretty-format': [ '3.2.3' ],
16 silly audit   '@vitest/runner': [ '3.2.3' ],
16 silly audit   '@vitest/snapshot': [ '3.2.3' ],
16 silly audit   '@vitest/spy': [ '3.2.3' ],
16 silly audit   '@vitest/utils': [ '3.2.3' ],
16 silly audit   acorn: [ '8.15.0' ],
16 silly audit   'acorn-jsx': [ '5.3.2' ],
16 silly audit   ajv: [ '6.12.6' ],
16 silly audit   'ansi-styles': [ '4.3.0', '5.2.0', '6.2.1' ],
16 silly audit   'any-promise': [ '1.3.0' ],
16 silly audit   anymatch: [ '3.1.3' ],
16 silly audit   arg: [ '5.0.2' ],
16 silly audit   argparse: [ '2.0.1' ],
16 silly audit   'array-buffer-byte-length': [ '1.0.2' ],
16 silly audit   'assertion-error': [ '2.0.1' ],
16 silly audit   autoprefixer: [ '10.4.21' ],
16 silly audit   'available-typed-arrays': [ '1.0.7' ],
16 silly audit   'balanced-match': [ '1.0.2' ],
16 silly audit   'binary-extensions': [ '2.3.0' ],
16 silly audit   braces: [ '3.0.3' ],
16 silly audit   browserslist: [ '4.25.0' ],
16 silly audit   cac: [ '6.7.14' ],
16 silly audit   'call-bind': [ '1.0.8' ],
16 silly audit   'call-bind-apply-helpers': [ '1.0.2' ],
16 silly audit   'call-bound': [ '1.0.4' ],
16 silly audit   callsites: [ '3.1.0' ],
16 silly audit   'camelcase-css': [ '2.0.1' ],
16 silly audit   'caniuse-lite': [ '1.0.30001721' ],
16 silly audit   chai: [ '5.2.0' ],
16 silly audit   'check-error': [ '2.1.1' ],
16 silly audit   chokidar: [ '3.6.0' ],
16 silly audit   'glob-parent': [ '5.1.2', '6.0.2' ],
16 silly audit   clsx: [ '2.1.1' ],
16 silly audit   'color-convert': [ '2.0.1' ],
16 silly audit   'color-name': [ '1.1.4' ],
16 silly audit   commander: [ '4.1.1' ],
16 silly audit   'concat-map': [ '0.0.1' ],
16 silly audit   'convert-source-map': [ '2.0.0' ],
16 silly audit   'cross-spawn': [ '7.0.6' ],
16 silly audit   'css.escape': [ '1.5.1' ],
16 silly audit   cssesc: [ '3.0.0' ],
16 silly audit   csstype: [ '3.1.3' ],
16 silly audit   'date-fns': [ '4.1.0' ],
16 silly audit   debug: [ '4.4.1' ],
16 silly audit   'deep-eql': [ '5.0.2' ],
16 silly audit   'deep-equal': [ '2.2.3' ],
16 silly audit   'deep-is': [ '0.1.4' ],
16 silly audit   'define-data-property': [ '1.1.4' ],
16 silly audit   'define-properties': [ '1.2.1' ],
16 silly audit   dequal: [ '2.0.3' ],
16 silly audit   didyoumean: [ '1.2.2' ],
16 silly audit   dlv: [ '1.1.3' ],
16 silly audit   doctrine: [ '3.0.0' ],
16 silly audit   'dunder-proto': [ '1.0.1' ],
16 silly audit   eastasianwidth: [ '0.2.0' ],
16 silly audit   'electron-to-chromium': [ '1.5.166' ],
16 silly audit   'emoji-regex': [ '9.2.2', '8.0.0' ],
16 silly audit   'es-define-property': [ '1.0.1' ],
16 silly audit   'es-errors': [ '1.3.0' ],
16 silly audit   'es-get-iterator': [ '1.1.3' ],
16 silly audit   'es-module-lexer': [ '1.7.0' ],
16 silly audit   'es-object-atoms': [ '1.1.1' ],
16 silly audit   esbuild: [ '0.21.5' ],
16 silly audit   escalade: [ '3.2.0' ],
16 silly audit   'escape-string-regexp': [ '4.0.0' ],
16 silly audit   eslint: [ '8.57.1' ],
16 silly audit   'eslint-plugin-react-hooks': [ '4.6.2' ],
16 silly audit   'eslint-plugin-react-refresh': [ '0.4.20' ],
16 silly audit   'eslint-scope': [ '7.2.2' ],
16 silly audit   espree: [ '9.6.1' ],
16 silly audit   esquery: [ '1.6.0' ],
16 silly audit   esrecurse: [ '4.3.0' ],
16 silly audit   estraverse: [ '5.3.0' ],
16 silly audit   'estree-walker': [ '3.0.3' ],
16 silly audit   esutils: [ '2.0.3' ],
16 silly audit   'expect-type': [ '1.2.1' ],
16 silly audit   'fast-deep-equal': [ '3.1.3' ],
16 silly audit   'fast-glob': [ '3.3.3' ],
16 silly audit   'fast-json-stable-stringify': [ '2.1.0' ],
16 silly audit   'fast-levenshtein': [ '2.0.6' ],
16 silly audit   fastq: [ '1.19.1' ],
16 silly audit   'file-entry-cache': [ '6.0.1' ],
16 silly audit   'fill-range': [ '7.1.1' ],
16 silly audit   'find-up': [ '5.0.0' ],
16 silly audit   'flat-cache': [ '3.2.0' ],
16 silly audit   flatted: [ '3.3.3' ],
16 silly audit   'for-each': [ '0.3.5' ],
16 silly audit   'foreground-child': [ '3.3.1' ],
16 silly audit   'fraction.js': [ '4.3.7' ],
16 silly audit   'framer-motion': [ '12.16.0' ],
16 silly audit   'fs.realpath': [ '1.0.0' ],
16 silly audit   fsevents: [ '2.3.3' ],
16 silly audit   'function-bind': [ '1.1.2' ],
16 silly audit   'functions-have-names': [ '1.2.3' ],
16 silly audit   gensync: [ '1.0.0-beta.2' ],
16 silly audit   'get-intrinsic': [ '1.3.0' ],
16 silly audit   'get-proto': [ '1.0.1' ],
16 silly audit   glob: [ '7.2.3', '10.4.5' ],
16 silly audit   gopd: [ '1.2.0' ],
16 silly audit   graphemer: [ '1.4.0' ],
16 silly audit   'has-bigints': [ '1.1.0' ],
16 silly audit   'has-flag': [ '4.0.0' ],
16 silly audit   'has-property-descriptors': [ '1.0.2' ],
16 silly audit   'has-symbols': [ '1.1.0' ],
16 silly audit   'has-tostringtag': [ '1.0.2' ],
16 silly audit   hasown: [ '2.0.2' ],
16 silly audit   idb: [ '8.0.3' ],
16 silly audit   'import-fresh': [ '3.3.1' ],
16 silly audit   imurmurhash: [ '0.1.4' ],
16 silly audit   'indent-string': [ '4.0.0' ],
16 silly audit   inflight: [ '1.0.6' ],
16 silly audit   inherits: [ '2.0.4' ],
16 silly audit   'internal-slot': [ '1.1.0' ],
16 silly audit   'is-arguments': [ '1.2.0' ],
16 silly audit   'is-array-buffer': [ '3.0.5' ],
16 silly audit   'is-bigint': [ '1.1.0' ],
16 silly audit   'is-binary-path': [ '2.1.0' ],
16 silly audit   'is-boolean-object': [ '1.2.2' ],
16 silly audit   'is-callable': [ '1.2.7' ],
16 silly audit   'is-core-module': [ '2.16.1' ],
16 silly audit   'is-date-object': [ '1.1.0' ],
16 silly audit   'is-extglob': [ '2.1.1' ],
16 silly audit   'is-fullwidth-code-point': [ '3.0.0' ],
16 silly audit   'is-glob': [ '4.0.3' ],
16 silly audit   'is-map': [ '2.0.3' ],
16 silly audit   'is-number': [ '7.0.0' ],
16 silly audit   'is-number-object': [ '1.1.1' ],
16 silly audit   'is-path-inside': [ '3.0.3' ],
16 silly audit   'is-regex': [ '1.2.1' ],
16 silly audit   'is-set': [ '2.0.3' ],
16 silly audit   'is-shared-array-buffer': [ '1.0.4' ],
16 silly audit   'is-string': [ '1.1.1' ],
16 silly audit   'is-symbol': [ '1.1.1' ],
16 silly audit   'is-weakmap': [ '2.0.2' ],
16 silly audit   'is-weakset': [ '2.0.4' ],
16 silly audit   isarray: [ '2.0.5' ],
16 silly audit   isexe: [ '2.0.0' ],
16 silly audit   jackspeak: [ '3.4.3' ],
16 silly audit   jiti: [ '1.21.7' ],
16 silly audit   'js-tokens': [ '4.0.0', '9.0.1' ],
16 silly audit   'js-yaml': [ '4.1.0' ],
16 silly audit   jsesc: [ '3.1.0' ],
16 silly audit   'json-buffer': [ '3.0.1' ],
16 silly audit   'json-schema-traverse': [ '0.4.1' ],
16 silly audit   'json-stable-stringify-without-jsonify': [ '1.0.1' ],
16 silly audit   json5: [ '2.2.3' ],
16 silly audit   keyv: [ '4.5.4' ],
16 silly audit   levn: [ '0.4.1' ],
16 silly audit   lilconfig: [ '3.1.3' ],
16 silly audit   'lines-and-columns': [ '1.2.4' ],
16 silly audit   'locate-path': [ '6.0.0' ],
16 silly audit   lodash: [ '4.17.21' ],
16 silly audit   'lodash.merge': [ '4.6.2' ],
16 silly audit   'loose-envify': [ '1.4.0' ],
16 silly audit   loupe: [ '3.1.3' ],
16 silly audit   'lru-cache': [ '5.1.1', '10.4.3' ],
16 silly audit   'lz-string': [ '1.5.0' ],
16 silly audit   'magic-string': [ '0.30.17' ],
16 silly audit   'math-intrinsics': [ '1.1.0' ],
16 silly audit   merge2: [ '1.4.1' ],
16 silly audit   micromatch: [ '4.0.8' ],
16 silly audit   'min-indent': [ '1.0.1' ],
16 silly audit   'mini-svg-data-uri': [ '1.4.4' ],
16 silly audit   minipass: [ '7.1.2' ],
16 silly audit   'motion-dom': [ '12.16.0' ],
16 silly audit   'motion-utils': [ '12.12.1' ],
16 silly audit   ms: [ '2.1.3' ],
16 silly audit   mz: [ '2.7.0' ],
16 silly audit   nanoid: [ '3.3.11' ],
16 silly audit   'natural-compare': [ '1.4.0' ],
16 silly audit   'node-releases': [ '2.0.19' ],
16 silly audit   'normalize-path': [ '3.0.0' ],
16 silly audit   'normalize-range': [ '0.1.2' ],
16 silly audit   'object-assign': [ '4.1.1' ],
16 silly audit   'object-hash': [ '3.0.0' ],
16 silly audit   'object-inspect': [ '1.13.4' ],
16 silly audit   'object-is': [ '1.1.6' ],
16 silly audit   'object-keys': [ '1.1.1' ],
16 silly audit   'object.assign': [ '4.1.7' ],
16 silly audit   once: [ '1.4.0' ],
16 silly audit   optionator: [ '0.9.4' ],
16 silly audit   'p-limit': [ '3.1.0' ],
16 silly audit   'p-locate': [ '5.0.0' ],
16 silly audit   'package-json-from-dist': [ '1.0.1' ],
16 silly audit   'parent-module': [ '1.0.1' ],
16 silly audit   'path-exists': [ '4.0.0' ],
16 silly audit   'path-is-absolute': [ '1.0.1' ],
16 silly audit   'path-key': [ '3.1.1' ],
16 silly audit   'path-parse': [ '1.0.7' ],
16 silly audit   'path-scurry': [ '1.11.1' ],
16 silly audit   pathe: [ '2.0.3' ],
16 silly audit   pathval: [ '2.0.0' ],
16 silly audit   picocolors: [ '1.1.1' ],
16 silly audit   picomatch: [ '2.3.1', '4.0.2' ],
16 silly audit   pify: [ '2.3.0' ],
16 silly audit   pirates: [ '4.0.7' ],
16 silly audit   'possible-typed-array-names': [ '1.1.0' ],
16 silly audit   postcss: [ '8.5.4' ],
16 silly audit   'postcss-import': [ '15.1.0' ],
16 silly audit   'postcss-js': [ '4.0.1' ],
16 silly audit   'postcss-load-config': [ '4.0.2' ],
16 silly audit   'postcss-nested': [ '6.2.0' ],
16 silly audit   'postcss-selector-parser': [ '6.1.2' ],
16 silly audit   'postcss-value-parser': [ '4.2.0' ],
16 silly audit   'prelude-ls': [ '1.2.1' ],
16 silly audit   prettier: [ '3.5.3' ],
16 silly audit   'pretty-format': [ '27.5.1' ],
16 silly audit   punycode: [ '2.3.1' ],
16 silly audit   'queue-microtask': [ '1.2.3' ],
16 silly audit   react: [ '18.3.1' ],
16 silly audit   'react-dom': [ '18.3.1' ],
16 silly audit   'react-is': [ '17.0.2' ],
16 silly audit   'react-refresh': [ '0.17.0' ],
16 silly audit   'read-cache': [ '1.0.0' ],
16 silly audit   readdirp: [ '3.6.0' ],
16 silly audit   redent: [ '3.0.0' ],
16 silly audit   'regexp.prototype.flags': [ '1.5.4' ],
16 silly audit   resolve: [ '1.22.10' ],
16 silly audit   'resolve-from': [ '4.0.0' ],
16 silly audit   reusify: [ '1.1.0' ],
16 silly audit   rimraf: [ '3.0.2' ],
16 silly audit   rollup: [ '4.42.0' ],
16 silly audit   'run-parallel': [ '1.2.0' ],
16 silly audit   'safe-regex-test': [ '1.1.0' ],
16 silly audit   scheduler: [ '0.23.2' ],
16 silly audit   'set-function-length': [ '1.2.2' ],
16 silly audit   'set-function-name': [ '2.0.2' ],
16 silly audit   'shebang-command': [ '2.0.0' ],
16 silly audit   'shebang-regex': [ '3.0.0' ],
16 silly audit   'side-channel': [ '1.1.0' ],
16 silly audit   'side-channel-list': [ '1.0.0' ],
16 silly audit   'side-channel-map': [ '1.0.1' ],
16 silly audit   'side-channel-weakmap': [ '1.0.2' ],
16 silly audit   siginfo: [ '2.0.0' ],
16 silly audit   'signal-exit': [ '4.1.0' ],
16 silly audit   'source-map-js': [ '1.2.1' ],
16 silly audit   stackback: [ '0.0.2' ],
16 silly audit   'std-env': [ '3.9.0' ],
16 silly audit   'stop-iteration-iterator': [ '1.1.0' ],
16 silly audit   'string-width': [ '5.1.2', '4.2.3' ],
16 silly audit   'strip-indent': [ '3.0.0' ],
16 silly audit   'strip-json-comments': [ '3.1.1' ],
16 silly audit   'strip-literal': [ '3.0.0' ],
16 silly audit   sucrase: [ '3.35.0' ],
16 silly audit   'supports-color': [ '7.2.0' ],
16 silly audit   'supports-preserve-symlinks-flag': [ '1.0.0' ],
16 silly audit   tabbable: [ '6.2.0' ],
16 silly audit   tailwindcss: [ '3.4.17' ],
16 silly audit   'text-table': [ '0.2.0' ],
16 silly audit   thenify: [ '3.3.1' ],
16 silly audit   'thenify-all': [ '1.6.0' ],
16 silly audit   tinybench: [ '2.9.0' ],
16 silly audit   tinyexec: [ '0.3.2' ],
16 silly audit   tinyglobby: [ '0.2.14' ],
16 silly audit   fdir: [ '6.4.6' ],
16 silly audit   tinypool: [ '1.1.0' ],
16 silly audit   tinyrainbow: [ '2.0.0' ],
16 silly audit   tinyspy: [ '4.0.3' ],
16 silly audit   'to-regex-range': [ '5.0.1' ],
16 silly audit   'ts-api-utils': [ '2.1.0' ],
16 silly audit   'ts-interface-checker': [ '0.1.13' ],
16 silly audit   tslib: [ '2.8.1' ],
16 silly audit   'type-check': [ '0.4.0' ],
16 silly audit   'type-fest': [ '0.20.2' ],
16 silly audit   typescript: [ '5.8.3' ],
16 silly audit   'update-browserslist-db': [ '1.1.3' ],
16 silly audit   'uri-js': [ '4.4.1' ],
16 silly audit   'use-sync-external-store': [ '1.5.0' ],
16 silly audit   'util-deprecate': [ '1.0.2' ],
16 silly audit   vite: [ '5.4.19' ],
16 silly audit   'vite-node': [ '3.2.3' ],
16 silly audit   vitest: [ '3.2.3' ],
16 silly audit   which: [ '2.0.2' ],
16 silly audit   'which-boxed-primitive': [ '1.1.1' ],
16 silly audit   'which-collection': [ '1.0.2' ],
16 silly audit   'which-typed-array': [ '1.1.19' ],
16 silly audit   'why-is-node-running': [ '2.3.0' ],
16 silly audit   'word-wrap': [ '1.2.5' ],
16 silly audit   'wrap-ansi': [ '8.1.0', '7.0.0' ],
16 silly audit   wrappy: [ '1.0.2' ],
16 silly audit   yallist: [ '3.1.1' ],
16 silly audit   yaml: [ '2.8.0' ],
16 silly audit   'yocto-queue': [ '0.1.0' ],
16 silly audit   zustand: [ '5.0.5' ]
16 silly audit }
17 verbose reify failed optional dependency C:\Users\essis\OneDrive\Desktop\farcaster-mini-app\node_modules\fsevents
18 silly reify mark deleted [
18 silly reify   'C:\\Users\\essis\\OneDrive\\Desktop\\farcaster-mini-app\\node_modules\\fsevents'
18 silly reify ]
19 verbose reify failed optional dependency C:\Users\essis\OneDrive\Desktop\farcaster-mini-app\node_modules\@rollup\rollup-win32-ia32-msvc
20 silly reify mark deleted [
20 silly reify   'C:\\Users\\essis\\OneDrive\\Desktop\\farcaster-mini-app\\node_modules\\@rollup\\rollup-win32-ia32-msvc'
20 silly reify ]
21 verbose reify failed optional dependency C:\Users\essis\OneDrive\Desktop\farcaster-mini-app\node_modules\@rollup\rollup-win32-arm64-msvc
22 silly reify mark deleted [
22 silly reify   'C:\\Users\\essis\\OneDrive\\Desktop\\farcaster-mini-app\\node_modules\\@rollup\\rollup-win32-arm64-msvc'
22 silly reify ]
23 verbose reify failed optional dependency C:\Users\essis\OneDrive\Desktop\farcaster-mini-app\node_modules\@rollup\rollup-linux-x64-musl
24 silly reify mark deleted [
24 silly reify   'C:\\Users\\essis\\OneDrive\\Desktop\\farcaster-mini-app\\node_modules\\@rollup\\rollup-linux-x64-musl'
24 silly reify ]
25 verbose reify failed optional dependency C:\Users\essis\OneDrive\Desktop\farcaster-mini-app\node_modules\@rollup\rollup-linux-x64-gnu
26 silly reify mark deleted [
26 silly reify   'C:\\Users\\essis\\OneDrive\\Desktop\\farcaster-mini-app\\node_modules\\@rollup\\rollup-linux-x64-gnu'
26 silly reify ]
27 verbose reify failed optional dependency C:\Users\essis\OneDrive\Desktop\farcaster-mini-app\node_modules\@rollup\rollup-linux-s390x-gnu
28 silly reify mark deleted [
28 silly reify   'C:\\Users\\essis\\OneDrive\\Desktop\\farcaster-mini-app\\node_modules\\@rollup\\rollup-linux-s390x-gnu'
28 silly reify ]
29 verbose reify failed optional dependency C:\Users\essis\OneDrive\Desktop\farcaster-mini-app\node_modules\@rollup\rollup-linux-riscv64-musl
30 silly reify mark deleted [
30 silly reify   'C:\\Users\\essis\\OneDrive\\Desktop\\farcaster-mini-app\\node_modules\\@rollup\\rollup-linux-riscv64-musl'
30 silly reify ]
31 verbose reify failed optional dependency C:\Users\essis\OneDrive\Desktop\farcaster-mini-app\node_modules\@rollup\rollup-linux-riscv64-gnu
32 silly reify mark deleted [
32 silly reify   'C:\\Users\\essis\\OneDrive\\Desktop\\farcaster-mini-app\\node_modules\\@rollup\\rollup-linux-riscv64-gnu'
32 silly reify ]
33 verbose reify failed optional dependency C:\Users\essis\OneDrive\Desktop\farcaster-mini-app\node_modules\@rollup\rollup-linux-powerpc64le-gnu
34 silly reify mark deleted [
34 silly reify   'C:\\Users\\essis\\OneDrive\\Desktop\\farcaster-mini-app\\node_modules\\@rollup\\rollup-linux-powerpc64le-gnu'
34 silly reify ]
35 verbose reify failed optional dependency C:\Users\essis\OneDrive\Desktop\farcaster-mini-app\node_modules\@rollup\rollup-linux-loongarch64-gnu
36 silly reify mark deleted [
36 silly reify   'C:\\Users\\essis\\OneDrive\\Desktop\\farcaster-mini-app\\node_modules\\@rollup\\rollup-linux-loongarch64-gnu'
36 silly reify ]
37 verbose reify failed optional dependency C:\Users\essis\OneDrive\Desktop\farcaster-mini-app\node_modules\@rollup\rollup-linux-arm64-musl
38 silly reify mark deleted [
38 silly reify   'C:\\Users\\essis\\OneDrive\\Desktop\\farcaster-mini-app\\node_modules\\@rollup\\rollup-linux-arm64-musl'
38 silly reify ]
39 verbose reify failed optional dependency C:\Users\essis\OneDrive\Desktop\farcaster-mini-app\node_modules\@rollup\rollup-linux-arm64-gnu
40 silly reify mark deleted [
40 silly reify   'C:\\Users\\essis\\OneDrive\\Desktop\\farcaster-mini-app\\node_modules\\@rollup\\rollup-linux-arm64-gnu'
40 silly reify ]
41 verbose reify failed optional dependency C:\Users\essis\OneDrive\Desktop\farcaster-mini-app\node_modules\@rollup\rollup-linux-arm-musleabihf
42 silly reify mark deleted [
42 silly reify   'C:\\Users\\essis\\OneDrive\\Desktop\\farcaster-mini-app\\node_modules\\@rollup\\rollup-linux-arm-musleabihf'
42 silly reify ]
43 verbose reify failed optional dependency C:\Users\essis\OneDrive\Desktop\farcaster-mini-app\node_modules\@rollup\rollup-linux-arm-gnueabihf
44 silly reify mark deleted [
44 silly reify   'C:\\Users\\essis\\OneDrive\\Desktop\\farcaster-mini-app\\node_modules\\@rollup\\rollup-linux-arm-gnueabihf'
44 silly reify ]
45 verbose reify failed optional dependency C:\Users\essis\OneDrive\Desktop\farcaster-mini-app\node_modules\@rollup\rollup-freebsd-x64
46 silly reify mark deleted [
46 silly reify   'C:\\Users\\essis\\OneDrive\\Desktop\\farcaster-mini-app\\node_modules\\@rollup\\rollup-freebsd-x64'
46 silly reify ]
47 verbose reify failed optional dependency C:\Users\essis\OneDrive\Desktop\farcaster-mini-app\node_modules\@rollup\rollup-freebsd-arm64
48 silly reify mark deleted [
48 silly reify   'C:\\Users\\essis\\OneDrive\\Desktop\\farcaster-mini-app\\node_modules\\@rollup\\rollup-freebsd-arm64'
48 silly reify ]
49 verbose reify failed optional dependency C:\Users\essis\OneDrive\Desktop\farcaster-mini-app\node_modules\@rollup\rollup-darwin-x64
50 silly reify mark deleted [
50 silly reify   'C:\\Users\\essis\\OneDrive\\Desktop\\farcaster-mini-app\\node_modules\\@rollup\\rollup-darwin-x64'
50 silly reify ]
51 verbose reify failed optional dependency C:\Users\essis\OneDrive\Desktop\farcaster-mini-app\node_modules\@rollup\rollup-darwin-arm64
52 silly reify mark deleted [
52 silly reify   'C:\\Users\\essis\\OneDrive\\Desktop\\farcaster-mini-app\\node_modules\\@rollup\\rollup-darwin-arm64'
52 silly reify ]
53 verbose reify failed optional dependency C:\Users\essis\OneDrive\Desktop\farcaster-mini-app\node_modules\@rollup\rollup-android-arm64
54 silly reify mark deleted [
54 silly reify   'C:\\Users\\essis\\OneDrive\\Desktop\\farcaster-mini-app\\node_modules\\@rollup\\rollup-android-arm64'
54 silly reify ]
55 verbose reify failed optional dependency C:\Users\essis\OneDrive\Desktop\farcaster-mini-app\node_modules\@rollup\rollup-android-arm-eabi
56 silly reify mark deleted [
56 silly reify   'C:\\Users\\essis\\OneDrive\\Desktop\\farcaster-mini-app\\node_modules\\@rollup\\rollup-android-arm-eabi'
56 silly reify ]
57 verbose reify failed optional dependency C:\Users\essis\OneDrive\Desktop\farcaster-mini-app\node_modules\@esbuild\win32-ia32
58 silly reify mark deleted [
58 silly reify   'C:\\Users\\essis\\OneDrive\\Desktop\\farcaster-mini-app\\node_modules\\@esbuild\\win32-ia32'
58 silly reify ]
59 verbose reify failed optional dependency C:\Users\essis\OneDrive\Desktop\farcaster-mini-app\node_modules\@esbuild\win32-arm64
60 silly reify mark deleted [
60 silly reify   'C:\\Users\\essis\\OneDrive\\Desktop\\farcaster-mini-app\\node_modules\\@esbuild\\win32-arm64'
60 silly reify ]
61 verbose reify failed optional dependency C:\Users\essis\OneDrive\Desktop\farcaster-mini-app\node_modules\@esbuild\sunos-x64
62 silly reify mark deleted [
62 silly reify   'C:\\Users\\essis\\OneDrive\\Desktop\\farcaster-mini-app\\node_modules\\@esbuild\\sunos-x64'
62 silly reify ]
63 verbose reify failed optional dependency C:\Users\essis\OneDrive\Desktop\farcaster-mini-app\node_modules\@esbuild\openbsd-x64
64 silly reify mark deleted [
64 silly reify   'C:\\Users\\essis\\OneDrive\\Desktop\\farcaster-mini-app\\node_modules\\@esbuild\\openbsd-x64'
64 silly reify ]
65 verbose reify failed optional dependency C:\Users\essis\OneDrive\Desktop\farcaster-mini-app\node_modules\@esbuild\netbsd-x64
66 silly reify mark deleted [
66 silly reify   'C:\\Users\\essis\\OneDrive\\Desktop\\farcaster-mini-app\\node_modules\\@esbuild\\netbsd-x64'
66 silly reify ]
67 verbose reify failed optional dependency C:\Users\essis\OneDrive\Desktop\farcaster-mini-app\node_modules\@esbuild\linux-x64
68 silly reify mark deleted [
68 silly reify   'C:\\Users\\essis\\OneDrive\\Desktop\\farcaster-mini-app\\node_modules\\@esbuild\\linux-x64'
68 silly reify ]
69 verbose reify failed optional dependency C:\Users\essis\OneDrive\Desktop\farcaster-mini-app\node_modules\@esbuild\linux-s390x
70 silly reify mark deleted [
70 silly reify   'C:\\Users\\essis\\OneDrive\\Desktop\\farcaster-mini-app\\node_modules\\@esbuild\\linux-s390x'
70 silly reify ]
71 verbose reify failed optional dependency C:\Users\essis\OneDrive\Desktop\farcaster-mini-app\node_modules\@esbuild\linux-riscv64
72 silly reify mark deleted [
72 silly reify   'C:\\Users\\essis\\OneDrive\\Desktop\\farcaster-mini-app\\node_modules\\@esbuild\\linux-riscv64'
72 silly reify ]
73 verbose reify failed optional dependency C:\Users\essis\OneDrive\Desktop\farcaster-mini-app\node_modules\@esbuild\linux-ppc64
74 silly reify mark deleted [
74 silly reify   'C:\\Users\\essis\\OneDrive\\Desktop\\farcaster-mini-app\\node_modules\\@esbuild\\linux-ppc64'
74 silly reify ]
75 verbose reify failed optional dependency C:\Users\essis\OneDrive\Desktop\farcaster-mini-app\node_modules\@esbuild\linux-mips64el
76 silly reify mark deleted [
76 silly reify   'C:\\Users\\essis\\OneDrive\\Desktop\\farcaster-mini-app\\node_modules\\@esbuild\\linux-mips64el'
76 silly reify ]
77 verbose reify failed optional dependency C:\Users\essis\OneDrive\Desktop\farcaster-mini-app\node_modules\@esbuild\linux-loong64
78 silly reify mark deleted [
78 silly reify   'C:\\Users\\essis\\OneDrive\\Desktop\\farcaster-mini-app\\node_modules\\@esbuild\\linux-loong64'
78 silly reify ]
79 verbose reify failed optional dependency C:\Users\essis\OneDrive\Desktop\farcaster-mini-app\node_modules\@esbuild\linux-ia32
80 silly reify mark deleted [
80 silly reify   'C:\\Users\\essis\\OneDrive\\Desktop\\farcaster-mini-app\\node_modules\\@esbuild\\linux-ia32'
80 silly reify ]
81 verbose reify failed optional dependency C:\Users\essis\OneDrive\Desktop\farcaster-mini-app\node_modules\@esbuild\linux-arm64
82 silly reify mark deleted [
82 silly reify   'C:\\Users\\essis\\OneDrive\\Desktop\\farcaster-mini-app\\node_modules\\@esbuild\\linux-arm64'
82 silly reify ]
83 verbose reify failed optional dependency C:\Users\essis\OneDrive\Desktop\farcaster-mini-app\node_modules\@esbuild\linux-arm
84 silly reify mark deleted [
84 silly reify   'C:\\Users\\essis\\OneDrive\\Desktop\\farcaster-mini-app\\node_modules\\@esbuild\\linux-arm'
84 silly reify ]
85 verbose reify failed optional dependency C:\Users\essis\OneDrive\Desktop\farcaster-mini-app\node_modules\@esbuild\freebsd-x64
86 silly reify mark deleted [
86 silly reify   'C:\\Users\\essis\\OneDrive\\Desktop\\farcaster-mini-app\\node_modules\\@esbuild\\freebsd-x64'
86 silly reify ]
87 verbose reify failed optional dependency C:\Users\essis\OneDrive\Desktop\farcaster-mini-app\node_modules\@esbuild\freebsd-arm64
88 silly reify mark deleted [
88 silly reify   'C:\\Users\\essis\\OneDrive\\Desktop\\farcaster-mini-app\\node_modules\\@esbuild\\freebsd-arm64'
88 silly reify ]
89 verbose reify failed optional dependency C:\Users\essis\OneDrive\Desktop\farcaster-mini-app\node_modules\@esbuild\darwin-x64
90 silly reify mark deleted [
90 silly reify   'C:\\Users\\essis\\OneDrive\\Desktop\\farcaster-mini-app\\node_modules\\@esbuild\\darwin-x64'
90 silly reify ]
91 verbose reify failed optional dependency C:\Users\essis\OneDrive\Desktop\farcaster-mini-app\node_modules\@esbuild\darwin-arm64
92 silly reify mark deleted [
92 silly reify   'C:\\Users\\essis\\OneDrive\\Desktop\\farcaster-mini-app\\node_modules\\@esbuild\\darwin-arm64'
92 silly reify ]
93 verbose reify failed optional dependency C:\Users\essis\OneDrive\Desktop\farcaster-mini-app\node_modules\@esbuild\android-x64
94 silly reify mark deleted [
94 silly reify   'C:\\Users\\essis\\OneDrive\\Desktop\\farcaster-mini-app\\node_modules\\@esbuild\\android-x64'
94 silly reify ]
95 verbose reify failed optional dependency C:\Users\essis\OneDrive\Desktop\farcaster-mini-app\node_modules\@esbuild\android-arm64
96 silly reify mark deleted [
96 silly reify   'C:\\Users\\essis\\OneDrive\\Desktop\\farcaster-mini-app\\node_modules\\@esbuild\\android-arm64'
96 silly reify ]
97 verbose reify failed optional dependency C:\Users\essis\OneDrive\Desktop\farcaster-mini-app\node_modules\@esbuild\android-arm
98 silly reify mark deleted [
98 silly reify   'C:\\Users\\essis\\OneDrive\\Desktop\\farcaster-mini-app\\node_modules\\@esbuild\\android-arm'
98 silly reify ]
99 verbose reify failed optional dependency C:\Users\essis\OneDrive\Desktop\farcaster-mini-app\node_modules\@esbuild\aix-ppc64
100 silly reify mark deleted [
100 silly reify   'C:\\Users\\essis\\OneDrive\\Desktop\\farcaster-mini-app\\node_modules\\@esbuild\\aix-ppc64'
100 silly reify ]
101 http fetch POST 200 https://registry.npmjs.org/-/npm/v1/security/advisories/bulk 1096ms
102 silly audit report {
102 silly audit report   esbuild: [
102 silly audit report     {
102 silly audit report       id: 1102341,
102 silly audit report       url: 'https://github.com/advisories/GHSA-67mh-4wv8-2f99',
102 silly audit report       title: 'esbuild enables any website to send any requests to the development server and read the response',
102 silly audit report       severity: 'moderate',
102 silly audit report       vulnerable_versions: '<=0.24.2',
102 silly audit report       cwe: [Array],
102 silly audit report       cvss: [Object]
102 silly audit report     }
102 silly audit report   ]
102 silly audit report }
103 silly packumentCache corgi:https://registry.npmjs.org/esbuild cache-miss
104 http cache https://registry.npmjs.org/esbuild 13ms (cache hit)
105 silly packumentCache corgi:https://registry.npmjs.org/esbuild set size:861077 disposed:false
106 silly packumentCache corgi:https://registry.npmjs.org/vite cache-miss
107 http cache https://registry.npmjs.org/vite 7ms (cache hit)
108 silly packumentCache corgi:https://registry.npmjs.org/vite set size:2013849 disposed:false
109 silly packumentCache corgi:https://registry.npmjs.org/@vitejs%2fplugin-react cache-miss
110 silly packumentCache corgi:https://registry.npmjs.org/@vitest%2fmocker cache-miss
111 silly packumentCache corgi:https://registry.npmjs.org/vite-node cache-miss
112 silly packumentCache corgi:https://registry.npmjs.org/vitest cache-miss
113 http cache https://registry.npmjs.org/@vitejs%2fplugin-react 12ms (cache hit)
114 silly packumentCache corgi:https://registry.npmjs.org/@vitejs%2fplugin-react set size:91077 disposed:false
115 http cache https://registry.npmjs.org/@vitest%2fmocker 17ms (cache hit)
116 silly packumentCache corgi:https://registry.npmjs.org/@vitest%2fmocker set size:46289 disposed:false
117 http cache https://registry.npmjs.org/vite-node 21ms (cache hit)
118 silly packumentCache corgi:https://registry.npmjs.org/vite-node set size:424301 disposed:false
119 http cache https://registry.npmjs.org/vitest 24ms (cache hit)
120 silly packumentCache corgi:https://registry.npmjs.org/vitest set size:1087773 disposed:false
121 silly ADD
122 silly ADD
123 silly ADD
124 silly ADD
125 silly ADD
126 silly ADD
127 silly ADD
128 silly ADD
129 silly ADD
130 silly ADD
131 silly ADD
132 silly ADD
133 silly ADD
134 silly ADD
135 silly ADD
136 silly ADD
137 silly ADD
138 silly ADD
139 silly ADD
140 silly ADD
141 silly ADD
142 silly ADD
143 silly ADD
144 silly ADD
145 silly ADD
146 silly ADD
147 silly ADD
148 silly ADD
149 silly ADD
150 silly ADD
151 silly ADD
152 silly ADD
153 silly ADD
154 silly ADD
155 silly ADD
156 silly ADD
157 silly ADD
158 silly ADD
159 silly ADD
160 silly ADD
161 silly ADD
162 silly ADD
163 verbose cwd C:\Users\essis\OneDrive\Desktop\farcaster-mini-app
164 verbose os Windows_NT 10.0.26100
165 verbose node v22.16.0
166 verbose npm  v10.9.2
167 verbose exit 0
168 info ok
