0 verbose cli C:\Program Files\nodejs\node.exe C:\Program Files\nodejs\node_modules\npm\bin\npm-cli.js
1 info using npm@10.9.2
2 info using node@v22.16.0
3 silly config load:file:C:\Program Files\nodejs\node_modules\npm\npmrc
4 silly config load:file:C:\Users\essis\OneDrive\Desktop\farcaster-mini-app\.npmrc
5 silly config load:file:C:\Users\essis\.npmrc
6 silly config load:file:C:\Users\essis\AppData\Roaming\npm\etc\npmrc
7 verbose title npm install styled-components @types/styled-components
8 verbose argv "install" "styled-components" "@types/styled-components"
9 verbose logfile logs-max:10 dir:C:\Users\essis\OneDrive\Desktop\farcaster-mini-app\verify\_logs\2025-06-10T21_03_39_503Z-
10 verbose logfile C:\Users\essis\OneDrive\Desktop\farcaster-mini-app\verify\_logs\2025-06-10T21_03_39_503Z-debug-0.log
11 silly logfile done cleaning log files
12 silly packumentCache heap:2197815296 maxSize:549453824 maxEntrySize:274726912
13 silly idealTree buildDeps
14 silly fetch manifest styled-components@*
15 silly packumentCache full:https://registry.npmjs.org/styled-components cache-miss
16 verbose shrinkwrap failed to load node_modules/.package-lock.json out of date, updated: node_modules
17 http fetch GET 200 https://registry.npmjs.org/styled-components 2343ms (cache miss)
18 silly packumentCache full:https://registry.npmjs.org/styled-components set size:undefined disposed:false
19 silly fetch manifest react@^18.0.0
20 silly packumentCache full:https://registry.npmjs.org/react cache-miss
21 http fetch GET 200 https://registry.npmjs.org/react 747ms (cache updated)
22 silly packumentCache full:https://registry.npmjs.org/react set size:undefined disposed:false
23 silly fetch manifest react-dom@^18.0.0
24 silly packumentCache full:https://registry.npmjs.org/react-dom cache-miss
25 http fetch GET 200 https://registry.npmjs.org/react-dom 309ms (cache updated)
26 silly packumentCache full:https://registry.npmjs.org/react-dom set size:undefined disposed:false
27 silly fetch manifest @types/styled-components@*
28 silly packumentCache full:https://registry.npmjs.org/@types%2fstyled-components cache-miss
29 http fetch GET 200 https://registry.npmjs.org/@types%2fstyled-components 284ms (cache miss)
30 silly packumentCache full:https://registry.npmjs.org/@types%2fstyled-components set size:undefined disposed:false
31 silly placeDep ROOT @types/styled-components@5.1.34 OK for: farcaster-mini-app@1.0.0 want: *
32 silly placeDep ROOT styled-components@6.1.18 OK for: farcaster-mini-app@1.0.0 want: *
33 silly fetch manifest @types/hoist-non-react-statics@*
34 silly packumentCache full:https://registry.npmjs.org/@types%2fhoist-non-react-statics cache-miss
35 silly fetch manifest @emotion/is-prop-valid@1.2.2
36 silly packumentCache full:https://registry.npmjs.org/@emotion%2fis-prop-valid cache-miss
37 silly fetch manifest @emotion/unitless@0.8.1
38 silly packumentCache full:https://registry.npmjs.org/@emotion%2funitless cache-miss
39 silly fetch manifest @types/stylis@4.2.5
40 silly packumentCache full:https://registry.npmjs.org/@types%2fstylis cache-miss
41 silly fetch manifest css-to-react-native@3.2.0
42 silly packumentCache full:https://registry.npmjs.org/css-to-react-native cache-miss
43 silly fetch manifest postcss@8.4.49
44 silly packumentCache full:https://registry.npmjs.org/postcss cache-miss
45 silly fetch manifest shallowequal@1.1.0
46 silly packumentCache full:https://registry.npmjs.org/shallowequal cache-miss
47 silly fetch manifest stylis@4.3.2
48 silly packumentCache full:https://registry.npmjs.org/stylis cache-miss
49 silly fetch manifest tslib@2.6.2
50 silly packumentCache full:https://registry.npmjs.org/tslib cache-miss
51 http fetch GET 200 https://registry.npmjs.org/@types%2fhoist-non-react-statics 192ms (cache miss)
52 silly packumentCache full:https://registry.npmjs.org/@types%2fhoist-non-react-statics set size:undefined disposed:false
53 http fetch GET 200 https://registry.npmjs.org/@types%2fstylis 1139ms (cache miss)
54 silly packumentCache full:https://registry.npmjs.org/@types%2fstylis set size:undefined disposed:false
55 http fetch GET 200 https://registry.npmjs.org/tslib 1507ms (cache revalidated)
56 silly packumentCache full:https://registry.npmjs.org/tslib set size:108820 disposed:false
57 http fetch GET 200 https://registry.npmjs.org/shallowequal 1511ms (cache miss)
58 silly packumentCache full:https://registry.npmjs.org/shallowequal set size:undefined disposed:false
59 http fetch GET 200 https://registry.npmjs.org/css-to-react-native 1526ms (cache miss)
60 silly packumentCache full:https://registry.npmjs.org/css-to-react-native set size:undefined disposed:false
61 http fetch GET 200 https://registry.npmjs.org/@emotion%2fis-prop-valid 1592ms (cache miss)
62 silly packumentCache full:https://registry.npmjs.org/@emotion%2fis-prop-valid set size:undefined disposed:false
63 http fetch GET 200 https://registry.npmjs.org/stylis 1685ms (cache miss)
64 silly packumentCache full:https://registry.npmjs.org/stylis set size:undefined disposed:false
65 http fetch GET 200 https://registry.npmjs.org/@emotion%2funitless 2756ms (cache miss)
66 silly packumentCache full:https://registry.npmjs.org/@emotion%2funitless set size:undefined disposed:false
67 http fetch GET 200 https://registry.npmjs.org/postcss 3613ms (cache revalidated)
68 silly packumentCache full:https://registry.npmjs.org/postcss set size:690248 disposed:false
69 silly placeDep ROOT @types/hoist-non-react-statics@3.3.6 OK for: @types/styled-components@5.1.34 want: *
70 silly fetch manifest hoist-non-react-statics@^3.3.0
71 silly packumentCache full:https://registry.npmjs.org/hoist-non-react-statics cache-miss
72 http fetch GET 200 https://registry.npmjs.org/hoist-non-react-statics 166ms (cache miss)
73 silly packumentCache full:https://registry.npmjs.org/hoist-non-react-statics set size:undefined disposed:false
74 silly placeDep ROOT hoist-non-react-statics@3.3.2 OK for: @types/hoist-non-react-statics@3.3.6 want: ^3.3.0
75 silly fetch manifest react-is@^16.7.0
76 silly packumentCache full:https://registry.npmjs.org/react-is cache-miss
77 http fetch GET 200 https://registry.npmjs.org/react-is 2136ms (cache updated)
78 silly packumentCache full:https://registry.npmjs.org/react-is set size:undefined disposed:false
79 silly placeDep node_modules/hoist-non-react-statics react-is@16.13.1 OK for: hoist-non-react-statics@3.3.2 want: ^16.7.0
80 silly placeDep ROOT @emotion/is-prop-valid@1.2.2 OK for: styled-components@6.1.18 want: 1.2.2
81 silly placeDep ROOT @emotion/unitless@0.8.1 OK for: styled-components@6.1.18 want: 0.8.1
82 silly placeDep ROOT @types/stylis@4.2.5 OK for: styled-components@6.1.18 want: 4.2.5
83 silly placeDep ROOT css-to-react-native@3.2.0 OK for: styled-components@6.1.18 want: 3.2.0
84 silly placeDep node_modules/styled-components postcss@8.4.49 OK for: styled-components@6.1.18 want: 8.4.49
85 silly placeDep ROOT shallowequal@1.1.0 OK for: styled-components@6.1.18 want: 1.1.0
86 silly placeDep ROOT stylis@4.3.2 OK for: styled-components@6.1.18 want: 4.3.2
87 silly placeDep node_modules/styled-components tslib@2.6.2 OK for: styled-components@6.1.18 want: 2.6.2
88 silly fetch manifest @emotion/memoize@^0.8.1
89 silly packumentCache full:https://registry.npmjs.org/@emotion%2fmemoize cache-miss
90 silly fetch manifest camelize@^1.0.0
91 silly packumentCache full:https://registry.npmjs.org/camelize cache-miss
92 silly fetch manifest css-color-keywords@^1.0.0
93 silly packumentCache full:https://registry.npmjs.org/css-color-keywords cache-miss
94 http fetch GET 200 https://registry.npmjs.org/css-color-keywords 606ms (cache miss)
95 silly packumentCache full:https://registry.npmjs.org/css-color-keywords set size:undefined disposed:false
96 http fetch GET 200 https://registry.npmjs.org/camelize 608ms (cache miss)
97 silly packumentCache full:https://registry.npmjs.org/camelize set size:undefined disposed:false
98 http fetch GET 200 https://registry.npmjs.org/@emotion%2fmemoize 624ms (cache miss)
99 silly packumentCache full:https://registry.npmjs.org/@emotion%2fmemoize set size:undefined disposed:false
100 silly placeDep ROOT @emotion/memoize@0.8.1 OK for: @emotion/is-prop-valid@1.2.2 want: ^0.8.1
101 silly placeDep ROOT camelize@1.0.1 OK for: css-to-react-native@3.2.0 want: ^1.0.0
102 silly placeDep ROOT css-color-keywords@1.0.0 OK for: css-to-react-native@3.2.0 want: ^1.0.0
103 silly reify moves {}
104 silly audit bulk request {
104 silly audit   '@adraffy/ens-normalize': [ '1.11.0' ],
104 silly audit   '@ampproject/remapping': [ '2.3.0' ],
104 silly audit   '@babel/code-frame': [ '7.27.1' ],
104 silly audit   '@babel/compat-data': [ '7.27.5' ],
104 silly audit   '@babel/core': [ '7.27.4' ],
104 silly audit   '@babel/generator': [ '7.27.5' ],
104 silly audit   '@babel/helper-compilation-targets': [ '7.27.2' ],
104 silly audit   '@babel/helper-module-imports': [ '7.27.1' ],
104 silly audit   '@babel/helper-module-transforms': [ '7.27.3' ],
104 silly audit   '@babel/helper-plugin-utils': [ '7.27.1' ],
104 silly audit   '@babel/helper-string-parser': [ '7.27.1' ],
104 silly audit   '@babel/helper-validator-identifier': [ '7.27.1' ],
104 silly audit   '@babel/helper-validator-option': [ '7.27.1' ],
104 silly audit   '@babel/helpers': [ '7.27.6' ],
104 silly audit   '@babel/parser': [ '7.27.5' ],
104 silly audit   '@babel/plugin-transform-react-jsx-self': [ '7.27.1' ],
104 silly audit   '@babel/plugin-transform-react-jsx-source': [ '7.27.1' ],
104 silly audit   '@babel/runtime': [ '7.27.6' ],
104 silly audit   '@babel/template': [ '7.27.2' ],
104 silly audit   '@babel/traverse': [ '7.27.4' ],
104 silly audit   '@babel/types': [ '7.27.6' ],
104 silly audit   '@esbuild/aix-ppc64': [ '0.21.5' ],
104 silly audit   '@esbuild/android-arm': [ '0.21.5' ],
104 silly audit   '@esbuild/android-arm64': [ '0.21.5' ],
104 silly audit   '@esbuild/android-x64': [ '0.21.5' ],
104 silly audit   '@esbuild/darwin-arm64': [ '0.21.5' ],
104 silly audit   '@esbuild/darwin-x64': [ '0.21.5' ],
104 silly audit   '@esbuild/freebsd-arm64': [ '0.21.5' ],
104 silly audit   '@esbuild/freebsd-x64': [ '0.21.5' ],
104 silly audit   '@esbuild/linux-arm': [ '0.21.5' ],
104 silly audit   '@esbuild/linux-arm64': [ '0.21.5' ],
104 silly audit   '@esbuild/linux-ia32': [ '0.21.5' ],
104 silly audit   '@esbuild/linux-loong64': [ '0.21.5' ],
104 silly audit   '@esbuild/linux-mips64el': [ '0.21.5' ],
104 silly audit   '@esbuild/linux-ppc64': [ '0.21.5' ],
104 silly audit   '@esbuild/linux-riscv64': [ '0.21.5' ],
104 silly audit   '@esbuild/linux-s390x': [ '0.21.5' ],
104 silly audit   '@esbuild/linux-x64': [ '0.21.5' ],
104 silly audit   '@esbuild/netbsd-x64': [ '0.21.5' ],
104 silly audit   '@esbuild/openbsd-x64': [ '0.21.5' ],
104 silly audit   '@esbuild/sunos-x64': [ '0.21.5' ],
104 silly audit   '@esbuild/win32-arm64': [ '0.21.5' ],
104 silly audit   '@esbuild/win32-ia32': [ '0.21.5' ],
104 silly audit   '@esbuild/win32-x64': [ '0.21.5' ],
104 silly audit   '@farcaster/frame-core': [ '0.1.8' ],
104 silly audit   '@farcaster/frame-sdk': [ '0.0.60' ],
104 silly audit   '@farcaster/quick-auth': [ '0.0.5' ],
104 silly audit   '@jridgewell/gen-mapping': [ '0.3.8' ],
104 silly audit   '@jridgewell/resolve-uri': [ '3.1.2' ],
104 silly audit   '@jridgewell/set-array': [ '1.2.1' ],
104 silly audit   '@jridgewell/sourcemap-codec': [ '1.5.0' ],
104 silly audit   '@jridgewell/trace-mapping': [ '0.3.25' ],
104 silly audit   '@noble/curves': [ '1.9.2' ],
104 silly audit   '@noble/hashes': [ '1.8.0' ],
104 silly audit   '@rolldown/pluginutils': [ '1.0.0-beta.9' ],
104 silly audit   '@rollup/rollup-android-arm-eabi': [ '4.42.0' ],
104 silly audit   '@rollup/rollup-android-arm64': [ '4.42.0' ],
104 silly audit   '@rollup/rollup-darwin-arm64': [ '4.42.0' ],
104 silly audit   '@rollup/rollup-darwin-x64': [ '4.42.0' ],
104 silly audit   '@rollup/rollup-freebsd-arm64': [ '4.42.0' ],
104 silly audit   '@rollup/rollup-freebsd-x64': [ '4.42.0' ],
104 silly audit   '@rollup/rollup-linux-arm-gnueabihf': [ '4.42.0' ],
104 silly audit   '@rollup/rollup-linux-arm-musleabihf': [ '4.42.0' ],
104 silly audit   '@rollup/rollup-linux-arm64-gnu': [ '4.42.0' ],
104 silly audit   '@rollup/rollup-linux-arm64-musl': [ '4.42.0' ],
104 silly audit   '@rollup/rollup-linux-loongarch64-gnu': [ '4.42.0' ],
104 silly audit   '@rollup/rollup-linux-powerpc64le-gnu': [ '4.42.0' ],
104 silly audit   '@rollup/rollup-linux-riscv64-gnu': [ '4.42.0' ],
104 silly audit   '@rollup/rollup-linux-riscv64-musl': [ '4.42.0' ],
104 silly audit   '@rollup/rollup-linux-s390x-gnu': [ '4.42.0' ],
104 silly audit   '@rollup/rollup-linux-x64-gnu': [ '4.42.0' ],
104 silly audit   '@rollup/rollup-linux-x64-musl': [ '4.42.0' ],
104 silly audit   '@rollup/rollup-win32-arm64-msvc': [ '4.42.0' ],
104 silly audit   '@rollup/rollup-win32-ia32-msvc': [ '4.42.0' ],
104 silly audit   '@rollup/rollup-win32-x64-msvc': [ '4.42.0' ],
104 silly audit   '@scure/base': [ '1.2.6' ],
104 silly audit   '@scure/bip32': [ '1.7.0' ],
104 silly audit   '@scure/bip39': [ '1.6.0' ],
104 silly audit   '@solana/buffer-layout': [ '4.0.1' ],
104 silly audit   '@solana/codecs-core': [ '2.1.1' ],
104 silly audit   '@solana/codecs-numbers': [ '2.1.1' ],
104 silly audit   '@solana/errors': [ '2.1.1' ],
104 silly audit   '@solana/web3.js': [ '1.98.2' ],
104 silly audit   '@swc/helpers': [ '0.5.17' ],
104 silly audit   '@types/babel__core': [ '7.20.5' ],
104 silly audit   '@types/babel__generator': [ '7.27.0' ],
104 silly audit   '@types/babel__template': [ '7.4.4' ],
104 silly audit   '@types/babel__traverse': [ '7.20.7' ],
104 silly audit   '@types/connect': [ '3.4.38' ],
104 silly audit   '@types/d3-array': [ '3.2.1' ],
104 silly audit   '@types/d3-color': [ '3.1.3' ],
104 silly audit   '@types/d3-ease': [ '3.0.2' ],
104 silly audit   '@types/d3-interpolate': [ '3.0.4' ],
104 silly audit   '@types/d3-path': [ '3.1.1' ],
104 silly audit   '@types/d3-scale': [ '4.0.9' ],
104 silly audit   '@types/d3-shape': [ '3.1.7' ],
104 silly audit   '@types/d3-time': [ '3.0.4' ],
104 silly audit   '@types/d3-timer': [ '3.0.2' ],
104 silly audit   '@types/estree': [ '1.0.7' ],
104 silly audit   '@types/node': [ '20.19.0', '12.20.55' ],
104 silly audit   '@types/prop-types': [ '15.7.15' ],
104 silly audit   '@types/react': [ '18.3.23' ],
104 silly audit   '@types/react-dom': [ '18.3.7' ],
104 silly audit   '@types/uuid': [ '8.3.4' ],
104 silly audit   '@types/ws': [ '7.4.7', '8.18.1' ],
104 silly audit   '@vitejs/plugin-react': [ '4.5.1' ],
104 silly audit   abitype: [ '1.0.8' ],
104 silly audit   agentkeepalive: [ '4.6.0' ],
104 silly audit   asynckit: [ '0.4.0' ],
104 silly audit   autoprefixer: [ '10.4.21' ],
104 silly audit   axios: [ '1.9.0' ],
104 silly audit   'base-x': [ '3.0.11' ],
104 silly audit   'base64-js': [ '1.5.1' ],
104 silly audit   'bn.js': [ '5.2.2' ],
104 silly audit   borsh: [ '0.7.0' ],
104 silly audit   browserslist: [ '4.25.0' ],
104 silly audit   bs58: [ '4.0.1' ],
104 silly audit   buffer: [ '6.0.3' ],
104 silly audit   bufferutil: [ '4.0.9' ],
104 silly audit   'call-bind-apply-helpers': [ '1.0.2' ],
104 silly audit   'caniuse-lite': [ '1.0.30001721' ],
104 silly audit   chalk: [ '5.4.1' ],
104 silly audit   clsx: [ '2.1.1' ],
104 silly audit   'combined-stream': [ '1.0.8' ],
104 silly audit   comlink: [ '4.4.2' ],
104 silly audit   commander: [ '13.1.0', '2.20.3' ],
104 silly audit   'convert-source-map': [ '2.0.0' ],
104 silly audit   csstype: [ '3.1.3' ],
104 silly audit   'd3-array': [ '3.2.4' ],
104 silly audit   'd3-color': [ '3.1.0' ],
104 silly audit   'd3-ease': [ '3.0.1' ],
104 silly audit   'd3-format': [ '3.1.0' ],
104 silly audit   'd3-interpolate': [ '3.0.1' ],
104 silly audit   'd3-path': [ '3.1.0' ],
104 silly audit   'd3-scale': [ '4.0.2' ],
104 silly audit   'd3-shape': [ '3.2.0' ],
104 silly audit   'd3-time': [ '3.1.0' ],
104 silly audit   'd3-time-format': [ '4.1.0' ],
104 silly audit   'd3-timer': [ '3.0.1' ],
104 silly audit   debug: [ '4.4.1' ],
104 silly audit   'decimal.js-light': [ '2.5.1' ],
104 silly audit   delay: [ '5.0.0' ],
104 silly audit   'delayed-stream': [ '1.0.0' ],
104 silly audit   'dom-helpers': [ '5.2.1' ],
104 silly audit   'dunder-proto': [ '1.0.1' ],
104 silly audit   'electron-to-chromium': [ '1.5.166' ],
104 silly audit   'es-define-property': [ '1.0.1' ],
104 silly audit   'es-errors': [ '1.3.0' ],
104 silly audit   'es-object-atoms': [ '1.1.1' ],
104 silly audit   'es-set-tostringtag': [ '2.1.0' ],
104 silly audit   'es6-promise': [ '4.2.8' ],
104 silly audit   'es6-promisify': [ '5.0.0' ],
104 silly audit   esbuild: [ '0.21.5' ],
104 silly audit   escalade: [ '3.2.0' ],
104 silly audit   eventemitter3: [ '5.0.1', '4.0.7' ],
104 silly audit   eyes: [ '0.1.8' ],
104 silly audit   'fast-equals': [ '5.2.2' ],
104 silly audit   'fast-stable-stringify': [ '1.0.0' ],
104 silly audit   'follow-redirects': [ '1.15.9' ],
104 silly audit   'form-data': [ '4.0.3' ],
104 silly audit   'fraction.js': [ '4.3.7' ],
104 silly audit   fsevents: [ '2.3.3' ],
104 silly audit   'function-bind': [ '1.1.2' ],
104 silly audit   gensync: [ '1.0.0-beta.2' ],
104 silly audit   'get-intrinsic': [ '1.3.0' ],
104 silly audit   'get-proto': [ '1.0.1' ],
104 silly audit   globals: [ '11.12.0' ],
104 silly audit   gopd: [ '1.2.0' ],
104 silly audit   'has-symbols': [ '1.1.0' ],
104 silly audit   'has-tostringtag': [ '1.0.2' ],
104 silly audit   hasown: [ '2.0.2' ],
104 silly audit   'humanize-ms': [ '1.2.1' ],
104 silly audit   ieee754: [ '1.2.1' ],
104 silly audit   internmap: [ '2.0.3' ],
104 silly audit   'isomorphic-ws': [ '4.0.1' ],
104 silly audit   jayson: [ '4.2.0' ],
104 silly audit   jose: [ '5.10.0' ],
104 silly audit   'js-tokens': [ '4.0.0' ],
104 silly audit   jsesc: [ '3.1.0' ],
104 silly audit   'json-stringify-safe': [ '5.0.1' ],
104 silly audit   json5: [ '2.2.3' ],
104 silly audit   lodash: [ '4.17.21' ],
104 silly audit   'loose-envify': [ '1.4.0' ],
104 silly audit   'lru-cache': [ '5.1.1' ],
104 silly audit   'math-intrinsics': [ '1.1.0' ],
104 silly audit   'mime-db': [ '1.52.0' ],
104 silly audit   'mime-types': [ '2.1.35' ],
104 silly audit   ms: [ '2.1.3' ],
104 silly audit   nanoid: [ '3.3.11' ],
104 silly audit   'node-fetch': [ '2.7.0' ],
104 silly audit   'node-gyp-build': [ '4.8.4' ],
104 silly audit   'node-releases': [ '2.0.19' ],
104 silly audit   'normalize-range': [ '0.1.2' ],
104 silly audit   'object-assign': [ '4.1.1' ],
104 silly audit   ox: [ '0.4.4' ],
104 silly audit   picocolors: [ '1.1.1' ],
104 silly audit   postcss: [ '8.5.4', '8.4.49' ],
104 silly audit   'postcss-value-parser': [ '4.2.0' ],
104 silly audit   'prop-types': [ '15.8.1' ],
104 silly audit   'react-is': [ '16.13.1', '18.3.1' ],
104 silly audit   'proxy-from-env': [ '1.1.0' ],
104 silly audit   react: [ '18.3.1' ],
104 silly audit   'react-dom': [ '18.3.1' ],
104 silly audit   'react-refresh': [ '0.17.0' ],
104 silly audit   'react-smooth': [ '4.0.4' ],
104 silly audit   'react-transition-group': [ '4.4.5' ],
104 silly audit   recharts: [ '2.15.3' ],
104 silly audit   'recharts-scale': [ '0.4.5' ],
104 silly audit   rollup: [ '4.42.0' ],
104 silly audit   'rpc-websockets': [ '9.1.1' ],
104 silly audit   ws: [ '8.18.2', '7.5.10' ],
104 silly audit   'safe-buffer': [ '5.2.1' ],
104 silly audit   scheduler: [ '0.23.2' ],
104 silly audit   semver: [ '6.3.1' ],
104 silly audit   'source-map-js': [ '1.2.1' ],
104 silly audit   'stream-chain': [ '2.2.5' ],
104 silly audit   'stream-json': [ '1.9.1' ],
104 silly audit   superstruct: [ '2.0.2' ],
104 silly audit   tailwindcss: [ '4.1.8' ],
104 silly audit   'text-encoding-utf-8': [ '1.0.2' ],
104 silly audit   'tiny-invariant': [ '1.3.3' ],
104 silly audit   tr46: [ '0.0.3' ],
104 silly audit   tslib: [ '2.8.1', '2.6.2' ],
104 silly audit   typescript: [ '5.8.3' ],
104 silly audit   'undici-types': [ '6.21.0' ],
104 silly audit   'update-browserslist-db': [ '1.1.3' ],
104 silly audit   'utf-8-validate': [ '5.0.10' ],
104 silly audit   uuid: [ '8.3.2' ],
104 silly audit   'victory-vendor': [ '36.9.2' ],
104 silly audit   vite: [ '5.4.19' ],
104 silly audit   'webidl-conversions': [ '3.0.1' ],
104 silly audit   'whatwg-url': [ '5.0.0' ],
104 silly audit   yallist: [ '3.1.1' ],
104 silly audit   zod: [ '3.25.56' ],
104 silly audit   '@types/styled-components': [ '5.1.34' ],
104 silly audit   'styled-components': [ '6.1.18' ],
104 silly audit   '@types/hoist-non-react-statics': [ '3.3.6' ],
104 silly audit   'hoist-non-react-statics': [ '3.3.2' ],
104 silly audit   '@emotion/is-prop-valid': [ '1.2.2' ],
104 silly audit   '@emotion/unitless': [ '0.8.1' ],
104 silly audit   '@types/stylis': [ '4.2.5' ],
104 silly audit   'css-to-react-native': [ '3.2.0' ],
104 silly audit   shallowequal: [ '1.1.0' ],
104 silly audit   stylis: [ '4.3.2' ],
104 silly audit   '@emotion/memoize': [ '0.8.1' ],
104 silly audit   camelize: [ '1.0.1' ],
104 silly audit   'css-color-keywords': [ '1.0.0' ]
104 silly audit }
105 verbose reify failed optional dependency C:\Users\essis\OneDrive\Desktop\farcaster-mini-app\node_modules\fsevents
106 silly reify mark deleted [
106 silly reify   'C:\\Users\\essis\\OneDrive\\Desktop\\farcaster-mini-app\\node_modules\\fsevents'
106 silly reify ]
107 verbose reify failed optional dependency C:\Users\essis\OneDrive\Desktop\farcaster-mini-app\node_modules\@rollup\rollup-win32-ia32-msvc
108 silly reify mark deleted [
108 silly reify   'C:\\Users\\essis\\OneDrive\\Desktop\\farcaster-mini-app\\node_modules\\@rollup\\rollup-win32-ia32-msvc'
108 silly reify ]
109 verbose reify failed optional dependency C:\Users\essis\OneDrive\Desktop\farcaster-mini-app\node_modules\@rollup\rollup-win32-arm64-msvc
110 silly reify mark deleted [
110 silly reify   'C:\\Users\\essis\\OneDrive\\Desktop\\farcaster-mini-app\\node_modules\\@rollup\\rollup-win32-arm64-msvc'
110 silly reify ]
111 verbose reify failed optional dependency C:\Users\essis\OneDrive\Desktop\farcaster-mini-app\node_modules\@rollup\rollup-linux-x64-musl
112 silly reify mark deleted [
112 silly reify   'C:\\Users\\essis\\OneDrive\\Desktop\\farcaster-mini-app\\node_modules\\@rollup\\rollup-linux-x64-musl'
112 silly reify ]
113 verbose reify failed optional dependency C:\Users\essis\OneDrive\Desktop\farcaster-mini-app\node_modules\@rollup\rollup-linux-x64-gnu
114 silly reify mark deleted [
114 silly reify   'C:\\Users\\essis\\OneDrive\\Desktop\\farcaster-mini-app\\node_modules\\@rollup\\rollup-linux-x64-gnu'
114 silly reify ]
115 verbose reify failed optional dependency C:\Users\essis\OneDrive\Desktop\farcaster-mini-app\node_modules\@rollup\rollup-linux-s390x-gnu
116 silly reify mark deleted [
116 silly reify   'C:\\Users\\essis\\OneDrive\\Desktop\\farcaster-mini-app\\node_modules\\@rollup\\rollup-linux-s390x-gnu'
116 silly reify ]
117 verbose reify failed optional dependency C:\Users\essis\OneDrive\Desktop\farcaster-mini-app\node_modules\@rollup\rollup-linux-riscv64-musl
118 silly reify mark deleted [
118 silly reify   'C:\\Users\\essis\\OneDrive\\Desktop\\farcaster-mini-app\\node_modules\\@rollup\\rollup-linux-riscv64-musl'
118 silly reify ]
119 verbose reify failed optional dependency C:\Users\essis\OneDrive\Desktop\farcaster-mini-app\node_modules\@rollup\rollup-linux-riscv64-gnu
120 silly reify mark deleted [
120 silly reify   'C:\\Users\\essis\\OneDrive\\Desktop\\farcaster-mini-app\\node_modules\\@rollup\\rollup-linux-riscv64-gnu'
120 silly reify ]
121 verbose reify failed optional dependency C:\Users\essis\OneDrive\Desktop\farcaster-mini-app\node_modules\@rollup\rollup-linux-powerpc64le-gnu
122 silly reify mark deleted [
122 silly reify   'C:\\Users\\essis\\OneDrive\\Desktop\\farcaster-mini-app\\node_modules\\@rollup\\rollup-linux-powerpc64le-gnu'
122 silly reify ]
123 verbose reify failed optional dependency C:\Users\essis\OneDrive\Desktop\farcaster-mini-app\node_modules\@rollup\rollup-linux-loongarch64-gnu
124 silly reify mark deleted [
124 silly reify   'C:\\Users\\essis\\OneDrive\\Desktop\\farcaster-mini-app\\node_modules\\@rollup\\rollup-linux-loongarch64-gnu'
124 silly reify ]
125 verbose reify failed optional dependency C:\Users\essis\OneDrive\Desktop\farcaster-mini-app\node_modules\@rollup\rollup-linux-arm64-musl
126 silly reify mark deleted [
126 silly reify   'C:\\Users\\essis\\OneDrive\\Desktop\\farcaster-mini-app\\node_modules\\@rollup\\rollup-linux-arm64-musl'
126 silly reify ]
127 verbose reify failed optional dependency C:\Users\essis\OneDrive\Desktop\farcaster-mini-app\node_modules\@rollup\rollup-linux-arm64-gnu
128 silly reify mark deleted [
128 silly reify   'C:\\Users\\essis\\OneDrive\\Desktop\\farcaster-mini-app\\node_modules\\@rollup\\rollup-linux-arm64-gnu'
128 silly reify ]
129 verbose reify failed optional dependency C:\Users\essis\OneDrive\Desktop\farcaster-mini-app\node_modules\@rollup\rollup-linux-arm-musleabihf
130 silly reify mark deleted [
130 silly reify   'C:\\Users\\essis\\OneDrive\\Desktop\\farcaster-mini-app\\node_modules\\@rollup\\rollup-linux-arm-musleabihf'
130 silly reify ]
131 verbose reify failed optional dependency C:\Users\essis\OneDrive\Desktop\farcaster-mini-app\node_modules\@rollup\rollup-linux-arm-gnueabihf
132 silly reify mark deleted [
132 silly reify   'C:\\Users\\essis\\OneDrive\\Desktop\\farcaster-mini-app\\node_modules\\@rollup\\rollup-linux-arm-gnueabihf'
132 silly reify ]
133 verbose reify failed optional dependency C:\Users\essis\OneDrive\Desktop\farcaster-mini-app\node_modules\@rollup\rollup-freebsd-x64
134 silly reify mark deleted [
134 silly reify   'C:\\Users\\essis\\OneDrive\\Desktop\\farcaster-mini-app\\node_modules\\@rollup\\rollup-freebsd-x64'
134 silly reify ]
135 verbose reify failed optional dependency C:\Users\essis\OneDrive\Desktop\farcaster-mini-app\node_modules\@rollup\rollup-freebsd-arm64
136 silly reify mark deleted [
136 silly reify   'C:\\Users\\essis\\OneDrive\\Desktop\\farcaster-mini-app\\node_modules\\@rollup\\rollup-freebsd-arm64'
136 silly reify ]
137 verbose reify failed optional dependency C:\Users\essis\OneDrive\Desktop\farcaster-mini-app\node_modules\@rollup\rollup-darwin-x64
138 silly reify mark deleted [
138 silly reify   'C:\\Users\\essis\\OneDrive\\Desktop\\farcaster-mini-app\\node_modules\\@rollup\\rollup-darwin-x64'
138 silly reify ]
139 verbose reify failed optional dependency C:\Users\essis\OneDrive\Desktop\farcaster-mini-app\node_modules\@rollup\rollup-darwin-arm64
140 silly reify mark deleted [
140 silly reify   'C:\\Users\\essis\\OneDrive\\Desktop\\farcaster-mini-app\\node_modules\\@rollup\\rollup-darwin-arm64'
140 silly reify ]
141 verbose reify failed optional dependency C:\Users\essis\OneDrive\Desktop\farcaster-mini-app\node_modules\@rollup\rollup-android-arm64
142 silly reify mark deleted [
142 silly reify   'C:\\Users\\essis\\OneDrive\\Desktop\\farcaster-mini-app\\node_modules\\@rollup\\rollup-android-arm64'
142 silly reify ]
143 verbose reify failed optional dependency C:\Users\essis\OneDrive\Desktop\farcaster-mini-app\node_modules\@rollup\rollup-android-arm-eabi
144 silly reify mark deleted [
144 silly reify   'C:\\Users\\essis\\OneDrive\\Desktop\\farcaster-mini-app\\node_modules\\@rollup\\rollup-android-arm-eabi'
144 silly reify ]
145 verbose reify failed optional dependency C:\Users\essis\OneDrive\Desktop\farcaster-mini-app\node_modules\@esbuild\win32-ia32
146 silly reify mark deleted [
146 silly reify   'C:\\Users\\essis\\OneDrive\\Desktop\\farcaster-mini-app\\node_modules\\@esbuild\\win32-ia32'
146 silly reify ]
147 verbose reify failed optional dependency C:\Users\essis\OneDrive\Desktop\farcaster-mini-app\node_modules\@esbuild\win32-arm64
148 silly reify mark deleted [
148 silly reify   'C:\\Users\\essis\\OneDrive\\Desktop\\farcaster-mini-app\\node_modules\\@esbuild\\win32-arm64'
148 silly reify ]
149 verbose reify failed optional dependency C:\Users\essis\OneDrive\Desktop\farcaster-mini-app\node_modules\@esbuild\sunos-x64
150 silly reify mark deleted [
150 silly reify   'C:\\Users\\essis\\OneDrive\\Desktop\\farcaster-mini-app\\node_modules\\@esbuild\\sunos-x64'
150 silly reify ]
151 verbose reify failed optional dependency C:\Users\essis\OneDrive\Desktop\farcaster-mini-app\node_modules\@esbuild\openbsd-x64
152 silly reify mark deleted [
152 silly reify   'C:\\Users\\essis\\OneDrive\\Desktop\\farcaster-mini-app\\node_modules\\@esbuild\\openbsd-x64'
152 silly reify ]
153 verbose reify failed optional dependency C:\Users\essis\OneDrive\Desktop\farcaster-mini-app\node_modules\@esbuild\netbsd-x64
154 silly reify mark deleted [
154 silly reify   'C:\\Users\\essis\\OneDrive\\Desktop\\farcaster-mini-app\\node_modules\\@esbuild\\netbsd-x64'
154 silly reify ]
155 verbose reify failed optional dependency C:\Users\essis\OneDrive\Desktop\farcaster-mini-app\node_modules\@esbuild\linux-x64
156 silly reify mark deleted [
156 silly reify   'C:\\Users\\essis\\OneDrive\\Desktop\\farcaster-mini-app\\node_modules\\@esbuild\\linux-x64'
156 silly reify ]
157 verbose reify failed optional dependency C:\Users\essis\OneDrive\Desktop\farcaster-mini-app\node_modules\@esbuild\linux-s390x
158 silly reify mark deleted [
158 silly reify   'C:\\Users\\essis\\OneDrive\\Desktop\\farcaster-mini-app\\node_modules\\@esbuild\\linux-s390x'
158 silly reify ]
159 verbose reify failed optional dependency C:\Users\essis\OneDrive\Desktop\farcaster-mini-app\node_modules\@esbuild\linux-riscv64
160 silly reify mark deleted [
160 silly reify   'C:\\Users\\essis\\OneDrive\\Desktop\\farcaster-mini-app\\node_modules\\@esbuild\\linux-riscv64'
160 silly reify ]
161 verbose reify failed optional dependency C:\Users\essis\OneDrive\Desktop\farcaster-mini-app\node_modules\@esbuild\linux-ppc64
162 silly reify mark deleted [
162 silly reify   'C:\\Users\\essis\\OneDrive\\Desktop\\farcaster-mini-app\\node_modules\\@esbuild\\linux-ppc64'
162 silly reify ]
163 verbose reify failed optional dependency C:\Users\essis\OneDrive\Desktop\farcaster-mini-app\node_modules\@esbuild\linux-mips64el
164 silly reify mark deleted [
164 silly reify   'C:\\Users\\essis\\OneDrive\\Desktop\\farcaster-mini-app\\node_modules\\@esbuild\\linux-mips64el'
164 silly reify ]
165 verbose reify failed optional dependency C:\Users\essis\OneDrive\Desktop\farcaster-mini-app\node_modules\@esbuild\linux-loong64
166 silly reify mark deleted [
166 silly reify   'C:\\Users\\essis\\OneDrive\\Desktop\\farcaster-mini-app\\node_modules\\@esbuild\\linux-loong64'
166 silly reify ]
167 verbose reify failed optional dependency C:\Users\essis\OneDrive\Desktop\farcaster-mini-app\node_modules\@esbuild\linux-ia32
168 silly reify mark deleted [
168 silly reify   'C:\\Users\\essis\\OneDrive\\Desktop\\farcaster-mini-app\\node_modules\\@esbuild\\linux-ia32'
168 silly reify ]
169 verbose reify failed optional dependency C:\Users\essis\OneDrive\Desktop\farcaster-mini-app\node_modules\@esbuild\linux-arm64
170 silly reify mark deleted [
170 silly reify   'C:\\Users\\essis\\OneDrive\\Desktop\\farcaster-mini-app\\node_modules\\@esbuild\\linux-arm64'
170 silly reify ]
171 verbose reify failed optional dependency C:\Users\essis\OneDrive\Desktop\farcaster-mini-app\node_modules\@esbuild\linux-arm
172 silly reify mark deleted [
172 silly reify   'C:\\Users\\essis\\OneDrive\\Desktop\\farcaster-mini-app\\node_modules\\@esbuild\\linux-arm'
172 silly reify ]
173 verbose reify failed optional dependency C:\Users\essis\OneDrive\Desktop\farcaster-mini-app\node_modules\@esbuild\freebsd-x64
174 silly reify mark deleted [
174 silly reify   'C:\\Users\\essis\\OneDrive\\Desktop\\farcaster-mini-app\\node_modules\\@esbuild\\freebsd-x64'
174 silly reify ]
175 verbose reify failed optional dependency C:\Users\essis\OneDrive\Desktop\farcaster-mini-app\node_modules\@esbuild\freebsd-arm64
176 silly reify mark deleted [
176 silly reify   'C:\\Users\\essis\\OneDrive\\Desktop\\farcaster-mini-app\\node_modules\\@esbuild\\freebsd-arm64'
176 silly reify ]
177 verbose reify failed optional dependency C:\Users\essis\OneDrive\Desktop\farcaster-mini-app\node_modules\@esbuild\darwin-x64
178 silly reify mark deleted [
178 silly reify   'C:\\Users\\essis\\OneDrive\\Desktop\\farcaster-mini-app\\node_modules\\@esbuild\\darwin-x64'
178 silly reify ]
179 verbose reify failed optional dependency C:\Users\essis\OneDrive\Desktop\farcaster-mini-app\node_modules\@esbuild\darwin-arm64
180 silly reify mark deleted [
180 silly reify   'C:\\Users\\essis\\OneDrive\\Desktop\\farcaster-mini-app\\node_modules\\@esbuild\\darwin-arm64'
180 silly reify ]
181 verbose reify failed optional dependency C:\Users\essis\OneDrive\Desktop\farcaster-mini-app\node_modules\@esbuild\android-x64
182 silly reify mark deleted [
182 silly reify   'C:\\Users\\essis\\OneDrive\\Desktop\\farcaster-mini-app\\node_modules\\@esbuild\\android-x64'
182 silly reify ]
183 verbose reify failed optional dependency C:\Users\essis\OneDrive\Desktop\farcaster-mini-app\node_modules\@esbuild\android-arm64
184 silly reify mark deleted [
184 silly reify   'C:\\Users\\essis\\OneDrive\\Desktop\\farcaster-mini-app\\node_modules\\@esbuild\\android-arm64'
184 silly reify ]
185 verbose reify failed optional dependency C:\Users\essis\OneDrive\Desktop\farcaster-mini-app\node_modules\@esbuild\android-arm
186 silly reify mark deleted [
186 silly reify   'C:\\Users\\essis\\OneDrive\\Desktop\\farcaster-mini-app\\node_modules\\@esbuild\\android-arm'
186 silly reify ]
187 verbose reify failed optional dependency C:\Users\essis\OneDrive\Desktop\farcaster-mini-app\node_modules\@esbuild\aix-ppc64
188 silly reify mark deleted [
188 silly reify   'C:\\Users\\essis\\OneDrive\\Desktop\\farcaster-mini-app\\node_modules\\@esbuild\\aix-ppc64'
188 silly reify ]
189 http cache css-color-keywords@https://registry.npmjs.org/css-color-keywords/-/css-color-keywords-1.0.0.tgz 0ms (cache hit)
190 http cache @emotion/memoize@https://registry.npmjs.org/@emotion/memoize/-/memoize-0.8.1.tgz 0ms (cache hit)
191 http cache camelize@https://registry.npmjs.org/camelize/-/camelize-1.0.1.tgz 0ms (cache hit)
192 http cache css-to-react-native@https://registry.npmjs.org/css-to-react-native/-/css-to-react-native-3.2.0.tgz 0ms (cache hit)
193 http cache shallowequal@https://registry.npmjs.org/shallowequal/-/shallowequal-1.1.0.tgz 0ms (cache hit)
194 http cache @types/stylis@https://registry.npmjs.org/@types/stylis/-/stylis-4.2.5.tgz 0ms (cache hit)
195 http cache stylis@https://registry.npmjs.org/stylis/-/stylis-4.3.2.tgz 0ms (cache hit)
196 http cache @emotion/unitless@https://registry.npmjs.org/@emotion/unitless/-/unitless-0.8.1.tgz 0ms (cache hit)
197 http cache @emotion/is-prop-valid@https://registry.npmjs.org/@emotion/is-prop-valid/-/is-prop-valid-1.2.2.tgz 0ms (cache hit)
198 http cache hoist-non-react-statics@https://registry.npmjs.org/hoist-non-react-statics/-/hoist-non-react-statics-3.3.2.tgz 0ms (cache hit)
199 http cache styled-components@https://registry.npmjs.org/styled-components/-/styled-components-6.1.18.tgz 0ms (cache hit)
200 http cache @types/hoist-non-react-statics@https://registry.npmjs.org/@types/hoist-non-react-statics/-/hoist-non-react-statics-3.3.6.tgz 0ms (cache hit)
201 http cache @types/styled-components@https://registry.npmjs.org/@types/styled-components/-/styled-components-5.1.34.tgz 0ms (cache hit)
202 http cache react-is@https://registry.npmjs.org/react-is/-/react-is-16.13.1.tgz 0ms (cache hit)
203 http cache tslib@https://registry.npmjs.org/tslib/-/tslib-2.6.2.tgz 0ms (cache hit)
204 silly tarball no local data for css-color-keywords@https://registry.npmjs.org/css-color-keywords/-/css-color-keywords-1.0.0.tgz. Extracting by manifest.
205 silly tarball no local data for @emotion/memoize@https://registry.npmjs.org/@emotion/memoize/-/memoize-0.8.1.tgz. Extracting by manifest.
206 silly tarball no local data for camelize@https://registry.npmjs.org/camelize/-/camelize-1.0.1.tgz. Extracting by manifest.
207 silly tarball no local data for css-to-react-native@https://registry.npmjs.org/css-to-react-native/-/css-to-react-native-3.2.0.tgz. Extracting by manifest.
208 silly tarball no local data for shallowequal@https://registry.npmjs.org/shallowequal/-/shallowequal-1.1.0.tgz. Extracting by manifest.
209 silly tarball no local data for @types/stylis@https://registry.npmjs.org/@types/stylis/-/stylis-4.2.5.tgz. Extracting by manifest.
210 silly tarball no local data for stylis@https://registry.npmjs.org/stylis/-/stylis-4.3.2.tgz. Extracting by manifest.
211 silly tarball no local data for @emotion/unitless@https://registry.npmjs.org/@emotion/unitless/-/unitless-0.8.1.tgz. Extracting by manifest.
212 silly tarball no local data for @emotion/is-prop-valid@https://registry.npmjs.org/@emotion/is-prop-valid/-/is-prop-valid-1.2.2.tgz. Extracting by manifest.
213 silly tarball no local data for hoist-non-react-statics@https://registry.npmjs.org/hoist-non-react-statics/-/hoist-non-react-statics-3.3.2.tgz. Extracting by manifest.
214 silly tarball no local data for styled-components@https://registry.npmjs.org/styled-components/-/styled-components-6.1.18.tgz. Extracting by manifest.
215 silly tarball no local data for @types/hoist-non-react-statics@https://registry.npmjs.org/@types/hoist-non-react-statics/-/hoist-non-react-statics-3.3.6.tgz. Extracting by manifest.
216 silly tarball no local data for @types/styled-components@https://registry.npmjs.org/@types/styled-components/-/styled-components-5.1.34.tgz. Extracting by manifest.
217 silly tarball no local data for tslib@https://registry.npmjs.org/tslib/-/tslib-2.6.2.tgz. Extracting by manifest.
218 http cache postcss@https://registry.npmjs.org/postcss/-/postcss-8.4.49.tgz 0ms (cache hit)
219 silly tarball no local data for postcss@https://registry.npmjs.org/postcss/-/postcss-8.4.49.tgz. Extracting by manifest.
220 http fetch GET 200 https://registry.npmjs.org/shallowequal/-/shallowequal-1.1.0.tgz 148ms (cache miss)
221 http fetch GET 200 https://registry.npmjs.org/camelize/-/camelize-1.0.1.tgz 162ms (cache miss)
222 http fetch GET 200 https://registry.npmjs.org/css-color-keywords/-/css-color-keywords-1.0.0.tgz 168ms (cache miss)
223 http fetch GET 200 https://registry.npmjs.org/@types/stylis/-/stylis-4.2.5.tgz 245ms (cache miss)
224 http fetch GET 200 https://registry.npmjs.org/stylis/-/stylis-4.3.2.tgz 262ms (cache miss)
225 http fetch GET 200 https://registry.npmjs.org/@emotion/unitless/-/unitless-0.8.1.tgz 274ms (cache miss)
226 http fetch GET 200 https://registry.npmjs.org/@emotion/memoize/-/memoize-0.8.1.tgz 278ms (cache miss)
227 http fetch GET 200 https://registry.npmjs.org/css-to-react-native/-/css-to-react-native-3.2.0.tgz 315ms (cache miss)
228 http fetch GET 200 https://registry.npmjs.org/@emotion/is-prop-valid/-/is-prop-valid-1.2.2.tgz 596ms (cache miss)
229 http fetch GET 200 https://registry.npmjs.org/tslib/-/tslib-2.6.2.tgz 640ms (cache miss)
230 http fetch POST 200 https://registry.npmjs.org/-/npm/v1/security/advisories/bulk 936ms
231 silly audit report {
231 silly audit report   esbuild: [
231 silly audit report     {
231 silly audit report       id: 1102341,
231 silly audit report       url: 'https://github.com/advisories/GHSA-67mh-4wv8-2f99',
231 silly audit report       title: 'esbuild enables any website to send any requests to the development server and read the response',
231 silly audit report       severity: 'moderate',
231 silly audit report       vulnerable_versions: '<=0.24.2',
231 silly audit report       cwe: [Array],
231 silly audit report       cvss: [Object]
231 silly audit report     }
231 silly audit report   ]
231 silly audit report }
232 silly packumentCache corgi:https://registry.npmjs.org/esbuild cache-miss
233 http fetch GET 200 https://registry.npmjs.org/postcss/-/postcss-8.4.49.tgz 1119ms (cache miss)
234 http fetch GET 200 https://registry.npmjs.org/esbuild 625ms (cache revalidated)
235 silly packumentCache corgi:https://registry.npmjs.org/esbuild set size:861077 disposed:false
236 silly packumentCache corgi:https://registry.npmjs.org/vite cache-miss
237 http fetch GET 200 https://registry.npmjs.org/vite 603ms (cache revalidated)
238 silly packumentCache corgi:https://registry.npmjs.org/vite set size:2013849 disposed:false
239 silly packumentCache corgi:https://registry.npmjs.org/@vitejs%2fplugin-react cache-miss
240 http fetch GET 200 https://registry.npmjs.org/@vitejs%2fplugin-react 596ms (cache revalidated)
241 silly packumentCache corgi:https://registry.npmjs.org/@vitejs%2fplugin-react set size:91077 disposed:false
242 http fetch GET 200 https://registry.npmjs.org/@types/styled-components/-/styled-components-5.1.34.tgz 2899ms (cache miss)
243 http fetch GET 200 https://registry.npmjs.org/@types/hoist-non-react-statics/-/hoist-non-react-statics-3.3.6.tgz 3570ms (cache miss)
244 http fetch GET 200 https://registry.npmjs.org/styled-components/-/styled-components-6.1.18.tgz 3578ms (cache miss)
245 http fetch GET 200 https://registry.npmjs.org/hoist-non-react-statics/-/hoist-non-react-statics-3.3.2.tgz 3579ms (cache miss)
246 silly ADD node_modules/css-color-keywords
247 silly ADD node_modules/camelize
248 silly ADD node_modules/@emotion/memoize
249 silly ADD node_modules/stylis
250 silly ADD node_modules/shallowequal
251 silly ADD node_modules/css-to-react-native
252 silly ADD node_modules/@types/stylis
253 silly ADD node_modules/@emotion/unitless
254 silly ADD node_modules/@emotion/is-prop-valid
255 silly ADD node_modules/hoist-non-react-statics
256 silly ADD node_modules/hoist-non-react-statics/node_modules/react-is
257 silly ADD node_modules/@types/hoist-non-react-statics
258 silly ADD node_modules/styled-components
259 silly ADD node_modules/styled-components/node_modules/tslib
260 silly ADD node_modules/styled-components/node_modules/postcss
261 silly ADD node_modules/@types/styled-components
262 silly ADD
263 silly ADD
264 silly ADD
265 silly ADD
266 silly ADD
267 silly ADD
268 silly ADD
269 silly ADD
270 silly ADD
271 silly ADD
272 silly ADD
273 silly ADD
274 silly ADD
275 silly ADD
276 silly ADD
277 silly ADD
278 silly ADD
279 silly ADD
280 silly ADD
281 silly ADD
282 silly ADD
283 silly ADD
284 silly ADD
285 silly ADD
286 silly ADD
287 silly ADD
288 silly ADD
289 silly ADD
290 silly ADD
291 silly ADD
292 silly ADD
293 silly ADD
294 silly ADD
295 silly ADD
296 silly ADD
297 silly ADD
298 silly ADD
299 silly ADD
300 silly ADD
301 silly ADD
302 silly ADD
303 silly ADD
304 verbose cwd C:\Users\essis\OneDrive\Desktop\farcaster-mini-app
305 verbose os Windows_NT 10.0.26100
306 verbose node v22.16.0
307 verbose npm  v10.9.2
308 verbose exit 0
309 info ok
