0 verbose cli C:\Program Files\nodejs\node.exe C:\Program Files\nodejs\node_modules\npm\bin\npm-cli.js
1 info using npm@10.9.2
2 info using node@v22.16.0
3 silly config load:file:C:\Program Files\nodejs\node_modules\npm\npmrc
4 silly config load:file:C:\Users\essis\OneDrive\Desktop\farcaster-mini-app\.npmrc
5 silly config load:file:C:\Users\essis\.npmrc
6 silly config load:file:C:\Users\essis\AppData\Roaming\npm\etc\npmrc
7 verbose title npm install tailwindcss postcss autoprefixer
8 verbose argv "install" "--save-dev" "tailwindcss" "postcss" "autoprefixer"
9 verbose logfile logs-max:10 dir:C:\Users\essis\OneDrive\Desktop\farcaster-mini-app\verify\_logs\2025-06-10T19_40_33_515Z-
10 verbose logfile C:\Users\essis\OneDrive\Desktop\farcaster-mini-app\verify\_logs\2025-06-10T19_40_33_515Z-debug-0.log
11 silly logfile start cleaning logs, removing 1 files
12 silly packumentCache heap:2197815296 maxSize:549453824 maxEntrySize:274726912
13 silly logfile done cleaning log files
14 silly idealTree buildDeps
15 silly fetch manifest autoprefixer@^10.4.17
16 silly packumentCache full:https://registry.npmjs.org/autoprefixer cache-miss
17 http fetch GET 200 https://registry.npmjs.org/autoprefixer 1193ms (cache revalidated)
18 silly packumentCache full:https://registry.npmjs.org/autoprefixer set size:1238679 disposed:false
19 silly fetch manifest postcss@^8.4.35
20 silly packumentCache full:https://registry.npmjs.org/postcss cache-miss
21 http fetch GET 200 https://registry.npmjs.org/postcss 191ms (cache revalidated)
22 silly packumentCache full:https://registry.npmjs.org/postcss set size:690248 disposed:false
23 silly fetch manifest tailwindcss@^3.4.1
24 silly packumentCache full:https://registry.npmjs.org/tailwindcss cache-miss
25 http fetch GET 200 https://registry.npmjs.org/tailwindcss 221ms (cache revalidated)
26 silly packumentCache full:https://registry.npmjs.org/tailwindcss set size:9095639 disposed:false
27 silly placeDep ROOT autoprefixer@10.4.21 REPLACE for: farcaster-mini-app@0.0.0 want: ^10.4.17
28 silly placeDep ROOT postcss@8.5.4 REPLACE for: farcaster-mini-app@0.0.0 want: ^8.4.35
29 silly placeDep ROOT tailwindcss@3.4.17 REPLACE for: farcaster-mini-app@0.0.0 want: ^3.4.1
30 silly reify moves {}
31 silly audit bulk request {
31 silly audit   '@adobe/css-tools': [ '4.4.3' ],
31 silly audit   '@alloc/quick-lru': [ '5.2.0' ],
31 silly audit   '@ampproject/remapping': [ '2.3.0' ],
31 silly audit   '@babel/code-frame': [ '7.27.1' ],
31 silly audit   '@babel/compat-data': [ '7.27.5' ],
31 silly audit   '@babel/core': [ '7.27.4' ],
31 silly audit   semver: [ '6.3.1', '7.7.2' ],
31 silly audit   '@babel/generator': [ '7.27.5' ],
31 silly audit   '@babel/helper-compilation-targets': [ '7.27.2' ],
31 silly audit   '@babel/helper-module-imports': [ '7.27.1' ],
31 silly audit   '@babel/helper-module-transforms': [ '7.27.3' ],
31 silly audit   '@babel/helper-plugin-utils': [ '7.27.1' ],
31 silly audit   '@babel/helper-string-parser': [ '7.27.1' ],
31 silly audit   '@babel/helper-validator-identifier': [ '7.27.1' ],
31 silly audit   '@babel/helper-validator-option': [ '7.27.1' ],
31 silly audit   '@babel/helpers': [ '7.27.6' ],
31 silly audit   '@babel/parser': [ '7.27.5' ],
31 silly audit   '@babel/plugin-transform-react-jsx-self': [ '7.27.1' ],
31 silly audit   '@babel/plugin-transform-react-jsx-source': [ '7.27.1' ],
31 silly audit   '@babel/runtime': [ '7.27.6' ],
31 silly audit   '@babel/template': [ '7.27.2' ],
31 silly audit   '@babel/traverse': [ '7.27.4' ],
31 silly audit   '@babel/types': [ '7.27.6' ],
31 silly audit   '@esbuild/aix-ppc64': [ '0.21.5' ],
31 silly audit   '@esbuild/android-arm': [ '0.21.5' ],
31 silly audit   '@esbuild/android-arm64': [ '0.21.5' ],
31 silly audit   '@esbuild/android-x64': [ '0.21.5' ],
31 silly audit   '@esbuild/darwin-arm64': [ '0.21.5' ],
31 silly audit   '@esbuild/darwin-x64': [ '0.21.5' ],
31 silly audit   '@esbuild/freebsd-arm64': [ '0.21.5' ],
31 silly audit   '@esbuild/freebsd-x64': [ '0.21.5' ],
31 silly audit   '@esbuild/linux-arm': [ '0.21.5' ],
31 silly audit   '@esbuild/linux-arm64': [ '0.21.5' ],
31 silly audit   '@esbuild/linux-ia32': [ '0.21.5' ],
31 silly audit   '@esbuild/linux-loong64': [ '0.21.5' ],
31 silly audit   '@esbuild/linux-mips64el': [ '0.21.5' ],
31 silly audit   '@esbuild/linux-ppc64': [ '0.21.5' ],
31 silly audit   '@esbuild/linux-riscv64': [ '0.21.5' ],
31 silly audit   '@esbuild/linux-s390x': [ '0.21.5' ],
31 silly audit   '@esbuild/linux-x64': [ '0.21.5' ],
31 silly audit   '@esbuild/netbsd-x64': [ '0.21.5' ],
31 silly audit   '@esbuild/openbsd-x64': [ '0.21.5' ],
31 silly audit   '@esbuild/sunos-x64': [ '0.21.5' ],
31 silly audit   '@esbuild/win32-arm64': [ '0.21.5' ],
31 silly audit   '@esbuild/win32-ia32': [ '0.21.5' ],
31 silly audit   '@esbuild/win32-x64': [ '0.21.5' ],
31 silly audit   '@eslint-community/eslint-utils': [ '4.7.0' ],
31 silly audit   '@eslint-community/regexpp': [ '4.12.1' ],
31 silly audit   '@eslint/eslintrc': [ '2.1.4' ],
31 silly audit   'brace-expansion': [ '1.1.11', '2.0.1' ],
31 silly audit   globals: [ '13.24.0', '11.12.0' ],
31 silly audit   ignore: [ '5.3.2', '7.0.5' ],
31 silly audit   minimatch: [ '3.1.2', '9.0.5' ],
31 silly audit   '@eslint/js': [ '8.57.1' ],
31 silly audit   '@floating-ui/core': [ '1.7.1' ],
31 silly audit   '@floating-ui/dom': [ '1.7.1' ],
31 silly audit   '@floating-ui/react': [ '0.26.28' ],
31 silly audit   '@floating-ui/react-dom': [ '2.1.3' ],
31 silly audit   '@floating-ui/utils': [ '0.2.9' ],
31 silly audit   '@headlessui/react': [ '2.2.4' ],
31 silly audit   '@heroicons/react': [ '2.2.0' ],
31 silly audit   '@humanwhocodes/config-array': [ '0.13.0' ],
31 silly audit   '@humanwhocodes/module-importer': [ '1.0.1' ],
31 silly audit   '@humanwhocodes/object-schema': [ '2.0.3' ],
31 silly audit   '@isaacs/cliui': [ '8.0.2' ],
31 silly audit   'ansi-regex': [ '6.1.0', '5.0.1' ],
31 silly audit   'strip-ansi': [ '7.1.0', '6.0.1' ],
31 silly audit   '@jridgewell/gen-mapping': [ '0.3.8' ],
31 silly audit   '@jridgewell/resolve-uri': [ '3.1.2' ],
31 silly audit   '@jridgewell/set-array': [ '1.2.1' ],
31 silly audit   '@jridgewell/sourcemap-codec': [ '1.5.0' ],
31 silly audit   '@jridgewell/trace-mapping': [ '0.3.25' ],
31 silly audit   '@nodelib/fs.scandir': [ '2.1.5' ],
31 silly audit   '@nodelib/fs.stat': [ '2.0.5' ],
31 silly audit   '@nodelib/fs.walk': [ '1.2.8' ],
31 silly audit   '@pkgjs/parseargs': [ '0.11.0' ],
31 silly audit   '@react-aria/focus': [ '3.20.5' ],
31 silly audit   '@react-aria/interactions': [ '3.25.3' ],
31 silly audit   '@react-aria/ssr': [ '3.9.9' ],
31 silly audit   '@react-aria/utils': [ '3.29.1' ],
31 silly audit   '@react-stately/flags': [ '3.1.2' ],
31 silly audit   '@react-stately/utils': [ '3.10.7' ],
31 silly audit   '@react-types/shared': [ '3.30.0' ],
31 silly audit   '@rolldown/pluginutils': [ '1.0.0-beta.11' ],
31 silly audit   '@rollup/rollup-android-arm-eabi': [ '4.42.0' ],
31 silly audit   '@rollup/rollup-android-arm64': [ '4.42.0' ],
31 silly audit   '@rollup/rollup-darwin-arm64': [ '4.42.0' ],
31 silly audit   '@rollup/rollup-darwin-x64': [ '4.42.0' ],
31 silly audit   '@rollup/rollup-freebsd-arm64': [ '4.42.0' ],
31 silly audit   '@rollup/rollup-freebsd-x64': [ '4.42.0' ],
31 silly audit   '@rollup/rollup-linux-arm-gnueabihf': [ '4.42.0' ],
31 silly audit   '@rollup/rollup-linux-arm-musleabihf': [ '4.42.0' ],
31 silly audit   '@rollup/rollup-linux-arm64-gnu': [ '4.42.0' ],
31 silly audit   '@rollup/rollup-linux-arm64-musl': [ '4.42.0' ],
31 silly audit   '@rollup/rollup-linux-loongarch64-gnu': [ '4.42.0' ],
31 silly audit   '@rollup/rollup-linux-powerpc64le-gnu': [ '4.42.0' ],
31 silly audit   '@rollup/rollup-linux-riscv64-gnu': [ '4.42.0' ],
31 silly audit   '@rollup/rollup-linux-riscv64-musl': [ '4.42.0' ],
31 silly audit   '@rollup/rollup-linux-s390x-gnu': [ '4.42.0' ],
31 silly audit   '@rollup/rollup-linux-x64-gnu': [ '4.42.0' ],
31 silly audit   '@rollup/rollup-linux-x64-musl': [ '4.42.0' ],
31 silly audit   '@rollup/rollup-win32-arm64-msvc': [ '4.42.0' ],
31 silly audit   '@rollup/rollup-win32-ia32-msvc': [ '4.42.0' ],
31 silly audit   '@rollup/rollup-win32-x64-msvc': [ '4.42.0' ],
31 silly audit   '@swc/helpers': [ '0.5.17' ],
31 silly audit   '@tailwindcss/forms': [ '0.5.10' ],
31 silly audit   '@tanstack/query-core': [ '5.80.6' ],
31 silly audit   '@tanstack/react-query': [ '5.80.6' ],
31 silly audit   '@tanstack/react-virtual': [ '3.13.10' ],
31 silly audit   '@tanstack/virtual-core': [ '3.13.10' ],
31 silly audit   '@testing-library/dom': [ '9.3.4' ],
31 silly audit   'aria-query': [ '5.1.3', '5.3.0' ],
31 silly audit   '@testing-library/jest-dom': [ '6.6.3' ],
31 silly audit   chalk: [ '3.0.0', '4.1.2' ],
31 silly audit   'dom-accessibility-api': [ '0.6.3', '0.5.16' ],
31 silly audit   '@testing-library/react': [ '14.3.1' ],
31 silly audit   '@types/aria-query': [ '5.0.4' ],
31 silly audit   '@types/babel__core': [ '7.20.5' ],
31 silly audit   '@types/babel__generator': [ '7.27.0' ],
31 silly audit   '@types/babel__template': [ '7.4.4' ],
31 silly audit   '@types/babel__traverse': [ '7.20.7' ],
31 silly audit   '@types/chai': [ '5.2.2' ],
31 silly audit   '@types/deep-eql': [ '4.0.2' ],
31 silly audit   '@types/estree': [ '1.0.8', '1.0.7' ],
31 silly audit   '@types/prop-types': [ '15.7.15' ],
31 silly audit   '@types/react': [ '18.3.23' ],
31 silly audit   '@types/react-dom': [ '18.3.7' ],
31 silly audit   '@typescript-eslint/eslint-plugin': [ '8.34.0' ],
31 silly audit   '@typescript-eslint/parser': [ '8.34.0' ],
31 silly audit   '@typescript-eslint/project-service': [ '8.34.0' ],
31 silly audit   '@typescript-eslint/scope-manager': [ '8.34.0' ],
31 silly audit   '@typescript-eslint/tsconfig-utils': [ '8.34.0' ],
31 silly audit   '@typescript-eslint/type-utils': [ '8.34.0' ],
31 silly audit   '@typescript-eslint/types': [ '8.34.0' ],
31 silly audit   '@typescript-eslint/typescript-estree': [ '8.34.0' ],
31 silly audit   '@typescript-eslint/utils': [ '8.34.0' ],
31 silly audit   '@typescript-eslint/visitor-keys': [ '8.34.0' ],
31 silly audit   'eslint-visitor-keys': [ '4.2.1', '3.4.3' ],
31 silly audit   '@ungap/structured-clone': [ '1.3.0' ],
31 silly audit   '@vitejs/plugin-react': [ '4.5.2' ],
31 silly audit   '@vitest/expect': [ '3.2.3' ],
31 silly audit   '@vitest/mocker': [ '3.2.3' ],
31 silly audit   '@vitest/pretty-format': [ '3.2.3' ],
31 silly audit   '@vitest/runner': [ '3.2.3' ],
31 silly audit   '@vitest/snapshot': [ '3.2.3' ],
31 silly audit   '@vitest/spy': [ '3.2.3' ],
31 silly audit   '@vitest/utils': [ '3.2.3' ],
31 silly audit   acorn: [ '8.15.0' ],
31 silly audit   'acorn-jsx': [ '5.3.2' ],
31 silly audit   ajv: [ '6.12.6' ],
31 silly audit   'ansi-styles': [ '4.3.0', '5.2.0', '6.2.1' ],
31 silly audit   'any-promise': [ '1.3.0' ],
31 silly audit   anymatch: [ '3.1.3' ],
31 silly audit   arg: [ '5.0.2' ],
31 silly audit   argparse: [ '2.0.1' ],
31 silly audit   'array-buffer-byte-length': [ '1.0.2' ],
31 silly audit   'assertion-error': [ '2.0.1' ],
31 silly audit   'available-typed-arrays': [ '1.0.7' ],
31 silly audit   'balanced-match': [ '1.0.2' ],
31 silly audit   'binary-extensions': [ '2.3.0' ],
31 silly audit   braces: [ '3.0.3' ],
31 silly audit   browserslist: [ '4.25.0' ],
31 silly audit   cac: [ '6.7.14' ],
31 silly audit   'call-bind': [ '1.0.8' ],
31 silly audit   'call-bind-apply-helpers': [ '1.0.2' ],
31 silly audit   'call-bound': [ '1.0.4' ],
31 silly audit   callsites: [ '3.1.0' ],
31 silly audit   'camelcase-css': [ '2.0.1' ],
31 silly audit   'caniuse-lite': [ '1.0.30001721' ],
31 silly audit   chai: [ '5.2.0' ],
31 silly audit   'check-error': [ '2.1.1' ],
31 silly audit   chokidar: [ '3.6.0' ],
31 silly audit   'glob-parent': [ '5.1.2', '6.0.2' ],
31 silly audit   clsx: [ '2.1.1' ],
31 silly audit   'color-convert': [ '2.0.1' ],
31 silly audit   'color-name': [ '1.1.4' ],
31 silly audit   commander: [ '4.1.1' ],
31 silly audit   'concat-map': [ '0.0.1' ],
31 silly audit   'convert-source-map': [ '2.0.0' ],
31 silly audit   'cross-spawn': [ '7.0.6' ],
31 silly audit   'css.escape': [ '1.5.1' ],
31 silly audit   cssesc: [ '3.0.0' ],
31 silly audit   csstype: [ '3.1.3' ],
31 silly audit   'date-fns': [ '4.1.0' ],
31 silly audit   debug: [ '4.4.1' ],
31 silly audit   'deep-eql': [ '5.0.2' ],
31 silly audit   'deep-equal': [ '2.2.3' ],
31 silly audit   'deep-is': [ '0.1.4' ],
31 silly audit   'define-data-property': [ '1.1.4' ],
31 silly audit   'define-properties': [ '1.2.1' ],
31 silly audit   dequal: [ '2.0.3' ],
31 silly audit   didyoumean: [ '1.2.2' ],
31 silly audit   dlv: [ '1.1.3' ],
31 silly audit   doctrine: [ '3.0.0' ],
31 silly audit   'dunder-proto': [ '1.0.1' ],
31 silly audit   eastasianwidth: [ '0.2.0' ],
31 silly audit   'electron-to-chromium': [ '1.5.166' ],
31 silly audit   'emoji-regex': [ '9.2.2', '8.0.0' ],
31 silly audit   'es-define-property': [ '1.0.1' ],
31 silly audit   'es-errors': [ '1.3.0' ],
31 silly audit   'es-get-iterator': [ '1.1.3' ],
31 silly audit   'es-module-lexer': [ '1.7.0' ],
31 silly audit   'es-object-atoms': [ '1.1.1' ],
31 silly audit   esbuild: [ '0.21.5' ],
31 silly audit   escalade: [ '3.2.0' ],
31 silly audit   'escape-string-regexp': [ '4.0.0' ],
31 silly audit   eslint: [ '8.57.1' ],
31 silly audit   'eslint-plugin-react-hooks': [ '4.6.2' ],
31 silly audit   'eslint-plugin-react-refresh': [ '0.4.20' ],
31 silly audit   'eslint-scope': [ '7.2.2' ],
31 silly audit   espree: [ '9.6.1' ],
31 silly audit   esquery: [ '1.6.0' ],
31 silly audit   esrecurse: [ '4.3.0' ],
31 silly audit   estraverse: [ '5.3.0' ],
31 silly audit   'estree-walker': [ '3.0.3' ],
31 silly audit   esutils: [ '2.0.3' ],
31 silly audit   'expect-type': [ '1.2.1' ],
31 silly audit   'fast-deep-equal': [ '3.1.3' ],
31 silly audit   'fast-glob': [ '3.3.3' ],
31 silly audit   'fast-json-stable-stringify': [ '2.1.0' ],
31 silly audit   'fast-levenshtein': [ '2.0.6' ],
31 silly audit   fastq: [ '1.19.1' ],
31 silly audit   'file-entry-cache': [ '6.0.1' ],
31 silly audit   'fill-range': [ '7.1.1' ],
31 silly audit   'find-up': [ '5.0.0' ],
31 silly audit   'flat-cache': [ '3.2.0' ],
31 silly audit   flatted: [ '3.3.3' ],
31 silly audit   'for-each': [ '0.3.5' ],
31 silly audit   'foreground-child': [ '3.3.1' ],
31 silly audit   'fraction.js': [ '4.3.7' ],
31 silly audit   'framer-motion': [ '12.16.0' ],
31 silly audit   'fs.realpath': [ '1.0.0' ],
31 silly audit   fsevents: [ '2.3.3' ],
31 silly audit   'function-bind': [ '1.1.2' ],
31 silly audit   'functions-have-names': [ '1.2.3' ],
31 silly audit   gensync: [ '1.0.0-beta.2' ],
31 silly audit   'get-intrinsic': [ '1.3.0' ],
31 silly audit   'get-proto': [ '1.0.1' ],
31 silly audit   glob: [ '7.2.3', '10.4.5' ],
31 silly audit   gopd: [ '1.2.0' ],
31 silly audit   graphemer: [ '1.4.0' ],
31 silly audit   'has-bigints': [ '1.1.0' ],
31 silly audit   'has-flag': [ '4.0.0' ],
31 silly audit   'has-property-descriptors': [ '1.0.2' ],
31 silly audit   'has-symbols': [ '1.1.0' ],
31 silly audit   'has-tostringtag': [ '1.0.2' ],
31 silly audit   hasown: [ '2.0.2' ],
31 silly audit   idb: [ '8.0.3' ],
31 silly audit   'import-fresh': [ '3.3.1' ],
31 silly audit   imurmurhash: [ '0.1.4' ],
31 silly audit   'indent-string': [ '4.0.0' ],
31 silly audit   inflight: [ '1.0.6' ],
31 silly audit   inherits: [ '2.0.4' ],
31 silly audit   'internal-slot': [ '1.1.0' ],
31 silly audit   'is-arguments': [ '1.2.0' ],
31 silly audit   'is-array-buffer': [ '3.0.5' ],
31 silly audit   'is-bigint': [ '1.1.0' ],
31 silly audit   'is-binary-path': [ '2.1.0' ],
31 silly audit   'is-boolean-object': [ '1.2.2' ],
31 silly audit   'is-callable': [ '1.2.7' ],
31 silly audit   'is-core-module': [ '2.16.1' ],
31 silly audit   'is-date-object': [ '1.1.0' ],
31 silly audit   'is-extglob': [ '2.1.1' ],
31 silly audit   'is-fullwidth-code-point': [ '3.0.0' ],
31 silly audit   'is-glob': [ '4.0.3' ],
31 silly audit   'is-map': [ '2.0.3' ],
31 silly audit   'is-number': [ '7.0.0' ],
31 silly audit   'is-number-object': [ '1.1.1' ],
31 silly audit   'is-path-inside': [ '3.0.3' ],
31 silly audit   'is-regex': [ '1.2.1' ],
31 silly audit   'is-set': [ '2.0.3' ],
31 silly audit   'is-shared-array-buffer': [ '1.0.4' ],
31 silly audit   'is-string': [ '1.1.1' ],
31 silly audit   'is-symbol': [ '1.1.1' ],
31 silly audit   'is-weakmap': [ '2.0.2' ],
31 silly audit   'is-weakset': [ '2.0.4' ],
31 silly audit   isarray: [ '2.0.5' ],
31 silly audit   isexe: [ '2.0.0' ],
31 silly audit   jackspeak: [ '3.4.3' ],
31 silly audit   jiti: [ '1.21.7' ],
31 silly audit   'js-tokens': [ '4.0.0', '9.0.1' ],
31 silly audit   'js-yaml': [ '4.1.0' ],
31 silly audit   jsesc: [ '3.1.0' ],
31 silly audit   'json-buffer': [ '3.0.1' ],
31 silly audit   'json-schema-traverse': [ '0.4.1' ],
31 silly audit   'json-stable-stringify-without-jsonify': [ '1.0.1' ],
31 silly audit   json5: [ '2.2.3' ],
31 silly audit   keyv: [ '4.5.4' ],
31 silly audit   levn: [ '0.4.1' ],
31 silly audit   lilconfig: [ '3.1.3' ],
31 silly audit   'lines-and-columns': [ '1.2.4' ],
31 silly audit   'locate-path': [ '6.0.0' ],
31 silly audit   lodash: [ '4.17.21' ],
31 silly audit   'lodash.merge': [ '4.6.2' ],
31 silly audit   'loose-envify': [ '1.4.0' ],
31 silly audit   loupe: [ '3.1.3' ],
31 silly audit   'lru-cache': [ '5.1.1', '10.4.3' ],
31 silly audit   'lz-string': [ '1.5.0' ],
31 silly audit   'magic-string': [ '0.30.17' ],
31 silly audit   'math-intrinsics': [ '1.1.0' ],
31 silly audit   merge2: [ '1.4.1' ],
31 silly audit   micromatch: [ '4.0.8' ],
31 silly audit   'min-indent': [ '1.0.1' ],
31 silly audit   'mini-svg-data-uri': [ '1.4.4' ],
31 silly audit   minipass: [ '7.1.2' ],
31 silly audit   'motion-dom': [ '12.16.0' ],
31 silly audit   'motion-utils': [ '12.12.1' ],
31 silly audit   ms: [ '2.1.3' ],
31 silly audit   mz: [ '2.7.0' ],
31 silly audit   nanoid: [ '3.3.11' ],
31 silly audit   'natural-compare': [ '1.4.0' ],
31 silly audit   'node-releases': [ '2.0.19' ],
31 silly audit   'normalize-path': [ '3.0.0' ],
31 silly audit   'normalize-range': [ '0.1.2' ],
31 silly audit   'object-assign': [ '4.1.1' ],
31 silly audit   'object-hash': [ '3.0.0' ],
31 silly audit   'object-inspect': [ '1.13.4' ],
31 silly audit   'object-is': [ '1.1.6' ],
31 silly audit   'object-keys': [ '1.1.1' ],
31 silly audit   'object.assign': [ '4.1.7' ],
31 silly audit   once: [ '1.4.0' ],
31 silly audit   optionator: [ '0.9.4' ],
31 silly audit   'p-limit': [ '3.1.0' ],
31 silly audit   'p-locate': [ '5.0.0' ],
31 silly audit   'package-json-from-dist': [ '1.0.1' ],
31 silly audit   'parent-module': [ '1.0.1' ],
31 silly audit   'path-exists': [ '4.0.0' ],
31 silly audit   'path-is-absolute': [ '1.0.1' ],
31 silly audit   'path-key': [ '3.1.1' ],
31 silly audit   'path-parse': [ '1.0.7' ],
31 silly audit   'path-scurry': [ '1.11.1' ],
31 silly audit   pathe: [ '2.0.3' ],
31 silly audit   pathval: [ '2.0.0' ],
31 silly audit   picocolors: [ '1.1.1' ],
31 silly audit   picomatch: [ '2.3.1', '4.0.2' ],
31 silly audit   pify: [ '2.3.0' ],
31 silly audit   pirates: [ '4.0.7' ],
31 silly audit   'possible-typed-array-names': [ '1.1.0' ],
31 silly audit   'postcss-import': [ '15.1.0' ],
31 silly audit   'postcss-js': [ '4.0.1' ],
31 silly audit   'postcss-load-config': [ '4.0.2' ],
31 silly audit   'postcss-nested': [ '6.2.0' ],
31 silly audit   'postcss-selector-parser': [ '6.1.2' ],
31 silly audit   'postcss-value-parser': [ '4.2.0' ],
31 silly audit   'prelude-ls': [ '1.2.1' ],
31 silly audit   prettier: [ '3.5.3' ],
31 silly audit   'pretty-format': [ '27.5.1' ],
31 silly audit   punycode: [ '2.3.1' ],
31 silly audit   'queue-microtask': [ '1.2.3' ],
31 silly audit   react: [ '18.3.1' ],
31 silly audit   'react-dom': [ '18.3.1' ],
31 silly audit   'react-is': [ '17.0.2' ],
31 silly audit   'react-refresh': [ '0.17.0' ],
31 silly audit   'read-cache': [ '1.0.0' ],
31 silly audit   readdirp: [ '3.6.0' ],
31 silly audit   redent: [ '3.0.0' ],
31 silly audit   'regexp.prototype.flags': [ '1.5.4' ],
31 silly audit   resolve: [ '1.22.10' ],
31 silly audit   'resolve-from': [ '4.0.0' ],
31 silly audit   reusify: [ '1.1.0' ],
31 silly audit   rimraf: [ '3.0.2' ],
31 silly audit   rollup: [ '4.42.0' ],
31 silly audit   'run-parallel': [ '1.2.0' ],
31 silly audit   'safe-regex-test': [ '1.1.0' ],
31 silly audit   scheduler: [ '0.23.2' ],
31 silly audit   'set-function-length': [ '1.2.2' ],
31 silly audit   'set-function-name': [ '2.0.2' ],
31 silly audit   'shebang-command': [ '2.0.0' ],
31 silly audit   'shebang-regex': [ '3.0.0' ],
31 silly audit   'side-channel': [ '1.1.0' ],
31 silly audit   'side-channel-list': [ '1.0.0' ],
31 silly audit   'side-channel-map': [ '1.0.1' ],
31 silly audit   'side-channel-weakmap': [ '1.0.2' ],
31 silly audit   siginfo: [ '2.0.0' ],
31 silly audit   'signal-exit': [ '4.1.0' ],
31 silly audit   'source-map-js': [ '1.2.1' ],
31 silly audit   stackback: [ '0.0.2' ],
31 silly audit   'std-env': [ '3.9.0' ],
31 silly audit   'stop-iteration-iterator': [ '1.1.0' ],
31 silly audit   'string-width': [ '5.1.2', '4.2.3' ],
31 silly audit   'strip-indent': [ '3.0.0' ],
31 silly audit   'strip-json-comments': [ '3.1.1' ],
31 silly audit   'strip-literal': [ '3.0.0' ],
31 silly audit   sucrase: [ '3.35.0' ],
31 silly audit   'supports-color': [ '7.2.0' ],
31 silly audit   'supports-preserve-symlinks-flag': [ '1.0.0' ],
31 silly audit   tabbable: [ '6.2.0' ],
31 silly audit   'text-table': [ '0.2.0' ],
31 silly audit   thenify: [ '3.3.1' ],
31 silly audit   'thenify-all': [ '1.6.0' ],
31 silly audit   tinybench: [ '2.9.0' ],
31 silly audit   tinyexec: [ '0.3.2' ],
31 silly audit   tinyglobby: [ '0.2.14' ],
31 silly audit   fdir: [ '6.4.6' ],
31 silly audit   tinypool: [ '1.1.0' ],
31 silly audit   tinyrainbow: [ '2.0.0' ],
31 silly audit   tinyspy: [ '4.0.3' ],
31 silly audit   'to-regex-range': [ '5.0.1' ],
31 silly audit   'ts-api-utils': [ '2.1.0' ],
31 silly audit   'ts-interface-checker': [ '0.1.13' ],
31 silly audit   tslib: [ '2.8.1' ],
31 silly audit   'type-check': [ '0.4.0' ],
31 silly audit   'type-fest': [ '0.20.2' ],
31 silly audit   typescript: [ '5.8.3' ],
31 silly audit   'update-browserslist-db': [ '1.1.3' ],
31 silly audit   'uri-js': [ '4.4.1' ],
31 silly audit   'use-sync-external-store': [ '1.5.0' ],
31 silly audit   'util-deprecate': [ '1.0.2' ],
31 silly audit   vite: [ '5.4.19' ],
31 silly audit   'vite-node': [ '3.2.3' ],
31 silly audit   vitest: [ '3.2.3' ],
31 silly audit   which: [ '2.0.2' ],
31 silly audit   'which-boxed-primitive': [ '1.1.1' ],
31 silly audit   'which-collection': [ '1.0.2' ],
31 silly audit   'which-typed-array': [ '1.1.19' ],
31 silly audit   'why-is-node-running': [ '2.3.0' ],
31 silly audit   'word-wrap': [ '1.2.5' ],
31 silly audit   'wrap-ansi': [ '8.1.0', '7.0.0' ],
31 silly audit   wrappy: [ '1.0.2' ],
31 silly audit   yallist: [ '3.1.1' ],
31 silly audit   yaml: [ '2.8.0' ],
31 silly audit   'yocto-queue': [ '0.1.0' ],
31 silly audit   zustand: [ '5.0.5' ],
31 silly audit   autoprefixer: [ '10.4.21' ],
31 silly audit   postcss: [ '8.5.4' ],
31 silly audit   tailwindcss: [ '3.4.17' ]
31 silly audit }
32 verbose reify failed optional dependency C:\Users\essis\OneDrive\Desktop\farcaster-mini-app\node_modules\fsevents
33 silly reify mark deleted [
33 silly reify   'C:\\Users\\essis\\OneDrive\\Desktop\\farcaster-mini-app\\node_modules\\fsevents'
33 silly reify ]
34 verbose reify failed optional dependency C:\Users\essis\OneDrive\Desktop\farcaster-mini-app\node_modules\@rollup\rollup-win32-ia32-msvc
35 silly reify mark deleted [
35 silly reify   'C:\\Users\\essis\\OneDrive\\Desktop\\farcaster-mini-app\\node_modules\\@rollup\\rollup-win32-ia32-msvc'
35 silly reify ]
36 verbose reify failed optional dependency C:\Users\essis\OneDrive\Desktop\farcaster-mini-app\node_modules\@rollup\rollup-win32-arm64-msvc
37 silly reify mark deleted [
37 silly reify   'C:\\Users\\essis\\OneDrive\\Desktop\\farcaster-mini-app\\node_modules\\@rollup\\rollup-win32-arm64-msvc'
37 silly reify ]
38 verbose reify failed optional dependency C:\Users\essis\OneDrive\Desktop\farcaster-mini-app\node_modules\@rollup\rollup-linux-x64-musl
39 silly reify mark deleted [
39 silly reify   'C:\\Users\\essis\\OneDrive\\Desktop\\farcaster-mini-app\\node_modules\\@rollup\\rollup-linux-x64-musl'
39 silly reify ]
40 verbose reify failed optional dependency C:\Users\essis\OneDrive\Desktop\farcaster-mini-app\node_modules\@rollup\rollup-linux-x64-gnu
41 silly reify mark deleted [
41 silly reify   'C:\\Users\\essis\\OneDrive\\Desktop\\farcaster-mini-app\\node_modules\\@rollup\\rollup-linux-x64-gnu'
41 silly reify ]
42 verbose reify failed optional dependency C:\Users\essis\OneDrive\Desktop\farcaster-mini-app\node_modules\@rollup\rollup-linux-s390x-gnu
43 silly reify mark deleted [
43 silly reify   'C:\\Users\\essis\\OneDrive\\Desktop\\farcaster-mini-app\\node_modules\\@rollup\\rollup-linux-s390x-gnu'
43 silly reify ]
44 verbose reify failed optional dependency C:\Users\essis\OneDrive\Desktop\farcaster-mini-app\node_modules\@rollup\rollup-linux-riscv64-musl
45 silly reify mark deleted [
45 silly reify   'C:\\Users\\essis\\OneDrive\\Desktop\\farcaster-mini-app\\node_modules\\@rollup\\rollup-linux-riscv64-musl'
45 silly reify ]
46 verbose reify failed optional dependency C:\Users\essis\OneDrive\Desktop\farcaster-mini-app\node_modules\@rollup\rollup-linux-riscv64-gnu
47 silly reify mark deleted [
47 silly reify   'C:\\Users\\essis\\OneDrive\\Desktop\\farcaster-mini-app\\node_modules\\@rollup\\rollup-linux-riscv64-gnu'
47 silly reify ]
48 verbose reify failed optional dependency C:\Users\essis\OneDrive\Desktop\farcaster-mini-app\node_modules\@rollup\rollup-linux-powerpc64le-gnu
49 silly reify mark deleted [
49 silly reify   'C:\\Users\\essis\\OneDrive\\Desktop\\farcaster-mini-app\\node_modules\\@rollup\\rollup-linux-powerpc64le-gnu'
49 silly reify ]
50 verbose reify failed optional dependency C:\Users\essis\OneDrive\Desktop\farcaster-mini-app\node_modules\@rollup\rollup-linux-loongarch64-gnu
51 silly reify mark deleted [
51 silly reify   'C:\\Users\\essis\\OneDrive\\Desktop\\farcaster-mini-app\\node_modules\\@rollup\\rollup-linux-loongarch64-gnu'
51 silly reify ]
52 verbose reify failed optional dependency C:\Users\essis\OneDrive\Desktop\farcaster-mini-app\node_modules\@rollup\rollup-linux-arm64-musl
53 silly reify mark deleted [
53 silly reify   'C:\\Users\\essis\\OneDrive\\Desktop\\farcaster-mini-app\\node_modules\\@rollup\\rollup-linux-arm64-musl'
53 silly reify ]
54 verbose reify failed optional dependency C:\Users\essis\OneDrive\Desktop\farcaster-mini-app\node_modules\@rollup\rollup-linux-arm64-gnu
55 silly reify mark deleted [
55 silly reify   'C:\\Users\\essis\\OneDrive\\Desktop\\farcaster-mini-app\\node_modules\\@rollup\\rollup-linux-arm64-gnu'
55 silly reify ]
56 verbose reify failed optional dependency C:\Users\essis\OneDrive\Desktop\farcaster-mini-app\node_modules\@rollup\rollup-linux-arm-musleabihf
57 silly reify mark deleted [
57 silly reify   'C:\\Users\\essis\\OneDrive\\Desktop\\farcaster-mini-app\\node_modules\\@rollup\\rollup-linux-arm-musleabihf'
57 silly reify ]
58 verbose reify failed optional dependency C:\Users\essis\OneDrive\Desktop\farcaster-mini-app\node_modules\@rollup\rollup-linux-arm-gnueabihf
59 silly reify mark deleted [
59 silly reify   'C:\\Users\\essis\\OneDrive\\Desktop\\farcaster-mini-app\\node_modules\\@rollup\\rollup-linux-arm-gnueabihf'
59 silly reify ]
60 verbose reify failed optional dependency C:\Users\essis\OneDrive\Desktop\farcaster-mini-app\node_modules\@rollup\rollup-freebsd-x64
61 silly reify mark deleted [
61 silly reify   'C:\\Users\\essis\\OneDrive\\Desktop\\farcaster-mini-app\\node_modules\\@rollup\\rollup-freebsd-x64'
61 silly reify ]
62 verbose reify failed optional dependency C:\Users\essis\OneDrive\Desktop\farcaster-mini-app\node_modules\@rollup\rollup-freebsd-arm64
63 silly reify mark deleted [
63 silly reify   'C:\\Users\\essis\\OneDrive\\Desktop\\farcaster-mini-app\\node_modules\\@rollup\\rollup-freebsd-arm64'
63 silly reify ]
64 verbose reify failed optional dependency C:\Users\essis\OneDrive\Desktop\farcaster-mini-app\node_modules\@rollup\rollup-darwin-x64
65 silly reify mark deleted [
65 silly reify   'C:\\Users\\essis\\OneDrive\\Desktop\\farcaster-mini-app\\node_modules\\@rollup\\rollup-darwin-x64'
65 silly reify ]
66 verbose reify failed optional dependency C:\Users\essis\OneDrive\Desktop\farcaster-mini-app\node_modules\@rollup\rollup-darwin-arm64
67 silly reify mark deleted [
67 silly reify   'C:\\Users\\essis\\OneDrive\\Desktop\\farcaster-mini-app\\node_modules\\@rollup\\rollup-darwin-arm64'
67 silly reify ]
68 verbose reify failed optional dependency C:\Users\essis\OneDrive\Desktop\farcaster-mini-app\node_modules\@rollup\rollup-android-arm64
69 silly reify mark deleted [
69 silly reify   'C:\\Users\\essis\\OneDrive\\Desktop\\farcaster-mini-app\\node_modules\\@rollup\\rollup-android-arm64'
69 silly reify ]
70 verbose reify failed optional dependency C:\Users\essis\OneDrive\Desktop\farcaster-mini-app\node_modules\@rollup\rollup-android-arm-eabi
71 silly reify mark deleted [
71 silly reify   'C:\\Users\\essis\\OneDrive\\Desktop\\farcaster-mini-app\\node_modules\\@rollup\\rollup-android-arm-eabi'
71 silly reify ]
72 verbose reify failed optional dependency C:\Users\essis\OneDrive\Desktop\farcaster-mini-app\node_modules\@esbuild\win32-ia32
73 silly reify mark deleted [
73 silly reify   'C:\\Users\\essis\\OneDrive\\Desktop\\farcaster-mini-app\\node_modules\\@esbuild\\win32-ia32'
73 silly reify ]
74 verbose reify failed optional dependency C:\Users\essis\OneDrive\Desktop\farcaster-mini-app\node_modules\@esbuild\win32-arm64
75 silly reify mark deleted [
75 silly reify   'C:\\Users\\essis\\OneDrive\\Desktop\\farcaster-mini-app\\node_modules\\@esbuild\\win32-arm64'
75 silly reify ]
76 verbose reify failed optional dependency C:\Users\essis\OneDrive\Desktop\farcaster-mini-app\node_modules\@esbuild\sunos-x64
77 silly reify mark deleted [
77 silly reify   'C:\\Users\\essis\\OneDrive\\Desktop\\farcaster-mini-app\\node_modules\\@esbuild\\sunos-x64'
77 silly reify ]
78 verbose reify failed optional dependency C:\Users\essis\OneDrive\Desktop\farcaster-mini-app\node_modules\@esbuild\openbsd-x64
79 silly reify mark deleted [
79 silly reify   'C:\\Users\\essis\\OneDrive\\Desktop\\farcaster-mini-app\\node_modules\\@esbuild\\openbsd-x64'
79 silly reify ]
80 verbose reify failed optional dependency C:\Users\essis\OneDrive\Desktop\farcaster-mini-app\node_modules\@esbuild\netbsd-x64
81 silly reify mark deleted [
81 silly reify   'C:\\Users\\essis\\OneDrive\\Desktop\\farcaster-mini-app\\node_modules\\@esbuild\\netbsd-x64'
81 silly reify ]
82 verbose reify failed optional dependency C:\Users\essis\OneDrive\Desktop\farcaster-mini-app\node_modules\@esbuild\linux-x64
83 silly reify mark deleted [
83 silly reify   'C:\\Users\\essis\\OneDrive\\Desktop\\farcaster-mini-app\\node_modules\\@esbuild\\linux-x64'
83 silly reify ]
84 verbose reify failed optional dependency C:\Users\essis\OneDrive\Desktop\farcaster-mini-app\node_modules\@esbuild\linux-s390x
85 silly reify mark deleted [
85 silly reify   'C:\\Users\\essis\\OneDrive\\Desktop\\farcaster-mini-app\\node_modules\\@esbuild\\linux-s390x'
85 silly reify ]
86 verbose reify failed optional dependency C:\Users\essis\OneDrive\Desktop\farcaster-mini-app\node_modules\@esbuild\linux-riscv64
87 silly reify mark deleted [
87 silly reify   'C:\\Users\\essis\\OneDrive\\Desktop\\farcaster-mini-app\\node_modules\\@esbuild\\linux-riscv64'
87 silly reify ]
88 verbose reify failed optional dependency C:\Users\essis\OneDrive\Desktop\farcaster-mini-app\node_modules\@esbuild\linux-ppc64
89 silly reify mark deleted [
89 silly reify   'C:\\Users\\essis\\OneDrive\\Desktop\\farcaster-mini-app\\node_modules\\@esbuild\\linux-ppc64'
89 silly reify ]
90 verbose reify failed optional dependency C:\Users\essis\OneDrive\Desktop\farcaster-mini-app\node_modules\@esbuild\linux-mips64el
91 silly reify mark deleted [
91 silly reify   'C:\\Users\\essis\\OneDrive\\Desktop\\farcaster-mini-app\\node_modules\\@esbuild\\linux-mips64el'
91 silly reify ]
92 verbose reify failed optional dependency C:\Users\essis\OneDrive\Desktop\farcaster-mini-app\node_modules\@esbuild\linux-loong64
93 silly reify mark deleted [
93 silly reify   'C:\\Users\\essis\\OneDrive\\Desktop\\farcaster-mini-app\\node_modules\\@esbuild\\linux-loong64'
93 silly reify ]
94 verbose reify failed optional dependency C:\Users\essis\OneDrive\Desktop\farcaster-mini-app\node_modules\@esbuild\linux-ia32
95 silly reify mark deleted [
95 silly reify   'C:\\Users\\essis\\OneDrive\\Desktop\\farcaster-mini-app\\node_modules\\@esbuild\\linux-ia32'
95 silly reify ]
96 verbose reify failed optional dependency C:\Users\essis\OneDrive\Desktop\farcaster-mini-app\node_modules\@esbuild\linux-arm64
97 silly reify mark deleted [
97 silly reify   'C:\\Users\\essis\\OneDrive\\Desktop\\farcaster-mini-app\\node_modules\\@esbuild\\linux-arm64'
97 silly reify ]
98 verbose reify failed optional dependency C:\Users\essis\OneDrive\Desktop\farcaster-mini-app\node_modules\@esbuild\linux-arm
99 silly reify mark deleted [
99 silly reify   'C:\\Users\\essis\\OneDrive\\Desktop\\farcaster-mini-app\\node_modules\\@esbuild\\linux-arm'
99 silly reify ]
100 verbose reify failed optional dependency C:\Users\essis\OneDrive\Desktop\farcaster-mini-app\node_modules\@esbuild\freebsd-x64
101 silly reify mark deleted [
101 silly reify   'C:\\Users\\essis\\OneDrive\\Desktop\\farcaster-mini-app\\node_modules\\@esbuild\\freebsd-x64'
101 silly reify ]
102 verbose reify failed optional dependency C:\Users\essis\OneDrive\Desktop\farcaster-mini-app\node_modules\@esbuild\freebsd-arm64
103 silly reify mark deleted [
103 silly reify   'C:\\Users\\essis\\OneDrive\\Desktop\\farcaster-mini-app\\node_modules\\@esbuild\\freebsd-arm64'
103 silly reify ]
104 verbose reify failed optional dependency C:\Users\essis\OneDrive\Desktop\farcaster-mini-app\node_modules\@esbuild\darwin-x64
105 silly reify mark deleted [
105 silly reify   'C:\\Users\\essis\\OneDrive\\Desktop\\farcaster-mini-app\\node_modules\\@esbuild\\darwin-x64'
105 silly reify ]
106 verbose reify failed optional dependency C:\Users\essis\OneDrive\Desktop\farcaster-mini-app\node_modules\@esbuild\darwin-arm64
107 silly reify mark deleted [
107 silly reify   'C:\\Users\\essis\\OneDrive\\Desktop\\farcaster-mini-app\\node_modules\\@esbuild\\darwin-arm64'
107 silly reify ]
108 verbose reify failed optional dependency C:\Users\essis\OneDrive\Desktop\farcaster-mini-app\node_modules\@esbuild\android-x64
109 silly reify mark deleted [
109 silly reify   'C:\\Users\\essis\\OneDrive\\Desktop\\farcaster-mini-app\\node_modules\\@esbuild\\android-x64'
109 silly reify ]
110 verbose reify failed optional dependency C:\Users\essis\OneDrive\Desktop\farcaster-mini-app\node_modules\@esbuild\android-arm64
111 silly reify mark deleted [
111 silly reify   'C:\\Users\\essis\\OneDrive\\Desktop\\farcaster-mini-app\\node_modules\\@esbuild\\android-arm64'
111 silly reify ]
112 verbose reify failed optional dependency C:\Users\essis\OneDrive\Desktop\farcaster-mini-app\node_modules\@esbuild\android-arm
113 silly reify mark deleted [
113 silly reify   'C:\\Users\\essis\\OneDrive\\Desktop\\farcaster-mini-app\\node_modules\\@esbuild\\android-arm'
113 silly reify ]
114 verbose reify failed optional dependency C:\Users\essis\OneDrive\Desktop\farcaster-mini-app\node_modules\@esbuild\aix-ppc64
115 silly reify mark deleted [
115 silly reify   'C:\\Users\\essis\\OneDrive\\Desktop\\farcaster-mini-app\\node_modules\\@esbuild\\aix-ppc64'
115 silly reify ]
116 http fetch POST 200 https://registry.npmjs.org/-/npm/v1/security/advisories/bulk 918ms
117 silly audit report {
117 silly audit report   esbuild: [
117 silly audit report     {
117 silly audit report       id: 1102341,
117 silly audit report       url: 'https://github.com/advisories/GHSA-67mh-4wv8-2f99',
117 silly audit report       title: 'esbuild enables any website to send any requests to the development server and read the response',
117 silly audit report       severity: 'moderate',
117 silly audit report       vulnerable_versions: '<=0.24.2',
117 silly audit report       cwe: [Array],
117 silly audit report       cvss: [Object]
117 silly audit report     }
117 silly audit report   ]
117 silly audit report }
118 silly packumentCache corgi:https://registry.npmjs.org/esbuild cache-miss
119 http cache https://registry.npmjs.org/esbuild 6ms (cache hit)
120 silly packumentCache corgi:https://registry.npmjs.org/esbuild set size:861077 disposed:false
121 silly packumentCache corgi:https://registry.npmjs.org/vite cache-miss
122 http cache https://registry.npmjs.org/vite 7ms (cache hit)
123 silly packumentCache corgi:https://registry.npmjs.org/vite set size:2013849 disposed:false
124 silly packumentCache corgi:https://registry.npmjs.org/@vitejs%2fplugin-react cache-miss
125 silly packumentCache corgi:https://registry.npmjs.org/@vitest%2fmocker cache-miss
126 silly packumentCache corgi:https://registry.npmjs.org/vite-node cache-miss
127 silly packumentCache corgi:https://registry.npmjs.org/vitest cache-miss
128 http cache https://registry.npmjs.org/@vitejs%2fplugin-react 22ms (cache hit)
129 silly packumentCache corgi:https://registry.npmjs.org/@vitejs%2fplugin-react set size:91077 disposed:false
130 http cache https://registry.npmjs.org/@vitest%2fmocker 29ms (cache hit)
131 silly packumentCache corgi:https://registry.npmjs.org/@vitest%2fmocker set size:46289 disposed:false
132 http cache https://registry.npmjs.org/vitest 32ms (cache hit)
133 silly packumentCache corgi:https://registry.npmjs.org/vitest set size:1087773 disposed:false
134 http cache https://registry.npmjs.org/vite-node 40ms (cache hit)
135 silly packumentCache corgi:https://registry.npmjs.org/vite-node set size:424301 disposed:false
136 silly ADD
137 silly ADD
138 silly ADD
139 silly ADD
140 silly ADD
141 silly ADD
142 silly ADD
143 silly ADD
144 silly ADD
145 silly ADD
146 silly ADD
147 silly ADD
148 silly ADD
149 silly ADD
150 silly ADD
151 silly ADD
152 silly ADD
153 silly ADD
154 silly ADD
155 silly ADD
156 silly ADD
157 silly ADD
158 silly ADD
159 silly ADD
160 silly ADD
161 silly ADD
162 silly ADD
163 silly ADD
164 silly ADD
165 silly ADD
166 silly ADD
167 silly ADD
168 silly ADD
169 silly ADD
170 silly ADD
171 silly ADD
172 silly ADD
173 silly ADD
174 silly ADD
175 silly ADD
176 silly ADD
177 silly ADD
178 verbose cwd C:\Users\essis\OneDrive\Desktop\farcaster-mini-app
179 verbose os Windows_NT 10.0.26100
180 verbose node v22.16.0
181 verbose npm  v10.9.2
182 verbose exit 0
183 info ok
