0 verbose cli C:\Program Files\nodejs\node.exe C:\Program Files\nodejs\node_modules\npm\bin\npm-cli.js
1 info using npm@10.9.2
2 info using node@v22.16.0
3 silly config load:file:C:\Program Files\nodejs\node_modules\npm\npmrc
4 silly config load:file:C:\Users\essis\OneDrive\Desktop\farcaster-mini-app\.npmrc
5 silly config load:file:C:\Users\essis\.npmrc
6 silly config load:file:C:\Users\essis\AppData\Roaming\npm\etc\npmrc
7 verbose title npm install
8 verbose argv "install"
9 verbose logfile logs-max:10 dir:C:\Users\essis\OneDrive\Desktop\farcaster-mini-app\verify\_logs\2025-06-09T21_02_44_344Z-
10 verbose logfile C:\Users\essis\OneDrive\Desktop\farcaster-mini-app\verify\_logs\2025-06-09T21_02_44_344Z-debug-0.log
11 silly logfile done cleaning log files
12 silly packumentCache heap:2197815296 maxSize:549453824 maxEntrySize:274726912
13 silly idealTree buildDeps
14 silly reify moves {}
15 silly audit bulk request {
15 silly audit   '@adraffy/ens-normalize': [ '1.11.0' ],
15 silly audit   '@ampproject/remapping': [ '2.3.0' ],
15 silly audit   '@babel/code-frame': [ '7.27.1' ],
15 silly audit   '@babel/compat-data': [ '7.27.5' ],
15 silly audit   '@babel/core': [ '7.27.4' ],
15 silly audit   '@babel/generator': [ '7.27.5' ],
15 silly audit   '@babel/helper-compilation-targets': [ '7.27.2' ],
15 silly audit   '@babel/helper-module-imports': [ '7.27.1' ],
15 silly audit   '@babel/helper-module-transforms': [ '7.27.3' ],
15 silly audit   '@babel/helper-plugin-utils': [ '7.27.1' ],
15 silly audit   '@babel/helper-string-parser': [ '7.27.1' ],
15 silly audit   '@babel/helper-validator-identifier': [ '7.27.1' ],
15 silly audit   '@babel/helper-validator-option': [ '7.27.1' ],
15 silly audit   '@babel/helpers': [ '7.27.6' ],
15 silly audit   '@babel/parser': [ '7.27.5' ],
15 silly audit   '@babel/plugin-transform-react-jsx-self': [ '7.27.1' ],
15 silly audit   '@babel/plugin-transform-react-jsx-source': [ '7.27.1' ],
15 silly audit   '@babel/runtime': [ '7.27.6' ],
15 silly audit   '@babel/template': [ '7.27.2' ],
15 silly audit   '@babel/traverse': [ '7.27.4' ],
15 silly audit   '@babel/types': [ '7.27.6' ],
15 silly audit   '@esbuild/aix-ppc64': [ '0.21.5' ],
15 silly audit   '@esbuild/android-arm': [ '0.21.5' ],
15 silly audit   '@esbuild/android-arm64': [ '0.21.5' ],
15 silly audit   '@esbuild/android-x64': [ '0.21.5' ],
15 silly audit   '@esbuild/darwin-arm64': [ '0.21.5' ],
15 silly audit   '@esbuild/darwin-x64': [ '0.21.5' ],
15 silly audit   '@esbuild/freebsd-arm64': [ '0.21.5' ],
15 silly audit   '@esbuild/freebsd-x64': [ '0.21.5' ],
15 silly audit   '@esbuild/linux-arm': [ '0.21.5' ],
15 silly audit   '@esbuild/linux-arm64': [ '0.21.5' ],
15 silly audit   '@esbuild/linux-ia32': [ '0.21.5' ],
15 silly audit   '@esbuild/linux-loong64': [ '0.21.5' ],
15 silly audit   '@esbuild/linux-mips64el': [ '0.21.5' ],
15 silly audit   '@esbuild/linux-ppc64': [ '0.21.5' ],
15 silly audit   '@esbuild/linux-riscv64': [ '0.21.5' ],
15 silly audit   '@esbuild/linux-s390x': [ '0.21.5' ],
15 silly audit   '@esbuild/linux-x64': [ '0.21.5' ],
15 silly audit   '@esbuild/netbsd-x64': [ '0.21.5' ],
15 silly audit   '@esbuild/openbsd-x64': [ '0.21.5' ],
15 silly audit   '@esbuild/sunos-x64': [ '0.21.5' ],
15 silly audit   '@esbuild/win32-arm64': [ '0.21.5' ],
15 silly audit   '@esbuild/win32-ia32': [ '0.21.5' ],
15 silly audit   '@esbuild/win32-x64': [ '0.21.5' ],
15 silly audit   '@farcaster/frame-core': [ '0.1.8' ],
15 silly audit   '@farcaster/frame-sdk': [ '0.0.60' ],
15 silly audit   '@farcaster/quick-auth': [ '0.0.5' ],
15 silly audit   '@jridgewell/gen-mapping': [ '0.3.8' ],
15 silly audit   '@jridgewell/resolve-uri': [ '3.1.2' ],
15 silly audit   '@jridgewell/set-array': [ '1.2.1' ],
15 silly audit   '@jridgewell/sourcemap-codec': [ '1.5.0' ],
15 silly audit   '@jridgewell/trace-mapping': [ '0.3.25' ],
15 silly audit   '@noble/curves': [ '1.9.2' ],
15 silly audit   '@noble/hashes': [ '1.8.0' ],
15 silly audit   '@rolldown/pluginutils': [ '1.0.0-beta.9' ],
15 silly audit   '@rollup/rollup-android-arm-eabi': [ '4.42.0' ],
15 silly audit   '@rollup/rollup-android-arm64': [ '4.42.0' ],
15 silly audit   '@rollup/rollup-darwin-arm64': [ '4.42.0' ],
15 silly audit   '@rollup/rollup-darwin-x64': [ '4.42.0' ],
15 silly audit   '@rollup/rollup-freebsd-arm64': [ '4.42.0' ],
15 silly audit   '@rollup/rollup-freebsd-x64': [ '4.42.0' ],
15 silly audit   '@rollup/rollup-linux-arm-gnueabihf': [ '4.42.0' ],
15 silly audit   '@rollup/rollup-linux-arm-musleabihf': [ '4.42.0' ],
15 silly audit   '@rollup/rollup-linux-arm64-gnu': [ '4.42.0' ],
15 silly audit   '@rollup/rollup-linux-arm64-musl': [ '4.42.0' ],
15 silly audit   '@rollup/rollup-linux-loongarch64-gnu': [ '4.42.0' ],
15 silly audit   '@rollup/rollup-linux-powerpc64le-gnu': [ '4.42.0' ],
15 silly audit   '@rollup/rollup-linux-riscv64-gnu': [ '4.42.0' ],
15 silly audit   '@rollup/rollup-linux-riscv64-musl': [ '4.42.0' ],
15 silly audit   '@rollup/rollup-linux-s390x-gnu': [ '4.42.0' ],
15 silly audit   '@rollup/rollup-linux-x64-gnu': [ '4.42.0' ],
15 silly audit   '@rollup/rollup-linux-x64-musl': [ '4.42.0' ],
15 silly audit   '@rollup/rollup-win32-arm64-msvc': [ '4.42.0' ],
15 silly audit   '@rollup/rollup-win32-ia32-msvc': [ '4.42.0' ],
15 silly audit   '@rollup/rollup-win32-x64-msvc': [ '4.42.0' ],
15 silly audit   '@scure/base': [ '1.2.6' ],
15 silly audit   '@scure/bip32': [ '1.7.0' ],
15 silly audit   '@scure/bip39': [ '1.6.0' ],
15 silly audit   '@solana/buffer-layout': [ '4.0.1' ],
15 silly audit   '@solana/codecs-core': [ '2.1.1' ],
15 silly audit   '@solana/codecs-numbers': [ '2.1.1' ],
15 silly audit   '@solana/errors': [ '2.1.1' ],
15 silly audit   '@solana/web3.js': [ '1.98.2' ],
15 silly audit   '@swc/helpers': [ '0.5.17' ],
15 silly audit   '@types/babel__core': [ '7.20.5' ],
15 silly audit   '@types/babel__generator': [ '7.27.0' ],
15 silly audit   '@types/babel__template': [ '7.4.4' ],
15 silly audit   '@types/babel__traverse': [ '7.20.7' ],
15 silly audit   '@types/connect': [ '3.4.38' ],
15 silly audit   '@types/estree': [ '1.0.7' ],
15 silly audit   '@types/node': [ '20.19.0', '12.20.55' ],
15 silly audit   '@types/prop-types': [ '15.7.14' ],
15 silly audit   '@types/react': [ '18.3.23' ],
15 silly audit   '@types/react-dom': [ '18.3.7' ],
15 silly audit   '@types/uuid': [ '8.3.4' ],
15 silly audit   '@types/ws': [ '7.4.7', '8.18.1' ],
15 silly audit   '@vitejs/plugin-react': [ '4.5.1' ],
15 silly audit   abitype: [ '1.0.8' ],
15 silly audit   agentkeepalive: [ '4.6.0' ],
15 silly audit   asynckit: [ '0.4.0' ],
15 silly audit   autoprefixer: [ '10.4.21' ],
15 silly audit   axios: [ '1.9.0' ],
15 silly audit   'base-x': [ '3.0.11' ],
15 silly audit   'base64-js': [ '1.5.1' ],
15 silly audit   'bn.js': [ '5.2.2' ],
15 silly audit   borsh: [ '0.7.0' ],
15 silly audit   browserslist: [ '4.25.0' ],
15 silly audit   bs58: [ '4.0.1' ],
15 silly audit   buffer: [ '6.0.3' ],
15 silly audit   bufferutil: [ '4.0.9' ],
15 silly audit   'call-bind-apply-helpers': [ '1.0.2' ],
15 silly audit   'caniuse-lite': [ '1.0.30001721' ],
15 silly audit   chalk: [ '5.4.1' ],
15 silly audit   'combined-stream': [ '1.0.8' ],
15 silly audit   comlink: [ '4.4.2' ],
15 silly audit   commander: [ '13.1.0', '2.20.3' ],
15 silly audit   'convert-source-map': [ '2.0.0' ],
15 silly audit   csstype: [ '3.1.3' ],
15 silly audit   debug: [ '4.4.1' ],
15 silly audit   delay: [ '5.0.0' ],
15 silly audit   'delayed-stream': [ '1.0.0' ],
15 silly audit   'dunder-proto': [ '1.0.1' ],
15 silly audit   'electron-to-chromium': [ '1.5.165' ],
15 silly audit   'es-define-property': [ '1.0.1' ],
15 silly audit   'es-errors': [ '1.3.0' ],
15 silly audit   'es-object-atoms': [ '1.1.1' ],
15 silly audit   'es-set-tostringtag': [ '2.1.0' ],
15 silly audit   'es6-promise': [ '4.2.8' ],
15 silly audit   'es6-promisify': [ '5.0.0' ],
15 silly audit   esbuild: [ '0.21.5' ],
15 silly audit   escalade: [ '3.2.0' ],
15 silly audit   eventemitter3: [ '5.0.1' ],
15 silly audit   eyes: [ '0.1.8' ],
15 silly audit   'fast-stable-stringify': [ '1.0.0' ],
15 silly audit   'follow-redirects': [ '1.15.9' ],
15 silly audit   'form-data': [ '4.0.3' ],
15 silly audit   'fraction.js': [ '4.3.7' ],
15 silly audit   fsevents: [ '2.3.3' ],
15 silly audit   'function-bind': [ '1.1.2' ],
15 silly audit   gensync: [ '1.0.0-beta.2' ],
15 silly audit   'get-intrinsic': [ '1.3.0' ],
15 silly audit   'get-proto': [ '1.0.1' ],
15 silly audit   globals: [ '11.12.0' ],
15 silly audit   gopd: [ '1.2.0' ],
15 silly audit   'has-symbols': [ '1.1.0' ],
15 silly audit   'has-tostringtag': [ '1.0.2' ],
15 silly audit   hasown: [ '2.0.2' ],
15 silly audit   'humanize-ms': [ '1.2.1' ],
15 silly audit   ieee754: [ '1.2.1' ],
15 silly audit   'isomorphic-ws': [ '4.0.1' ],
15 silly audit   jayson: [ '4.2.0' ],
15 silly audit   jose: [ '5.10.0' ],
15 silly audit   'js-tokens': [ '4.0.0' ],
15 silly audit   jsesc: [ '3.1.0' ],
15 silly audit   'json-stringify-safe': [ '5.0.1' ],
15 silly audit   json5: [ '2.2.3' ],
15 silly audit   'loose-envify': [ '1.4.0' ],
15 silly audit   'lru-cache': [ '5.1.1' ],
15 silly audit   'math-intrinsics': [ '1.1.0' ],
15 silly audit   'mime-db': [ '1.52.0' ],
15 silly audit   'mime-types': [ '2.1.35' ],
15 silly audit   ms: [ '2.1.3' ],
15 silly audit   nanoid: [ '3.3.11' ],
15 silly audit   'node-fetch': [ '2.7.0' ],
15 silly audit   'node-gyp-build': [ '4.8.4' ],
15 silly audit   'node-releases': [ '2.0.19' ],
15 silly audit   'normalize-range': [ '0.1.2' ],
15 silly audit   ox: [ '0.4.4' ],
15 silly audit   picocolors: [ '1.1.1' ],
15 silly audit   postcss: [ '8.5.4' ],
15 silly audit   'postcss-value-parser': [ '4.2.0' ],
15 silly audit   'proxy-from-env': [ '1.1.0' ],
15 silly audit   react: [ '18.3.1' ],
15 silly audit   'react-dom': [ '18.3.1' ],
15 silly audit   'react-refresh': [ '0.17.0' ],
15 silly audit   rollup: [ '4.42.0' ],
15 silly audit   'rpc-websockets': [ '9.1.1' ],
15 silly audit   ws: [ '8.18.2', '7.5.10' ],
15 silly audit   'safe-buffer': [ '5.2.1' ],
15 silly audit   scheduler: [ '0.23.2' ],
15 silly audit   semver: [ '6.3.1' ],
15 silly audit   'source-map-js': [ '1.2.1' ],
15 silly audit   'stream-chain': [ '2.2.5' ],
15 silly audit   'stream-json': [ '1.9.1' ],
15 silly audit   superstruct: [ '2.0.2' ],
15 silly audit   tailwindcss: [ '4.1.8' ],
15 silly audit   'text-encoding-utf-8': [ '1.0.2' ],
15 silly audit   tr46: [ '0.0.3' ],
15 silly audit   tslib: [ '2.8.1' ],
15 silly audit   typescript: [ '5.8.3' ],
15 silly audit   'undici-types': [ '6.21.0' ],
15 silly audit   'update-browserslist-db': [ '1.1.3' ],
15 silly audit   'utf-8-validate': [ '5.0.10' ],
15 silly audit   uuid: [ '8.3.2' ],
15 silly audit   vite: [ '5.4.19' ],
15 silly audit   'webidl-conversions': [ '3.0.1' ],
15 silly audit   'whatwg-url': [ '5.0.0' ],
15 silly audit   yallist: [ '3.1.1' ],
15 silly audit   zod: [ '3.25.56' ]
15 silly audit }
16 verbose reify failed optional dependency C:\Users\essis\OneDrive\Desktop\farcaster-mini-app\node_modules\fsevents
17 silly reify mark deleted [
17 silly reify   'C:\\Users\\essis\\OneDrive\\Desktop\\farcaster-mini-app\\node_modules\\fsevents'
17 silly reify ]
18 verbose reify failed optional dependency C:\Users\essis\OneDrive\Desktop\farcaster-mini-app\node_modules\@rollup\rollup-win32-ia32-msvc
19 silly reify mark deleted [
19 silly reify   'C:\\Users\\essis\\OneDrive\\Desktop\\farcaster-mini-app\\node_modules\\@rollup\\rollup-win32-ia32-msvc'
19 silly reify ]
20 verbose reify failed optional dependency C:\Users\essis\OneDrive\Desktop\farcaster-mini-app\node_modules\@rollup\rollup-win32-arm64-msvc
21 silly reify mark deleted [
21 silly reify   'C:\\Users\\essis\\OneDrive\\Desktop\\farcaster-mini-app\\node_modules\\@rollup\\rollup-win32-arm64-msvc'
21 silly reify ]
22 verbose reify failed optional dependency C:\Users\essis\OneDrive\Desktop\farcaster-mini-app\node_modules\@rollup\rollup-linux-x64-musl
23 silly reify mark deleted [
23 silly reify   'C:\\Users\\essis\\OneDrive\\Desktop\\farcaster-mini-app\\node_modules\\@rollup\\rollup-linux-x64-musl'
23 silly reify ]
24 verbose reify failed optional dependency C:\Users\essis\OneDrive\Desktop\farcaster-mini-app\node_modules\@rollup\rollup-linux-x64-gnu
25 silly reify mark deleted [
25 silly reify   'C:\\Users\\essis\\OneDrive\\Desktop\\farcaster-mini-app\\node_modules\\@rollup\\rollup-linux-x64-gnu'
25 silly reify ]
26 verbose reify failed optional dependency C:\Users\essis\OneDrive\Desktop\farcaster-mini-app\node_modules\@rollup\rollup-linux-s390x-gnu
27 silly reify mark deleted [
27 silly reify   'C:\\Users\\essis\\OneDrive\\Desktop\\farcaster-mini-app\\node_modules\\@rollup\\rollup-linux-s390x-gnu'
27 silly reify ]
28 verbose reify failed optional dependency C:\Users\essis\OneDrive\Desktop\farcaster-mini-app\node_modules\@rollup\rollup-linux-riscv64-musl
29 silly reify mark deleted [
29 silly reify   'C:\\Users\\essis\\OneDrive\\Desktop\\farcaster-mini-app\\node_modules\\@rollup\\rollup-linux-riscv64-musl'
29 silly reify ]
30 verbose reify failed optional dependency C:\Users\essis\OneDrive\Desktop\farcaster-mini-app\node_modules\@rollup\rollup-linux-riscv64-gnu
31 silly reify mark deleted [
31 silly reify   'C:\\Users\\essis\\OneDrive\\Desktop\\farcaster-mini-app\\node_modules\\@rollup\\rollup-linux-riscv64-gnu'
31 silly reify ]
32 verbose reify failed optional dependency C:\Users\essis\OneDrive\Desktop\farcaster-mini-app\node_modules\@rollup\rollup-linux-powerpc64le-gnu
33 silly reify mark deleted [
33 silly reify   'C:\\Users\\essis\\OneDrive\\Desktop\\farcaster-mini-app\\node_modules\\@rollup\\rollup-linux-powerpc64le-gnu'
33 silly reify ]
34 verbose reify failed optional dependency C:\Users\essis\OneDrive\Desktop\farcaster-mini-app\node_modules\@rollup\rollup-linux-loongarch64-gnu
35 silly reify mark deleted [
35 silly reify   'C:\\Users\\essis\\OneDrive\\Desktop\\farcaster-mini-app\\node_modules\\@rollup\\rollup-linux-loongarch64-gnu'
35 silly reify ]
36 verbose reify failed optional dependency C:\Users\essis\OneDrive\Desktop\farcaster-mini-app\node_modules\@rollup\rollup-linux-arm64-musl
37 silly reify mark deleted [
37 silly reify   'C:\\Users\\essis\\OneDrive\\Desktop\\farcaster-mini-app\\node_modules\\@rollup\\rollup-linux-arm64-musl'
37 silly reify ]
38 verbose reify failed optional dependency C:\Users\essis\OneDrive\Desktop\farcaster-mini-app\node_modules\@rollup\rollup-linux-arm64-gnu
39 silly reify mark deleted [
39 silly reify   'C:\\Users\\essis\\OneDrive\\Desktop\\farcaster-mini-app\\node_modules\\@rollup\\rollup-linux-arm64-gnu'
39 silly reify ]
40 verbose reify failed optional dependency C:\Users\essis\OneDrive\Desktop\farcaster-mini-app\node_modules\@rollup\rollup-linux-arm-musleabihf
41 silly reify mark deleted [
41 silly reify   'C:\\Users\\essis\\OneDrive\\Desktop\\farcaster-mini-app\\node_modules\\@rollup\\rollup-linux-arm-musleabihf'
41 silly reify ]
42 verbose reify failed optional dependency C:\Users\essis\OneDrive\Desktop\farcaster-mini-app\node_modules\@rollup\rollup-linux-arm-gnueabihf
43 silly reify mark deleted [
43 silly reify   'C:\\Users\\essis\\OneDrive\\Desktop\\farcaster-mini-app\\node_modules\\@rollup\\rollup-linux-arm-gnueabihf'
43 silly reify ]
44 verbose reify failed optional dependency C:\Users\essis\OneDrive\Desktop\farcaster-mini-app\node_modules\@rollup\rollup-freebsd-x64
45 silly reify mark deleted [
45 silly reify   'C:\\Users\\essis\\OneDrive\\Desktop\\farcaster-mini-app\\node_modules\\@rollup\\rollup-freebsd-x64'
45 silly reify ]
46 verbose reify failed optional dependency C:\Users\essis\OneDrive\Desktop\farcaster-mini-app\node_modules\@rollup\rollup-freebsd-arm64
47 silly reify mark deleted [
47 silly reify   'C:\\Users\\essis\\OneDrive\\Desktop\\farcaster-mini-app\\node_modules\\@rollup\\rollup-freebsd-arm64'
47 silly reify ]
48 verbose reify failed optional dependency C:\Users\essis\OneDrive\Desktop\farcaster-mini-app\node_modules\@rollup\rollup-darwin-x64
49 silly reify mark deleted [
49 silly reify   'C:\\Users\\essis\\OneDrive\\Desktop\\farcaster-mini-app\\node_modules\\@rollup\\rollup-darwin-x64'
49 silly reify ]
50 verbose reify failed optional dependency C:\Users\essis\OneDrive\Desktop\farcaster-mini-app\node_modules\@rollup\rollup-darwin-arm64
51 silly reify mark deleted [
51 silly reify   'C:\\Users\\essis\\OneDrive\\Desktop\\farcaster-mini-app\\node_modules\\@rollup\\rollup-darwin-arm64'
51 silly reify ]
52 verbose reify failed optional dependency C:\Users\essis\OneDrive\Desktop\farcaster-mini-app\node_modules\@rollup\rollup-android-arm64
53 silly reify mark deleted [
53 silly reify   'C:\\Users\\essis\\OneDrive\\Desktop\\farcaster-mini-app\\node_modules\\@rollup\\rollup-android-arm64'
53 silly reify ]
54 verbose reify failed optional dependency C:\Users\essis\OneDrive\Desktop\farcaster-mini-app\node_modules\@rollup\rollup-android-arm-eabi
55 silly reify mark deleted [
55 silly reify   'C:\\Users\\essis\\OneDrive\\Desktop\\farcaster-mini-app\\node_modules\\@rollup\\rollup-android-arm-eabi'
55 silly reify ]
56 verbose reify failed optional dependency C:\Users\essis\OneDrive\Desktop\farcaster-mini-app\node_modules\@esbuild\win32-ia32
57 silly reify mark deleted [
57 silly reify   'C:\\Users\\essis\\OneDrive\\Desktop\\farcaster-mini-app\\node_modules\\@esbuild\\win32-ia32'
57 silly reify ]
58 verbose reify failed optional dependency C:\Users\essis\OneDrive\Desktop\farcaster-mini-app\node_modules\@esbuild\win32-arm64
59 silly reify mark deleted [
59 silly reify   'C:\\Users\\essis\\OneDrive\\Desktop\\farcaster-mini-app\\node_modules\\@esbuild\\win32-arm64'
59 silly reify ]
60 verbose reify failed optional dependency C:\Users\essis\OneDrive\Desktop\farcaster-mini-app\node_modules\@esbuild\sunos-x64
61 silly reify mark deleted [
61 silly reify   'C:\\Users\\essis\\OneDrive\\Desktop\\farcaster-mini-app\\node_modules\\@esbuild\\sunos-x64'
61 silly reify ]
62 verbose reify failed optional dependency C:\Users\essis\OneDrive\Desktop\farcaster-mini-app\node_modules\@esbuild\openbsd-x64
63 silly reify mark deleted [
63 silly reify   'C:\\Users\\essis\\OneDrive\\Desktop\\farcaster-mini-app\\node_modules\\@esbuild\\openbsd-x64'
63 silly reify ]
64 verbose reify failed optional dependency C:\Users\essis\OneDrive\Desktop\farcaster-mini-app\node_modules\@esbuild\netbsd-x64
65 silly reify mark deleted [
65 silly reify   'C:\\Users\\essis\\OneDrive\\Desktop\\farcaster-mini-app\\node_modules\\@esbuild\\netbsd-x64'
65 silly reify ]
66 verbose reify failed optional dependency C:\Users\essis\OneDrive\Desktop\farcaster-mini-app\node_modules\@esbuild\linux-x64
67 silly reify mark deleted [
67 silly reify   'C:\\Users\\essis\\OneDrive\\Desktop\\farcaster-mini-app\\node_modules\\@esbuild\\linux-x64'
67 silly reify ]
68 verbose reify failed optional dependency C:\Users\essis\OneDrive\Desktop\farcaster-mini-app\node_modules\@esbuild\linux-s390x
69 silly reify mark deleted [
69 silly reify   'C:\\Users\\essis\\OneDrive\\Desktop\\farcaster-mini-app\\node_modules\\@esbuild\\linux-s390x'
69 silly reify ]
70 verbose reify failed optional dependency C:\Users\essis\OneDrive\Desktop\farcaster-mini-app\node_modules\@esbuild\linux-riscv64
71 silly reify mark deleted [
71 silly reify   'C:\\Users\\essis\\OneDrive\\Desktop\\farcaster-mini-app\\node_modules\\@esbuild\\linux-riscv64'
71 silly reify ]
72 verbose reify failed optional dependency C:\Users\essis\OneDrive\Desktop\farcaster-mini-app\node_modules\@esbuild\linux-ppc64
73 silly reify mark deleted [
73 silly reify   'C:\\Users\\essis\\OneDrive\\Desktop\\farcaster-mini-app\\node_modules\\@esbuild\\linux-ppc64'
73 silly reify ]
74 verbose reify failed optional dependency C:\Users\essis\OneDrive\Desktop\farcaster-mini-app\node_modules\@esbuild\linux-mips64el
75 silly reify mark deleted [
75 silly reify   'C:\\Users\\essis\\OneDrive\\Desktop\\farcaster-mini-app\\node_modules\\@esbuild\\linux-mips64el'
75 silly reify ]
76 verbose reify failed optional dependency C:\Users\essis\OneDrive\Desktop\farcaster-mini-app\node_modules\@esbuild\linux-loong64
77 silly reify mark deleted [
77 silly reify   'C:\\Users\\essis\\OneDrive\\Desktop\\farcaster-mini-app\\node_modules\\@esbuild\\linux-loong64'
77 silly reify ]
78 verbose reify failed optional dependency C:\Users\essis\OneDrive\Desktop\farcaster-mini-app\node_modules\@esbuild\linux-ia32
79 silly reify mark deleted [
79 silly reify   'C:\\Users\\essis\\OneDrive\\Desktop\\farcaster-mini-app\\node_modules\\@esbuild\\linux-ia32'
79 silly reify ]
80 verbose reify failed optional dependency C:\Users\essis\OneDrive\Desktop\farcaster-mini-app\node_modules\@esbuild\linux-arm64
81 silly reify mark deleted [
81 silly reify   'C:\\Users\\essis\\OneDrive\\Desktop\\farcaster-mini-app\\node_modules\\@esbuild\\linux-arm64'
81 silly reify ]
82 verbose reify failed optional dependency C:\Users\essis\OneDrive\Desktop\farcaster-mini-app\node_modules\@esbuild\linux-arm
83 silly reify mark deleted [
83 silly reify   'C:\\Users\\essis\\OneDrive\\Desktop\\farcaster-mini-app\\node_modules\\@esbuild\\linux-arm'
83 silly reify ]
84 verbose reify failed optional dependency C:\Users\essis\OneDrive\Desktop\farcaster-mini-app\node_modules\@esbuild\freebsd-x64
85 silly reify mark deleted [
85 silly reify   'C:\\Users\\essis\\OneDrive\\Desktop\\farcaster-mini-app\\node_modules\\@esbuild\\freebsd-x64'
85 silly reify ]
86 verbose reify failed optional dependency C:\Users\essis\OneDrive\Desktop\farcaster-mini-app\node_modules\@esbuild\freebsd-arm64
87 silly reify mark deleted [
87 silly reify   'C:\\Users\\essis\\OneDrive\\Desktop\\farcaster-mini-app\\node_modules\\@esbuild\\freebsd-arm64'
87 silly reify ]
88 verbose reify failed optional dependency C:\Users\essis\OneDrive\Desktop\farcaster-mini-app\node_modules\@esbuild\darwin-x64
89 silly reify mark deleted [
89 silly reify   'C:\\Users\\essis\\OneDrive\\Desktop\\farcaster-mini-app\\node_modules\\@esbuild\\darwin-x64'
89 silly reify ]
90 verbose reify failed optional dependency C:\Users\essis\OneDrive\Desktop\farcaster-mini-app\node_modules\@esbuild\darwin-arm64
91 silly reify mark deleted [
91 silly reify   'C:\\Users\\essis\\OneDrive\\Desktop\\farcaster-mini-app\\node_modules\\@esbuild\\darwin-arm64'
91 silly reify ]
92 verbose reify failed optional dependency C:\Users\essis\OneDrive\Desktop\farcaster-mini-app\node_modules\@esbuild\android-x64
93 silly reify mark deleted [
93 silly reify   'C:\\Users\\essis\\OneDrive\\Desktop\\farcaster-mini-app\\node_modules\\@esbuild\\android-x64'
93 silly reify ]
94 verbose reify failed optional dependency C:\Users\essis\OneDrive\Desktop\farcaster-mini-app\node_modules\@esbuild\android-arm64
95 silly reify mark deleted [
95 silly reify   'C:\\Users\\essis\\OneDrive\\Desktop\\farcaster-mini-app\\node_modules\\@esbuild\\android-arm64'
95 silly reify ]
96 verbose reify failed optional dependency C:\Users\essis\OneDrive\Desktop\farcaster-mini-app\node_modules\@esbuild\android-arm
97 silly reify mark deleted [
97 silly reify   'C:\\Users\\essis\\OneDrive\\Desktop\\farcaster-mini-app\\node_modules\\@esbuild\\android-arm'
97 silly reify ]
98 verbose reify failed optional dependency C:\Users\essis\OneDrive\Desktop\farcaster-mini-app\node_modules\@esbuild\aix-ppc64
99 silly reify mark deleted [
99 silly reify   'C:\\Users\\essis\\OneDrive\\Desktop\\farcaster-mini-app\\node_modules\\@esbuild\\aix-ppc64'
99 silly reify ]
100 http cache ws@https://registry.npmjs.org/ws/-/ws-7.5.10.tgz 1ms (cache hit)
101 http cache zod@https://registry.npmjs.org/zod/-/zod-3.25.56.tgz 0ms (cache hit)
102 http cache yallist@https://registry.npmjs.org/yallist/-/yallist-3.1.1.tgz 0ms (cache hit)
103 http cache whatwg-url@https://registry.npmjs.org/whatwg-url/-/whatwg-url-5.0.0.tgz 0ms (cache hit)
104 http cache vite@https://registry.npmjs.org/vite/-/vite-5.4.19.tgz 0ms (cache hit)
105 http cache webidl-conversions@https://registry.npmjs.org/webidl-conversions/-/webidl-conversions-3.0.1.tgz 0ms (cache hit)
106 http cache uuid@https://registry.npmjs.org/uuid/-/uuid-8.3.2.tgz 0ms (cache hit)
107 http cache update-browserslist-db@https://registry.npmjs.org/update-browserslist-db/-/update-browserslist-db-1.1.3.tgz 0ms (cache hit)
108 http cache undici-types@https://registry.npmjs.org/undici-types/-/undici-types-6.21.0.tgz 0ms (cache hit)
109 http cache utf-8-validate@https://registry.npmjs.org/utf-8-validate/-/utf-8-validate-5.0.10.tgz 1ms (cache hit)
110 http cache typescript@https://registry.npmjs.org/typescript/-/typescript-5.8.3.tgz 0ms (cache hit)
111 http cache tr46@https://registry.npmjs.org/tr46/-/tr46-0.0.3.tgz 0ms (cache hit)
112 http cache tslib@https://registry.npmjs.org/tslib/-/tslib-2.8.1.tgz 0ms (cache hit)
113 http cache tailwindcss@https://registry.npmjs.org/tailwindcss/-/tailwindcss-4.1.8.tgz 0ms (cache hit)
114 http cache superstruct@https://registry.npmjs.org/superstruct/-/superstruct-2.0.2.tgz 0ms (cache hit)
115 http cache text-encoding-utf-8@https://registry.npmjs.org/text-encoding-utf-8/-/text-encoding-utf-8-1.0.2.tgz 0ms (cache hit)
116 http cache stream-json@https://registry.npmjs.org/stream-json/-/stream-json-1.9.1.tgz 0ms (cache hit)
117 http cache stream-chain@https://registry.npmjs.org/stream-chain/-/stream-chain-2.2.5.tgz 0ms (cache hit)
118 http cache source-map-js@https://registry.npmjs.org/source-map-js/-/source-map-js-1.2.1.tgz 0ms (cache hit)
119 http cache semver@https://registry.npmjs.org/semver/-/semver-6.3.1.tgz 0ms (cache hit)
120 http cache scheduler@https://registry.npmjs.org/scheduler/-/scheduler-0.23.2.tgz 0ms (cache hit)
121 http cache safe-buffer@https://registry.npmjs.org/safe-buffer/-/safe-buffer-5.2.1.tgz 0ms (cache hit)
122 http cache rpc-websockets@https://registry.npmjs.org/rpc-websockets/-/rpc-websockets-9.1.1.tgz 0ms (cache hit)
123 http cache rollup@https://registry.npmjs.org/rollup/-/rollup-4.42.0.tgz 0ms (cache hit)
124 http cache react-refresh@https://registry.npmjs.org/react-refresh/-/react-refresh-0.17.0.tgz 0ms (cache hit)
125 http cache react-dom@https://registry.npmjs.org/react-dom/-/react-dom-18.3.1.tgz 0ms (cache hit)
126 http cache react@https://registry.npmjs.org/react/-/react-18.3.1.tgz 0ms (cache hit)
127 http cache proxy-from-env@https://registry.npmjs.org/proxy-from-env/-/proxy-from-env-1.1.0.tgz 0ms (cache hit)
128 http cache postcss-value-parser@https://registry.npmjs.org/postcss-value-parser/-/postcss-value-parser-4.2.0.tgz 0ms (cache hit)
129 http cache postcss@https://registry.npmjs.org/postcss/-/postcss-8.5.4.tgz 0ms (cache hit)
130 http cache picocolors@https://registry.npmjs.org/picocolors/-/picocolors-1.1.1.tgz 0ms (cache hit)
131 http cache ox@https://registry.npmjs.org/ox/-/ox-0.4.4.tgz 0ms (cache hit)
132 http cache normalize-range@https://registry.npmjs.org/normalize-range/-/normalize-range-0.1.2.tgz 0ms (cache hit)
133 http cache node-releases@https://registry.npmjs.org/node-releases/-/node-releases-2.0.19.tgz 0ms (cache hit)
134 http cache node-gyp-build@https://registry.npmjs.org/node-gyp-build/-/node-gyp-build-4.8.4.tgz 0ms (cache hit)
135 http cache node-fetch@https://registry.npmjs.org/node-fetch/-/node-fetch-2.7.0.tgz 0ms (cache hit)
136 http cache ms@https://registry.npmjs.org/ms/-/ms-2.1.3.tgz 0ms (cache hit)
137 http cache nanoid@https://registry.npmjs.org/nanoid/-/nanoid-3.3.11.tgz 0ms (cache hit)
138 http cache mime-types@https://registry.npmjs.org/mime-types/-/mime-types-2.1.35.tgz 0ms (cache hit)
139 http cache math-intrinsics@https://registry.npmjs.org/math-intrinsics/-/math-intrinsics-1.1.0.tgz 0ms (cache hit)
140 http cache mime-db@https://registry.npmjs.org/mime-db/-/mime-db-1.52.0.tgz 0ms (cache hit)
141 http cache loose-envify@https://registry.npmjs.org/loose-envify/-/loose-envify-1.4.0.tgz 0ms (cache hit)
142 http cache lru-cache@https://registry.npmjs.org/lru-cache/-/lru-cache-5.1.1.tgz 0ms (cache hit)
143 http cache json5@https://registry.npmjs.org/json5/-/json5-2.2.3.tgz 0ms (cache hit)
144 http cache json-stringify-safe@https://registry.npmjs.org/json-stringify-safe/-/json-stringify-safe-5.0.1.tgz 0ms (cache hit)
145 http cache jsesc@https://registry.npmjs.org/jsesc/-/jsesc-3.1.0.tgz 0ms (cache hit)
146 http cache js-tokens@https://registry.npmjs.org/js-tokens/-/js-tokens-4.0.0.tgz 0ms (cache hit)
147 http cache jose@https://registry.npmjs.org/jose/-/jose-5.10.0.tgz 0ms (cache hit)
148 http cache jayson@https://registry.npmjs.org/jayson/-/jayson-4.2.0.tgz 0ms (cache hit)
149 http cache isomorphic-ws@https://registry.npmjs.org/isomorphic-ws/-/isomorphic-ws-4.0.1.tgz 0ms (cache hit)
150 http cache ieee754@https://registry.npmjs.org/ieee754/-/ieee754-1.2.1.tgz 0ms (cache hit)
151 http cache humanize-ms@https://registry.npmjs.org/humanize-ms/-/humanize-ms-1.2.1.tgz 0ms (cache hit)
152 http cache hasown@https://registry.npmjs.org/hasown/-/hasown-2.0.2.tgz 0ms (cache hit)
153 http cache has-tostringtag@https://registry.npmjs.org/has-tostringtag/-/has-tostringtag-1.0.2.tgz 0ms (cache hit)
154 http cache gopd@https://registry.npmjs.org/gopd/-/gopd-1.2.0.tgz 0ms (cache hit)
155 http cache has-symbols@https://registry.npmjs.org/has-symbols/-/has-symbols-1.1.0.tgz 0ms (cache hit)
156 http cache get-proto@https://registry.npmjs.org/get-proto/-/get-proto-1.0.1.tgz 0ms (cache hit)
157 http cache globals@https://registry.npmjs.org/globals/-/globals-11.12.0.tgz 0ms (cache hit)
158 http cache get-intrinsic@https://registry.npmjs.org/get-intrinsic/-/get-intrinsic-1.3.0.tgz 0ms (cache hit)
159 http cache gensync@https://registry.npmjs.org/gensync/-/gensync-1.0.0-beta.2.tgz 0ms (cache hit)
160 http cache function-bind@https://registry.npmjs.org/function-bind/-/function-bind-1.1.2.tgz 0ms (cache hit)
161 http cache fraction.js@https://registry.npmjs.org/fraction.js/-/fraction.js-4.3.7.tgz 0ms (cache hit)
162 http cache follow-redirects@https://registry.npmjs.org/follow-redirects/-/follow-redirects-1.15.9.tgz 0ms (cache hit)
163 http cache form-data@https://registry.npmjs.org/form-data/-/form-data-4.0.3.tgz 0ms (cache hit)
164 http cache fast-stable-stringify@https://registry.npmjs.org/fast-stable-stringify/-/fast-stable-stringify-1.0.0.tgz 0ms (cache hit)
165 http cache eyes@https://registry.npmjs.org/eyes/-/eyes-0.1.8.tgz 0ms (cache hit)
166 http cache eventemitter3@https://registry.npmjs.org/eventemitter3/-/eventemitter3-5.0.1.tgz 0ms (cache hit)
167 http cache escalade@https://registry.npmjs.org/escalade/-/escalade-3.2.0.tgz 0ms (cache hit)
168 http cache esbuild@https://registry.npmjs.org/esbuild/-/esbuild-0.21.5.tgz 0ms (cache hit)
169 http cache es6-promisify@https://registry.npmjs.org/es6-promisify/-/es6-promisify-5.0.0.tgz 0ms (cache hit)
170 http cache es-set-tostringtag@https://registry.npmjs.org/es-set-tostringtag/-/es-set-tostringtag-2.1.0.tgz 0ms (cache hit)
171 http cache es6-promise@https://registry.npmjs.org/es6-promise/-/es6-promise-4.2.8.tgz 0ms (cache hit)
172 http cache es-object-atoms@https://registry.npmjs.org/es-object-atoms/-/es-object-atoms-1.1.1.tgz 0ms (cache hit)
173 http cache es-errors@https://registry.npmjs.org/es-errors/-/es-errors-1.3.0.tgz 0ms (cache hit)
174 http cache es-define-property@https://registry.npmjs.org/es-define-property/-/es-define-property-1.0.1.tgz 0ms (cache hit)
175 http cache electron-to-chromium@https://registry.npmjs.org/electron-to-chromium/-/electron-to-chromium-1.5.165.tgz 0ms (cache hit)
176 http cache dunder-proto@https://registry.npmjs.org/dunder-proto/-/dunder-proto-1.0.1.tgz 0ms (cache hit)
177 http cache delayed-stream@https://registry.npmjs.org/delayed-stream/-/delayed-stream-1.0.0.tgz 0ms (cache hit)
178 http cache delay@https://registry.npmjs.org/delay/-/delay-5.0.0.tgz 0ms (cache hit)
179 http cache debug@https://registry.npmjs.org/debug/-/debug-4.4.1.tgz 0ms (cache hit)
180 http cache csstype@https://registry.npmjs.org/csstype/-/csstype-3.1.3.tgz 0ms (cache hit)
181 http cache convert-source-map@https://registry.npmjs.org/convert-source-map/-/convert-source-map-2.0.0.tgz 0ms (cache hit)
182 http cache commander@https://registry.npmjs.org/commander/-/commander-13.1.0.tgz 0ms (cache hit)
183 http cache comlink@https://registry.npmjs.org/comlink/-/comlink-4.4.2.tgz 0ms (cache hit)
184 http cache chalk@https://registry.npmjs.org/chalk/-/chalk-5.4.1.tgz 0ms (cache hit)
185 http cache combined-stream@https://registry.npmjs.org/combined-stream/-/combined-stream-1.0.8.tgz 0ms (cache hit)
186 http cache caniuse-lite@https://registry.npmjs.org/caniuse-lite/-/caniuse-lite-1.0.30001721.tgz 0ms (cache hit)
187 http cache call-bind-apply-helpers@https://registry.npmjs.org/call-bind-apply-helpers/-/call-bind-apply-helpers-1.0.2.tgz 0ms (cache hit)
188 http cache bufferutil@https://registry.npmjs.org/bufferutil/-/bufferutil-4.0.9.tgz 0ms (cache hit)
189 http cache buffer@https://registry.npmjs.org/buffer/-/buffer-6.0.3.tgz 0ms (cache hit)
190 http cache bs58@https://registry.npmjs.org/bs58/-/bs58-4.0.1.tgz 0ms (cache hit)
191 http cache browserslist@https://registry.npmjs.org/browserslist/-/browserslist-4.25.0.tgz 0ms (cache hit)
192 http cache borsh@https://registry.npmjs.org/borsh/-/borsh-0.7.0.tgz 0ms (cache hit)
193 http cache bn.js@https://registry.npmjs.org/bn.js/-/bn.js-5.2.2.tgz 0ms (cache hit)
194 http cache base64-js@https://registry.npmjs.org/base64-js/-/base64-js-1.5.1.tgz 0ms (cache hit)
195 http cache base-x@https://registry.npmjs.org/base-x/-/base-x-3.0.11.tgz 0ms (cache hit)
196 http cache axios@https://registry.npmjs.org/axios/-/axios-1.9.0.tgz 0ms (cache hit)
197 http cache autoprefixer@https://registry.npmjs.org/autoprefixer/-/autoprefixer-10.4.21.tgz 0ms (cache hit)
198 http cache asynckit@https://registry.npmjs.org/asynckit/-/asynckit-0.4.0.tgz 0ms (cache hit)
199 http cache abitype@https://registry.npmjs.org/abitype/-/abitype-1.0.8.tgz 0ms (cache hit)
200 http cache agentkeepalive@https://registry.npmjs.org/agentkeepalive/-/agentkeepalive-4.6.0.tgz 0ms (cache hit)
201 http cache @types/ws@https://registry.npmjs.org/@types/ws/-/ws-7.4.7.tgz 0ms (cache hit)
202 http cache @vitejs/plugin-react@https://registry.npmjs.org/@vitejs/plugin-react/-/plugin-react-4.5.1.tgz 0ms (cache hit)
203 http cache @types/uuid@https://registry.npmjs.org/@types/uuid/-/uuid-8.3.4.tgz 0ms (cache hit)
204 http cache @types/react@https://registry.npmjs.org/@types/react/-/react-18.3.23.tgz 0ms (cache hit)
205 http cache @types/react-dom@https://registry.npmjs.org/@types/react-dom/-/react-dom-18.3.7.tgz 0ms (cache hit)
206 http cache @types/prop-types@https://registry.npmjs.org/@types/prop-types/-/prop-types-15.7.14.tgz 1ms (cache hit)
207 http cache @types/node@https://registry.npmjs.org/@types/node/-/node-20.19.0.tgz 0ms (cache hit)
208 http cache @types/estree@https://registry.npmjs.org/@types/estree/-/estree-1.0.7.tgz 0ms (cache hit)
209 http cache @types/connect@https://registry.npmjs.org/@types/connect/-/connect-3.4.38.tgz 0ms (cache hit)
210 http cache @types/babel__traverse@https://registry.npmjs.org/@types/babel__traverse/-/babel__traverse-7.20.7.tgz 0ms (cache hit)
211 http cache @types/babel__generator@https://registry.npmjs.org/@types/babel__generator/-/babel__generator-7.27.0.tgz 0ms (cache hit)
212 http cache @types/babel__template@https://registry.npmjs.org/@types/babel__template/-/babel__template-7.4.4.tgz 0ms (cache hit)
213 http cache @types/babel__core@https://registry.npmjs.org/@types/babel__core/-/babel__core-7.20.5.tgz 0ms (cache hit)
214 http cache @swc/helpers@https://registry.npmjs.org/@swc/helpers/-/helpers-0.5.17.tgz 0ms (cache hit)
215 http cache @solana/web3.js@https://registry.npmjs.org/@solana/web3.js/-/web3.js-1.98.2.tgz 0ms (cache hit)
216 http cache @solana/errors@https://registry.npmjs.org/@solana/errors/-/errors-2.1.1.tgz 0ms (cache hit)
217 http cache @solana/codecs-numbers@https://registry.npmjs.org/@solana/codecs-numbers/-/codecs-numbers-2.1.1.tgz 0ms (cache hit)
218 http cache @solana/buffer-layout@https://registry.npmjs.org/@solana/buffer-layout/-/buffer-layout-4.0.1.tgz 0ms (cache hit)
219 http cache @solana/codecs-core@https://registry.npmjs.org/@solana/codecs-core/-/codecs-core-2.1.1.tgz 0ms (cache hit)
220 http cache @scure/bip32@https://registry.npmjs.org/@scure/bip32/-/bip32-1.7.0.tgz 0ms (cache hit)
221 http cache @scure/bip39@https://registry.npmjs.org/@scure/bip39/-/bip39-1.6.0.tgz 0ms (cache hit)
222 http cache @scure/base@https://registry.npmjs.org/@scure/base/-/base-1.2.6.tgz 0ms (cache hit)
223 http cache @rollup/rollup-win32-x64-msvc@https://registry.npmjs.org/@rollup/rollup-win32-x64-msvc/-/rollup-win32-x64-msvc-4.42.0.tgz 0ms (cache hit)
224 http cache @noble/curves@https://registry.npmjs.org/@noble/curves/-/curves-1.9.2.tgz 0ms (cache hit)
225 http cache @rolldown/pluginutils@https://registry.npmjs.org/@rolldown/pluginutils/-/pluginutils-1.0.0-beta.9.tgz 0ms (cache hit)
226 http cache @noble/hashes@https://registry.npmjs.org/@noble/hashes/-/hashes-1.8.0.tgz 0ms (cache hit)
227 http cache @jridgewell/trace-mapping@https://registry.npmjs.org/@jridgewell/trace-mapping/-/trace-mapping-0.3.25.tgz 0ms (cache hit)
228 http cache @jridgewell/sourcemap-codec@https://registry.npmjs.org/@jridgewell/sourcemap-codec/-/sourcemap-codec-1.5.0.tgz 0ms (cache hit)
229 http cache @jridgewell/resolve-uri@https://registry.npmjs.org/@jridgewell/resolve-uri/-/resolve-uri-3.1.2.tgz 0ms (cache hit)
230 http cache @jridgewell/set-array@https://registry.npmjs.org/@jridgewell/set-array/-/set-array-1.2.1.tgz 0ms (cache hit)
231 http cache @jridgewell/gen-mapping@https://registry.npmjs.org/@jridgewell/gen-mapping/-/gen-mapping-0.3.8.tgz 0ms (cache hit)
232 http cache @farcaster/quick-auth@https://registry.npmjs.org/@farcaster/quick-auth/-/quick-auth-0.0.5.tgz 0ms (cache hit)
233 http cache @farcaster/frame-sdk@https://registry.npmjs.org/@farcaster/frame-sdk/-/frame-sdk-0.0.60.tgz 0ms (cache hit)
234 http cache @farcaster/frame-core@https://registry.npmjs.org/@farcaster/frame-core/-/frame-core-0.1.8.tgz 0ms (cache hit)
235 http cache @esbuild/win32-x64@https://registry.npmjs.org/@esbuild/win32-x64/-/win32-x64-0.21.5.tgz 0ms (cache hit)
236 http cache @babel/types@https://registry.npmjs.org/@babel/types/-/types-7.27.6.tgz 0ms (cache hit)
237 http cache @babel/traverse@https://registry.npmjs.org/@babel/traverse/-/traverse-7.27.4.tgz 0ms (cache hit)
238 http cache @babel/template@https://registry.npmjs.org/@babel/template/-/template-7.27.2.tgz 0ms (cache hit)
239 http cache @babel/runtime@https://registry.npmjs.org/@babel/runtime/-/runtime-7.27.6.tgz 0ms (cache hit)
240 http cache @babel/plugin-transform-react-jsx-source@https://registry.npmjs.org/@babel/plugin-transform-react-jsx-source/-/plugin-transform-react-jsx-source-7.27.1.tgz 0ms (cache hit)
241 http cache @babel/plugin-transform-react-jsx-self@https://registry.npmjs.org/@babel/plugin-transform-react-jsx-self/-/plugin-transform-react-jsx-self-7.27.1.tgz 0ms (cache hit)
242 http cache @babel/parser@https://registry.npmjs.org/@babel/parser/-/parser-7.27.5.tgz 0ms (cache hit)
243 http cache @babel/helpers@https://registry.npmjs.org/@babel/helpers/-/helpers-7.27.6.tgz 0ms (cache hit)
244 http cache @babel/helper-validator-option@https://registry.npmjs.org/@babel/helper-validator-option/-/helper-validator-option-7.27.1.tgz 0ms (cache hit)
245 http cache @babel/helper-validator-identifier@https://registry.npmjs.org/@babel/helper-validator-identifier/-/helper-validator-identifier-7.27.1.tgz 0ms (cache hit)
246 http cache @babel/helper-string-parser@https://registry.npmjs.org/@babel/helper-string-parser/-/helper-string-parser-7.27.1.tgz 0ms (cache hit)
247 http cache @babel/helper-plugin-utils@https://registry.npmjs.org/@babel/helper-plugin-utils/-/helper-plugin-utils-7.27.1.tgz 0ms (cache hit)
248 http cache @babel/helper-module-transforms@https://registry.npmjs.org/@babel/helper-module-transforms/-/helper-module-transforms-7.27.3.tgz 0ms (cache hit)
249 http cache @babel/helper-module-imports@https://registry.npmjs.org/@babel/helper-module-imports/-/helper-module-imports-7.27.1.tgz 0ms (cache hit)
250 http cache @babel/helper-compilation-targets@https://registry.npmjs.org/@babel/helper-compilation-targets/-/helper-compilation-targets-7.27.2.tgz 0ms (cache hit)
251 http cache @babel/generator@https://registry.npmjs.org/@babel/generator/-/generator-7.27.5.tgz 0ms (cache hit)
252 http cache @babel/core@https://registry.npmjs.org/@babel/core/-/core-7.27.4.tgz 0ms (cache hit)
253 http cache @babel/compat-data@https://registry.npmjs.org/@babel/compat-data/-/compat-data-7.27.5.tgz 0ms (cache hit)
254 http cache @babel/code-frame@https://registry.npmjs.org/@babel/code-frame/-/code-frame-7.27.1.tgz 0ms (cache hit)
255 http cache @ampproject/remapping@https://registry.npmjs.org/@ampproject/remapping/-/remapping-2.3.0.tgz 0ms (cache hit)
256 http cache @adraffy/ens-normalize@https://registry.npmjs.org/@adraffy/ens-normalize/-/ens-normalize-1.11.0.tgz 0ms (cache hit)
257 http cache ws@https://registry.npmjs.org/ws/-/ws-8.18.2.tgz 0ms (cache hit)
258 http cache commander@https://registry.npmjs.org/commander/-/commander-2.20.3.tgz 0ms (cache hit)
259 http cache @types/node@https://registry.npmjs.org/@types/node/-/node-12.20.55.tgz 0ms (cache hit)
260 silly tarball no local data for ws@https://registry.npmjs.org/ws/-/ws-7.5.10.tgz. Extracting by manifest.
261 silly tarball no local data for zod@https://registry.npmjs.org/zod/-/zod-3.25.56.tgz. Extracting by manifest.
262 silly tarball no local data for yallist@https://registry.npmjs.org/yallist/-/yallist-3.1.1.tgz. Extracting by manifest.
263 silly tarball no local data for whatwg-url@https://registry.npmjs.org/whatwg-url/-/whatwg-url-5.0.0.tgz. Extracting by manifest.
264 silly tarball no local data for vite@https://registry.npmjs.org/vite/-/vite-5.4.19.tgz. Extracting by manifest.
265 silly tarball no local data for webidl-conversions@https://registry.npmjs.org/webidl-conversions/-/webidl-conversions-3.0.1.tgz. Extracting by manifest.
266 http cache @types/ws@https://registry.npmjs.org/@types/ws/-/ws-8.18.1.tgz 0ms (cache hit)
267 silly tarball no local data for uuid@https://registry.npmjs.org/uuid/-/uuid-8.3.2.tgz. Extracting by manifest.
268 silly tarball no local data for update-browserslist-db@https://registry.npmjs.org/update-browserslist-db/-/update-browserslist-db-1.1.3.tgz. Extracting by manifest.
269 silly tarball no local data for undici-types@https://registry.npmjs.org/undici-types/-/undici-types-6.21.0.tgz. Extracting by manifest.
270 silly tarball no local data for utf-8-validate@https://registry.npmjs.org/utf-8-validate/-/utf-8-validate-5.0.10.tgz. Extracting by manifest.
271 silly tarball no local data for typescript@https://registry.npmjs.org/typescript/-/typescript-5.8.3.tgz. Extracting by manifest.
272 silly tarball no local data for tr46@https://registry.npmjs.org/tr46/-/tr46-0.0.3.tgz. Extracting by manifest.
273 silly tarball no local data for tslib@https://registry.npmjs.org/tslib/-/tslib-2.8.1.tgz. Extracting by manifest.
274 silly tarball no local data for tailwindcss@https://registry.npmjs.org/tailwindcss/-/tailwindcss-4.1.8.tgz. Extracting by manifest.
275 silly tarball no local data for superstruct@https://registry.npmjs.org/superstruct/-/superstruct-2.0.2.tgz. Extracting by manifest.
276 silly tarball no local data for text-encoding-utf-8@https://registry.npmjs.org/text-encoding-utf-8/-/text-encoding-utf-8-1.0.2.tgz. Extracting by manifest.
277 silly tarball no local data for stream-json@https://registry.npmjs.org/stream-json/-/stream-json-1.9.1.tgz. Extracting by manifest.
278 silly tarball no local data for stream-chain@https://registry.npmjs.org/stream-chain/-/stream-chain-2.2.5.tgz. Extracting by manifest.
279 silly tarball no local data for source-map-js@https://registry.npmjs.org/source-map-js/-/source-map-js-1.2.1.tgz. Extracting by manifest.
280 silly tarball no local data for semver@https://registry.npmjs.org/semver/-/semver-6.3.1.tgz. Extracting by manifest.
281 silly tarball no local data for scheduler@https://registry.npmjs.org/scheduler/-/scheduler-0.23.2.tgz. Extracting by manifest.
282 silly tarball no local data for safe-buffer@https://registry.npmjs.org/safe-buffer/-/safe-buffer-5.2.1.tgz. Extracting by manifest.
283 silly tarball no local data for rpc-websockets@https://registry.npmjs.org/rpc-websockets/-/rpc-websockets-9.1.1.tgz. Extracting by manifest.
284 silly tarball no local data for rollup@https://registry.npmjs.org/rollup/-/rollup-4.42.0.tgz. Extracting by manifest.
285 silly tarball no local data for react-refresh@https://registry.npmjs.org/react-refresh/-/react-refresh-0.17.0.tgz. Extracting by manifest.
286 silly tarball no local data for react-dom@https://registry.npmjs.org/react-dom/-/react-dom-18.3.1.tgz. Extracting by manifest.
287 silly tarball no local data for react@https://registry.npmjs.org/react/-/react-18.3.1.tgz. Extracting by manifest.
288 silly tarball no local data for proxy-from-env@https://registry.npmjs.org/proxy-from-env/-/proxy-from-env-1.1.0.tgz. Extracting by manifest.
289 silly tarball no local data for postcss-value-parser@https://registry.npmjs.org/postcss-value-parser/-/postcss-value-parser-4.2.0.tgz. Extracting by manifest.
290 silly tarball no local data for postcss@https://registry.npmjs.org/postcss/-/postcss-8.5.4.tgz. Extracting by manifest.
291 silly tarball no local data for picocolors@https://registry.npmjs.org/picocolors/-/picocolors-1.1.1.tgz. Extracting by manifest.
292 silly tarball no local data for ox@https://registry.npmjs.org/ox/-/ox-0.4.4.tgz. Extracting by manifest.
293 silly tarball no local data for normalize-range@https://registry.npmjs.org/normalize-range/-/normalize-range-0.1.2.tgz. Extracting by manifest.
294 silly tarball no local data for node-releases@https://registry.npmjs.org/node-releases/-/node-releases-2.0.19.tgz. Extracting by manifest.
295 silly tarball no local data for node-gyp-build@https://registry.npmjs.org/node-gyp-build/-/node-gyp-build-4.8.4.tgz. Extracting by manifest.
296 silly tarball no local data for node-fetch@https://registry.npmjs.org/node-fetch/-/node-fetch-2.7.0.tgz. Extracting by manifest.
297 silly tarball no local data for ms@https://registry.npmjs.org/ms/-/ms-2.1.3.tgz. Extracting by manifest.
298 silly tarball no local data for nanoid@https://registry.npmjs.org/nanoid/-/nanoid-3.3.11.tgz. Extracting by manifest.
299 silly tarball no local data for mime-types@https://registry.npmjs.org/mime-types/-/mime-types-2.1.35.tgz. Extracting by manifest.
300 silly tarball no local data for math-intrinsics@https://registry.npmjs.org/math-intrinsics/-/math-intrinsics-1.1.0.tgz. Extracting by manifest.
301 silly tarball no local data for mime-db@https://registry.npmjs.org/mime-db/-/mime-db-1.52.0.tgz. Extracting by manifest.
302 silly tarball no local data for loose-envify@https://registry.npmjs.org/loose-envify/-/loose-envify-1.4.0.tgz. Extracting by manifest.
303 silly tarball no local data for lru-cache@https://registry.npmjs.org/lru-cache/-/lru-cache-5.1.1.tgz. Extracting by manifest.
304 silly tarball no local data for json5@https://registry.npmjs.org/json5/-/json5-2.2.3.tgz. Extracting by manifest.
305 silly tarball no local data for json-stringify-safe@https://registry.npmjs.org/json-stringify-safe/-/json-stringify-safe-5.0.1.tgz. Extracting by manifest.
306 silly tarball no local data for jsesc@https://registry.npmjs.org/jsesc/-/jsesc-3.1.0.tgz. Extracting by manifest.
307 silly tarball no local data for js-tokens@https://registry.npmjs.org/js-tokens/-/js-tokens-4.0.0.tgz. Extracting by manifest.
308 silly tarball no local data for jose@https://registry.npmjs.org/jose/-/jose-5.10.0.tgz. Extracting by manifest.
309 silly tarball no local data for jayson@https://registry.npmjs.org/jayson/-/jayson-4.2.0.tgz. Extracting by manifest.
310 silly tarball no local data for isomorphic-ws@https://registry.npmjs.org/isomorphic-ws/-/isomorphic-ws-4.0.1.tgz. Extracting by manifest.
311 silly tarball no local data for ieee754@https://registry.npmjs.org/ieee754/-/ieee754-1.2.1.tgz. Extracting by manifest.
312 silly tarball no local data for humanize-ms@https://registry.npmjs.org/humanize-ms/-/humanize-ms-1.2.1.tgz. Extracting by manifest.
313 silly tarball no local data for hasown@https://registry.npmjs.org/hasown/-/hasown-2.0.2.tgz. Extracting by manifest.
314 silly tarball no local data for has-tostringtag@https://registry.npmjs.org/has-tostringtag/-/has-tostringtag-1.0.2.tgz. Extracting by manifest.
315 silly tarball no local data for gopd@https://registry.npmjs.org/gopd/-/gopd-1.2.0.tgz. Extracting by manifest.
316 silly tarball no local data for has-symbols@https://registry.npmjs.org/has-symbols/-/has-symbols-1.1.0.tgz. Extracting by manifest.
317 silly tarball no local data for get-proto@https://registry.npmjs.org/get-proto/-/get-proto-1.0.1.tgz. Extracting by manifest.
318 silly tarball no local data for globals@https://registry.npmjs.org/globals/-/globals-11.12.0.tgz. Extracting by manifest.
319 silly tarball no local data for get-intrinsic@https://registry.npmjs.org/get-intrinsic/-/get-intrinsic-1.3.0.tgz. Extracting by manifest.
320 silly tarball no local data for gensync@https://registry.npmjs.org/gensync/-/gensync-1.0.0-beta.2.tgz. Extracting by manifest.
321 silly tarball no local data for function-bind@https://registry.npmjs.org/function-bind/-/function-bind-1.1.2.tgz. Extracting by manifest.
322 silly tarball no local data for fraction.js@https://registry.npmjs.org/fraction.js/-/fraction.js-4.3.7.tgz. Extracting by manifest.
323 silly tarball no local data for follow-redirects@https://registry.npmjs.org/follow-redirects/-/follow-redirects-1.15.9.tgz. Extracting by manifest.
324 silly tarball no local data for form-data@https://registry.npmjs.org/form-data/-/form-data-4.0.3.tgz. Extracting by manifest.
325 silly tarball no local data for fast-stable-stringify@https://registry.npmjs.org/fast-stable-stringify/-/fast-stable-stringify-1.0.0.tgz. Extracting by manifest.
326 silly tarball no local data for eyes@https://registry.npmjs.org/eyes/-/eyes-0.1.8.tgz. Extracting by manifest.
327 silly tarball no local data for eventemitter3@https://registry.npmjs.org/eventemitter3/-/eventemitter3-5.0.1.tgz. Extracting by manifest.
328 silly tarball no local data for escalade@https://registry.npmjs.org/escalade/-/escalade-3.2.0.tgz. Extracting by manifest.
329 silly tarball no local data for esbuild@https://registry.npmjs.org/esbuild/-/esbuild-0.21.5.tgz. Extracting by manifest.
330 silly tarball no local data for es6-promisify@https://registry.npmjs.org/es6-promisify/-/es6-promisify-5.0.0.tgz. Extracting by manifest.
331 silly tarball no local data for es-set-tostringtag@https://registry.npmjs.org/es-set-tostringtag/-/es-set-tostringtag-2.1.0.tgz. Extracting by manifest.
332 silly tarball no local data for es6-promise@https://registry.npmjs.org/es6-promise/-/es6-promise-4.2.8.tgz. Extracting by manifest.
333 silly tarball no local data for es-object-atoms@https://registry.npmjs.org/es-object-atoms/-/es-object-atoms-1.1.1.tgz. Extracting by manifest.
334 silly tarball no local data for es-errors@https://registry.npmjs.org/es-errors/-/es-errors-1.3.0.tgz. Extracting by manifest.
335 silly tarball no local data for es-define-property@https://registry.npmjs.org/es-define-property/-/es-define-property-1.0.1.tgz. Extracting by manifest.
336 silly tarball no local data for electron-to-chromium@https://registry.npmjs.org/electron-to-chromium/-/electron-to-chromium-1.5.165.tgz. Extracting by manifest.
337 silly tarball no local data for dunder-proto@https://registry.npmjs.org/dunder-proto/-/dunder-proto-1.0.1.tgz. Extracting by manifest.
338 silly tarball no local data for delayed-stream@https://registry.npmjs.org/delayed-stream/-/delayed-stream-1.0.0.tgz. Extracting by manifest.
339 silly tarball no local data for delay@https://registry.npmjs.org/delay/-/delay-5.0.0.tgz. Extracting by manifest.
340 silly tarball no local data for debug@https://registry.npmjs.org/debug/-/debug-4.4.1.tgz. Extracting by manifest.
341 silly tarball no local data for csstype@https://registry.npmjs.org/csstype/-/csstype-3.1.3.tgz. Extracting by manifest.
342 silly tarball no local data for convert-source-map@https://registry.npmjs.org/convert-source-map/-/convert-source-map-2.0.0.tgz. Extracting by manifest.
343 silly tarball no local data for commander@https://registry.npmjs.org/commander/-/commander-13.1.0.tgz. Extracting by manifest.
344 silly tarball no local data for comlink@https://registry.npmjs.org/comlink/-/comlink-4.4.2.tgz. Extracting by manifest.
345 silly tarball no local data for chalk@https://registry.npmjs.org/chalk/-/chalk-5.4.1.tgz. Extracting by manifest.
346 silly tarball no local data for combined-stream@https://registry.npmjs.org/combined-stream/-/combined-stream-1.0.8.tgz. Extracting by manifest.
347 silly tarball no local data for caniuse-lite@https://registry.npmjs.org/caniuse-lite/-/caniuse-lite-1.0.30001721.tgz. Extracting by manifest.
348 silly tarball no local data for call-bind-apply-helpers@https://registry.npmjs.org/call-bind-apply-helpers/-/call-bind-apply-helpers-1.0.2.tgz. Extracting by manifest.
349 silly tarball no local data for bufferutil@https://registry.npmjs.org/bufferutil/-/bufferutil-4.0.9.tgz. Extracting by manifest.
350 silly tarball no local data for buffer@https://registry.npmjs.org/buffer/-/buffer-6.0.3.tgz. Extracting by manifest.
351 silly tarball no local data for bs58@https://registry.npmjs.org/bs58/-/bs58-4.0.1.tgz. Extracting by manifest.
352 silly tarball no local data for browserslist@https://registry.npmjs.org/browserslist/-/browserslist-4.25.0.tgz. Extracting by manifest.
353 silly tarball no local data for borsh@https://registry.npmjs.org/borsh/-/borsh-0.7.0.tgz. Extracting by manifest.
354 silly tarball no local data for bn.js@https://registry.npmjs.org/bn.js/-/bn.js-5.2.2.tgz. Extracting by manifest.
355 silly tarball no local data for base64-js@https://registry.npmjs.org/base64-js/-/base64-js-1.5.1.tgz. Extracting by manifest.
356 silly tarball no local data for base-x@https://registry.npmjs.org/base-x/-/base-x-3.0.11.tgz. Extracting by manifest.
357 silly tarball no local data for axios@https://registry.npmjs.org/axios/-/axios-1.9.0.tgz. Extracting by manifest.
358 silly tarball no local data for autoprefixer@https://registry.npmjs.org/autoprefixer/-/autoprefixer-10.4.21.tgz. Extracting by manifest.
359 silly tarball no local data for asynckit@https://registry.npmjs.org/asynckit/-/asynckit-0.4.0.tgz. Extracting by manifest.
360 silly tarball no local data for abitype@https://registry.npmjs.org/abitype/-/abitype-1.0.8.tgz. Extracting by manifest.
361 silly tarball no local data for agentkeepalive@https://registry.npmjs.org/agentkeepalive/-/agentkeepalive-4.6.0.tgz. Extracting by manifest.
362 silly tarball no local data for @types/ws@https://registry.npmjs.org/@types/ws/-/ws-7.4.7.tgz. Extracting by manifest.
363 silly tarball no local data for @vitejs/plugin-react@https://registry.npmjs.org/@vitejs/plugin-react/-/plugin-react-4.5.1.tgz. Extracting by manifest.
364 silly tarball no local data for @types/uuid@https://registry.npmjs.org/@types/uuid/-/uuid-8.3.4.tgz. Extracting by manifest.
365 silly tarball no local data for @types/react@https://registry.npmjs.org/@types/react/-/react-18.3.23.tgz. Extracting by manifest.
366 silly tarball no local data for @types/react-dom@https://registry.npmjs.org/@types/react-dom/-/react-dom-18.3.7.tgz. Extracting by manifest.
367 silly tarball no local data for @types/prop-types@https://registry.npmjs.org/@types/prop-types/-/prop-types-15.7.14.tgz. Extracting by manifest.
368 silly tarball no local data for @types/node@https://registry.npmjs.org/@types/node/-/node-20.19.0.tgz. Extracting by manifest.
369 silly tarball no local data for @types/estree@https://registry.npmjs.org/@types/estree/-/estree-1.0.7.tgz. Extracting by manifest.
370 silly tarball no local data for @types/connect@https://registry.npmjs.org/@types/connect/-/connect-3.4.38.tgz. Extracting by manifest.
371 silly tarball no local data for @types/babel__traverse@https://registry.npmjs.org/@types/babel__traverse/-/babel__traverse-7.20.7.tgz. Extracting by manifest.
372 silly tarball no local data for @types/babel__generator@https://registry.npmjs.org/@types/babel__generator/-/babel__generator-7.27.0.tgz. Extracting by manifest.
373 silly tarball no local data for @types/babel__template@https://registry.npmjs.org/@types/babel__template/-/babel__template-7.4.4.tgz. Extracting by manifest.
374 silly tarball no local data for @types/babel__core@https://registry.npmjs.org/@types/babel__core/-/babel__core-7.20.5.tgz. Extracting by manifest.
375 silly tarball no local data for @swc/helpers@https://registry.npmjs.org/@swc/helpers/-/helpers-0.5.17.tgz. Extracting by manifest.
376 silly tarball no local data for @solana/web3.js@https://registry.npmjs.org/@solana/web3.js/-/web3.js-1.98.2.tgz. Extracting by manifest.
377 silly tarball no local data for @solana/errors@https://registry.npmjs.org/@solana/errors/-/errors-2.1.1.tgz. Extracting by manifest.
378 silly tarball no local data for @solana/codecs-numbers@https://registry.npmjs.org/@solana/codecs-numbers/-/codecs-numbers-2.1.1.tgz. Extracting by manifest.
379 silly tarball no local data for @solana/buffer-layout@https://registry.npmjs.org/@solana/buffer-layout/-/buffer-layout-4.0.1.tgz. Extracting by manifest.
380 silly tarball no local data for @solana/codecs-core@https://registry.npmjs.org/@solana/codecs-core/-/codecs-core-2.1.1.tgz. Extracting by manifest.
381 silly tarball no local data for @scure/bip32@https://registry.npmjs.org/@scure/bip32/-/bip32-1.7.0.tgz. Extracting by manifest.
382 silly tarball no local data for @scure/bip39@https://registry.npmjs.org/@scure/bip39/-/bip39-1.6.0.tgz. Extracting by manifest.
383 silly tarball no local data for @scure/base@https://registry.npmjs.org/@scure/base/-/base-1.2.6.tgz. Extracting by manifest.
384 silly tarball no local data for @rollup/rollup-win32-x64-msvc@https://registry.npmjs.org/@rollup/rollup-win32-x64-msvc/-/rollup-win32-x64-msvc-4.42.0.tgz. Extracting by manifest.
385 silly tarball no local data for @noble/curves@https://registry.npmjs.org/@noble/curves/-/curves-1.9.2.tgz. Extracting by manifest.
386 silly tarball no local data for @rolldown/pluginutils@https://registry.npmjs.org/@rolldown/pluginutils/-/pluginutils-1.0.0-beta.9.tgz. Extracting by manifest.
387 silly tarball no local data for @noble/hashes@https://registry.npmjs.org/@noble/hashes/-/hashes-1.8.0.tgz. Extracting by manifest.
388 silly tarball no local data for @jridgewell/trace-mapping@https://registry.npmjs.org/@jridgewell/trace-mapping/-/trace-mapping-0.3.25.tgz. Extracting by manifest.
389 silly tarball no local data for @jridgewell/sourcemap-codec@https://registry.npmjs.org/@jridgewell/sourcemap-codec/-/sourcemap-codec-1.5.0.tgz. Extracting by manifest.
390 silly tarball no local data for @jridgewell/resolve-uri@https://registry.npmjs.org/@jridgewell/resolve-uri/-/resolve-uri-3.1.2.tgz. Extracting by manifest.
391 silly tarball no local data for @jridgewell/set-array@https://registry.npmjs.org/@jridgewell/set-array/-/set-array-1.2.1.tgz. Extracting by manifest.
392 silly tarball no local data for @jridgewell/gen-mapping@https://registry.npmjs.org/@jridgewell/gen-mapping/-/gen-mapping-0.3.8.tgz. Extracting by manifest.
393 silly tarball no local data for @farcaster/quick-auth@https://registry.npmjs.org/@farcaster/quick-auth/-/quick-auth-0.0.5.tgz. Extracting by manifest.
394 silly tarball no local data for @farcaster/frame-sdk@https://registry.npmjs.org/@farcaster/frame-sdk/-/frame-sdk-0.0.60.tgz. Extracting by manifest.
395 silly tarball no local data for @farcaster/frame-core@https://registry.npmjs.org/@farcaster/frame-core/-/frame-core-0.1.8.tgz. Extracting by manifest.
396 silly tarball no local data for @esbuild/win32-x64@https://registry.npmjs.org/@esbuild/win32-x64/-/win32-x64-0.21.5.tgz. Extracting by manifest.
397 silly tarball no local data for @babel/types@https://registry.npmjs.org/@babel/types/-/types-7.27.6.tgz. Extracting by manifest.
398 silly tarball no local data for @babel/traverse@https://registry.npmjs.org/@babel/traverse/-/traverse-7.27.4.tgz. Extracting by manifest.
399 silly tarball no local data for @babel/template@https://registry.npmjs.org/@babel/template/-/template-7.27.2.tgz. Extracting by manifest.
400 silly tarball no local data for @babel/runtime@https://registry.npmjs.org/@babel/runtime/-/runtime-7.27.6.tgz. Extracting by manifest.
401 silly tarball no local data for @babel/plugin-transform-react-jsx-source@https://registry.npmjs.org/@babel/plugin-transform-react-jsx-source/-/plugin-transform-react-jsx-source-7.27.1.tgz. Extracting by manifest.
402 silly tarball no local data for @babel/plugin-transform-react-jsx-self@https://registry.npmjs.org/@babel/plugin-transform-react-jsx-self/-/plugin-transform-react-jsx-self-7.27.1.tgz. Extracting by manifest.
403 silly tarball no local data for @babel/parser@https://registry.npmjs.org/@babel/parser/-/parser-7.27.5.tgz. Extracting by manifest.
404 silly tarball no local data for @babel/helpers@https://registry.npmjs.org/@babel/helpers/-/helpers-7.27.6.tgz. Extracting by manifest.
405 silly tarball no local data for @babel/helper-validator-option@https://registry.npmjs.org/@babel/helper-validator-option/-/helper-validator-option-7.27.1.tgz. Extracting by manifest.
406 silly tarball no local data for @babel/helper-validator-identifier@https://registry.npmjs.org/@babel/helper-validator-identifier/-/helper-validator-identifier-7.27.1.tgz. Extracting by manifest.
407 silly tarball no local data for @babel/helper-string-parser@https://registry.npmjs.org/@babel/helper-string-parser/-/helper-string-parser-7.27.1.tgz. Extracting by manifest.
408 silly tarball no local data for @babel/helper-plugin-utils@https://registry.npmjs.org/@babel/helper-plugin-utils/-/helper-plugin-utils-7.27.1.tgz. Extracting by manifest.
409 silly tarball no local data for @babel/helper-module-transforms@https://registry.npmjs.org/@babel/helper-module-transforms/-/helper-module-transforms-7.27.3.tgz. Extracting by manifest.
410 silly tarball no local data for @babel/helper-module-imports@https://registry.npmjs.org/@babel/helper-module-imports/-/helper-module-imports-7.27.1.tgz. Extracting by manifest.
411 silly tarball no local data for @babel/helper-compilation-targets@https://registry.npmjs.org/@babel/helper-compilation-targets/-/helper-compilation-targets-7.27.2.tgz. Extracting by manifest.
412 silly tarball no local data for @babel/generator@https://registry.npmjs.org/@babel/generator/-/generator-7.27.5.tgz. Extracting by manifest.
413 silly tarball no local data for @babel/core@https://registry.npmjs.org/@babel/core/-/core-7.27.4.tgz. Extracting by manifest.
414 silly tarball no local data for @babel/compat-data@https://registry.npmjs.org/@babel/compat-data/-/compat-data-7.27.5.tgz. Extracting by manifest.
415 silly tarball no local data for @babel/code-frame@https://registry.npmjs.org/@babel/code-frame/-/code-frame-7.27.1.tgz. Extracting by manifest.
416 silly tarball no local data for @ampproject/remapping@https://registry.npmjs.org/@ampproject/remapping/-/remapping-2.3.0.tgz. Extracting by manifest.
417 silly tarball no local data for @adraffy/ens-normalize@https://registry.npmjs.org/@adraffy/ens-normalize/-/ens-normalize-1.11.0.tgz. Extracting by manifest.
418 silly tarball no local data for ws@https://registry.npmjs.org/ws/-/ws-8.18.2.tgz. Extracting by manifest.
419 silly tarball no local data for commander@https://registry.npmjs.org/commander/-/commander-2.20.3.tgz. Extracting by manifest.
420 silly tarball no local data for @types/node@https://registry.npmjs.org/@types/node/-/node-12.20.55.tgz. Extracting by manifest.
421 silly tarball no local data for @types/ws@https://registry.npmjs.org/@types/ws/-/ws-8.18.1.tgz. Extracting by manifest.
422 http fetch GET 200 https://registry.npmjs.org/yallist/-/yallist-3.1.1.tgz 5310ms (cache miss)
423 http fetch GET 200 https://registry.npmjs.org/ws/-/ws-7.5.10.tgz 7296ms (cache miss)
424 http fetch POST 200 https://registry.npmjs.org/-/npm/v1/security/advisories/bulk 7716ms
425 silly audit report {
425 silly audit report   esbuild: [
425 silly audit report     {
425 silly audit report       id: 1102341,
425 silly audit report       url: 'https://github.com/advisories/GHSA-67mh-4wv8-2f99',
425 silly audit report       title: 'esbuild enables any website to send any requests to the development server and read the response',
425 silly audit report       severity: 'moderate',
425 silly audit report       vulnerable_versions: '<=0.24.2',
425 silly audit report       cwe: [Array],
425 silly audit report       cvss: [Object]
425 silly audit report     }
425 silly audit report   ]
425 silly audit report }
426 silly packumentCache corgi:https://registry.npmjs.org/esbuild cache-miss
427 http fetch GET 200 https://registry.npmjs.org/superstruct/-/superstruct-2.0.2.tgz 7866ms (cache miss)
428 http fetch GET 200 https://registry.npmjs.org/update-browserslist-db/-/update-browserslist-db-1.1.3.tgz 8313ms (cache miss)
429 http fetch GET 200 https://registry.npmjs.org/webidl-conversions/-/webidl-conversions-3.0.1.tgz 8594ms (cache miss)
430 http fetch GET 200 https://registry.npmjs.org/stream-json/-/stream-json-1.9.1.tgz 9070ms (cache miss)
431 http fetch GET 200 https://registry.npmjs.org/whatwg-url/-/whatwg-url-5.0.0.tgz 9289ms (cache miss)
432 http fetch GET 200 https://registry.npmjs.org/tslib/-/tslib-2.8.1.tgz 9705ms (cache miss)
433 http fetch GET 200 https://registry.npmjs.org/text-encoding-utf-8/-/text-encoding-utf-8-1.0.2.tgz 9728ms (cache miss)
434 http fetch GET 200 https://registry.npmjs.org/stream-chain/-/stream-chain-2.2.5.tgz 9729ms (cache miss)
435 http fetch GET 200 https://registry.npmjs.org/undici-types/-/undici-types-6.21.0.tgz 9765ms (cache miss)
436 http fetch GET 200 https://registry.npmjs.org/uuid/-/uuid-8.3.2.tgz 9776ms (cache miss)
437 http fetch GET 200 https://registry.npmjs.org/semver/-/semver-6.3.1.tgz 10511ms (cache miss)
438 http fetch GET 200 https://registry.npmjs.org/zod/-/zod-3.25.56.tgz 10572ms (cache miss)
439 http fetch GET 200 https://registry.npmjs.org/safe-buffer/-/safe-buffer-5.2.1.tgz 10582ms (cache miss)
440 http fetch GET 200 https://registry.npmjs.org/scheduler/-/scheduler-0.23.2.tgz 10596ms (cache miss)
441 http fetch GET 200 https://registry.npmjs.org/tr46/-/tr46-0.0.3.tgz 10988ms (cache miss)
442 http fetch GET 200 https://registry.npmjs.org/tailwindcss/-/tailwindcss-4.1.8.tgz 10988ms (cache miss)
443 http fetch GET 200 https://registry.npmjs.org/react-refresh/-/react-refresh-0.17.0.tgz 11146ms (cache miss)
444 http fetch GET 200 https://registry.npmjs.org/source-map-js/-/source-map-js-1.2.1.tgz 11374ms (cache miss)
445 http fetch GET 200 https://registry.npmjs.org/proxy-from-env/-/proxy-from-env-1.1.0.tgz 11805ms (cache miss)
446 http fetch GET 200 https://registry.npmjs.org/npm 12285ms
447 http fetch GET 200 https://registry.npmjs.org/postcss-value-parser/-/postcss-value-parser-4.2.0.tgz 12402ms (cache miss)
448 http fetch GET 200 https://registry.npmjs.org/rpc-websockets/-/rpc-websockets-9.1.1.tgz 12619ms (cache miss)
449 http fetch GET 200 https://registry.npmjs.org/picocolors/-/picocolors-1.1.1.tgz 13016ms (cache miss)
450 http fetch GET 200 https://registry.npmjs.org/normalize-range/-/normalize-range-0.1.2.tgz 13499ms (cache miss)
451 http fetch GET 200 https://registry.npmjs.org/node-releases/-/node-releases-2.0.19.tgz 13528ms (cache miss)
452 http fetch GET 200 https://registry.npmjs.org/react/-/react-18.3.1.tgz 13623ms (cache miss)
453 http fetch GET 200 https://registry.npmjs.org/node-gyp-build/-/node-gyp-build-4.8.4.tgz 13723ms (cache miss)
454 http fetch GET 200 https://registry.npmjs.org/ms/-/ms-2.1.3.tgz 14077ms (cache miss)
455 http fetch GET 200 https://registry.npmjs.org/node-fetch/-/node-fetch-2.7.0.tgz 14137ms (cache miss)
456 http fetch GET 200 https://registry.npmjs.org/postcss/-/postcss-8.5.4.tgz 14953ms (cache miss)
457 http fetch GET 200 https://registry.npmjs.org/utf-8-validate/-/utf-8-validate-5.0.10.tgz 15004ms (cache miss)
458 http fetch GET 200 https://registry.npmjs.org/nanoid/-/nanoid-3.3.11.tgz 15006ms (cache miss)
459 http fetch GET 200 https://registry.npmjs.org/mime-types/-/mime-types-2.1.35.tgz 15037ms (cache miss)
460 http fetch GET 200 https://registry.npmjs.org/loose-envify/-/loose-envify-1.4.0.tgz 15895ms (cache miss)
461 http fetch GET 200 https://registry.npmjs.org/math-intrinsics/-/math-intrinsics-1.1.0.tgz 15920ms (cache miss)
462 http fetch GET 200 https://registry.npmjs.org/mime-db/-/mime-db-1.52.0.tgz 15953ms (cache miss)
463 http fetch GET 200 https://registry.npmjs.org/lru-cache/-/lru-cache-5.1.1.tgz 16348ms (cache miss)
464 http fetch GET 200 https://registry.npmjs.org/json-stringify-safe/-/json-stringify-safe-5.0.1.tgz 16577ms (cache miss)
465 http fetch GET 200 https://registry.npmjs.org/jsesc/-/jsesc-3.1.0.tgz 16812ms (cache miss)
466 http fetch GET 200 https://registry.npmjs.org/js-tokens/-/js-tokens-4.0.0.tgz 16838ms (cache miss)
467 http fetch GET 200 https://registry.npmjs.org/jayson/-/jayson-4.2.0.tgz 17280ms (cache miss)
468 http fetch GET 200 https://registry.npmjs.org/isomorphic-ws/-/isomorphic-ws-4.0.1.tgz 17764ms (cache miss)
469 http fetch GET 200 https://registry.npmjs.org/ieee754/-/ieee754-1.2.1.tgz 17806ms (cache miss)
470 http fetch GET 200 https://registry.npmjs.org/json5/-/json5-2.2.3.tgz 18268ms (cache miss)
471 http fetch GET 200 https://registry.npmjs.org/humanize-ms/-/humanize-ms-1.2.1.tgz 18807ms (cache miss)
472 http fetch GET 200 https://registry.npmjs.org/hasown/-/hasown-2.0.2.tgz 18899ms (cache miss)
473 http fetch GET 200 https://registry.npmjs.org/has-tostringtag/-/has-tostringtag-1.0.2.tgz 19276ms (cache miss)
474 http fetch GET 200 https://registry.npmjs.org/gopd/-/gopd-1.2.0.tgz 19618ms (cache miss)
475 http fetch GET 200 https://registry.npmjs.org/has-symbols/-/has-symbols-1.1.0.tgz 19661ms (cache miss)
476 http fetch GET 200 https://registry.npmjs.org/get-proto/-/get-proto-1.0.1.tgz 20829ms (cache miss)
477 http fetch GET 200 https://registry.npmjs.org/jose/-/jose-5.10.0.tgz 20873ms (cache miss)
478 http fetch GET 200 https://registry.npmjs.org/globals/-/globals-11.12.0.tgz 21490ms (cache miss)
479 http fetch GET 200 https://registry.npmjs.org/gensync/-/gensync-1.0.0-beta.2.tgz 21527ms (cache miss)
480 http fetch GET 200 https://registry.npmjs.org/get-intrinsic/-/get-intrinsic-1.3.0.tgz 21742ms (cache miss)
481 http fetch GET 200 https://registry.npmjs.org/vite/-/vite-5.4.19.tgz 21763ms (cache miss)
482 http fetch GET 200 https://registry.npmjs.org/function-bind/-/function-bind-1.1.2.tgz 21885ms (cache miss)
483 http fetch GET 200 https://registry.npmjs.org/fraction.js/-/fraction.js-4.3.7.tgz 23493ms (cache miss)
484 http fetch GET 200 https://registry.npmjs.org/form-data/-/form-data-4.0.3.tgz 23617ms (cache miss)
485 http fetch GET 200 https://registry.npmjs.org/follow-redirects/-/follow-redirects-1.15.9.tgz 23658ms (cache miss)
486 http fetch GET 200 https://registry.npmjs.org/fast-stable-stringify/-/fast-stable-stringify-1.0.0.tgz 23734ms (cache miss)
487 http fetch GET 200 https://registry.npmjs.org/eyes/-/eyes-0.1.8.tgz 25124ms (cache miss)
488 http fetch GET 200 https://registry.npmjs.org/eventemitter3/-/eventemitter3-5.0.1.tgz 25541ms (cache miss)
489 http fetch GET 200 https://registry.npmjs.org/escalade/-/escalade-3.2.0.tgz 25591ms (cache miss)
490 http fetch GET 200 https://registry.npmjs.org/esbuild/-/esbuild-0.21.5.tgz 25745ms (cache miss)
491 http fetch GET 200 https://registry.npmjs.org/es-set-tostringtag/-/es-set-tostringtag-2.1.0.tgz 26304ms (cache miss)
492 http fetch GET 200 https://registry.npmjs.org/es6-promisify/-/es6-promisify-5.0.0.tgz 26315ms (cache miss)
493 http fetch GET 200 https://registry.npmjs.org/es-object-atoms/-/es-object-atoms-1.1.1.tgz 27117ms (cache miss)
494 http fetch GET 200 https://registry.npmjs.org/es-errors/-/es-errors-1.3.0.tgz 27449ms (cache miss)
495 http fetch GET 200 https://registry.npmjs.org/es-define-property/-/es-define-property-1.0.1.tgz 27632ms (cache miss)
496 http fetch GET 200 https://registry.npmjs.org/electron-to-chromium/-/electron-to-chromium-1.5.165.tgz 28145ms (cache miss)
497 http fetch GET 200 https://registry.npmjs.org/dunder-proto/-/dunder-proto-1.0.1.tgz 29540ms (cache miss)
498 http fetch GET 200 https://registry.npmjs.org/delayed-stream/-/delayed-stream-1.0.0.tgz 29648ms (cache miss)
499 http fetch GET 200 https://registry.npmjs.org/delay/-/delay-5.0.0.tgz 29670ms (cache miss)
500 http fetch GET 200 https://registry.npmjs.org/debug/-/debug-4.4.1.tgz 29838ms (cache miss)
501 http fetch GET 200 https://registry.npmjs.org/es6-promise/-/es6-promise-4.2.8.tgz 30414ms (cache miss)
502 http fetch GET 200 https://registry.npmjs.org/convert-source-map/-/convert-source-map-2.0.0.tgz 30569ms (cache miss)
503 http fetch GET 200 https://registry.npmjs.org/commander/-/commander-13.1.0.tgz 30993ms (cache miss)
504 http fetch GET 200 https://registry.npmjs.org/chalk/-/chalk-5.4.1.tgz 31459ms (cache miss)
505 http fetch GET 200 https://registry.npmjs.org/combined-stream/-/combined-stream-1.0.8.tgz 32189ms (cache miss)
506 http fetch GET 200 https://registry.npmjs.org/comlink/-/comlink-4.4.2.tgz 32705ms (cache miss)
507 http fetch GET 200 https://registry.npmjs.org/call-bind-apply-helpers/-/call-bind-apply-helpers-1.0.2.tgz 32719ms (cache miss)
508 http fetch GET 200 https://registry.npmjs.org/buffer/-/buffer-6.0.3.tgz 32732ms (cache miss)
509 http fetch GET 200 https://registry.npmjs.org/bs58/-/bs58-4.0.1.tgz 33868ms (cache miss)
510 http fetch GET 200 https://registry.npmjs.org/browserslist/-/browserslist-4.25.0.tgz 34310ms (cache miss)
511 http fetch GET 200 https://registry.npmjs.org/borsh/-/borsh-0.7.0.tgz 34664ms (cache miss)
512 http fetch GET 200 https://registry.npmjs.org/bn.js/-/bn.js-5.2.2.tgz 36061ms (cache miss)
513 http fetch GET 200 https://registry.npmjs.org/base64-js/-/base64-js-1.5.1.tgz 36519ms (cache miss)
514 http fetch GET 200 https://registry.npmjs.org/ox/-/ox-0.4.4.tgz 36732ms (cache miss)
515 http fetch GET 200 https://registry.npmjs.org/base-x/-/base-x-3.0.11.tgz 37943ms (cache miss)
516 http fetch GET 200 https://registry.npmjs.org/bufferutil/-/bufferutil-4.0.9.tgz 38287ms (cache miss)
517 http fetch GET 200 https://registry.npmjs.org/agentkeepalive/-/agentkeepalive-4.6.0.tgz 38521ms (cache miss)
518 http fetch GET 200 https://registry.npmjs.org/asynckit/-/asynckit-0.4.0.tgz 38583ms (cache miss)
519 http fetch GET 200 https://registry.npmjs.org/@types/ws/-/ws-7.4.7.tgz 38962ms (cache miss)
520 http fetch GET 200 https://registry.npmjs.org/@vitejs/plugin-react/-/plugin-react-4.5.1.tgz 38985ms (cache miss)
521 http fetch GET 200 https://registry.npmjs.org/abitype/-/abitype-1.0.8.tgz 39249ms (cache miss)
522 http fetch GET 200 https://registry.npmjs.org/@types/uuid/-/uuid-8.3.4.tgz 39752ms (cache miss)
523 http fetch GET 200 https://registry.npmjs.org/autoprefixer/-/autoprefixer-10.4.21.tgz 42132ms (cache miss)
524 http fetch GET 200 https://registry.npmjs.org/@types/react-dom/-/react-dom-18.3.7.tgz 42541ms (cache miss)
525 http fetch GET 200 https://registry.npmjs.org/csstype/-/csstype-3.1.3.tgz 43167ms (cache miss)
526 http fetch GET 200 https://registry.npmjs.org/@types/prop-types/-/prop-types-15.7.14.tgz 43749ms (cache miss)
527 http fetch GET 200 https://registry.npmjs.org/@types/estree/-/estree-1.0.7.tgz 44008ms (cache miss)
528 http fetch GET 200 https://registry.npmjs.org/@types/babel__traverse/-/babel__traverse-7.20.7.tgz 44744ms (cache miss)
529 http fetch GET 200 https://registry.npmjs.org/@types/connect/-/connect-3.4.38.tgz 44777ms (cache miss)
530 http fetch GET 200 https://registry.npmjs.org/@types/babel__generator/-/babel__generator-7.27.0.tgz 45175ms (cache miss)
531 http fetch GET 200 https://registry.npmjs.org/@types/babel__template/-/babel__template-7.4.4.tgz 45562ms (cache miss)
532 http fetch GET https://registry.npmjs.org/@scure/bip39/-/bip39-1.6.0.tgz attempt 1 failed with ECONNRESET
533 http fetch GET https://registry.npmjs.org/@types/babel__core/-/babel__core-7.20.5.tgz attempt 1 failed with ECONNRESET
534 http fetch GET https://registry.npmjs.org/@solana/web3.js/-/web3.js-1.98.2.tgz attempt 1 failed with ECONNRESET
535 http fetch GET https://registry.npmjs.org/@solana/codecs-numbers/-/codecs-numbers-2.1.1.tgz attempt 1 failed with ECONNRESET
536 http fetch GET https://registry.npmjs.org/@solana/codecs-core/-/codecs-core-2.1.1.tgz attempt 1 failed with ECONNRESET
537 http fetch GET 200 https://registry.npmjs.org/@types/react/-/react-18.3.23.tgz 56559ms (cache miss)
538 http fetch GET https://registry.npmjs.org/@scure/base/-/base-1.2.6.tgz attempt 1 failed with ECONNRESET
539 http fetch GET 200 https://registry.npmjs.org/@swc/helpers/-/helpers-0.5.17.tgz 57792ms (cache miss)
540 http fetch GET 200 https://registry.npmjs.org/@solana/buffer-layout/-/buffer-layout-4.0.1.tgz 62252ms (cache miss)
541 http fetch GET 200 https://registry.npmjs.org/@scure/bip32/-/bip32-1.7.0.tgz 62456ms (cache miss)
542 http fetch GET 200 https://registry.npmjs.org/@rolldown/pluginutils/-/pluginutils-1.0.0-beta.9.tgz 69539ms (cache miss)
543 http fetch GET 200 https://registry.npmjs.org/@jridgewell/trace-mapping/-/trace-mapping-0.3.25.tgz 73619ms (cache miss)
544 http fetch GET 200 https://registry.npmjs.org/@noble/curves/-/curves-1.9.2.tgz 75894ms (cache miss)
545 verbose reify failed optional dependency C:\Users\essis\OneDrive\Desktop\farcaster-mini-app\node_modules\@rollup\rollup-win32-x64-msvc
546 silly reify mark deleted [
546 silly reify   'C:\\Users\\essis\\OneDrive\\Desktop\\farcaster-mini-app\\node_modules\\@rollup\\rollup-win32-x64-msvc'
546 silly reify ]
547 http fetch GET 200 https://registry.npmjs.org/@jridgewell/sourcemap-codec/-/sourcemap-codec-1.5.0.tgz 76733ms (cache miss)
548 http fetch GET 200 https://registry.npmjs.org/@jridgewell/resolve-uri/-/resolve-uri-3.1.2.tgz 80729ms (cache miss)
549 http fetch GET 200 https://registry.npmjs.org/@farcaster/quick-auth/-/quick-auth-0.0.5.tgz 84547ms (cache miss)
550 http fetch GET https://registry.npmjs.org/@babel/traverse/-/traverse-7.27.4.tgz attempt 1 failed with ECONNRESET
551 http fetch GET https://registry.npmjs.org/@babel/runtime/-/runtime-7.27.6.tgz attempt 1 failed with ECONNRESET
552 http fetch GET https://registry.npmjs.org/@babel/plugin-transform-react-jsx-source/-/plugin-transform-react-jsx-source-7.27.1.tgz attempt 1 failed with ECONNRESET
553 http fetch GET https://registry.npmjs.org/@babel/template/-/template-7.27.2.tgz attempt 1 failed with ECONNRESET
554 http fetch GET https://registry.npmjs.org/@babel/plugin-transform-react-jsx-self/-/plugin-transform-react-jsx-self-7.27.1.tgz attempt 1 failed with ECONNRESET
555 http fetch GET 200 https://registry.npmjs.org/@jridgewell/set-array/-/set-array-1.2.1.tgz 91165ms (cache miss)
556 verbose reify failed optional dependency C:\Users\essis\OneDrive\Desktop\farcaster-mini-app\node_modules\@esbuild\win32-x64
557 silly reify mark deleted [
557 silly reify   'C:\\Users\\essis\\OneDrive\\Desktop\\farcaster-mini-app\\node_modules\\@esbuild\\win32-x64'
557 silly reify ]
558 http fetch GET 200 https://registry.npmjs.org/@jridgewell/gen-mapping/-/gen-mapping-0.3.8.tgz 96449ms (cache miss)
559 http fetch GET 200 https://registry.npmjs.org/@babel/helper-validator-option/-/helper-validator-option-7.27.1.tgz 101543ms (cache miss)
560 http fetch GET 200 https://registry.npmjs.org/@babel/helper-validator-identifier/-/helper-validator-identifier-7.27.1.tgz 112383ms (cache miss)
561 http fetch GET 200 https://registry.npmjs.org/@farcaster/frame-core/-/frame-core-0.1.8.tgz 115019ms (cache miss)
562 http fetch GET 200 https://registry.npmjs.org/@babel/types/-/types-7.27.6.tgz 115475ms (cache miss)
563 http fetch GET 200 https://registry.npmjs.org/@babel/helper-string-parser/-/helper-string-parser-7.27.1.tgz 115976ms (cache miss)
564 http fetch GET https://registry.npmjs.org/@babel/helper-module-imports/-/helper-module-imports-7.27.1.tgz attempt 1 failed with ECONNRESET
565 http fetch GET 200 https://registry.npmjs.org/@babel/helper-plugin-utils/-/helper-plugin-utils-7.27.1.tgz 118227ms (cache miss)
566 http fetch GET 200 https://registry.npmjs.org/@babel/helper-module-transforms/-/helper-module-transforms-7.27.3.tgz 118627ms (cache miss)
567 http fetch GET 200 https://registry.npmjs.org/@babel/helper-compilation-targets/-/helper-compilation-targets-7.27.2.tgz 119245ms (cache miss)
568 http fetch GET 200 https://registry.npmjs.org/@babel/compat-data/-/compat-data-7.27.5.tgz 122090ms (cache miss)
569 http fetch GET 200 https://registry.npmjs.org/@babel/core/-/core-7.27.4.tgz 123095ms (cache miss)
570 http fetch GET 200 https://registry.npmjs.org/@ampproject/remapping/-/remapping-2.3.0.tgz 123756ms (cache miss)
571 http fetch GET 200 https://registry.npmjs.org/@babel/code-frame/-/code-frame-7.27.1.tgz 125537ms (cache miss)
572 http fetch GET 200 https://registry.npmjs.org/@babel/generator/-/generator-7.27.5.tgz 125576ms (cache miss)
573 http fetch GET 200 https://registry.npmjs.org/ws/-/ws-8.18.2.tgz 126047ms (cache miss)
574 http fetch GET 200 https://registry.npmjs.org/@types/babel__core/-/babel__core-7.20.5.tgz 127179ms attempt #2 (cache miss)
575 http fetch GET 200 https://registry.npmjs.org/@types/ws/-/ws-8.18.1.tgz 127165ms (cache miss)
576 http fetch GET 200 https://registry.npmjs.org/@types/node/-/node-12.20.55.tgz 128731ms (cache miss)
577 http fetch GET 200 https://registry.npmjs.org/commander/-/commander-2.20.3.tgz 128994ms (cache miss)
578 http fetch GET 200 https://registry.npmjs.org/@babel/runtime/-/runtime-7.27.6.tgz 129121ms attempt #2 (cache miss)
579 http fetch GET 200 https://registry.npmjs.org/@babel/plugin-transform-react-jsx-source/-/plugin-transform-react-jsx-source-7.27.1.tgz 131815ms attempt #2 (cache miss)
580 http fetch GET 200 https://registry.npmjs.org/@solana/codecs-numbers/-/codecs-numbers-2.1.1.tgz 132089ms attempt #2 (cache miss)
581 http fetch GET 200 https://registry.npmjs.org/@babel/traverse/-/traverse-7.27.4.tgz 132484ms attempt #2 (cache miss)
582 http fetch GET 200 https://registry.npmjs.org/@scure/bip39/-/bip39-1.6.0.tgz 132528ms attempt #2 (cache miss)
583 http fetch GET 200 https://registry.npmjs.org/@solana/codecs-core/-/codecs-core-2.1.1.tgz 132874ms attempt #2 (cache miss)
584 http fetch GET 200 https://registry.npmjs.org/@scure/base/-/base-1.2.6.tgz 132911ms attempt #2 (cache miss)
585 http fetch GET 200 https://registry.npmjs.org/@babel/template/-/template-7.27.2.tgz 134126ms attempt #2 (cache miss)
586 http fetch GET 200 https://registry.npmjs.org/esbuild 126666ms (cache miss)
587 silly packumentCache corgi:https://registry.npmjs.org/esbuild set size:undefined disposed:false
588 silly packumentCache corgi:https://registry.npmjs.org/vite cache-miss
589 http fetch GET 200 https://registry.npmjs.org/@babel/plugin-transform-react-jsx-self/-/plugin-transform-react-jsx-self-7.27.1.tgz 134948ms attempt #2 (cache miss)
590 http fetch GET 200 https://registry.npmjs.org/@adraffy/ens-normalize/-/ens-normalize-1.11.0.tgz 135706ms (cache miss)
591 http fetch GET 200 https://registry.npmjs.org/@babel/helper-module-imports/-/helper-module-imports-7.27.1.tgz 137909ms attempt #2 (cache miss)
592 http fetch GET 200 https://registry.npmjs.org/vite 6691ms (cache miss)
593 silly packumentCache corgi:https://registry.npmjs.org/vite set size:undefined disposed:false
594 silly packumentCache corgi:https://registry.npmjs.org/@vitejs%2fplugin-react cache-miss
595 http fetch GET 200 https://registry.npmjs.org/@solana/web3.js/-/web3.js-1.98.2.tgz 143164ms attempt #2 (cache miss)
596 http fetch GET 200 https://registry.npmjs.org/@vitejs%2fplugin-react 2692ms (cache miss)
597 silly packumentCache corgi:https://registry.npmjs.org/@vitejs%2fplugin-react set size:undefined disposed:false
598 warn cleanup Failed to remove some directories [
598 warn cleanup   [
598 warn cleanup     '\\\\?\\C:\\Users\\essis\\OneDrive\\Desktop\\farcaster-mini-app\\node_modules',
598 warn cleanup     [Error: EPERM: operation not permitted, rmdir 'C:\Users\essis\OneDrive\Desktop\farcaster-mini-app\node_modules\@farcaster\quick-auth\dist'] {
598 warn cleanup       errno: -4048,
598 warn cleanup       code: 'EPERM',
598 warn cleanup       syscall: 'rmdir',
598 warn cleanup       path: 'C:\\Users\\essis\\OneDrive\\Desktop\\farcaster-mini-app\\node_modules\\@farcaster\\quick-auth\\dist'
598 warn cleanup     }
598 warn cleanup   ],
598 warn cleanup   [
598 warn cleanup     '\\\\?\\C:\\Users\\essis\\OneDrive\\Desktop\\farcaster-mini-app\\node_modules\\ox',
598 warn cleanup     [Error: EPERM: operation not permitted, rmdir 'C:\Users\essis\OneDrive\Desktop\farcaster-mini-app\node_modules\ox\_cjs'] {
598 warn cleanup       errno: -4048,
598 warn cleanup       code: 'EPERM',
598 warn cleanup       syscall: 'rmdir',
598 warn cleanup       path: 'C:\\Users\\essis\\OneDrive\\Desktop\\farcaster-mini-app\\node_modules\\ox\\_cjs'
598 warn cleanup     }
598 warn cleanup   ]
598 warn cleanup ]
599 verbose stack Error: read ECONNRESET
599 verbose stack     at TLSWrap.onStreamRead (node:internal/stream_base_commons:216:20)
600 error code ECONNRESET
601 error syscall read
602 error errno -4077
603 error network read ECONNRESET
604 error network This is a problem related to network connectivity.
604 error network In most cases you are behind a proxy or have bad network settings.
604 error network
604 error network If you are behind a proxy, please make sure that the
604 error network 'proxy' config is set properly.  See: 'npm help config'
605 silly unfinished npm timer reify 1749502965376
606 silly unfinished npm timer reify:audit 1749502965493
607 silly unfinished npm timer reify:unpack 1749502965499
608 silly unfinished npm timer reifyNode:node_modules/typescript 1749502965499
609 silly unfinished npm timer reifyNode:node_modules/rollup 1749502965499
610 silly unfinished npm timer reifyNode:node_modules/react-dom 1749502965499
611 silly unfinished npm timer reifyNode:node_modules/caniuse-lite 1749502965500
612 silly unfinished npm timer reifyNode:node_modules/axios 1749502965500
613 silly unfinished npm timer reifyNode:node_modules/@types/node 1749502965500
614 silly unfinished npm timer reifyNode:node_modules/@solana/errors 1749502965500
615 silly unfinished npm timer reifyNode:node_modules/@noble/hashes 1749502965500
616 silly unfinished npm timer reifyNode:node_modules/@jridgewell/gen-mapping 1749502965500
617 silly unfinished npm timer reifyNode:node_modules/@farcaster/frame-sdk 1749502965500
618 silly unfinished npm timer reifyNode:node_modules/@babel/parser 1749502965500
619 silly unfinished npm timer reifyNode:node_modules/@babel/helpers 1749502965500
620 silly unfinished npm timer auditReport:init 1749502973211
621 silly unfinished npm timer metavuln:calculate:security-advisory:@vitejs/plugin-react:tMBsdAS7JBTyRORp0YaJR984WAAsOxgmReSLBN0Nd41GhzEakjROICqAJ31iOdYG5Ijo/MlJ01p3ig1iN88+Tw== 1749503106663
622 silly unfinished npm timer metavuln:cache:put:security-advisory:@vitejs/plugin-react:P4XDBxCt1M9jhU3wPSnbYo14hU9TEKKi3dRjV6pE6SGkUMgEqrUpLUvU/o4utnW6O2m8Mrkk3y+AtxEbBn/p0A== 1749503109370
623 verbose cwd C:\Users\essis\OneDrive\Desktop\farcaster-mini-app
624 verbose os Windows_NT 10.0.26100
625 verbose node v22.16.0
626 verbose npm  v10.9.2
627 notice
627 notice New [31mmajor[39m version of npm available! [31m10.9.2[39m -> [34m11.4.1[39m
627 notice Changelog: [34mhttps://github.com/npm/cli/releases/tag/v11.4.1[39m
627 notice To update run: [4mnpm install -g npm@11.4.1[24m
627 notice  { force: true, [Symbol(proc-log.meta)]: true }
628 verbose exit -4077
629 verbose code -4077
630 error A complete log of this run can be found in: C:\Users\essis\OneDrive\Desktop\farcaster-mini-app\verify\_logs\2025-06-09T21_02_44_344Z-debug-0.log
